423.119368500
608.581136743
415.370918578
848.399669967
787.460475199
902.113074952
503.971229338
926.303945797
798.177298600
379.071234503
227.464282911
453.228419233
554.248139374
934.257459166
617.532185396
852.126164368
426.165460825
809.476373960
489.398610542
743.914650538
906.602448706
741.591531775
946.394209619
387.429993676
894.742421035
886.816215458
493.965585846
916.425665299
837.710570543
958.705898595
678.162222481
889.589231050
818.311676563
292.964163823
981.275190759
938.071425852
830.098186963
639.714780195
965.566155165
689.477338279
759.304945328
947.596433087
316.621224810
440.824228009
513.745072969
307.315798487
884.653604526
469.300543362
432.894906415
541.587481392
911.773546447
777.055982539
971.369136837
612.547141043
782.106130906
676.592935228
859.535339588
842.693950178
783.046614194
809.525169467
306.654528779
665.778491692
880.966514687
812.757036266
906.312859889
748.568634128
601.584574270
284.329036229
756.557995133
628.878366618
772.465025907
898.300061227
374.853304641
462.983801013
268.579597140
471.981991182
945.578130035
951.097786771
768.906366211
900.781882589
490.867599257
313.874178613
453.493109099
824.804219194
98.848484848
913.602758319
615.104056238
860.332493865
605.521263045
936.832428986
849.394490211
346.179144375
820.969548765
684.361015839
487.662793332
713.800392267
864.662361850
248.885515850
355.347717032
672.655186555
861.379707214
612.233616465
809.670921329
456.879634039
882.068591437
847.384800430
887.975225225
920.174983359
765.348940027
844.121436761
557.486322702
885.198870056
828.018115942
641.684501917
540.416506040
879.462335748
929.163602394
746.236557668
609.701566344
790.917189091
963.672662267
493.201784263
915.717205255
561.595940156
321.763890615
745.534036782
826.980652736
846.143605957
553.620808858
896.451337218
158.259280928
869.316973261
632.679223620
115.611418121
878.068334471
411.940529688
621.486926790
915.217460501
794.186376119
274.463112276
928.469708714
723.785189127
506.064225173
822.606224144
875.251392458
976.627871812
620.483870968
398.979949875
517.547099306
700.478407947
449.074604047
835.950357378
958.837838219
416.307578600
817.396476626
972.060697694
907.589664992
447.523183757
179.849937448
882.735560589
629.168498894
642.630531488
720.319373872
677.615672782
776.736763646
949.448260834
623.225480865
968.855510383
981.063198780
731.662490497
656.891924140
927.595278125
267.841370964
839.312872467
771.502430327
488.292944860
863.727387548
467.909179222
137.771739130
415.132508966
476.462184874
917.427926324
924.984324191
855.608555357
804.626621484
276.969314079
993.500880724
850.702063004
700.630430398
617.575906266
557.913075667
733.957764452
605.377685950
760.505752772
644.321348397
640.146077079
880.174982603
705.035460101
303.598418968
971.094228178
719.198859844
337.673076923
679.239280372
870.719242925
987.649735483
914.261997460
490.960283526
981.406134075
764.189767008
229.473309995
265.657674461
616.523316681
711.094930371
745.337508386
971.945986154
947.239704329
253.745935961
816.396962273
606.145197146
441.032878593
993.608071626
99.237089840
300.024999000
677.075328158
748.867812100
416.850092959
990.561456953
838.470035243
954.805759162
902.852701164
872.917521877
625.503796962
581.271881309
567.358793005
890.165714920
842.070068343
776.310504888
213.974297522
587.143934653
232.051718373
707.621367682
811.034524543
491.036658509
183.172050270
968.601053066
383.622209993
343.627705519
700.870173427
875.269101477
978.752777774
900.749687760
78.396428490
434.126709614
626.275498483
535.028971963
605.639331616
957.929016599
928.092667787
903.016057443
828.141896054
763.564666548
618.994345708
567.984154709
445.491863001
821.896587169
389.912810767
880.954028322
685.228429066
558.723545235
860.904175852
185.029727341
643.519230482
894.951955307
254.490157480
832.362300924
873.151189657
86.959760809
366.279947581
920.452606062
204.036761394
947.133042397
778.154868905
799.592396162
945.869969922
408.821476931
844.787547348
746.025468748
314.587030883
788.073600624
793.008196679
882.915624508
840.719334856
892.551399080
976.603297148
909.410248458
386.488033450
482.725594929
559.357667329
931.581987978
566.903871922
886.419201056
551.594960116
293.035833986
912.181999384
462.853108448
643.044321956
582.873056505
976.557729988
906.586454785
627.584257291
478.872651357
185.666370490
619.082385471
913.560616489
584.969229960
814.384430107
697.075318743
458.212832824
956.821822494
222.957395033
762.331948694
809.780834548
791.653333221
998.721182313
810.674410599
329.151940599
608.464460753
868.201013591
889.418911425
937.762229992
607.437239556
770.590682529
272.926730114
596.751204440
820.009146290
590.080502982
498.854688261
119.933314805
831.662259615
283.381368477
905.182302084
339.824954976
226.649779736
920.317879865
846.117013184
949.508820391
198.924608835
822.438447546
910.521279517
618.142378421
555.878583865
269.562608683
911.474753019
157.070048068
745.778117137
740.368151665
908.214732438
837.106325393
495.345334085
532.576923077
734.601933022
980.197429093
260.219138420
951.563450328
213.363539528
462.586208182
462.350519031
593.530959597
632.121032714
883.022649766
741.952154792
494.262076231
601.333518118
770.056491434
530.822946000
195.522377236
262.707061192
781.444175880
948.611089963
207.992788337
936.578880821
958.729888968
618.861858576
577.399341877
780.618344647
943.188740392
396.157796844
885.904058011
857.017502738
761.338952110
836.071767254
475.788818700
917.046890840
755.610349320
897.124851958
922.160506636
698.714533984
642.723113012
913.012595751
993.396698203
856.729245445
989.094539939
698.106009142
921.017915135
498.622101395
763.202463308
639.413794033
761.744707891
343.397728589
900.151098427
937.239563826
303.519356879
425.623072683
468.262748238
779.858961608
569.067658543
595.467043588
90.083294849
631.453086143
924.993513491
967.143215868
464.964514775
683.564188647
952.560759217
930.203741123
838.973777898
637.624497647
625.507793765
696.687160783
809.333676551
962.640119671
351.108245417
683.559799871
930.466549641
993.977364185
944.436869251
947.401709943
960.505075468
834.267343242
600.051664442
400.119982005
748.455075472
754.746978932
381.959424084
895.863270824
421.116373465
447.034674270
823.298298906
903.099108625
967.850195020
756.210288214
876.152397260
816.763735728
878.205556803
847.514601657
226.709064662
966.493145346
764.997385616
372.417776160
988.882702852
396.203230678
925.931422947
468.143140503
807.835998208
640.925112630
652.069014752
930.453653949
835.813376299
849.066546273
797.654687192
657.071533396
795.870593039
770.411038961
619.256812639
508.893898568
418.692010910
394.654279085
534.269594868
961.121220242
470.379633913
825.616739171
702.215778803
177.794825647
889.968538770
696.842880426
708.804654443
236.535409611
592.794230741
765.998041773
782.911872435
703.408842709
541.518236073
959.460786067
956.211273726
159.518024060
952.170693277
879.171200620
235.879206375
775.969716495
134.937037037
984.261652204
978.311300149
907.042998897
860.874555322
942.839328836
435.526376147
541.862528692
959.263816475
731.896850656
571.372908003
933.373987210
900.148321112
555.265702164
999.276238084
947.251286618
511.013698460
745.435443214
543.392123666
465.586726615
954.727709873
379.523385314
463.736994427
723.005532482
935.382809335
724.759960263
341.164222874
499.608846999
797.027603035
725.729288372
981.677136334
552.061590767
966.923988740
940.135628513
596.969010921
753.170631398
989.528170392
998.727189981
609.554755539
916.874037518
875.337649139
335.489195057
362.561718884
614.424934390
667.726796407
283.682922101
951.037854136
954.043500056
726.305096419
756.310782681
699.473373332
982.369584220
997.029588327
422.638143096
748.137019536
794.448865567
514.627049425
264.272586547
479.701990823
903.319987601
630.194414447
673.494617647
741.798490158
822.924054819
970.569420495
391.540547070
906.555017635
916.412663755
579.063036292
865.766712227
701.293091368
674.704379710
797.848983204
498.484704112
382.082452238
528.494087006
999.933498350
128.241958812
758.403586498
775.568823510
425.443298220
968.266492243
696.203274913
731.626270715
782.630180865
901.163692123
297.637363246
259.397378553
628.886317231
795.889439558
876.357233096
985.377592856
881.229852440
674.585798843
882.791594887
553.310943322
992.356286824
881.467650397
879.218971588
508.666885103
737.155343194
519.419868700
505.900187784
128.972865363
678.134205007
998.466323919
702.355323181
460.052170955
948.828240253
798.154746901
823.295815609
767.419051106
697.327756511
966.155267025
431.429020813
218.041280495
560.517617921
399.824961702
981.276210129
855.689195912
903.206510163
500.071994817
786.811286142
879.511796396
229.771625750
738.929634641
785.696506292
698.045843767
381.786589602
727.982142857
243.275563919
976.999488229
286.660077444
669.570758023
909.742271196
613.414215681
999.918496679
160.514796826
717.552785515
575.414633113
314.587030883
728.293956044
949.302375432
125.163892557
914.491115320
721.779744798
879.806228666
882.579175164
623.834112565
957.698804427
523.470151967
934.935291890
305.748262469
627.110038191
346.679967694
136.780846612
814.790157034
805.571846579
675.525721198
882.870319402
957.530678851
421.471496437
869.247950817
189.549465840
220.839308095
912.281754724
78.102496759
685.635471661
712.354546557
533.261661851
632.257858789
509.758766478
787.835642758
658.205894838
743.361957595
386.508732114
557.798350661
548.846062207
305.520866718
807.919550450
955.760430233
905.783664459
619.942739291
824.118316748
589.741468781
168.368643161
226.044243457
613.454323002
808.142314200
588.714701886
808.670513868
945.941330105
748.412987594
404.047026966
416.994004753
732.933830574
390.554733680
403.847772277
818.600024432
803.395294996
887.178674225
863.575127016
992.343690462
952.281470996
431.241231797
842.953735394
690.051447359
380.290678298
841.402400757
468.691796387
760.927723243
633.554259713
193.961336353
224.169578668
799.666180353
406.564877972
900.271070289
862.066702756
519.668163350
352.842776204
953.679715628
649.360454601
922.803337662
673.834549426
369.875654781
938.923855165
878.134386071
636.204369680
926.553290426
753.484571839
766.040468905
342.154938632
131.939380020
781.384668393
640.478727203
859.382918150
851.424688390
969.565882238
980.504971940
738.313618999
885.096604897
137.153199015
459.273339091
913.837512909
580.604857024
632.201708318
984.330229141
696.942608828
726.723468728
789.492875205
866.922718586
985.089843618
486.260218402
841.669768971
918.828057909
425.227058824
798.912385684
395.925498042
883.846706166
926.570558565
593.907400236
613.261771187
885.480660433
913.154422866
778.394501522
995.320551380
464.381308840
619.096922953
720.861984016
302.014900295
765.983681288
918.841117931
831.984975962
555.568177634
773.370545082
803.375379259
946.478737215
807.410056910
815.946689435
485.262815390
844.083526673
158.041133886
728.986968450
474.438615629
767.958333333
852.869274860
999.258725256
190.136792863
907.020396684
768.570100902
877.939063945
738.240475726
587.007666053
644.473428467
748.294728032
748.777670607
921.556834927
949.702058543
597.390157267
977.600122750
465.041933593
757.602798305
355.713367756
709.356750867
296.782748825
894.071585501
845.247893990
460.203215993
331.591616299
816.584961899
644.571175279
822.941674725
472.200169420
705.180827873
805.240336794
482.717308577
692.633380657
879.058018563
383.189248283
908.317675878
201.472082433
468.312929567
914.980874117
627.309333583
309.959674797
967.953511280
151.904575310
576.741709953
771.173780675
780.533791709
855.371264423
538.496053853
833.630613641
844.873955096
754.057690101
328.128023796
639.470875021
975.196390477
717.387621861
442.488417928
506.402014214
706.620124253
965.810022779
426.458673262
553.630743367
901.970066022
578.393464693
939.882971438
967.216625173
759.924338339
177.019772907
650.173822912
896.150099035
356.929965119
286.454184818
850.092347925
767.407974939
878.227760891
653.414875864
719.370558197
798.576971214
780.049998398
816.454530271
947.415959334
900.033332716
691.049202300
840.164269663
348.371928817
750.176645864
344.113353417
343.562221439
811.464108890
374.289994523
686.830422125
420.215476190
76.570229202
934.341480253
672.678972468
899.336978001
640.334287697
600.070829862
816.150108742
377.216118426
830.286095271
847.040731016
958.311535984
932.225294658
331.484539609
373.618789677
912.406798246
864.220457985
458.549888235
980.355037729
680.651893408
578.791845142
453.351960402
767.695252037
301.338679896
552.080610056
690.692406255
974.002566732
709.026092609
979.520290755
781.398745840
292.126684848
474.753684211
688.176576178
537.282048835
166.475223382
398.030149612
498.841658244
744.190163869
966.726952148
590.509949112
835.872597952
987.924086152
551.842368797
713.834014320
918.915665336
627.141132441
432.439591157
837.324309930
848.087849223
945.290431561
229.082969432
850.478101117
870.675025483
961.375056885
724.573667752
824.138337902
572.691889239
461.692538385
809.007416530
505.487883139
480.186422132
472.100635593
598.777087070
519.470884651
938.389045119
806.189826303
623.689025076
763.960732984
885.113552037
441.968324657
948.945204974
726.749614697
818.546272363
986.818119007
994.911553859
748.436370041
743.914645642
959.359682288
875.031428007
954.897376685
914.742586742
743.523368833
236.349317748
521.760481447
399.137820809
762.869582563
829.494424352
556.464928058
391.543101076
769.404964908
522.558130738
602.349566282
718.034121752
908.670457317
296.732202499
800.443002343
979.141971320
902.919708501
216.891678033
870.296501199
337.044507447
203.041867604
294.224404154
957.983820323
993.000503525
155.967945425
450.972282962
555.928052899
706.635691145
891.541922740
388.316880910
668.066613445
971.759743970
873.652676983
833.111637177
299.437806564
309.231305013
745.975870923
520.844506547
996.876622256
964.529937327
688.653759156
660.088630413
827.178940738
581.170370890
789.463742043
622.477491961
978.282167884
842.672534262
976.412822534
932.143229338
593.726367951
844.448932737
512.700692412
930.875394454
665.551801802
403.524472616
218.149031627
721.762465374
870.286159835
880.923379188
505.505687438
784.467474490
619.033924757
830.489614625
920.838205115
954.135734579
730.307469495
792.391414141
289.100328606
796.610318788
840.264244152
983.144953720
893.024635718
486.217029731
974.048253425
985.427318477
559.628448169
815.289519128
73.539105243
146.604911241
942.669613385
838.180768093
811.132541574
785.609954112
829.146549170
30.033314835
617.123974579
885.962188809
631.734121288
693.705989607
612.296496805
377.745946371
883.381571010
780.069227697
207.021737989
806.216472171
878.872573672
657.097405260
808.240063348
118.422970745
618.511115602
385.201246106
826.914747722
255.755742849
241.101638319
946.383643138
801.838512420
242.536595177
807.027261002
636.272740262
372.271406369
230.870093343
402.097003233
574.529372617
508.749447174
857.793681511
846.791001369
938.044242027
634.678658850
833.290465564
380.940942505
251.992063367
507.680017727
872.690721649
804.099496331
982.551779806
888.208308901
709.696413978
780.324291561
681.252524585
42.095130641
940.178706417
707.684251626
935.336837722
870.343035825
849.742313881
280.408630395
541.186659111
931.201374569
503.182869343
967.884290605
867.170110186
726.026859007
840.354688244
941.159922649
477.270363631
882.909961434
802.143378705
834.131884666
628.692293575
741.357538574
505.412702650
575.716075857
789.907589532
171.292148098
578.681259417
962.682190549
158.518137763
896.949831373
925.698114938
364.112619941
572.076043896
832.307635433
983.710831495
734.987074716
771.220461347
779.032091765
849.555766268
776.253180348
802.008104697
697.984240510
370.863856422
538.351186494
739.679660394
877.811483178
196.562967033
306.851791531
423.689744979
775.214163957
721.004160888
561.971529528
843.342753571
683.211533860
407.225981489
764.253272251
868.487190464
937.392660526
688.260851712
898.740785766
88.752464755
840.064878461
560.356250000
949.689422917
316.668596485
855.095316324
940.085102531
322.201800119
911.321567834
970.038144330
322.119543027
944.925923023
712.270313856
853.386782180
749.379743521
654.810659657
895.255829358
966.271183468
321.095001557
592.636482171
587.332954975
540.466465195
505.739063154
830.749059584
896.754146910
284.140810163
882.424036281
850.005882333
717.003486750
946.892285321
241.768484299
923.731021456
626.701683419
935.548502217
670.135061014
334.095794646
268.676385267
289.274955708
665.415659569
925.160526611
441.064621116
973.712525667
315.369624409
867.046711544
959.275768484
734.244509683
995.762521890
936.550052053
329.012157837
647.085002144
867.726915567
993.913477120
771.197795071
574.795615850
781.681520827
872.521632970
881.715373576
778.065549938
966.799875879
918.672411690
817.304716737
962.156432188
235.221172516
945.190456998
852.604245826
771.797253170
917.274222902
784.285024720
915.346994536
871.534279303
650.776459326
701.846849391
750.026666667
838.023269367
919.509108166
779.616572425
956.104073833
981.926677507
800.982521657
529.287256601
841.328711028
713.880942455
852.235883595
779.558849607
271.477439210
226.715680975
867.292338257
734.134865822
251.904743946
860.373755992
522.477750722
268.719184280
735.556252107
999.970999579
748.516532892
953.275445960
923.724526036
652.919597182
613.891684257
771.604173135
335.204477612
850.686193611
484.620470059
844.615889029
985.294372256
292.263579667
936.962646000
815.498620477
772.769694023
427.908868803
676.878866563
764.803896434
790.082907042
177.879172474
652.909647779
673.932489984
614.490032466
965.896474784
729.624560990
552.472623756
200.457500000
942.104558953
848.835084101
688.602207374
864.431605160
652.715864676
662.935140116
810.408641975
597.984113501
219.367271944
342.717084488
954.560631914
974.982563947
716.164087343
593.910767708
464.095895263
889.030370685
215.944437298
506.011857569
278.922928423
913.021357910
548.165121109
132.408458944
754.271834288
638.218614583
640.460771632
815.995098024
981.118749184
190.620418848
602.990049751
856.782936338
933.214337652
818.001833739
590.666573557
259.740254870
845.517592957
684.805081757
777.787245974
471.018046363
877.440026441
697.457525588
791.824475499
729.577960193
497.390188886
840.942923152
368.431811873
967.874475332
463.423132785
947.074970633
743.503866836
836.839889107
751.127818683
582.045530865
239.215384121
440.363486225
776.665307581
445.680378747
942.553022269
404.006188071
563.942372942
826.176736540
847.863197311
990.546313910
979.217034314
697.451790449
917.087786260
935.325611752
786.625705148
996.585671179
492.085358449
929.899994623
638.817657865
508.426002482
442.004524864
561.878990531
618.097079754
705.829299477
221.736329906
479.065757491
968.407455568
788.316560780
999.598419366
892.559801918
198.693230886
678.837241171
35.142566782
621.264034047
739.466023571
190.973820195
584.083042041
314.649010804
750.742965335
389.915384615
661.263941252
852.215348384
409.375133588
173.614515522
491.981706977
426.212388370
886.971814659
674.802934196
582.812148123
454.035240923
721.990997174
720.467903518
841.223513699
853.214509956
794.320464296
466.355014983
460.534472108
408.819030868
654.738879249
820.499847654
813.797886456
652.630829796
965.645380044
999.585414070
575.458947276
859.307861014
996.024096094
960.586799826
983.723030395
439.503128544
283.823889058
503.997023801
918.297881953
509.770536615
921.870923720
275.951082622
422.333991054
733.762904486
785.706051928
978.298522947
242.507731836
775.724178162
405.535448512
703.336415363
279.245411780
795.162247595
536.912469589
994.448088137
360.980608897
75.392307300
971.986625422
890.581832289
562.630429323
978.886101648
136.649185874
934.450640751
361.178626167
982.948625311
192.317446698
754.320886626
872.049883894
676.169357484
939.890951121
648.799660912
791.252804102
602.309720991
290.896888949
807.003097893
678.668549441
873.072734656
973.844957897
708.993653004
819.632844637
749.286327114
378.170634921
771.830940038
666.330998829
767.427521008
610.068032787
797.018193225
831.496241723
938.767305644
828.751470587
752.446011352
921.429867109
862.851100811
280.467466919
904.818213787
868.926924430
870.948333714
660.371864937
885.208450027
954.321224746
468.918969547
559.271848031
294.652337510
410.924567287
586.682196764
764.875153211
547.970802142
953.160007554
849.707058824
520.713932980
552.788386275
162.843483136
992.392563455
864.720231214
790.855233276
783.990433615
796.110545088
808.134889731
967.583071369
931.343653009
610.638190748
154.996774160
629.934917273
761.436143088
351.172322372
927.142923179
882.566817667
936.598633354
720.077079207
720.052775844
822.676729063
523.368894758
825.677903301
429.595158259
284.701598169
913.290753265
599.546495278
933.210587167
914.215510698
745.415991242
949.089563740
980.997961262
429.662658373
984.699446532
826.426040248
936.779589872
853.662177986
678.900581823
796.930988229
656.329185699
620.098379292
649.361224589
664.144562577
900.104438385
991.729297742
462.006493461
853.067992601
791.342604298
540.825295266
891.208193042
947.679798244
383.962237727
715.575293034
711.005625857
644.379546541
652.890496178
549.648978895
650.935480674
714.983915903
774.809008724
716.099155145
684.817493935
730.667503041
490.042855269
483.488365941
659.264741966
873.426585359
776.018041027
810.026542775
964.633609201
953.295337238
770.708115956
612.032678866
734.722396559
915.654957956
871.035590547
192.885976681
559.372863124
389.828167278
581.192739115
699.482665975
364.699876611
725.767869225
867.748235377
795.612971237
261.277630118
517.778910347
739.225270131
704.491305837
470.866223040
898.697390672
489.417000113
