788.418036323
669.980597015
837.909899691
966.800910219
328.673089863
666.358762229
632.450000000
974.698927875
922.028741418
968.091425620
740.775269566
359.130895357
921.061344320
990.778506559
868.746798555
958.967152722
998.038576409
254.356049663
232.213264427
481.965766419
719.449094794
404.103947024
218.542901967
551.652970626
391.329923274
517.262022577
782.299175508
437.102962709
512.311428723
893.129330422
807.120189315
934.821908430
883.236661377
383.973958333
594.617524128
206.804255275
572.090909091
849.546938079
709.289080700
440.311253547
735.800924164
658.632675372
768.232386716
991.395985475
889.087172329
564.031027515
622.572084180
620.952494157
114.144645173
206.813926030
601.577925127
437.392272451
394.587125994
630.657593310
598.989148483
947.811690158
829.665595285
632.209617137
999.871991807
969.541128576
235.295558819
915.943777293
861.241545677
341.912269449
122.192471127
903.210385237
954.110056545
916.957469025
918.099667792
658.298564483
334.852206204
799.643045365
994.620027950
912.135954779
567.625756991
708.483591906
535.962685268
934.049249237
710.591420534
582.001718211
663.505086642
233.197341323
515.125228111
804.424639105
574.363125557
977.878826849
360.861469265
679.604296645
717.329846583
808.235732939
997.738977956
740.583553701
374.583769002
701.979344425
912.158977372
638.610992702
369.889189189
465.793945860
969.795339234
648.274633161
767.995442695
914.823480247
282.708330263
462.201254866
995.467226984
860.122665969
739.182656723
899.742185295
522.581261950
455.069225503
867.247369559
933.231482538
952.449998688
493.235237995
582.917661424
867.130324692
190.835007271
921.561175397
404.051976854
842.422696750
744.113575269
532.104313082
246.050807761
909.068204262
841.099875163
247.366125409
336.037200322
524.660842831
988.538820684
313.909222547
909.485568880
871.536000404
613.695364167
907.122373222
810.225277315
505.529425454
680.113225868
696.781170813
311.202506417
315.071420478
762.229624195
904.419150615
763.374744146
478.583326078
552.512443299
160.193632832
957.511357635
909.455331503
318.325306315
608.340460526
578.663978488
869.901143809
603.232127792
131.026714833
317.345237872
101.029698604
362.760251406
630.225356519
625.582928156
610.480957934
492.731164025
905.761558027
746.574175819
967.670398431
699.057937513
965.374020782
539.642475908
980.361157941
205.216958364
383.455342902
938.732656298
734.449455338
382.460455472
481.254610368
939.027156157
512.642300195
405.243136894
778.602594396
862.986674289
672.143601190
528.982041283
761.554989496
800.866405838
504.899990097
907.823220677
536.478331343
640.190596619
271.007379973
778.497270387
140.808380433
634.174266271
884.624214003
567.610782139
653.524291821
582.783836427
781.568414322
742.987886846
108.839331126
937.524399682
999.654941482
773.437780303
609.096051539
981.394925603
915.048632587
750.139986936
978.873842740
407.575759829
793.320868249
400.018749561
552.912289608
534.883164813
956.765906583
677.070897322
980.707397777
676.694170213
659.137314986
397.073041140
204.795019471
313.622384405
254.772447490
740.997975706
702.347492343
814.164602522
319.346207117
731.607818438
320.001562500
791.971590400
725.015861895
448.636824169
817.652738025
511.920892326
633.255082885
331.930715662
863.947915097
278.055749806
773.670472488
397.712207507
551.171479669
869.467078158
859.215339714
856.778267698
476.601510698
323.270897833
813.904785586
951.076235542
925.162689148
776.918914688
890.854084573
630.517247986
701.007845890
581.440452669
797.252157281
809.022867420
986.655968410
233.450208824
962.011434443
803.473086046
923.655780039
823.706865335
822.131376364
668.924509941
324.907679195
982.587400693
840.539112713
773.985141976
390.842679348
241.557446584
352.147727273
911.107018961
936.577813105
305.414472480
165.033333333
640.681668225
803.318741224
548.031021020
709.573111103
998.939938134
910.636590523
143.527003484
536.972066313
543.669936634
926.866765563
920.432507031
528.937614469
990.973258973
764.527304941
931.833139570
731.936472653
755.103966352
981.021916167
654.402781168
397.407850954
968.091937783
594.880660301
849.194935218
960.226041667
278.213946451
640.051560423
613.923447997
965.675929078
927.264255755
247.737764582
821.883811740
658.301602611
731.732874763
202.533947772
514.189653727
542.032286861
881.527651296
766.073103561
979.787732190
519.217680747
380.223618414
557.890670293
992.231827750
985.117759458
912.107449811
800.867030162
491.754003542
881.103285660
444.978651173
763.376709102
559.312971421
911.936401291
776.065718867
652.413212619
564.244627799
913.932166302
160.143685483
998.897892680
594.989915881
823.726289492
262.249880839
985.693157123
475.909655390
784.050381034
457.646151519
702.743907836
388.979434447
464.202542001
641.789719626
952.743932020
993.753993703
550.027272727
989.998989898
586.426465979
686.427709235
496.838001767
957.368789965
460.708150568
754.135266381
605.633552571
809.591975309
802.645626713
344.209238691
859.108840602
150.006666519
789.883535719
700.317071047
363.740384615
988.312703551
833.973620686
416.510504069
901.357864558
402.080837643
907.185207110
915.240405577
858.558093550
820.723461344
626.476655600
566.417690402
511.529080307
81.951204994
754.725115522
761.139934572
418.285787471
570.250822007
902.269361111
715.583677846
533.283226813
663.391287251
345.191251338
561.214753904
778.876113384
868.909086153
928.826679203
862.159498005
821.353151817
778.845941121
212.497641509
191.515012466
230.631741100
890.721617829
912.321215362
686.174904817
894.507126858
890.722740251
665.723723724
830.707529760
859.726700760
808.493042642
673.187195362
504.671180077
595.484676545
488.866034819
517.681369184
880.742300565
950.391498278
314.496422873
866.146061585
234.995744642
519.258124636
946.899677896
696.549497848
868.195830444
934.284217998
790.814769853
676.665353036
941.866763401
529.961319343
306.483660131
642.147179391
678.940350841
848.084311846
956.394270180
638.087768258
964.606137239
846.583723128
697.065276714
630.594164261
826.535540676
299.841624862
629.262266468
503.999007937
797.199473156
215.039531250
913.772947728
256.405928169
504.207298638
821.830882846
708.644480681
807.415630279
574.214245731
848.741421164
991.594675258
700.034284888
78.784516245
339.452500359
891.134669957
417.020383693
558.892655167
940.201042331
799.839358872
787.725840632
828.060384272
658.022036105
409.372690833
683.459581833
875.433714286
807.279381627
615.766190322
481.129937630
778.687999137
435.852039114
452.873050644
995.478277011
502.027888446
673.951778690
707.903948287
865.523540985
450.626230928
767.906244277
975.396842316
629.699134508
465.846543581
980.227014527
667.275055730
531.083797531
119.511505722
804.036068843
458.141901332
554.870255105
798.392760488
154.003246719
426.579418163
728.726286064
501.712068820
799.085101851
952.661534859
961.198210570
683.964912281
240.476610089
778.914629468
768.697599844
374.387500000
618.524049654
892.846011359
879.802250509
451.057645983
310.219277286
720.131238039
785.760178117
999.191172899
384.359206993
397.461947864
558.040321124
881.421579041
878.762766621
677.910761089
562.745946232
833.692389314
405.810300510
581.326070304
423.549288750
940.956428322
287.638662214
758.695591130
571.696597856
947.776344925
720.438756247
654.091736688
674.577645642
836.756834451
348.469510861
946.040169133
626.729606768
811.625529416
985.285279188
984.920808999
698.158291507
996.637847969
963.371683204
900.338825111
773.563184239
200.897984072
607.623355263
919.581970245
687.507818137
965.078753263
484.980411976
807.870039053
617.428538375
707.870056497
847.871452521
895.290455662
985.861552146
888.405312906
994.965828559
865.844674305
785.026751137
351.705965909
848.198679556
763.560737597
475.363019176
644.454192547
710.613819173
636.044809742
607.545060057
579.567942523
691.611162432
991.976310201
860.501597908
192.870422824
826.152528290
932.202767646
741.087039422
750.069996734
438.791522254
908.475646344
589.872868283
682.887984958
975.127171194
876.334411056
810.924780729
788.897331723
914.981967035
894.029082301
669.653643422
403.262941516
847.250258188
745.629264447
823.987257183
530.643948425
831.501052315
676.802777772
489.887742243
726.400715859
573.726415637
825.161196373
194.989743320
816.720270350
317.372021451
838.714492542
807.831665633
574.040068288
330.295322401
817.494492044
332.981981982
877.470797235
894.399798748
405.165398351
474.331107983
993.474710297
667.524531835
128.058580353
747.101733367
992.552769378
908.667706040
308.551454380
399.751172606
775.881434241
898.093536331
727.749270010
883.160234612
820.562611871
208.064903846
813.232439097
834.224789850
597.941468707
667.590443311
661.649454016
928.239762931
606.993410178
504.973266619
478.020920044
343.311811623
213.572001910
480.131233076
907.046856563
433.648475150
389.706299667
784.161335442
766.244086437
572.185284676
901.965076929
908.151419093
595.978187520
921.479788167
18.761663039
755.382684472
98.989898475
804.536512534
380.770271949
575.216480988
458.309938797
955.150773438
723.919885070
106.329676008
135.321838592
674.288575668
611.476900627
719.619343820
342.838154236
707.294139662
941.562000083
674.209907966
943.953388680
879.410029508
561.334224599
51.874849397
702.977240030
737.622532194
545.486938432
722.933606910
999.465965966
194.250000000
279.576465390
496.360755903
615.584275303
461.876606898
456.337595880
403.029775575
227.376340018
354.635023651
414.633573170
967.204735307
944.839139748
605.805249234
409.909746164
900.139989113
899.494858240
878.165701904
711.846191252
897.702066390
644.771277276
880.868321601
475.989495682
830.236713233
989.702480547
984.995939078
192.257639640
840.976812998
870.945464462
611.424566075
900.080551951
867.656037840
710.887473515
493.828917744
677.830362259
353.451552550
946.133183014
778.313561490
508.209602428
880.915432945
964.612357375
971.888368075
605.443638995
296.423683264
520.539143581
593.883827244
88.475985442
646.750338230
902.035476021
799.824355718
925.821797108
236.108026124
953.724278814
999.973999662
237.842384785
851.817468710
457.552182816
331.473980879
876.431971119
373.970587079
974.388526205
628.889497448
493.890676162
605.976897257
312.137790086
630.103166156
631.185392733
721.213560605
854.114160998
604.567614085
464.033403983
734.639367309
747.286424347
788.655818466
842.822638519
829.573987056
783.582159065
558.686853255
491.725533199
588.381678847
634.712533480
623.032101902
911.539905874
659.414892158
469.002132191
998.068634914
834.834115259
744.706040268
652.800888480
892.132277191
778.188280559
703.051918424
364.115366333
164.283291908
726.191434817
837.419249838
782.526677316
723.500518314
314.060503725
356.627256390
631.189353522
362.091148746
860.412110646
753.426174230
829.604122458
980.201509895
419.911895521
939.154939294
216.757929497
451.637022397
832.867336375
950.058945540
616.950565281
809.980246673
762.116132883
720.733654780
917.661157509
552.997287516
614.095269482
730.202711581
427.644712349
861.571819409
797.631493862
236.909265332
955.774555008
211.172914930
777.297883697
565.161038997
541.471144199
428.011682084
471.775370277
336.907999406
909.416296313
596.244077539
831.651970478
453.050769782
680.726817453
718.636208384
397.488364610
136.835667865
841.855688346
392.226975105
478.921705993
949.758916779
951.846626301
415.426287084
775.707419070
833.095432709
573.979093696
604.327725659
568.723131233
521.366473797
780.361454712
378.688526364
704.156942734
949.532516557
940.590771802
310.589761583
732.087426473
76.713753656
981.450457232
301.643829706
344.628785797
637.461371379
849.006478185
699.769962202
875.612928182
432.446528486
830.849565204
727.898351648
872.300980167
318.240566038
138.567672998
837.011349983
806.021091535
632.014240360
673.663862768
411.554370649
975.294827219
989.025783284
551.670191328
634.709382316
932.902996029
765.354819675
876.241975712
818.927347205
568.243785712
810.431983574
872.553150244
995.889050045
571.644994730
456.512869660
688.332041968
91.460373933
813.204156408
933.353095029
638.333768494
375.165296903
210.021427479
627.030302298
703.546018395
862.448839062
929.046823363
952.813203105
958.203527441
816.507807679
907.232054107
861.327463860
247.945558541
375.069326925
923.089378121
585.169206298
935.879265718
624.218711672
572.076043896
354.687186123
552.029890495
849.715246421
777.369924811
117.864328785
792.650616602
910.523475809
702.175191815
985.063957974
940.117545842
763.140878213
699.682785273
949.720485196
801.003121093
839.997023804
823.133646500
883.597759164
605.906758512
496.552112069
573.329748823
894.921784292
827.731236574
379.990789363
401.327796197
729.142647223
629.686429900
130.092274944
823.034628676
933.549141717
884.347783558
401.660304237
510.890399205
592.716694772
618.263697797
580.584188555
316.374777756
764.541038794
597.928089322
683.076130457
661.786219258
909.120454065
618.207893835
615.314553704
889.307595829
657.884488341
467.183047648
996.775802275
703.810343772
335.654584357
813.638740474
852.393688386
449.844417549
679.390903678
113.644181549
688.302259186
636.073109006
526.668776367
936.408564677
670.420763402
870.948333714
496.044354839
301.259024761
784.932481173
942.433651805
671.542254814
666.028527918
240.723908243
805.789674791
823.327460510
295.066094291
903.285115564
693.064932023
493.935218424
986.625055429
388.593618064
894.267297848
895.289338706
551.576830550
978.571407716
832.981392557
461.582062043
988.323327662
575.444176282
752.423418038
588.087578512
616.981361426
754.344085945
966.904338598
877.522079494
158.644256120
923.731562739
967.719524793
889.720742705
369.285797182
968.632025075
833.657003809
732.428836701
449.775499578
571.671234190
863.777170340
465.270888838
82.577236573
661.824750217
959.603042930
256.158154272
965.334656997
719.295488655
677.234080655
496.474571353
957.067395746
649.919995076
706.090645739
586.017064846
718.849080127
946.231472738
276.579102609
628.060506639
919.704891304
572.354785077
192.792634714
672.055057287
986.095334686
797.321766917
710.164065551
731.455398518
941.868895966
779.739700156
477.632704081
467.869639964
192.880792202
982.508015234
330.321056615
785.601680243
457.549997268
462.388364906
377.177676964
406.552579625
489.679487012
679.458608011
974.845628805
516.573324902
528.095635278
849.317372953
561.766855555
453.079463229
893.199305867
896.496514215
833.640809942
447.910705387
948.351200769
538.362453532
616.231287750
976.537249674
232.703674230
946.077163872
360.045830440
890.918065818
270.092576721
997.353999348
767.779916382
929.066197857
791.487207833
856.189836449
568.479551083
722.748227255
351.378713072
850.072349862
843.501037344
414.904808360
624.438147457
904.318030973
557.847651488
740.765856950
948.607400351
283.065363514
738.288561472
916.233048956
517.473670828
857.014585640
884.642865794
804.269855210
446.588177183
404.376062595
763.689072856
936.544179417
670.276062529
870.204597701
358.156390422
569.296056547
883.028878822
278.725671584
954.557489102
757.398838130
159.276489163
390.156410256
869.414745677
830.191544163
382.003926681
442.820505397
941.507833245
975.930325382
537.518371779
875.884124756
591.904553116
601.331855138
307.374364578
476.689626487
475.226261901
283.229588850
65.688659600
521.757606557
382.495751610
592.347026666
646.802133577
662.508867865
462.221808226
721.627327642
316.309974550
871.718991419
444.703271869
666.107348706
456.658515742
815.870700540
734.659785207
962.144479795
978.531664964
331.617249250
747.209475315
988.898376983
872.777176604
489.411042945
922.339417760
932.528819931
722.235457064
856.717573066
876.644739916
986.852572576
669.133768390
607.660266926
909.398702441
787.370941806
134.977775948
545.533683653
949.306062342
375.880300096
719.158537264
481.719835589
608.583601488
233.460917500
782.557985072
697.636724951
415.503309253
654.940455309
360.837950139
612.336508792
444.512092238
856.642282406
840.120229491
613.253618008
807.849614718
721.417354939
226.033183405
955.403579646
702.457977208
803.513534422
893.718076536
395.753711290
568.014964789
866.382132780
936.884731437
734.252000338
786.778876178
841.238967238
933.663215512
843.515856401
286.857107285
967.180438181
904.340643784
534.250877398
914.298091434
773.590330860
912.803921990
570.840608226
976.202335584
442.556211135
211.426110024
558.710121619
644.713114494
774.362963990
680.976504734
988.032894189
422.522188766
882.676611223
824.408272642
984.304830832
950.730245653
589.990677892
629.655461344
393.270992366
307.704403608
887.855281000
667.104939271
374.597116914
691.820063311
674.648797524
754.487243100
893.396328625
862.426228729
818.631174584
531.248529412
731.480690107
884.645691789
636.152497441
855.429717091
586.125413201
326.566991596
581.602097658
810.061108806
527.155574760
444.996629201
623.591212316
706.948371524
589.380182904
114.219087722
525.361780110
606.080027719
844.827201267
173.545977011
746.914988469
365.755382765
934.247290604
862.064962749
886.628445291
435.743043547
192.914488829
303.305126894
988.526175678
341.342938764
508.224359904
842.121725168
990.292381070
178.594512794
664.658646617
960.501431545
893.723670941
664.802226230
768.436074114
677.592060166
629.231277036
961.267392560
782.106770234
701.893154262
936.141015019
925.159445717
784.433553591
274.173302858
924.479853756
757.443857332
992.092737601
639.134571119
949.241275967
858.639039411
821.738401196
711.908702012
336.954002796
897.768901760
779.284928637
869.552873563
122.531628570
632.572525486
960.830890428
809.108768955
795.215694010
934.123118224
167.812395251
856.699480565
902.422295824
291.815009895
940.285594913
932.156102815
909.876365228
353.380814420
956.000523013
642.529376760
496.491691773
558.097661704
539.601704967
153.489413681
660.246923507
963.651389248
720.702435128
657.448857327
575.445045161
648.125759402
671.046943216
793.725393319
335.213364889
428.623377817
288.239483763
657.540873254
578.951638743
347.864916311
792.631061718
645.186794657
935.206928973
361.737473868
370.590070023
446.220797364
910.548736958
926.915853786
364.739633163
918.171008038
580.722825451
757.858166150
744.367516755
987.911939395
879.970454049
924.733475116
569.529630485
659.207857963
355.018309387
575.663095916
886.392125416
743.234858681
787.901009011
894.672006939
558.834501440
587.188215141
377.546023685
747.628249868
483.146975567
865.840631987
598.059361602
721.920355718
606.329943183
462.814217586
823.638877179
721.411810272
330.142393521
294.280478456
723.535762765
950.732875207
996.314207467
833.046817412
626.531897927
555.800323857
880.372648371
622.524698323
730.231470152
621.540022846
626.475239617
664.812003502
703.612819667
365.535224021
744.851663085
788.440232358
238.891188782
719.024338948
286.905907921
914.919672131
273.967151316
395.701908007
784.992356651
467.524330918
944.812150642
963.273066166
793.281160749
369.492895737
880.546989093
484.088834823
830.092765900
977.622626579
795.020125531
883.418360688
479.127348643
866.348082470
125.375436191
125.670203310
615.045526770
981.893069535
983.993394293
964.903622130
691.577905951
721.748571180
448.689202010
469.609574468
885.724562152
175.365332948
535.458681879
140.185714286
717.112961813
415.450602410
629.150220536
492.664185830
894.040826808
509.322098959
984.890349227
900.644769041
321.552484052
288.761146971
986.893611287
998.185871743
622.900473591
742.293742396
706.091353863
688.898395992
954.934031414
550.380777616
982.662200352
621.833579023
862.830806126
783.388792363
991.772655400
612.247498974
695.873551732
763.628836543
660.103779720
687.112072372
912.083877722
366.611511003
652.314341403
901.768817381
707.277173391
539.399666296
867.305021316
260.466890595
973.737644340
916.583875049
672.334738058
781.674484680
428.358496732
929.116784909
583.927221493
608.656717699
775.952962492
688.923072629
497.810204797
402.181551044
516.315891473
839.305665416
113.401940019
131.996212067
926.385448936
547.921527228
210.306918574
843.590540488
510.234259924
846.664632543
518.672343585
138.434099845
958.339188388
657.045660528
994.324393747
990.852158498
545.534600186
834.885620909
582.041235653
568.615863303
319.271044725
774.304203786
126.364551991
618.730151197
528.438265079
846.376393811
752.168199275
439.156008726
303.143530361
895.709216208
324.491910531
675.564949674
874.936569136
986.024340470
745.218759828
319.601314143
612.952689855
752.618761626
564.857504155
206.850187334
688.494734911
786.569132372
789.947466608
443.640620322
351.943177232
998.454806188
955.239267016
827.221856580
341.877170925
488.886489893
844.406300308
886.498166947
729.673214528
602.224210739
863.698495370
995.389371050
680.561532854
862.058582696
819.412594489
295.489424515
643.217692543
751.579669762
698.414633295
696.464798851
447.520949230
650.790288803
321.328492356
701.868221250
979.889279460
578.558553649
644.034936941
647.799351651
879.755649011
356.792656875
850.671499464
902.272686054
805.965880171
993.227063667
609.378371786
634.321684952
862.374628569
780.512011439
498.398434992
463.929951609
834.482474352
748.615388567
724.422528639
538.597252128
973.427449788
93.829632847
703.367613699
710.734831019
648.168959454
923.762415343
912.512465668
737.729625269
661.426488735
825.556176162
865.210379041
601.594547848
966.160959675
930.461176787
763.651098343
368.241768408
828.246943852
919.195300249
979.329872923
768.000651041
980.735438332
901.717805257
784.234658760
424.618652440
933.981263383
840.144630406
497.121715478
371.663826596
861.827709000
794.555221492
835.218534277
234.266941757
699.896420908
739.056154835
867.236991831
887.751091241
801.028089888
775.296072478
923.487953359
945.820279129
454.052860359
839.370597531
388.221586214
448.894196926
796.021356498
826.615388195
562.316637026
858.510920140
865.323061059
761.750615359
479.910408306
956.535414922
412.321476520
687.777580327
478.305341806
218.549765500
919.447660283
941.090856400
658.982549086
107.489534374
782.234619536
923.220450380
802.748403922
331.061927742
632.480039211
993.964788109
541.360323629
702.420814042
946.696889189
121.622366364
988.971182593
250.493512974
996.719619552
423.853748361
253.061257406
386.627727924
324.337786883
937.989872014
309.511290323
554.831505955
705.479270021
486.864457524
476.058819895
246.769122866
907.597928601
956.467458934
291.593895684
959.004692376
402.391600310
903.202081486
871.528542275
309.575515828
553.599132947
930.204816169
813.346174762
969.604558570
294.606517240
358.291780536
667.950596976
723.120321938
508.860491687
852.941967545
383.271444279
879.993181792
903.855630065
216.316897167
665.069170050
830.519253911
552.423750395
509.632221350
908.292353816
852.470527350
193.592355221
585.082900109
707.086981919
859.466113352
618.480395809
778.659745974
523.741348377
871.712108439
208.055281115
395.417500877
941.019128392
662.573014844
295.264288393
386.147640159
955.574172945
671.035021441
864.061921296
902.154643063
262.465235793
919.668962182
768.573354150
311.921464475
899.048387097
869.767210235
793.407839639
930.346172132
684.810922810
509.744053423
416.391642567
599.944997479
313.415060264
589.088278614
763.512278880
513.762591087
634.955116524
181.711309499
458.066589046
538.947121710
336.970325103
746.142747737
945.344381694
441.551808965
315.505942892
795.895093590
904.807161780
830.484196128
591.801486989
757.709706946
965.204641514
248.501509050
500.577666302
318.474488774
267.757352840
613.671736354
646.755749878
913.871982282
943.872872796
204.369762930
816.028798511
788.204288240
530.510131854
508.143680468
345.328828799
932.653204573
932.452789700
288.761146973
516.765904448
989.814629121
405.715417503
857.639201529
782.328575472
728.326849711
759.971052632
898.577308120
648.432725892
464.858042847
719.555418297
523.512177509
470.995753715
527.174544170
257.848792900
616.670900887
700.357765717
509.351548540
615.516043658
535.223317878
760.925751963
163.352379842
697.743505882
711.697969647
952.090857009
286.933790272
352.078116332
869.891372529
900.780217367
919.035907895
721.184442428
588.842933217
465.340735376
994.146367493
860.313896203
771.582788818
679.764665160
313.931521195
319.992187405
723.756174412
837.584025636
950.231550729
936.536705100
658.874798425
685.335684172
858.283170055
98.939393939
947.703012552
658.919570206
830.925989484
526.638395866
870.720391400
269.531481481
944.107515064
885.450167994
634.144306892
869.365285711
554.940537355
301.562597150
962.292055459
656.416026617
592.433962565
892.067262042
442.862281076
521.924324016
963.770719622
246.302659344
384.039060513
862.364849188
474.953681952
878.248256474
545.364098562
342.308340535
862.790820535
244.873436697
868.589085817
743.400295938
628.182298382
824.892720298
212.351124320
510.897249944
456.722016110
169.224702754
480.087492026
531.925746715
288.601801796
657.448096811
877.605834074
372.733148512
686.989810771
487.199137930
190.835007336
803.995024860
615.178023014
421.826978748
756.896294085
234.897850139
642.926123283
88.521183905
520.625585234
76.615925238
930.795895994
857.384394682
816.704352884
245.987804576
904.867393600
821.403676641
415.336008552
761.695477222
889.278359120
624.971999373
186.799357601
573.263464735
306.034311802
748.344172156
789.382036786
747.372731641
653.812664301
970.013917426
988.571696946
667.319263921
797.872170213
392.726367844
950.115782418
689.954346316
519.899990383
863.998263887
690.188380082
934.451175825
217.954123613
662.840102595
110.697786789
613.371013335
979.592772560
537.973977066
649.123255277
572.337314346
821.457851491
858.273266507
836.310946957
903.355965276
366.634695576
265.795033814
790.189217846
659.182068931
662.243159166
992.976837595
467.816203225
630.461735556
826.411016949
358.040500502
454.790061457
836.299587469
981.043831844
837.438355942
162.444444444
902.422295824
755.902771526
965.094295921
869.188702182
485.866236736
853.843076918
545.782007769
344.447383500
579.131245919
968.285598364
471.900413223
455.248351648
319.599749687
909.339320606
922.252134722
305.646855047
782.171336730
806.702547411
923.735351711
912.095389760
372.613741024
494.473457338
903.864480993
687.931682655
668.802661478
650.834080239
417.085123206
512.015624762
347.719714713
253.231119731
165.629103723
126.059516257
430.946632427
952.128142636
50.892042600
985.910746467
480.924110455
120.565334985
164.517476295
906.787210584
567.753467625
605.014049437
409.819472451
282.547341166
430.394005534
192.668108414
499.546794605
898.717975786
472.752578001
928.921955818
767.017600845
376.360372340
401.825832918
901.366185299
504.463080909
877.531196027
292.092451118
955.287391312
358.990250564
737.400840792
917.981481295
839.349748317
501.398045469
589.427843803
971.431418063
308.998381873
542.431562504
597.549161157
800.746526686
514.904845578
808.995055624
904.822081959
562.305077338
405.472563807
824.873323608
732.905178041
876.702344014
355.508087109
945.946087259
467.052462000
210.954976303
788.402181631
618.258845468
873.939929286
659.453561671
954.003668756
575.591000625
491.094695553
323.148572641
896.589092126
704.665878271
914.856819399
637.764846946
990.815320845
293.962582653
520.995201513
271.206563342
150.525745306
919.497145183
960.500910983
25.039968051
897.302067311
568.805766497
889.604406475
658.798907103
969.476147205
804.787549605
185.318644502
745.964476366
784.538080656
981.341938368
722.411932447
169.452058117
593.855201206
780.472292910
561.443674824
720.724687933
574.149808396
370.653476984
163.251339964
662.213711728
892.633743480
673.801157613
868.762913573
858.793339518
418.411280919
326.196259963
572.493668087
482.733881139
756.368296533
513.163742690
494.754486661
641.375864841
708.455362038
807.756770321
950.445158860
722.333025688
304.609586192
935.776682761
85.574532710
473.758377235
680.468955941
980.575341318
768.643610524
987.826401759
669.398237227
207.181081081
720.284665963
685.148159160
980.820065048
687.203026769
904.534134237
839.513549623
577.379424642
987.621891211
818.469303029
323.859537454
876.652724862
667.110185879
833.579736211
747.572738936
827.399540730
670.406593046
242.724123235
542.234317343
816.600367197
175.405245076
942.245191020
958.971845259
988.292972757
878.441802284
770.174006313
766.202975719
918.041394336
722.993084338
910.761769070
828.910731020
640.177319588
721.028432172
971.735560737
559.751730681
216.767156184
834.174442200
913.170849294
689.372903442
836.915766371
877.981207088
106.456563912
920.488457288
890.517957351
965.724080677
631.961234177
589.394604658
239.822851288
660.827511534
323.122267880
990.972249864
751.085214872
963.279294909
954.740802522
833.393064526
904.832028611
563.316074686
564.926543898
532.031953928
798.372719975
644.593670462
660.760168291
760.869239751
846.666404200
737.688281144
867.512535932
862.534057299
252.289516231
610.115562824
170.663411427
683.920316996
840.718740127
731.788903988
862.256342395
399.483416427
202.568506930
744.515278554
843.509336048
621.349338134
269.011152185
886.968996076
868.499856074
239.470250522
584.681109666
818.473105134
520.934736795
492.536293079
660.510408781
980.229564949
184.983783073
496.841020851
389.277536604
943.826255197
792.600151400
901.380607735
102.674242145
853.740592920
423.718066643
743.306128052
519.680671182
347.148383260
488.801595742
467.501871654
760.388058823
733.127547401
796.308985256
724.872402565
821.573490322
337.618127475
848.422654106
884.821468927
884.019796158
952.706145671
967.881714876
94.058492440
799.043178974
722.247187603
766.012401988
833.355267579
912.037828163
657.594860077
962.100306621
816.454530271
886.646490999
993.304082343
241.944212484
931.486983269
933.095927117
882.340637169
753.515759623
386.339229176
86.544786094
899.072858732
745.348240757
237.368913227
529.316540456
994.539089227
641.166125119
989.259318885
878.420742014
774.910962627
309.489902905
926.512816965
636.281384296
904.717635508
472.888993318
259.740254870
169.443205824
735.347536883
630.532315623
966.574974147
680.284558824
829.168257955
985.946754235
962.308682324
784.926748175
729.582757477
834.568151801
788.659622397
761.989501240
598.393812709
479.493482750
877.847938027
470.191489362
933.839922042
514.119636258
791.372857760
470.955411902
993.722295211
938.779526833
935.087161713
771.911264330
755.049005032
724.247885741
670.620608094
431.710551180
485.263845758
830.777948675
935.949784978
942.381026974
225.884926456
560.037498745
297.968119100
929.526761700
90.801982357
773.129366106
788.345736337
957.345810049
551.039925958
980.577890838
737.293021803
874.132713036
853.881139269
299.946665555
861.686137756
457.983624161
237.690975849
876.952679590
110.679718106
905.200530269
688.178029292
955.306757016
904.751899694
385.132444751
325.064608963
802.357152395
973.289782131
695.010071869
544.899073224
829.710190368
950.022105006
739.240150425
914.260356791
862.285915460
670.566924326
387.538385196
586.321584116
819.525472466
655.881859756
570.430539972
525.474071672
930.882377102
278.653907204
757.940633245
286.494328042
722.908016279
640.207778772
933.501472951
726.327749711
446.248878924
210.097596369
398.694118341
782.829483904
947.644448092
987.810710612
982.529897764
621.546458441
784.710137567
829.235792763
840.978002090
968.886990314
997.827655311
731.374732952
602.310551128
910.971459488
945.652219873
862.615789329
978.621990352
387.990979277
487.124214138
718.888030224
641.143509676
754.516401412
831.067987592
413.099273608
285.462782163
991.675854299
978.820735444
706.329243342
510.160758977
849.882933115
863.825213802
599.608205414
588.302643203
712.381218169
855.451927346
435.131014753
340.407109209
891.944505000
910.023076630
956.529142264
517.479468192
877.942482916
949.111689952
930.361757598
857.050175029
584.388569361
773.536175711
814.187346437
498.977955425
958.067847284
572.622039394
490.273393119
561.676063225
53.225933529
562.997335695
588.368931879
332.124976477
781.268199788
937.771827259
381.721102379
942.705150087
498.921837566
587.877538268
430.051159747
422.460649055
824.132877636
688.936137320
547.458674239
630.193621040
791.393075538
211.735684286
708.750308642
877.581335262
829.567959844
594.272664692
763.921461932
976.984134979
604.618061259
977.872691100
680.519823789
925.213488877
827.415856749
856.159447767
858.717648590
139.735464360
301.171047745
682.628742436
449.875555556
267.073023722
846.825838056
798.291353383
535.633270065
675.175532732
181.540633609
979.122055721
483.980371901
322.904010530
598.305106112
816.034313004
393.368783713
441.603894910
614.573836085
839.634444267
343.220046035
835.537551520
951.770455978
661.352402279
763.539128009
481.226558603
648.225269486
924.270523169
763.214255632
857.068261377
751.194382301
624.823175416
995.600321414
865.439772601
256.762538941
896.879033092
956.174147327
516.544286582
905.174016419
210.045238095
968.271140143
717.338832073
741.917111273
849.459239752
471.289719811
834.342855186
704.213745961
330.670530891
976.061985737
926.778830142
399.674867861
458.807149029
796.976160246
848.577044233
743.392224872
742.678934668
960.500390422
991.657703041
659.587750038
371.226346048
263.643698958
704.764499673
915.081967213
728.427072534
807.567953797
446.460524571
859.360884750
880.985811463
188.377281008
254.660558392
258.631011288
988.174073734
927.569404411
825.660342739
486.202632654
636.913651918
823.683191525
593.212440868
648.350985192
266.685207689
696.224101852
934.230164360
702.989331356
617.576715882
380.289363512
879.772129588
779.952562660
259.079138489
886.735022428
995.448642573
855.445497972
879.507816907
610.861686473
744.976509697
778.594246061
908.739236525
859.843590428
702.815053908
410.538670529
606.159220007
656.174519963
663.242792521
949.427195734
29.103264422
460.471497489
422.856949807
881.972788696
161.496894410
219.059352688
923.913415857
976.422551972
230.558018728
276.358462870
782.528593727
67.601775125
244.801960776
866.817166590
372.404350136
687.015283673
175.923278733
935.885142526
607.604312032
718.043174189
722.140568034
690.626527657
280.495989276
813.821847827
893.708565473
916.729512997
500.203958401
282.306570947
12.000000000
915.944867336
550.781263298
523.619136746
422.518638642
981.159008520
924.132025200
463.669063018
539.762910916
655.928350358
689.832588386
344.204880849
516.710750919
961.160757387
819.962804034
708.324784262
253.696669273
234.021366546
782.405265831
931.353316417
75.498344353
622.933383285
888.720991088
511.594566067
394.298110571
840.747881353
323.030958269
673.703940923
798.489824606
562.003558708
394.546575197
887.609711529
766.149463225
278.799210903
524.861886595
942.531166593
854.555439980
283.852074151
637.290423862
743.655162021
930.426246405
315.689721087
585.111955099
389.842275799
966.099891316
554.025270182
754.267904509
406.569797206
557.717670516
713.321806760
777.315894601
832.791690641
515.352306680
627.601784574
919.127303479
898.908226684
