758.937415075
957.617355736
676.679392327
594.540999427
941.325660970
941.921971547
683.698032760
614.529088002
923.709369878
768.136706590
663.993975904
492.560656163
868.567318757
546.940581782
412.188063874
908.298409115
623.784417888
684.908023022
647.431849695
532.461266197
728.558165145
763.053078101
966.066250906
852.676374717
371.858844187
495.475529164
959.944791667
769.980519481
778.059768638
819.806707317
596.718526610
999.819983797
404.233843215
244.767236370
602.295608485
757.942609969
999.532390671
435.927746307
580.914795818
373.867623632
716.204608939
941.003188092
418.825739419
736.054345820
832.656591879
324.269949271
973.112532033
871.346085089
833.464456351
467.782000509
871.014925245
773.812638822
200.990049505
543.594518000
840.179742674
423.705086115
766.093989012
407.844333072
551.602211743
552.075176040
867.254287969
200.731163500
551.854147413
408.986552346
554.554954955
560.366844130
986.645326346
816.881264537
707.159105152
791.612278834
965.819341285
820.471206076
736.991180409
423.669682654
158.927672956
333.574579367
995.531516327
387.930406130
282.812658840
520.047113250
294.945757725
618.487671664
887.552251983
834.434539074
547.497031955
677.696902655
824.883022010
829.016887645
972.787232646
796.937262274
882.526486855
545.855292179
932.407099930
522.409800827
884.048641196
374.882648305
926.717864293
705.746413381
799.551124069
590.043218756
505.615466536
408.771329719
514.408398065
199.984999500
391.392386232
453.685022026
926.019978186
359.537202526
655.573031782
946.221432858
786.523506989
542.735663099
832.669202024
599.884155483
717.566721636
836.606837170
845.489207501
535.527777057
854.248829040
529.765042259
389.146501976
280.930596411
860.236014136
916.934566913
729.418261356
965.050257759
857.705660469
210.573027712
173.118456555
793.741771613
769.849985387
864.193265422
637.424505334
984.607536029
640.184348450
723.273807549
424.193352140
947.937234209
812.360757299
781.343074456
623.817280941
710.921936643
698.740295103
677.695359288
827.372430472
205.608851950
769.221034554
918.276646768
583.986301209
854.590545232
712.570698247
248.344518764
430.519453684
894.780419991
802.702310947
864.039929633
210.430511096
763.824587193
734.632561217
865.719931618
677.195688114
330.021211442
806.387003869
726.698699600
873.124847888
878.181644081
821.285577616
588.419068352
906.683517000
619.220477698
820.078654764
804.510410125
980.473355069
406.083735207
593.621091270
980.116319627
955.982217408
898.819781714
230.735779627
177.580967449
320.970403620
173.818871242
155.283611540
591.010998206
740.537642527
895.733219212
526.566235150
385.771953361
438.181469257
998.093182023
730.419057802
677.876094873
966.871242721
611.807976411
746.817246721
824.047330097
922.503116526
462.511621476
672.319196429
804.581257550
953.921380408
935.321390374
459.547826087
935.275360522
959.321635324
755.361502858
946.370963206
786.118311706
513.146178004
863.975694103
654.069568165
890.645834269
683.244465766
590.940775374
812.924965787
630.120623373
389.044984545
922.728020600
607.685774079
372.143789415
906.343753771
258.027130356
959.973437500
289.668776364
892.963605823
499.344570412
611.894598767
797.082178950
578.513612632
505.868560003
193.398552223
986.119161157
879.221246331
370.272872352
822.700431506
344.775289138
931.258825462
659.687804950
640.705860750
942.014861879
174.599541810
822.265164044
259.755654414
65.329931884
665.805555556
903.050386191
761.982283262
533.450281426
909.198569857
886.411868152
578.684715560
370.205348422
100.593240330
555.766137867
846.992916145
639.964062500
535.064485981
818.694692788
327.784990504
950.571407102
587.361047398
830.596171434
647.924378304
825.393845385
322.798698885
418.129166646
664.170158920
475.365122827
514.936889337
737.063769290
619.653935677
734.566538851
592.540293989
698.980686429
690.523714292
107.130761222
704.836861521
677.036188102
841.280571510
803.593802887
695.937497194
700.626148527
225.282045445
823.047993740
881.208828825
908.021475517
771.931991823
569.187139700
499.061118502
416.418059167
548.635580344
652.772548442
453.515159614
886.717542400
813.596337258
775.900773196
655.948932764
334.568378661
213.897171576
982.567554929
946.225660537
207.805197240
979.916833211
716.991631752
738.065037785
400.319872596
843.533638926
472.728251747
626.102228075
661.458237535
198.728457952
669.335491380
742.198787062
241.716776414
257.450966205
719.586686925
906.532955827
735.583441902
146.071900104
700.891575118
566.286146919
597.166643409
393.662291819
732.280683891
346.114143022
746.610340137
154.246555877
607.206719330
563.689630914
791.762590684
272.587600598
757.841012350
642.190031153
888.381674734
959.450884621
841.318607901
836.429315603
966.613676716
118.701305813
921.966376827
949.986842105
921.822108652
628.511734178
949.357218124
342.454376523
592.836402391
906.438083931
959.189241034
307.195377570
834.454312710
448.081465807
416.263137931
424.797598863
260.107670014
766.235603454
275.492286643
817.919311424
704.770175305
370.421381672
494.721133569
420.198762492
767.738236641
830.050000000
407.277546644
745.010738178
726.973176947
808.339037781
524.720878182
728.983538917
840.717550667
427.231787207
998.447294553
580.688384592
403.336088145
820.736864044
746.197694984
644.825557806
975.955941629
236.911375835
393.724522985
646.954403339
732.488225161
769.460338101
774.512104489
548.884322968
341.622598784
995.416495744
912.232426523
526.068436613
426.221830986
988.978766203
936.874057705
654.780879379
596.496437542
496.583326341
692.994949477
905.712426767
386.975451418
898.901551895
776.288606125
842.371651945
626.154932923
932.144838531
633.829630106
632.533003092
742.831070971
957.665912519
684.238262596
716.037010217
866.281132197
680.519654382
484.325303902
627.457568286
895.397118606
491.458034835
661.788485847
950.251545645
588.812364001
800.323750000
758.095640404
744.219053774
922.164316703
994.718050505
657.477756278
229.261859017
428.808815208
644.670458451
748.235294118
361.056782238
148.546289082
327.261363439
719.450484745
702.344729345
748.250626461
633.860394724
677.295356547
693.282049388
528.457188427
811.276771515
648.328620377
989.073809177
876.734851594
414.281305395
998.048596011
298.233130286
670.263381067
118.520040499
335.797558070
605.026445703
812.748423560
871.252546625
269.584866044
573.015706591
416.876480507
603.275227423
731.266709211
732.264296549
421.659952607
850.894235496
419.304185526
558.826449535
78.517513970
623.945510441
552.954790195
736.981682497
892.060536062
866.516012547
841.530153946
708.722089398
576.091138623
493.775252519
936.622656143
626.143753462
646.413954057
509.057953479
694.568211193
905.368985552
926.947139809
846.268870377
533.641265271
791.830158557
621.219767876
935.377998458
873.281168926
284.682279041
962.532596851
948.943623194
994.497863246
631.182224084
723.890875754
981.135057588
848.307727184
257.062249270
778.765048009
182.956284153
966.729538185
327.158982759
859.837193892
595.558561352
716.398632048
595.052938829
724.408724409
663.502072340
561.270880100
562.234826385
445.071904303
714.879710161
966.020703712
892.281345765
765.817210567
720.656726768
863.362612116
915.767437726
481.017671193
777.877882447
742.264103941
998.944442900
244.714118922
951.104620954
646.622764839
979.782118637
580.585910955
872.643111472
855.875575069
729.052124337
975.714609914
994.736145920
623.907044398
245.959346234
289.458114414
945.202094792
513.244581072
224.020088385
992.126504031
912.064142481
937.218224321
790.149985762
808.948700476
489.114506021
480.013541489
949.371370961
482.071571450
981.048418785
515.493937889
591.117585595
688.551523948
993.408777896
457.452729798
672.543678879
441.098628427
121.428991596
826.513157790
101.798821218
732.947475781
527.515876538
831.674816259
774.151808786
502.445219124
450.903537356
858.100227246
573.963413468
497.945780181
176.312223059
895.044691622
889.366066364
899.473735025
628.264275604
418.551312649
637.421367700
554.699017486
513.289392059
254.585938339
895.802991739
846.876614390
926.555448961
984.483620991
956.228006283
518.348455598
825.806878150
714.112736198
979.259414888
838.441411191
883.516836286
256.628404669
440.668809879
825.551330930
895.294365000
596.340506758
716.254144840
873.738519238
743.741890712
611.727063322
175.099971445
889.676345652
712.605781645
504.809865293
415.508122664
381.143017777
890.133146067
838.397280530
616.058438786
540.988909427
841.599667300
317.844301506
757.780311172
832.126802885
622.330298154
915.443062129
477.221122751
937.087509254
813.514597288
318.623602390
612.339052288
629.142273258
448.478539063
807.720867627
908.211429129
477.933049705
621.599549549
861.253737292
963.820003943
177.011299074
718.157364371
627.033491928
884.310465843
805.741894157
816.457592285
513.870606282
987.400709220
900.018888691
322.284036217
684.922623367
705.740084986
361.193853768
976.106039322
594.072386162
998.336115745
474.689372116
720.415852304
995.707788460
780.054487179
215.837902140
873.876993638
893.153962092
595.095790609
854.657241238
684.680217328
750.385234396
437.952054795
805.353338604
603.973509353
678.630974831
521.447983987
843.901653038
923.976731309
891.017957170
501.693133300
593.802155604
766.840270200
627.785791493
972.231968205
853.367447235
827.685326679
964.771993789
484.040287579
646.267746371
295.668733552
747.030789191
811.276155202
539.357024614
348.087632644
689.629610733
452.179168030
759.623590998
806.569897777
718.225591301
847.040140725
944.571860686
716.443298524
931.376400818
170.669270813
421.738070371
239.524529015
931.558908497
539.568345995
952.173303554
628.616057234
795.011949596
387.162756473
733.575490321
878.630752933
414.091777267
858.715319533
686.356321454
886.435558854
222.132843137
976.841339066
843.995853081
992.228300342
580.199965529
566.658627394
721.107481586
692.879498903
120.747933884
880.838237136
900.422777778
845.858735251
765.220229738
205.112164437
589.353035116
926.462627417
913.540365830
537.126614496
683.584669397
733.823548273
982.249459150
550.954626081
359.726284833
976.719509378
670.719762643
750.008666617
632.333772623
680.139691534
695.347396807
885.525832486
438.899760765
740.367476325
136.521062271
811.804163576
135.786597277
965.011398964
922.569880823
648.667865706
651.779870815
502.827037773
656.383272182
801.328896272
665.813036820
502.417157350
282.239260203
945.618316235
770.724983376
297.874134493
669.769363289
220.850628254
888.767686184
736.954544053
247.626735229
158.735629271
818.425928231
777.004504491
746.701472557
469.057565764
968.467345861
857.004084014
984.321085825
952.153348994
252.099186831
800.434257138
629.171701113
460.221685713
759.106711866
659.768141092
349.541127766
797.458462868
526.610862022
917.131942525
378.934031198
786.085237109
828.228833113
287.643877042
894.196287176
471.920544160
697.827342543
651.835868912
971.931067515
800.206223420
886.976888087
270.942798391
767.708929269
541.035119008
398.052760322
866.347505335
378.248595503
672.564495049
215.868015232
792.385638436
178.269458967
381.573059846
795.912055443
672.427691284
743.990591338
746.546046815
702.774501529
964.310684647
234.661702128
731.181236083
553.789671265
506.803709537
822.808604719
303.641235671
234.320293615
514.045717811
547.025593569
515.595771899
790.574474670
840.309466804
982.175646206
53.833075335
930.823828659
527.595488988
843.802109502
850.987073932
433.000000000
698.702368681
989.090996825
771.702662947
322.482557668
764.857516340
250.693039393
727.655219780
620.440166334
366.681060324
977.222108495
766.646593940
910.705770268
937.952557436
506.555031561
986.523694596
607.511513158
461.957790280
297.420577634
787.786138492
750.964712886
993.041289023
895.083794960
495.368550666
397.522326417
961.944904867
877.481623739
869.301443689
827.706469710
786.959973569
85.953475788
992.341733871
814.115470925
937.715351812
846.328541407
870.341312360
238.937230251
596.217242287
891.207607691
707.281414997
276.871811494
939.108093717
694.835232267
933.647685158
615.078856733
927.523045536
785.038852542
694.938126742
685.539933191
884.446154381
785.931294707
391.121464509
843.352239577
955.069630969
942.480238520
901.549776773
762.767330886
267.458801498
583.310380501
893.691781321
893.851777424
359.016712703
972.208311012
160.944095712
825.478043320
494.732250819
808.267901132
419.741587173
968.653188711
379.228163511
841.751150875
599.468097570
982.235715740
466.938968175
498.049194357
414.309063381
750.717656646
741.356864135
449.160327723
834.308695867
714.657960146
618.457759269
790.502371913
475.518664197
928.497172855
778.222975760
492.555580620
996.819943621
745.837783972
163.868849999
959.958854167
470.992568944
664.450901121
735.917794322
337.311428995
636.557931378
599.907492869
850.431764706
524.874270659
916.841316696
885.984198505
749.036047197
547.846693884
971.688736170
750.636396666
639.061029949
743.363302834
995.293926436
823.281847243
752.956174023
923.332009626
903.499861649
96.488341265
597.679680096
800.284324475
884.034501589
583.450940525
438.835960240
951.227102221
580.451548366
711.642556180
867.586981567
506.208455085
991.985887097
943.774337435
704.181794709
927.542990917
913.892225593
625.012799869
856.068338394
944.306094442
778.671304210
883.422322562
932.776500562
862.889911866
377.387069201
766.508316980
191.465401574
541.997232465
757.280001056
519.317821762
516.863618375
568.087141203
596.251624736
392.304728496
990.103024942
354.682957019
612.878454508
471.874984107
736.938260643
971.164249754
474.986315607
852.339134383
327.829223835
588.756316314
603.743322944
731.297477091
806.837034351
596.461230928
779.453013337
488.031761262
708.801805867
326.047542546
921.081429625
604.857834536
797.385194479
340.524595294
648.373349236
907.729585284
580.105162880
532.661243193
819.239281285
835.219731568
297.412171910
888.590456847
499.847976889
165.656270633
322.812639158
701.102702890
589.448046908
363.364830439
959.201751458
882.328170241
672.982169155
276.846527881
381.690974481
677.879045258
764.255848489
969.712328477
878.119012435
599.619045728
224.448212290
870.324652070
855.105841402
964.038899630
752.543022026
705.792462414
997.928855180
862.830226638
55.470712993
304.980327234
712.091286283
30.577769703
833.311466380
444.594196993
985.065480067
516.571389064
677.867243640
928.098055164
247.776108614
819.989634081
697.365757691
938.309650382
789.734132478
591.957768768
443.332832080
911.853606672
745.236875094
894.208588642
943.532193409
666.907039999
552.669884205
778.059766342
748.721577090
631.454669808
758.292160054
996.744701516
506.061261114
827.730632513
242.804448105
797.475391470
458.463739024
570.548858556
981.131489659
819.075088133
537.207594883
548.899808708
934.407298773
732.858103592
574.905209578
687.653982756
447.935263180
447.124143835
797.052068563
647.788545746
793.596874994
924.269982202
488.282704998
672.970281662
633.150061202
547.613002037
992.874110852
606.347260240
307.400390371
704.692131360
415.156596961
590.501481793
540.697697424
970.339115980
651.973158957
803.951491074
540.017592306
730.055479452
839.546901608
897.403476710
314.035029932
403.277819871
868.387010497
931.606139954
328.587887787
317.518503398
517.279421590
592.110631555
900.167206690
211.059233392
741.319094587
770.099993507
761.100518986
644.889913086
321.888179342
485.401895344
660.340063906
924.009740208
488.471311475
365.387465576
642.557390433
877.336879425
747.876326674
330.481466954
594.312207639
721.084599752
346.197920277
581.522140593
461.754265916
615.634632878
592.022803615
955.041360361
568.529682602
152.390944613
956.440797959
984.033027906
185.868232896
920.071192898
866.327305353
261.665817408
805.777885028
686.538418444
962.823452145
428.300128415
613.757281016
795.364696224
711.622793339
702.139587262
792.457569842
397.468238994
556.194210685
857.021003243
795.599145299
482.622005304
834.786200173
463.842645733
879.743713766
261.166613486
145.141310453
716.542392326
568.137307347
522.981835249
602.291457685
923.011917583
947.776344925
621.902725513
841.105231867
787.518888662
399.728657967
510.852250489
500.106988553
855.282994102
848.321872876
840.204141861
219.444753868
963.055034772
704.081676136
854.327805941
669.392261682
596.852596315
766.011749347
670.642975062
822.725349069
931.917378312
817.508557457
785.560309588
786.341528854
933.139860900
552.717830362
275.463246187
362.918723683
186.711006963
580.287859601
658.589401676
884.526992239
471.814582225
588.547364279
693.220744064
961.891885817
579.487046632
802.806327828
659.499241275
585.258917062
886.683709109
623.178947013
916.033296338
591.868228581
805.066456884
591.378172589
532.116528603
943.658836657
955.523940045
637.753087017
628.622303136
963.150559362
169.047330650
269.046464389
904.450109182
774.892250574
516.543318609
955.870284087
723.263437483
709.327851403
766.513535432
208.016826242
723.791406415
921.729392625
685.324740543
779.824980364
744.916102669
537.762030495
862.005220418
981.149835652
638.090119027
267.811500873
777.996786626
772.138588597
365.877028522
719.095960217
318.023584031
271.795879292
765.007843097
730.357446734
955.906899232
585.715801605
768.730772117
785.120372937
913.738474620
929.009149623
730.056847102
406.786240786
882.136043930
908.937841659
972.851992854
256.481968177
991.778705156
451.693480139
514.215907961
625.169576995
446.773992081
413.417464556
103.715958271
457.017505135
741.847019270
892.061096563
866.202054950
999.560903598
513.370236769
941.990445811
535.168197859
773.945088491
488.788297732
375.453059649
680.306548550
449.161440910
931.866943292
297.812021248
328.409804969
560.495316662
659.112281785
831.269511049
532.780442584
904.758531322
311.334225552
652.539655172
87.389930770
788.415499746
809.701796960
651.731539823
960.368158573
452.427894808
107.461621056
752.066489362
988.495827002
992.563444109
672.500557621
804.534648104
593.911609585
671.751442127
909.430041786
739.689799919
841.906170544
941.079167764
825.964890295
832.607950959
732.662268716
875.608359942
960.622194205
941.871541135
814.000000000
664.176934258
686.558082029
399.161621402
304.570188955
640.310081212
358.640488512
850.080584415
241.132743525
993.975351807
344.720289855
705.954672766
801.275233612
943.339281489
945.268783069
770.814504411
470.355184940
840.280310373
337.222478492
837.231748084
467.326438370
304.911462775
653.959478867
930.600343864
237.726733900
385.247972091
847.372999334
913.253012048
516.069763612
738.027099773
705.996458915
413.876793261
853.502782655
744.915431442
511.782180229
957.553131685
475.398779973
561.375097417
545.926735011
391.744817462
584.955553867
916.293075386
413.279566395
844.038506231
684.661960386
719.602668149
723.696759700
516.510406478
928.847673195
506.135358625
673.109203622
612.407544042
530.199019237
787.565871001
884.256184598
758.687682779
524.420632699
866.862734232
752.993359864
903.296739732
937.787846482
700.643275854
863.738387171
731.708275203
633.528215631
906.360303632
997.584582880
386.068646746
561.178224809
597.010887673
644.944183645
944.508867084
945.475012890
778.966623162
449.128044103
587.228235016
529.189002153
697.812295678
500.225948947
587.999149659
366.597872334
430.483449159
579.824973591
678.000000000
931.805773753
289.249027656
194.144276248
687.416904069
387.104651163
966.871759852
465.423463096
957.230379794
518.020269874
871.264598156
730.439593669
332.273984351
565.549290513
841.467171077
436.569582083
949.493549236
880.960839084
239.585057965
733.730195644
557.321271799
255.384024559
528.692727395
572.104011522
280.405064148
345.812087701
689.805044922
715.749956340
293.254159564
233.497323325
585.484414822
846.054962754
773.182384693
989.668126194
745.014764954
280.226693966
681.306832492
374.164402369
345.227461248
796.637307688
564.154234230
590.783378236
870.215490554
852.896242224
870.345908246
207.292064489
901.917956357
897.146030485
635.921383648
703.881382052
465.045159097
691.318305850
683.206411007
793.398386689
944.276442574
189.052902649
762.004593162
847.517551622
538.642738742
650.419095661
871.962155142
960.849624031
960.607099703
956.425637465
354.269671296
220.707951828
907.588012261
413.828466880
538.662231830
833.523245027
643.289204013
971.415976809
369.385976994
714.121138183
968.173037190
709.514622823
374.541052490
408.068621680
227.947362345
946.348772916
951.525091629
514.163398153
574.429281983
753.442764918
782.051790281
950.475670388
589.331825036
372.531877831
675.496113978
517.367374310
968.526199955
881.177053723
987.978744711
589.604952489
621.150545359
837.327893228
117.766718558
472.669017390
217.322341235
687.231402078
339.258013907
470.916128414
670.960505544
656.208046278
582.132287371
134.829521990
869.605657755
793.998740553
667.837555099
765.879886408
265.218777616
607.328577309
761.430233180
738.314296218
126.854247071
629.347280919
944.242024060
780.678551005
509.135541875
593.315261897
971.292437940
674.433095273
899.280823770
386.558139535
363.404733046
545.994505467
970.981462233
401.604282846
995.489326914
261.510994033
959.149623364
834.263147934
845.801986283
891.074632116
906.563290675
798.435344909
815.394383106
989.518064514
984.040649567
770.346675205
975.557276637
662.149531793
233.749866310
711.208830092
685.831611986
843.371804129
765.111103043
459.001089323
745.780831099
876.301318041
286.749019179
836.317523432
942.271192386
935.433054793
775.947807523
302.502892548
401.746188532
438.941909600
919.311699044
453.533901710
860.936699183
834.893406370
753.308701662
839.110243055
748.892515652
464.675155350
956.491505451
679.315096255
441.649182044
325.953987730
839.355705288
653.029095830
554.987387244
870.502153932
899.621587113
801.053681098
289.268041788
399.229257445
692.312790580
850.008235254
824.766027438
769.399116194
692.865079365
816.742921610
813.080561814
829.210467855
994.010563324
832.959782943
861.256097561
606.993410178
478.826690985
799.047558034
762.417864429
518.166961510
319.364994951
950.885376899
933.793897216
805.446460046
688.993468764
968.739903173
651.092159375
562.531776880
866.376938751
873.640659341
891.799865441
651.182002208
797.111033747
565.775618375
384.576390331
830.667201712
635.473838958
219.934083674
912.234618944
274.763534698
927.095464340
821.026187158
872.282637681
259.158252811
442.874700113
587.166098807
668.623960085
486.272557317
352.562051276
741.788379526
46.282608696
887.058058979
783.377303735
818.144241561
936.904477522
708.833548867
792.087747664
215.870333488
384.523081232
932.576538414
307.211653425
367.843716815
569.276734111
96.472794092
959.894785915
385.175284773
773.598086864
916.072049568
836.873954600
580.079304923
831.446931560
972.043723296
818.259738714
811.762280474
984.263176193
931.264731439
796.444599454
482.653084523
464.510752688
868.100800599
326.485834302
492.933058336
519.299528211
698.378837022
745.810968008
207.214864332
798.239938866
773.693091607
578.939547794
555.431364782
636.312816153
966.335345519
655.650059102
277.562605551
601.083194676
870.016091805
853.361002156
704.464335506
237.094917702
642.635199783
650.739579248
382.333623946
537.403944906
943.836850308
221.158314336
962.775155475
479.421526428
975.470655632
508.176150562
334.761108852
754.003978769
794.418655370
561.282460086
957.592293205
560.336506039
765.882497515
844.054500610
241.979337961
661.725774018
881.576428904
986.108513300
543.160197364
905.717395218
664.985714132
562.394879066
288.759415431
419.849973205
715.078317389
818.022615824
993.549193548
785.010191017
963.193127057
881.347264136
213.550930693
952.587528787
616.115248959
884.591431114
243.088461269
483.921487603
255.164652724
208.921037715
850.127049329
866.416758841
461.767257393
705.268034154
363.503782649
862.120649652
630.809797007
586.785309973
986.438036574
740.508608998
580.778787491
443.224548057
757.776352231
868.521732601
527.563446970
873.128283816
886.556258790
501.399201597
755.509099879
559.555182273
860.552148333
978.625127681
477.984309366
877.128268841
963.126679103
696.840010332
710.541342921
881.993197253
971.957303589
864.234921766
862.981459824
935.198909324
526.134963674
658.894528737
559.555180478
397.915820243
689.433825686
986.386840950
656.785353064
924.725364635
643.786455421
824.121359223
697.035149759
998.530420631
947.291401840
909.219995381
491.387830537
967.152004601
874.474127690
562.931616341
670.961250745
694.267959797
996.811918067
385.009090802
557.703326151
657.130884985
448.225389732
955.809081355
687.122987536
635.310947489
501.167636625
602.534646307
502.500746268
660.429405766
372.173387097
452.264303256
967.309671202
708.091095834
250.898385806
402.622652120
768.635154023
960.770524111
400.937651013
95.906204179
441.950223442
957.826706670
808.972187408
686.353407518
171.709056255
933.031617901
976.176213601
934.414790123
499.353582144
888.418257354
770.120120501
657.817603899
712.152371336
914.511891669
877.168740893
884.871742570
540.793860912
265.879672032
859.742403281
894.607735267
688.832365747
779.091137159
892.289751146
654.486057911
404.071775802
769.825954356
912.723397312
890.407210213
999.423333728
476.675990585
389.260837999
909.734577333
946.964096468
602.901318625
707.618541306
755.518365098
710.051408451
676.855228243
953.009443815
772.273267697
691.413045994
802.674903059
762.488688441
541.103502114
671.453646948
839.014302619
596.210533285
801.365086099
481.342913109
779.343954875
596.493922853
806.955389102
880.013068182
833.833316677
526.868104937
598.520676335
789.008871990
902.730303025
940.837392964
823.012758103
96.374270425
842.958480591
181.529611909
669.195786000
833.585028656
888.206057174
720.707985251
948.686460323
674.166893291
873.454062902
791.183922991
281.685995392
36.959437225
945.454388112
859.751708344
403.902215889
795.761270734
298.754079470
997.753476566
907.634287585
913.619256018
509.826441056
619.713643548
641.105304212
836.665405046
922.049890190
971.959875715
336.783313126
781.541425645
853.922713135
743.902547381
675.371009151
657.932367345
816.688435084
673.511692650
306.509379954
584.450168962
352.464182577
287.311677689
459.977173347
979.016853788
525.108560204
370.275573053
721.389631198
472.165225318
315.079355084
298.370574957
256.951361868
393.448853093
961.523270649
734.802694606
683.707539815
428.558047410
946.527337168
811.810938655
749.135501762
695.105035971
675.539045152
955.259650566
465.421314510
580.850238874
483.141802939
703.774821942
744.965099854
380.286733926
299.272451121
240.143750000
181.628742223
992.850441910
664.618045113
717.126906986
561.845174403
450.208840429
997.621170585
125.067981514
636.029873512
805.869106700
384.048174062
104.556204981
400.753041161
634.026024702
320.749123148
302.932343234
768.419156450
403.033497367
593.162709549
372.568114578
32.419130155
490.928711729
971.067453888
81.209605343
583.260720412
848.061320755
929.625193632
799.155804584
966.097303588
371.483512786
515.582195193
906.890842430
877.182991171
797.099115543
737.497118638
330.389164471
929.316415437
540.499768733
927.633009331
688.007267403
980.509683996
363.507909130
988.896354529
695.534326975
838.874255066
860.077903448
598.782097261
734.511402226
795.592860702
581.406054320
154.045447907
748.423676803
178.387219273
691.738389856
420.291565464
766.076366950
928.744851937
398.388001827
600.868552413
886.069410374
711.227811605
502.917495030
585.678239309
809.129779454
476.685430866
750.618411711
432.098368430
858.972060081
616.016233552
610.352357249
211.182385629
791.644490918
760.141434208
854.860222493
930.267165930
382.827637456
827.704657471
440.581434019
670.294711302
949.092197840
486.500770811
979.201205065
908.464088448
505.964425627
766.698767444
525.245656812
900.922305196
669.681267470
361.556357986
697.420246336
670.747344385
237.869712238
386.441457403
891.168334267
907.439911797
196.430649340
602.630182421
754.096810761
895.611522927
670.805485964
715.486547742
28.213471959
290.735274778
813.076257186
472.964057831
762.510327799
954.849726397
370.639987049
536.069958121
867.318857168
839.614197117
778.956994962
701.406444225
665.984984816
968.349626943
831.968750000
503.020874318
864.435654054
623.934291412
680.657035518
774.581822663
674.682888474
974.945126661
430.600743149
631.188561367
709.784474500
672.836532896
674.680000000
762.982306479
602.460787106
933.766566118
377.338044729
768.942130462
486.010288066
818.141185860
599.334631070
486.709358858
304.768764804
626.665780141
838.464668308
548.273654300
974.324381302
696.743137749
951.389510138
738.327913279
635.726356226
443.359898953
787.677599021
513.043857774
996.330768370
727.487620358
820.080483855
900.550942479
573.617468353
769.517381220
579.168369302
980.746144532
783.085563652
919.815742418
955.705498572
818.256683444
410.630003775
570.931694689
686.660844250
262.354725610
805.021117735
46.216880138
923.217742464
836.017942391
921.773833803
855.155541408
192.444797280
426.788003580
671.598094101
561.113179314
416.574123056
708.270428579
939.406195423
885.099429443
322.838969149
856.823202300
977.461508194
769.588311688
906.127474476
907.659627834
462.325642810
855.693870493
905.990066171
990.587704345
393.922581226
780.149985580
155.309368681
478.749412532
828.734577534
378.070099320
671.415668752
917.723269837
949.958420143
985.918860759
313.515549885
987.341379666
219.679545455
680.485855841
278.411565856
673.423343819
732.939970257
712.442278364
896.979375460
52.421369688
348.475250197
632.267348516
704.667297382
989.241123286
832.087134860
474.532401423
799.928746827
777.803959887
576.563092826
711.241871658
924.204545455
491.864818827
582.797598628
665.575690662
847.126328217
699.352557728
946.343489444
638.237416641
776.239009584
825.953993876
681.672208616
578.609540191
735.234656419
379.767033851
369.214030069
842.194158137
934.936361471
648.983821062
823.372333759
164.681510802
207.441558035
528.546119085
912.167747731
560.361490468
889.178834656
533.647823944
762.515573770
361.283821946
265.665202840
734.897271733
235.741383724
943.152161637
927.964977787
393.419623303
958.833159541
521.133380240
822.071164803
432.611835252
826.096241367
791.046144121
475.928566068
465.930252291
970.032989130
640.769849478
823.579990043
703.194141045
604.440236913
510.729869892
675.840976331
879.543631664
904.493362832
386.861732406
101.523396318
885.016384029
947.672411754
692.257177644
951.370590254
622.063501582
360.682686027
406.820599282
852.780159244
787.036212636
927.287981158
533.318853970
966.383464263
997.498370926
294.331445823
815.346553416
895.387067144
955.333973025
778.296858531
399.986249764
668.195330723
836.876344086
646.439480198
751.022636144
719.015298864
790.631393255
746.941767068
897.149374408
508.404366622
843.517634670
746.513898062
92.967736339
840.552794297
820.254838450
781.394366197
125.634390196
520.954892481
855.643033046
632.810398145
982.560430712
584.179767203
231.010822511
760.748315805
622.034564956
777.791745906
844.085896103
267.820835635
831.917668269
924.208850856
969.189351984
957.779202113
578.874770568
51.156622250
787.920685279
607.582916152
967.029472147
905.870851722
164.611664228
481.473779141
748.669486489
775.038708711
913.131972937
190.249835742
576.157986111
476.040964624
872.908929958
773.612952322
792.771719980
797.264071685
402.528259877
881.530487278
549.188492232
815.981617440
488.731009861
354.031073446
310.726567902
507.969487273
716.423757283
270.791432656
223.076220158
414.509348507
247.979837890
882.114505039
944.213958907
739.630313062
787.256629061
569.756965732
879.758489587
781.123549767
931.113849108
375.255912678
811.633537996
967.760817558
260.430769231
913.006571718
837.621036030
527.388850849
839.502829065
922.881899270
228.816520383
914.053608931
827.924513467
830.950660388
886.571486119
556.273314128
553.986461928
963.903003419
963.373240240
870.049998563
976.793734624
702.181600443
494.890897067
817.403205279
981.269585792
770.767150312
694.971222426
367.283269426
329.724127112
944.426280871
337.760270014
734.939453289
951.359028800
769.700591139
666.887546742
917.301477160
966.051242236
759.868409661
941.004250787
769.719429403
564.887599439
271.744365167
800.849548917
150.469265965
485.827160494
741.191608155
387.006459894
373.472890582
862.383905230
971.354724084
444.748243392
841.454692779
931.702205643
99.227012451
821.167478685
876.555189363
976.101941398
999.142132031
814.455646429
853.413733192
754.311606698
534.523151978
382.463070113
789.970252604
774.798683530
889.179959288
801.999376558
606.313450288
216.619482042
926.679556265
627.908432815
462.443510064
983.753017784
911.369299461
856.322369497
348.991403906
731.137469974
678.864493106
781.787055406
406.539051015
508.509586930
642.891903822
643.506987578
766.723548614
866.950402272
827.067711859
409.239538657
933.226124795
620.967793046
791.635016911
614.383430766
536.898500652
819.427238991
143.160748811
547.104204753
560.942064748
901.246359216
949.735226260
745.327444819
526.410486218
402.190253487
965.509709946
475.852918453
738.889707602
541.671487158
599.015024853
971.593536413
923.238322428
528.449619169
532.824548984
419.388841053
674.907401056
506.949701647
211.215529732
50.882216933
917.245877614
745.678214782
998.037073460
930.999462943
313.229948914
941.635279713
564.495349848
858.162572011
828.919175795
200.810945274
943.260834305
956.852653234
490.969449151
791.436668344
909.310178102
950.855930202
575.352935162
855.562500000
452.781404212
797.856516291
871.462563740
232.995708115
885.525832486
665.746197897
526.860512850
684.405581509
994.184590506
889.928087426
375.843052350
718.728738816
166.006024035
634.553387961
906.515857556
672.600297177
108.719823400
904.144899892
526.398138295
658.094218179
997.560023257
937.993070337
556.457545550
430.796935922
859.718558599
749.246289375
752.267287234
985.578510318
869.774108991
691.447756523
877.904328018
649.989999923
746.318296707
982.451525522
719.563756730
132.864592725
483.848116665
855.854543716
839.247877567
983.197843773
801.574700200
493.866396761
420.091656666
846.876023994
960.443126895
617.393030794
213.513465618
197.893910973
890.244348480
410.962285374
596.771356784
875.580949998
823.831293409
301.872489648
617.992718404
918.324016892
186.834151054
993.270355945
956.150627615
836.701260905
507.146921513
756.485954926
307.081422427
845.234879319
967.318458420
838.462282992
949.232848146
372.510402540
307.356470568
977.675303974
544.259129459
774.981935273
686.414597747
476.906699471
489.412913602
957.009404343
578.970638288
385.843232414
467.230136986
664.121976748
880.321532169
626.491819579
647.208621698
34.885527085
676.928356623
687.149184980
887.810227470
720.886260099
217.940358814
917.244242282
977.723376018
554.712538167
721.020804138
997.692838503
936.097756410
266.670208310
715.348166979
184.219977201
510.544807044
688.563722541
719.056326027
864.635183184
663.107080342
743.354558740
738.673134749
393.944158479
982.551270927
492.277360844
922.934992294
791.595224847
517.367374310
979.443719669
309.724070747
624.747200000
814.063265355
569.211735649
994.713023942
516.983558733
752.471926387
700.299221762
831.216578275
124.923976882
495.228230213
556.488993602
297.154841791
589.162116912
590.966158084
380.782089915
991.033299138
972.389325322
53.094255810
737.482203175
961.018210025
737.490338920
590.056776929
851.028201648
950.695534859
783.123234236
895.277052091
969.609199626
686.646197106
994.731119449
971.890940384
576.929805859
765.540332053
538.948049444
611.538224480
602.386088977
873.382504977
760.371052632
502.945325060
961.316285101
996.181710500
935.435192838
920.365144929
829.254484462
899.335866070
962.333102413
917.009814560
782.994891427
693.489898990
925.624653950
412.422113859
765.122865950
771.684521032
950.356775111
531.257942782
695.122291399
422.723404255
607.944898839
678.112822593
769.333477759
672.382331713
986.871318866
956.276110755
966.629782834
818.259127661
284.520649514
652.565706405
729.401124211
576.766851595
474.704118373
696.452439152
830.890486165
993.402738067
980.717594417
525.538771167
382.951694082
608.102787364
590.809614005
593.040470794
831.544346382
870.895516121
780.591442433
782.107409503
770.554994793
640.476385201
449.662096954
495.335241268
991.822564777
861.700063827
334.598266582
457.456008814
846.431922838
932.539543397
942.217596949
978.733365121
527.690250052
439.666919383
172.507970830
913.184537758
426.857118952
418.789923470
509.377070548
944.222431422
761.625892417
883.592100463
709.635117508
839.564768198
389.427785347
733.761541647
836.547668858
953.656122510
851.495742796
915.839505590
898.513216375
911.830576368
897.701509413
695.621305022
770.992866374
746.186973888
495.887083930
763.793820347
449.395149061
881.618965313
820.683861179
601.690950572
179.660791493
936.340811966
586.568836540
361.371000497
848.376095844
864.388222965
572.739965096
701.213234330
640.526346062
816.908812729
94.530418385
483.952479339
559.129680843
398.411847213
581.283063576
983.475978363
632.101257711
699.794285714
826.663776877
946.431719671
705.820090391
727.452403941
781.771066234
574.467580505
712.863942138
902.225581548
814.538519654
864.795351514
997.045134385
983.563419409
904.011061879
490.234638923
493.949390120
884.833882715
875.851014728
997.038615848
965.412347135
927.880919084
831.871985344
962.785022734
903.984513153
510.256799922
292.885643213
348.747759849
985.351713857
760.718081817
813.546556750
982.051933454
841.902013301
856.300764919
925.012972882
818.485797067
799.551124069
747.461035774
693.146464646
498.716352248
232.112041911
910.024175503
575.574495613
221.255512878
864.789569780
876.730289200
526.685864629
586.862845987
846.995867759
935.591880342
832.126192765
982.467811178
511.832003689
889.564500191
995.380831642
600.750364128
958.356405519
852.973622101
622.507223114
144.872357612
859.560934431
791.632490490
752.352975670
890.861380912
442.309846258
282.161301386
369.388684180
782.698537114
592.676977788
621.525542516
399.889984871
400.990024814
751.035285456
848.350752932
219.533596518
915.370963053
910.236813187
979.984693758
823.283669217
303.298532806
392.212952361
543.897968373
483.101438623
417.451793624
968.255131680
676.274408284
715.632587296
398.546107747
584.841858967
899.639927971
910.410896245
639.731193549
970.625571474
829.361199961
776.546843404
975.667976312
947.272927936
833.988009506
375.479693193
647.261925344
816.303252474
398.296372065
790.695263676
348.324562159
560.578272858
909.128153783
785.195517053
618.823076493
720.052081450
895.005586592
457.995633167
475.662695623
983.052389245
977.002047081
122.918672300
890.882147091
903.376997715
821.864953157
424.931759227
830.097584625
654.011467789
331.638357251
941.463222861
980.434597513
596.967335790
730.142451854
801.538520596
953.108598220
898.571644333
819.194726546
123.527324912
747.289769768
922.038502450
373.573285983
651.136698398
346.867409827
773.587099169
999.205184134
685.370702613
955.756245075
928.256968732
662.366212906
526.844381169
526.235688642
553.675897976
936.746497191
823.905334368
635.690962654
967.649730016
967.885840376
861.167811753
721.465868920
620.776127130
759.592653993
556.065643607
404.625753831
658.423875630
739.330102187
423.949292453
902.426174266
131.186889589
891.129059115
574.921733804
647.292823999
765.948433216
974.751250320
651.992331243
530.228252736
633.367981508
427.795511898
481.082113906
927.796852765
353.016996758
476.511280034
686.688430076
396.695214106
512.838181106
292.309931507
429.237696387
479.445513067
655.789600405
535.922569034
927.325724867
305.959147600
770.901420418
966.960185323
956.732982607
901.208657048
720.965325118
921.746168964
884.829362081
364.883543065
986.799878395
934.845976627
935.394652406
942.144893315
332.804747562
943.401823191
907.128987521
913.441295322
502.412181381
328.062494046
696.696490590
760.409100419
418.161452076
858.871362049
219.431082575
803.897381511
951.939073681
862.953069408
524.704678843
443.515501420
350.754900180
926.640707070
650.491352806
909.250240583
795.612342790
665.126315789
612.058003790
532.648217636
152.463110292
503.667549084
702.274162988
758.112128910
605.624471121
903.153364606
709.389173867
859.995930223
876.934433125
824.975757220
826.365536551
688.556461011
593.438286598
492.449997462
302.026490066
694.316210383
445.960760606
885.222006053
850.104111281
750.211303567
773.815869571
916.912754846
418.961812102
758.399630802
886.465454033
676.632100923
741.985849057
244.791748227
723.739594053
912.839525875
203.194488114
533.705911528
918.377450980
974.908713675
671.706036894
870.875421630
828.485364988
642.325462675
794.493073048
849.738783392
988.292466834
396.439150438
647.481273862
549.077408022
903.840693928
901.033850640
94.942087611
749.160196487
661.920690113
945.442753423
821.771866153
464.554625444
835.670389568
653.044408903
814.423108709
949.631507482
380.800472689
995.774070761
967.238337469
890.635728006
352.698171246
789.506174779
539.914808095
477.096436059
934.886089318
592.734341843
759.400421385
619.961289114
575.795102445
740.081752241
865.543182054
872.542835625
584.805095758
825.149090909
986.284441853
984.888826213
759.689410220
428.014018692
991.196751407
247.537875890
809.879003309
823.448844799
332.861833198
851.481062620
685.463346949
753.224402154
597.271295141
362.299599779
851.644291944
467.149868886
132.631067250
356.050558208
841.011890522
756.791252592
843.542530048
689.221299729
734.595807230
699.670636800
981.285381637
705.106374953
189.000000000
792.177379450
934.007494617
889.664044944
625.469423713
962.399605154
943.333981154
529.816005798
748.871818137
821.554623869
780.114735151
854.413834158
673.473830227
506.507650485
721.312692249
511.087076730
896.423449046
272.585766320
834.457308674
702.064099638
702.266332052
556.512353861
833.838113785
795.052828433
415.870172049
958.028705207
936.492391854
917.742919390
857.510932875
752.297813369
960.170297395
900.730259290
788.933457270
200.359676582
873.662978499
452.446681942
590.902699266
650.029999308
641.457714896
696.598880275
512.265556133
303.639588987
654.350823336
363.732044236
908.330336386
398.209743847
966.891927777
639.674917457
999.055053538
825.345989337
421.011876317
576.545748402
630.170611819
626.934605840
651.851210017
754.739690224
589.071303684
963.539309006
412.272967826
909.767003139
583.916946149
402.808887687
961.203932576
282.063822591
729.985616297
829.838538512
962.497792205
387.227323416
954.284548759
999.436341144
289.293968136
587.094540939
687.528908484
497.633399201
543.341513231
709.463882097
526.302194566
489.380220279
874.789689011
855.211085054
847.375949623
872.184040212
421.690644905
290.051719526
986.734006711
588.147940573
646.921169850
492.234700118
519.264865000
592.401890611
861.731396666
596.103178988
538.636240890
694.669705688
508.317813971
63.466526610
932.578683007
617.494129527
676.016271994
946.391568010
323.689666193
626.741573537
758.891296564
855.208161833
576.379215448
995.079393818
730.015753255
761.134679278
796.521186159
121.967208708
366.481923156
547.155370987
713.016128850
775.749316746
801.368828942
929.293326157
965.943581116
915.954147324
163.716217890
496.579298803
782.786688696
981.886958871
945.723532540
884.819190569
591.777829933
978.040388548
931.795041841
784.897445530
669.208487693
787.101645279
367.994565177
568.206828540
574.639017124
833.215458330
279.225715148
671.346408347
136.755255841
480.952180575
136.264448775
412.980629086
295.601351351
604.468361455
883.207223702
409.899987802
622.858731978
518.115817168
461.390290318
304.218671353
292.820764291
722.822246476
818.331228782
917.888337437
132.800602410
715.408275043
945.617787481
826.661357510
691.983381303
744.552348993
845.965720346
976.415894996
994.687890748
840.799024738
594.499789739
519.089587644
973.718645195
574.390111335
919.387839815
536.782078687
932.951767242
360.347054935
181.796589627
867.551151230
591.896950491
539.902769024
721.976453910
921.663713075
926.304485577
873.176385388
998.952451321
270.527264325
437.428851358
212.362896948
645.222442263
948.085966670
616.463299800
784.619015829
742.519360017
587.047698232
576.269097222
993.112279654
738.394880806
683.910081809
799.659303489
681.587118423
932.203304006
686.448106061
518.268270303
533.704974682
530.735338940
993.569826434
871.268615296
534.237774778
718.371074029
823.399052708
979.156780092
615.710159085
571.352780688
728.764022164
381.061674798
798.321990177
370.370086393
756.746324735
513.642873832
857.175594613
326.332652366
80.181045142
534.618555610
663.642976312
969.269828273
576.631598163
386.838467580
731.397976483
985.110146126
423.262330004
728.930037795
899.239678840
839.500446694
907.548898072
817.689427595
349.839963412
688.854846829
521.004798442
890.299387847
627.538046655
406.216690942
491.224999364
778.765048009
821.373849118
582.491201650
633.792552812
611.502248569
969.857721524
844.790506575
713.733143409
449.089078024
982.762941914
744.660996696
769.738267205
807.988861309
830.926591222
237.783514988
425.228174047
564.983185591
177.245592329
727.180170247
934.374122073
922.814174143
805.219224808
525.229473659
933.726405324
478.641828511
979.685153506
972.959403059
999.544396213
767.714139508
701.063480742
397.052893202
879.236032019
858.587211645
945.488762559
988.709259591
419.242173451
828.336284368
730.602491099
990.744669428
421.236275741
581.166929548
659.316312554
758.153020311
506.516534775
923.948593074
833.923857435
943.167005360
850.226440837
768.825727977
108.517279730
895.952565709
731.076603748
432.957272719
909.945053286
233.698523744
589.112043673
796.103636470
620.133050240
873.516456635
839.812479162
819.685915458
646.044890081
539.540740741
937.676383407
696.321046644
337.063792182
260.888865228
358.990250564
972.617088067
962.940288907
895.765036156
790.645938458
644.760420621
564.500664304
268.300204994
338.048813043
457.548904490
302.996699670
726.560389782
732.949520772
785.763959469
273.355080436
980.730340104
947.386404898
569.230181912
255.237144648
688.927427237
746.977911320
519.010597195
922.529132331
398.556146513
952.418500630
883.168160660
735.084348902
618.035597680
951.439961322
761.446649477
679.435796291
924.438207778
925.527417206
944.935978836
344.863741208
875.049141477
500.823322141
680.596062287
540.539545269
571.771807630
667.005247373
756.866566848
887.200653742
644.352388061
436.813461331
762.426389890
879.661298455
161.854873266
508.729790753
500.751435345
939.088387746
518.517116400
567.405498740
693.412575600
768.947332397
469.663709477
536.947855941
804.372426181
827.268396592
924.578282501
671.187753166
338.976400358
801.415622508
803.647310703
994.051809515
772.809161436
619.304448571
980.903155261
535.003738305
589.526928986
582.565017831
910.577289416
891.163284702
575.632695388
704.810612860
961.548230720
941.761647129
854.526184502
553.340763002
731.834680785
755.126479472
823.094769756
783.033204915
977.848147720
914.119795213
680.111020349
557.163351271
522.125463849
601.629454787
876.660709739
907.766489798
963.894185064
970.979917403
672.919014444
569.945611440
802.377716543
335.489195058
960.750748113
521.240827257
550.872943609
492.907699270
986.511530597
767.662035013
541.311370655
867.920503272
800.561054209
409.715755128
974.349526607
236.934590174
919.492794973
883.358364425
752.474584288
730.345123897
214.434139073
458.840931043
696.717302785
893.270955534
139.614285714
995.611872167
915.981440860
623.417195785
960.198937721
265.648263693
762.836810858
654.041283102
659.959089641
308.301800189
399.683624883
878.012528474
717.041142474
735.246217263
913.195488381
216.018517725
649.632203635
515.432827825
732.280683891
426.565352555
791.073321507
580.479973815
803.932833015
721.360520128
566.897698002
506.529367362
684.661960386
665.539630676
593.027823968
844.688700055
847.077918782
730.786562548
599.774957797
657.740830419
961.459827554
717.104594896
929.292203809
369.135476513
598.146303173
816.616801199
342.471896657
743.947578798
369.065034919
789.692345157
632.104421753
780.396153846
774.651612903
656.511995321
793.026481281
813.033824635
279.553214970
224.461578004
684.544375457
494.145727493
858.540622219
666.313063063
412.852273822
946.034883078
314.741163498
388.152032070
205.367962448
746.931054382
582.328086219
749.343045607
760.553088226
402.901973190
216.460161663
857.549415486
950.760222138
875.927508416
916.115713215
981.849784845
766.884606704
666.399399399
892.720560982
851.068152383
741.880044212
813.104544336
627.650380387
484.865962054
958.237995825
708.042371613
843.394925287
832.899153559
620.980676028
663.280483657
252.281588706
947.645503340
811.676659761
962.034822655
713.314797267
582.589907225
224.410338443
968.252066116
628.460818190
965.693533167
678.752532224
389.429069280
476.315021808
835.101790203
420.265392342
637.530391432
545.177952599
798.463524527
513.550387012
362.598952012
519.060690093
