690.861056943
908.889982341
647.900455317
100.349389634
891.746040090
932.277855577
364.481823964
598.046820910
948.528333789
932.291799816
803.511667621
850.212326511
580.446379953
289.551377134
800.154360108
924.716713378
289.784402617
534.378143266
483.666207213
760.065787396
980.155089769
465.097849462
829.085640932
953.828600955
645.549378437
857.154011832
356.242894666
111.431593366
977.505498706
578.429771018
639.474784491
858.482964304
936.223798031
879.212147323
124.012096184
579.405730037
476.976938646
878.196447271
563.762361284
863.569444444
259.959615385
303.550986842
350.098557552
536.919919541
225.663466250
752.765567757
972.695738656
963.893666335
757.017172857
870.986796685
399.963748357
931.217482654
794.319834827
514.752367654
533.728395347
808.877617443
995.275338788
739.879044169
941.007438865
189.747200243
459.858673942
685.059851400
593.055646630
665.284901377
979.514795918
530.223537765
908.412351303
795.379155142
459.315795505
877.630901917
711.941008792
795.792058266
431.584290724
513.108175729
972.846853312
787.744247837
608.938420532
983.115964676
431.035961377
961.024973674
686.205508576
460.511671948
727.724587912
805.818217714
455.002197797
879.450396555
793.792191436
856.958575428
851.591451343
546.254519432
602.117098246
565.392783870
322.798698882
285.387455926
666.397028805
645.883890494
669.721583944
737.267251409
958.882683127
543.065373597
315.658042825
527.325327138
980.535058017
804.286018777
809.295990352
783.386973180
677.779462657
72.869746809
696.132171358
537.037242656
815.857830752
827.297407224
419.980951949
634.331143804
814.771165644
709.860549686
623.486968589
749.371069631
491.683841508
824.779364436
916.279433361
332.945941558
658.065346299
511.568177275
715.194379173
440.549656679
859.514979509
730.669555955
727.554121710
983.007629675
868.613262620
740.868409368
306.709960712
903.878310394
541.865296914
430.388196864
163.061338152
549.405132848
597.406896512
938.781124650
760.375565099
982.057533956
322.984519753
384.169233542
825.379306743
326.736897227
783.760841837
234.676374095
647.658088809
732.236300657
857.222841506
303.591831247
552.347716570
957.690451033
342.597431397
956.551096387
803.013075859
762.645395974
660.358236111
823.610344763
413.492442494
591.354377679
917.488419545
521.631095699
952.829995330
704.215875993
994.917584526
994.097580726
997.070210632
546.465918425
887.144294915
826.707324269
496.938628001
268.910780669
426.418808216
982.107427932
863.626655448
846.919122467
793.987405442
321.211768153
801.166025241
384.161424404
848.397901930
892.528430920
972.465937707
462.362413495
802.599526539
369.268195219
820.716759912
925.607908350
994.151899862
108.995412748
508.289287709
982.786345041
844.502812310
876.966932102
845.541246776
950.645044167
781.108827245
867.843303829
704.329468360
550.901987657
466.822269807
664.134775479
350.197087367
877.985193510
951.436282680
977.646664189
185.391477690
403.834124363
878.058654077
823.230222963
661.715951337
490.541537487
972.439715355
456.982494530
892.917129413
872.413892599
833.619817423
369.524018164
260.011538206
364.394230769
752.904376398
596.209731544
440.762976407
691.577905951
179.833256131
635.818370291
961.136826888
206.240151280
907.313066146
237.189797420
976.089135274
916.124445695
805.188176764
522.419371769
530.904887904
429.146828020
485.568738697
619.987903108
985.162423157
990.241384714
607.021416804
907.140011244
484.564753155
694.011527282
825.771760234
279.050179147
726.806714333
737.841446383
673.173825991
688.291362724
820.307869035
96.301609540
621.934884051
935.702944315
202.237484162
756.218222475
948.389160692
556.042264581
452.782508834
433.586208284
763.157258910
882.727591049
108.724422279
671.961308410
785.456555132
617.075360066
289.837931034
937.333985301
611.213546970
981.876265124
252.230053721
974.075459089
267.820835635
760.308490022
889.649369134
24.041630560
799.079470391
720.217328311
872.055619266
957.352077347
331.890042032
742.986540928
747.117126025
747.600829320
868.795718232
950.626109467
947.022703005
138.347388844
995.947789796
73.123183738
795.850488471
839.700541860
702.040597117
683.445681821
845.247301090
833.713979732
971.084960238
597.283852117
714.541958042
582.714338264
169.121258274
191.350463809
396.174204107
248.614158889
852.428882665
579.962067729
875.309659492
987.204132892
964.841437750
686.263797676
718.864382203
913.898790895
443.822036406
727.343110231
582.461157503
625.613299091
984.767485247
509.814672209
799.029411765
258.164676127
785.838422392
457.061265040
685.242292915
828.566834963
639.713216996
745.807615948
152.937895892
605.313142101
811.250887465
674.198042121
527.208687335
743.108336651
663.221682396
842.120537690
742.437876189
687.125181951
794.859107012
527.252311522
288.764612188
677.032495527
867.240451086
815.709507172
249.074286144
635.791632536
690.563537989
291.271351149
957.213142409
428.175197787
310.792535393
514.035018262
860.766518873
795.509899373
930.311775697
812.669059335
849.151943463
738.071812224
283.608885615
621.710543581
204.291666667
868.509067310
696.844315468
826.341938909
238.440768326
611.112919189
153.251427400
29.154759863
529.244746788
638.274235733
490.645493203
800.124365333
693.539472561
512.815756388
639.286320830
702.476334121
922.056939673
801.420613926
816.179514568
415.624830827
833.582629378
845.799030503
780.426165630
421.180483878
370.094582506
968.343431788
730.145875847
737.226559478
956.491505451
485.614044278
256.343519520
543.260526819
728.006181292
595.303284049
982.533968878
678.932986384
562.044482225
658.458047259
847.628456342
685.661078717
825.499242883
969.926285859
672.742149716
308.089272777
269.523653879
804.193384703
373.567932243
272.767300093
904.414727877
408.859413203
559.012522221
714.771991617
706.963223945
890.424056279
919.684728589
854.413248961
623.688223394
953.993186583
255.937500000
948.088076077
627.988853404
405.868205210
636.248379175
899.743296724
86.648716090
700.016428379
865.740723312
866.502163875
906.121404669
205.579668255
445.501964085
468.901908719
152.341721140
918.935797540
602.333794503
630.055553106
487.938520718
859.375354545
511.396128275
545.180703987
774.996774194
267.813367852
181.005524778
918.866702938
983.908024189
878.356419684
941.685722521
758.196544440
245.277393985
46.701177715
364.260895513
882.380303497
996.008032096
877.850215014
895.145251397
443.028215806
451.804161114
817.723058254
493.315314986
765.048364484
812.197636047
170.258626801
422.421590909
867.700409127
797.579463126
337.649226269
684.634208903
946.979936429
887.388302830
855.297609023
586.749520664
644.855797848
543.954042176
334.780525121
722.368327102
490.573134201
306.794719642
417.555984270
644.139751553
894.818976106
993.856126409
966.144399145
437.698526385
876.799863139
698.769632998
980.067857143
845.111826920
314.992063392
484.346983061
820.848341656
700.647559235
524.777095537
657.040333617
704.235046862
873.920476931
244.395171802
762.047242630
486.363033135
890.788976133
839.104284341
157.620253165
930.251041386
990.445859197
973.228647338
211.877322996
918.426371573
367.227449954
286.998257834
817.587915765
987.468480510
905.379005525
703.525408212
276.924177348
733.826294278
914.394335083
795.127033876
430.132537714
695.204286523
525.567312530
504.795998399
506.465201174
898.364068738
868.181432651
893.323009891
909.819762371
762.919392859
607.783678623
845.950944204
344.264433249
763.041938559
944.546981367
790.124674092
883.579651192
152.826699238
914.397069116
871.745949231
763.566631015
699.454072831
616.479521152
916.461128472
792.147713498
535.959886559
526.169174316
366.567865477
890.606534920
691.380503052
891.205924576
479.711371556
763.294831650
942.192655487
407.756054523
863.703125000
632.954974702
875.638624091
87.817993600
791.548611111
706.208215297
955.541207903
646.263104316
557.530268237
422.555321822
893.867999776
882.249964579
91.021975369
790.303739078
595.785196191
765.182331213
797.565045135
833.823722386
809.292901247
884.095583068
773.122888033
991.535173355
933.423805139
800.886383952
685.391129210
739.255030419
986.545994881
518.242221360
132.128725113
373.498326640
907.198434743
738.820005143
645.516072624
276.001811588
218.378440367
368.909202921
914.884145671
570.381451311
954.374664375
776.779247921
986.393430635
356.659663866
664.797713594
635.653993943
897.386845039
150.963571765
825.614922346
581.941577824
360.398611111
653.535767958
584.124130643
728.363920029
476.917183595
879.739165890
794.990566038
848.810343952
706.781437222
802.992527985
727.376203576
254.545098039
891.850884397
931.005907607
290.632069806
919.353033388
932.038625809
971.224484864
741.256365909
763.639968570
397.125924613
509.061882289
914.316684743
681.267201618
159.721632849
615.615951710
833.451858238
326.782802497
323.959874059
362.357558221
975.543438295
629.535543079
870.603903559
833.365466047
626.568432017
884.484595683
367.360858013
799.739957736
923.702874310
984.030487333
706.761628840
965.664538025
958.822715626
335.383362736
838.946958991
475.577543625
917.126490731
763.878262552
990.576600040
388.646529563
880.987514188
863.463954083
870.750825437
534.871948028
381.401363396
492.456089413
693.031024531
769.008452489
288.249891587
372.722417494
907.089301006
953.799245124
959.148580774
513.226071045
353.319968301
608.217066515
747.488461451
724.668889908
664.304899877
658.639506862
868.563181352
860.327844487
917.147208592
290.994845315
938.700165122
989.368990822
788.284846994
816.938798197
332.269578313
260.927192910
984.132113821
894.469116292
717.396682457
771.636010363
933.598950299
972.888996751
934.423351592
822.524771663
872.079124850
644.045805824
804.017412747
809.566550692
583.872417571
700.189974221
850.677964920
642.954897330
245.307969703
847.423152858
553.616293113
995.089945734
771.391699092
978.204477602
179.359973238
841.134353121
960.014583223
371.203448260
697.701289398
521.328214971
172.183042138
379.127946741
276.795953757
705.802380274
817.064868906
867.551727564
968.998968008
621.037035933
783.748046250
912.173777303
77.311060802
445.952912312
585.896748583
890.447640235
915.890277271
659.308801214
965.415972522
980.238747194
938.580310895
701.497860200
558.412034254
450.560761718
193.435233161
963.289676058
650.357595326
980.704338728
736.292740695
941.225265279
282.676493540
493.308220082
984.658824162
395.609656101
495.626875785
413.382389562
544.631067788
537.480232558
698.290054418
700.725338489
519.355369665
561.094466200
456.836952715
640.499804840
341.341471260
508.230262775
765.540985186
860.376080560
892.028026466
990.433743367
238.887002577
731.116953715
948.988935722
21.023796042
943.116111621
878.585893060
411.946598481
674.506666667
952.740783214
647.314452179
825.862579368
929.135619810
563.622213899
993.176721435
851.940725638
546.483302581
635.199968514
859.717977013
942.572543627
626.483226837
832.744258461
400.936403935
507.309570184
443.418538178
670.061194030
834.775418900
989.403355563
951.356400094
534.321064531
576.370540538
412.345728728
543.347034592
652.990045942
502.032868526
802.496728965
980.395838424
781.240039937
239.635139326
685.198511382
870.873125088
454.625120291
625.546161366
682.734208898
941.760585287
875.611786204
771.185451108
708.859647603
932.900316218
213.885483378
546.941495957
986.827239186
610.474405688
363.296022549
455.086804906
670.527404362
957.255451800
510.904100590
827.289550278
568.190989017
611.067917669
742.755047106
899.132915647
308.645427635
738.781429111
609.012315146
980.942913731
534.675602603
985.294372266
583.956335616
826.474440016
523.939882048
796.593999475
699.296852647
611.216001309
974.704057650
665.763471512
595.291525221
701.253876995
999.260726738
559.458666927
110.639052780
782.497923320
937.816613203
758.949275267
847.828992191
996.336288609
537.390919164
681.089568265
928.453014428
832.702227690
949.522511581
796.769100807
74.719475373
770.479720694
611.219273257
667.591941234
898.469253787
522.817367730
937.831008231
938.110334662
694.411261429
697.289753259
661.484693700
985.658155752
715.809332155
822.362450505
472.128160567
562.422439097
977.146867160
651.965489884
769.353624805
811.889154996
964.996373057
843.437608837
803.887429930
691.656706756
262.944861140
654.111611374
820.311526190
576.048609060
543.269730429
405.701860977
885.848745554
735.824048913
971.537551440
766.984354628
960.196854817
734.142356767
675.305116225
891.647912575
963.808072180
960.289539670
681.055798008
853.150631483
438.220264251
540.421132081
905.832766023
980.390738430
416.818905521
216.249855491
867.294067776
803.030510006
664.150587173
855.956190476
526.836786870
928.925723618
815.623687738
896.424006818
548.852439186
959.007820615
717.122025878
685.416661601
790.451137011
988.860455272
764.049082194
867.278501982
370.993261394
474.661984996
590.040676564
379.410068529
344.050868332
755.892849549
896.604706657
774.488863703
844.704090210
795.007547134
933.168259212
846.309045256
573.202407532
587.832459124
638.000783699
925.704596510
752.382313830
528.547065076
887.055242390
923.620051971
967.152004599
197.962117600
890.098870913
991.371776883
563.803157139
956.364470273
473.711937789
769.572608660
656.227856769
919.808132169
973.882436437
786.385401696
797.319885617
721.469334068
444.798830934
871.624919332
793.831846174
527.578430188
665.198466625
869.231844792
974.461389692
369.333184403
610.791290049
762.556883124
686.489621189
985.979208706
989.414978662
877.916283025
710.522343069
598.182246477
708.002824859
556.092618185
580.748656794
617.092382496
820.154253784
840.407639185
175.900540080
715.761133340
687.224890830
307.680028601
848.782657693
528.428803151
910.800197628
897.203990192
699.037195005
309.714384555
839.355109607
605.972772277
393.624186249
866.882921737
438.565844543
639.734319855
704.996453892
454.037443390
541.949261856
868.614989509
301.086366347
328.250000000
503.308056764
326.837880302
473.051794204
597.540793587
795.306859017
198.698263707
479.013569745
859.057623213
511.063596825
926.299627550
727.551372757
947.213281157
518.332904609
57.288742350
736.403422045
930.986573480
220.115878573
600.533096515
320.399750312
867.643936186
885.289218278
359.186581041
439.569107195
903.372569874
685.229158749
704.390516688
562.959145942
546.732109904
642.863126956
941.534385989
612.908639195
944.210781553
72.463784058
728.917691041
789.107090324
474.728344217
244.364754098
859.948835687
544.389566395
904.000553097
201.017412181
771.797253170
956.064851357
911.192625080
746.416773659
756.180555556
641.240204604
991.754506957
830.045781870
811.147335569
544.944951348
800.924465852
983.868385507
337.379608157
662.531508685
631.384193657
505.128696472
355.692282739
889.171524510
673.871649500
997.772545090
847.970518355
800.781493293
992.560829370
922.407718964
950.901677357
434.047232453
341.830368637
729.577960193
761.531351948
786.810015188
864.990173355
819.974999619
172.690474549
166.886188763
850.035881596
463.998922413
446.789659683
923.571870511
477.095378305
727.409100850
610.501636661
212.701669011
979.811206305
992.258534859
727.693616847
732.738015937
884.508903290
738.601380990
883.701307004
928.255891444
698.823296692
761.835284049
499.992999951
932.387258687
741.474207250
788.504914394
755.839268628
649.724557024
624.236333451
839.227621090
602.729624293
159.586966915
939.306709265
945.023809224
626.688918045
981.250224192
574.244721351
866.366550601
771.387062381
772.178735786
783.028096558
996.316214864
736.602335049
972.395495670
938.834916266
635.720850688
884.932765808
802.577099100
646.400804455
626.834906495
216.854790125
828.481743915
853.756406653
296.111465721
759.039525692
573.098595357
717.926876499
580.808918664
970.128857850
999.172157338
385.011688134
465.204256214
936.288417102
599.095151040
273.510511681
892.331216533
753.749295190
701.581071580
711.435169218
825.686381140
433.694593003
628.856899461
843.938386377
872.945015451
961.212775616
723.853576354
795.182997806
429.994186007
335.766287786
888.706925820
287.685592270
126.261633127
756.377551560
958.552033016
615.083734137
355.374450404
723.881215470
844.078787792
776.657582207
210.145187906
850.358159836
943.279385972
602.577795807
880.775226718
811.830031472
960.095307769
629.003974563
446.726985977
994.077461770
837.822773622
785.357880205
486.761748703
840.569449837
716.185031958
875.292522532
752.507142823
260.493761921
645.670194449
233.152310733
908.656150587
940.682730787
153.355801825
259.285556867
974.848193310
921.358306189
314.146462657
267.175971974
883.417794704
812.416764967
405.319626961
978.036809123
999.021020800
190.564949558
854.196698659
969.347718830
617.258454782
566.613625132
737.698447877
510.096069398
506.179809949
570.379698096
835.100592743
458.004366791
127.404866469
311.504414094
470.376445002
659.962877744
922.037960173
377.865055310
868.266664107
498.961922399
660.568694384
809.808001936
845.852232958
990.215128141
754.394459153
657.399421965
435.464367816
130.299654643
777.096519102
954.189184596
894.487562798
695.335890056
189.451840846
575.877591165
934.415860311
973.635968933
864.148148148
829.646310183
657.816083719
574.087972353
806.608951104
879.980681606
552.327801220
935.928416066
923.969155844
442.391229569
461.031452292
468.443166254
655.381568250
585.758482653
658.049392097
753.526376446
409.240760433
987.808179760
839.663027649
763.505730168
160.106214745
399.090215365
283.614174540
957.339020410
876.074768499
468.753666652
907.256854479
878.014806253
988.358234650
421.920608646
883.383835034
773.954133008
920.241272711
420.445002349
995.865954835
778.046271118
146.290806273
916.008187736
724.550895383
570.570766864
818.656826760
764.084419420
122.955276422
323.558340953
240.191590194
443.231317690
834.822136745
929.241626275
734.520251593
623.177342335
762.023621681
838.533243888
756.803144814
947.457650769
556.569851861
899.871101881
765.348940027
696.709408577
951.258115211
744.454834090
426.932078907
338.300162578
914.855179796
363.884597091
634.752707753
537.689501478
829.226748242
472.888993317
937.219824801
800.512335945
727.470274914
927.768290038
950.558783032
340.963341138
620.916258444
572.803631273
880.603202362
403.596534653
725.762358777
614.803220551
812.979089791
222.847533632
690.373087540
959.487363127
950.233129290
618.210320199
657.498288971
794.492920044
717.425383543
643.751552795
461.969695976
207.843691268
553.338955795
215.842535196
196.885753675
676.889208069
962.452076729
543.770172040
286.062930140
536.018656716
891.557735426
555.510791367
147.332956259
221.776914939
512.949315235
953.367190541
986.263656433
962.073801743
643.573757764
983.595953631
865.283768491
524.094457135
852.488123084
922.156712210
522.806847698
201.692835768
959.482673111
591.023688189
267.205913108
653.211298126
915.148621810
787.077509530
117.059813771
751.614928153
825.857130501
937.497199996
707.747836450
748.413655674
328.577235974
734.632561217
245.574835844
307.307663425
824.440416282
787.846431737
511.082185482
457.248291413
591.972972356
531.072499759
377.236000403
893.053189905
519.632562490
882.947903333
840.116666667
984.391690335
934.853464453
566.352365819
671.424604852
609.920486621
787.473809088
502.414171775
808.530902349
947.585880013
615.754009325
946.726993383
811.839885692
502.371376575
799.851236168
859.177513672
540.593192715
804.833523159
838.387738460
885.257024824
528.981096408
811.160897436
912.699841131
997.561025702
904.944197175
938.356542046
621.024959241
889.016872731
159.630824091
715.011188724
962.581944564
927.751044192
818.200464434
811.201577908
867.136090819
777.303672962
782.397597133
633.923496962
874.077799741
883.200996376
927.749966316
231.339577245
714.197451690
865.368129758
786.626340774
282.812658840
869.316973266
912.611637007
410.215796868
958.395534213
508.594140745
790.620642281
749.885324566
617.745902469
158.079095509
823.109348750
831.455951930
901.372841836
894.526690889
900.704772475
626.992822967
37.536648758
137.985506485
826.558527873
326.482771368
650.319921270
884.868351790
200.626518686
606.573985595
556.044962211
818.702021495
774.052323813
614.421679305
771.797253170
663.435754237
746.978580684
162.646856717
386.582462096
563.468721403
572.564572426
402.726954648
959.293490029
586.674526463
393.751190474
846.517572174
801.518079800
805.628326215
702.346780451
879.578876509
905.500414136
819.939631924
713.590919225
825.980629313
976.131650957
838.643547641
748.037433155
391.241613329
576.897737905
601.695105534
910.571249272
590.127952227
752.446011352
886.663972427
912.789680047
753.274850237
773.391332471
905.512562033
669.838040126
843.716777124
840.283880602
629.689606076
934.420676141
274.732597265
615.968343342
881.315494020
990.642215939
965.851955529
926.460468666
283.848551168
318.658124014
725.136538867
917.071971003
546.398206442
838.819408679
702.585226147
628.409898076
988.546407611
214.862746887
983.608662020
938.958998040
654.847328244
728.475120110
559.540883225
772.172908098
702.009259259
948.416047945
737.302515932
818.130185796
661.473355472
787.252223634
952.421650321
249.463424173
761.300860370
456.547916434
704.762371300
410.225547717
934.684973668
846.279504656
657.349982886
581.562550376
864.318228432
601.207950713
354.183568224
273.367883995
718.487995724
844.788730985
405.706790675
84.190260719
928.083509180
843.975118117
739.396375431
915.601987768
487.306884827
328.654837238
698.276449553
913.163183664
690.529506973
810.748419672
638.843486309
935.530330882
627.502191231
497.692771084
869.993103421
955.445445863
904.154302146
753.106234215
361.162013506
810.144431568
261.510994033
459.078424673
104.273678366
898.684038055
602.615964155
200.007499875
852.851100720
490.904267653
863.876727317
860.367441860
830.080718967
702.237851444
865.234650254
484.733947662
707.859449326
933.065914070
818.991452947
237.629964441
855.260778944
832.329261771
391.527776792
237.343632735
588.266946207
916.782416934
208.513788513
981.177863590
788.873880921
979.976020115
562.686413556
957.913879219
504.270760604
293.761808273
851.871469178
171.414701820
987.835006466
787.405232393
649.258808181
672.259622467
572.559167248
487.699702686
634.123028391
644.587464973
297.163254795
954.870671871
836.298989597
623.092288509
670.961995943
364.159305799
579.582608435
369.113803589
942.420818955
998.323093993
279.849959800
493.456178399
835.732612742
788.514425994
912.346973470
522.160894744
601.250363825
578.996545769
643.145395692
511.067511250
925.726201422
917.961872847
996.956368153
668.249953236
945.668017858
527.216274407
979.665248950
215.490138986
561.013368825
386.578581921
923.957791244
620.689938697
430.472995669
341.831829998
907.908039648
884.552542373
381.524573258
511.416659877
830.971118632
738.162583717
997.837161064
638.190410530
244.489263568
966.454861866
801.164152967
187.773800089
816.167262269
768.392477839
699.373290883
891.081365533
795.853001502
949.601495365
611.213546970
974.266390676
366.580141306
947.499472017
467.080292883
553.723757843
823.303103359
905.471148077
472.443649450
229.026199375
905.920526316
133.364163102
700.611161772
657.307386277
455.276838857
524.530266048
617.647148459
147.475421752
473.792148521
799.943750000
302.896021763
342.957723342
780.659977199
144.820578649
954.381475093
814.504143636
554.765716316
323.487248589
639.005477285
841.937646147
956.395838552
987.964574274
588.547364279
982.502926204
681.944279249
836.922935520
836.735920109
617.954690896
837.495074612
685.398424278
908.262627217
977.009211830
688.453339014
685.434898440
868.440668203
394.092628705
913.798117748
916.967829318
784.968789188
385.586787565
924.022726993
636.650706436
123.741666386
947.153102724
326.130342041
529.659324472
975.575214937
878.708142673
436.697836038
432.313543623
907.550549556
926.375193981
485.136063388
901.857527551
262.914434750
592.973017936
678.923412470
913.933805043
536.178142484
152.856147809
997.263255114
245.873952826
730.652448163
190.929306289
337.400355661
717.281674100
495.962700210
459.160102796
245.731560855
526.880441846
341.263827559
703.216893995
696.848620577
870.370036765
198.514483099
891.004489327
939.937232684
868.243053528
954.902089222
628.879968203
491.043788187
796.262519525
896.935337692
807.302917126
598.348560625
896.058591834
905.250276243
378.895764030
321.214881349
628.554691336
822.071773022
372.413748404
986.768969922
742.637192713
853.126016483
992.644447927
516.164702396
640.992979681
924.283506290
738.358314100
442.714446953
397.645573441
803.543402686
908.223540765
967.619243298
969.266217300
448.799509804
908.837719288
823.956916349
759.596603468
942.153915239
216.857095803
448.050220399
852.767260160
886.114552414
980.113768906
882.350270584
565.253040682
860.970963995
246.117857946
734.702660945
930.441293151
209.802287881
522.178130526
949.396650510
877.164751482
796.457782940
586.358252268
996.748714572
978.492207429
990.326713767
442.944695260
902.890358792
842.181096914
595.214247312
853.312426729
409.820692499
942.620284102
501.028941280
577.892723609
663.528447016
578.002595156
959.200187656
821.384806288
805.335955545
666.376770303
766.883954715
932.625862829
448.462930464
851.618459171
410.007317073
823.717791480
983.603070349
624.577457166
233.072949953
603.451737921
251.215047320
853.543789152
746.665922619
877.407544987
433.247042690
844.530046831
325.439702556
663.320435385
679.006627393
873.613759158
955.466378275
423.320209770
986.660022500
179.902751508
860.392352360
372.291552416
156.706732465
336.411950059
285.721892756
981.862515834
357.138628546
789.112159328
948.485635213
787.820411007
697.188665710
515.388203337
928.316756436
943.311719423
735.408049999
950.026315425
556.633632770
932.275173970
701.517640548
577.577700405
566.414159428
324.929223063
918.092587923
266.612077746
745.776776254
973.732546201
747.568725938
859.438770361
758.849787507
454.759276981
970.853232986
423.027185888
971.725269817
861.798120211
603.031508298
453.909682646
966.935364955
468.289440411
988.514036319
435.873834957
545.200880410
822.601361535
750.414552098
893.614570159
829.730679197
840.716955937
509.733263580
478.954068779
918.594578691
650.245338315
772.943723695
569.390902632
711.760494521
755.456815443
894.078296348
868.203893103
27.622454634
680.894264919
488.707478969
463.455499482
796.141947143
653.809605313
837.894988067
841.090363754
786.872289511
406.119441024
435.220633702
170.698564727
551.325675676
401.361596010
986.524708256
326.406441718
871.663352447
378.807387863
711.685323721
270.868972014
690.796641567
947.589045948
582.838742707
726.142547989
897.287022084
997.440223773
845.743459929
529.833936248
947.363182734
755.266840262
988.174073734
692.808054226
781.003841220
696.098412583
857.921325064
986.827745860
371.043124191
945.690224173
414.363367107
819.200830078
674.888148148
666.863554260
906.671384792
611.025367740
891.253611493
696.346178276
251.865043228
911.756578947
163.091998577
576.137136453
780.761807468
582.791557935
786.589473614
847.613119294
522.269087732
894.238782429
942.469097637
935.337372289
996.231398823
796.048993468
919.260028501
875.127990639
679.907346629
824.657504665
291.619615252
872.108938149
705.742871023
961.392739727
925.172432432
884.194548728
340.242560536
913.539271187
895.930242820
434.380017957
598.488095120
903.649821557
901.299062465
807.160454928
471.200594227
838.030429042
619.933060903
466.933614125
478.975991048
403.419354839
862.377527829
133.469097547
763.429106073
826.390948644
914.884145671
349.240687679
250.149955027
968.713063812
754.515231788
873.284604239
876.288242009
317.677509434
892.275181768
589.545587720
270.096279156
324.558161198
235.707627119
713.457076494
704.895027646
977.054247697
708.977433004
197.787765054
632.042721519
716.986052863
934.077084613
717.959610028
606.456098988
323.091318361
212.148532878
631.700949367
981.016819428
991.551915323
859.849986916
528.247101270
733.079804660
897.277549034
868.742769754
476.522822119
714.401847702
685.295556676
92.736184955
590.767297673
741.347421928
947.598628692
781.654015534
445.165137898
559.555180478
534.884112150
830.402914253
931.657125771
275.624744898
662.185019481
838.081738257
972.028291769
840.900707575
495.405894192
447.638246802
882.504957493
815.081591009
592.682967960
564.720284743
890.796273005
899.654934978
757.031042957
758.468193137
992.178411376
957.409003509
767.947914900
286.104875876
773.387354435
350.881746936
957.393858347
524.048661863
254.218410034
598.870603720
816.372464014
892.694796669
972.043724280
683.787978836
931.330231443
329.337213203
523.419525811
829.692714202
631.371522956
673.314191147
299.001672236
663.679139344
306.661050673
183.918460194
663.808707385
593.998316496
162.070972108
632.015031467
398.884711779
634.455672210
823.465846286
235.633189513
547.602958356
604.827248063
340.787323708
911.722545515
893.333084582
663.037707391
135.580234548
570.699570702
128.144449743
781.868914844
342.305419180
799.522982784
639.909368583
886.135440181
460.934919484
837.124841347
543.503449851
546.368922982
697.835224104
759.856565412
825.355680904
760.144065293
331.555425231
687.904069767
874.877705739
807.939354160
505.627333122
371.794297966
391.650354270
998.462317767
939.972871949
345.716646981
814.239522499
841.425576032
966.844351486
362.971073228
363.329051963
963.936719915
884.234697351
684.342019756
739.437624148
758.887343418
544.334456010
607.531069164
401.975123608
587.195878732
223.687500000
825.122415160
998.584998886
857.671848669
573.583623693
633.754684401
961.465548005
958.894676177
360.133308651
773.709247715
43.531597719
577.637429535
781.893854689
754.771488598
222.013513130
572.275283408
999.824984697
697.671125961
942.578378704
357.749912648
330.053026043
222.501685393
905.844909463
977.536700078
913.586886946
462.199091302
810.595460140
987.724151775
501.420980814
840.647964370
974.551693002
720.167341664
842.135381784
600.128319612
172.191753577
838.016109630
648.206757138
371.667862479
848.764396049
798.528020801
800.782117682
752.475248762
874.029747778
725.461232596
727.420786065
976.462492879
603.543701815
682.262412859
669.273486700
530.257484624
267.177843401
772.893912513
991.163962218
377.698292292
654.298097200
575.273847833
583.210082217
383.251875403
663.639209209
304.875384379
756.812417437
426.371904315
910.219204368
997.723408566
990.293390875
381.086604330
286.101380633
892.680233902
886.569230235
543.085628607
756.407958710
537.525813334
723.071918971
964.817081260
926.882948381
822.746011841
530.298972279
693.597145323
580.777969019
356.885135583
746.071715818
765.073856209
130.648383075
615.882293949
909.869221893
900.900105450
654.222439236
977.082903340
759.785496058
597.418613704
911.691833900
840.884653208
962.285820326
536.105400085
998.620047866
840.470701452
893.465164402
722.966112622
802.758992475
957.544777021
990.436267510
513.154947360
549.897263132
537.853139807
823.534455879
629.053256887
692.223952200
848.653639596
929.114632325
381.465594779
774.255771693
936.083329624
892.002242150
987.471012233
613.060358891
876.289906367
762.068894523
848.208700733
606.219432219
854.686492336
886.517343316
345.415691595
960.552029136
591.577551974
221.024885477
803.741873987
616.665225224
661.759775145
769.820108857
931.321104668
581.990549751
572.629025498
725.507575758
794.625698465
660.928135276
604.562651840
703.182053241
808.754598132
727.345172528
711.843381651
932.807054004
127.007873772
877.019384050
694.994244593
429.195804196
660.019696676
747.802112861
653.440892507
667.894452739
317.792385057
588.418218617
269.261954238
967.369629459
914.415660408
717.407136848
457.971614841
406.366829355
597.025125099
449.952219686
155.502411557
241.296498110
937.986140623
579.286630272
895.906245095
346.554472014
975.637227662
932.789365291
800.512960545
213.187710715
818.971916972
817.473546973
592.797604584
871.707519760
899.583236838
951.416312662
838.460494001
612.614192496
461.530065005
661.650965389
876.620214232
887.112168781
227.820104468
829.669813842
564.261464217
133.749766355
456.247742218
749.973332859
741.303581537
726.781948042
953.417012649
267.658364338
817.652738025
185.857477138
914.719629176
534.439893721
527.469430394
901.126517199
289.691214917
798.062654182
947.973628325
485.922833380
997.956411874
798.557449409
739.146805445
313.555417783
568.205948579
704.504080897
877.399566902
797.668477502
445.531143693
437.506571379
430.651834223
622.288518294
806.633126024
277.510791367
181.463494985
592.455905532
624.318828805
938.740113130
418.509259157
279.615807851
879.545906765
528.785400706
906.842875034
299.853297464
544.216868546
901.290741104
667.893704118
749.698606108
166.607322768
829.438364196
346.192143181
625.607704556
702.381662631
321.958071810
518.011583012
460.724429567
438.633104086
747.048860518
732.295705299
280.107122456
772.519902656
500.517731954
569.331186569
163.887156300
940.509968049
327.984755743
695.780856305
164.222410164
790.014556828
955.936190339
526.024714248
587.726977431
651.927143169
358.757578317
378.160052910
564.746845941
309.412621359
251.278729701
811.973521736
801.494853383
815.150906274
996.577142022
284.734964485
907.128436331
91.290744328
996.942325313
761.275295664
510.413557814
277.349959438
398.342817181
314.475754232
926.112304205
843.171394202
895.538385554
922.045009747
838.548746347
687.440179216
952.636341948
793.141853643
435.013792885
819.946339708
945.587119202
994.614498185
785.956741812
787.461110151
570.805571101
246.939263788
853.410217891
573.600034868
448.199732262
782.243568206
951.759948727
356.694677871
954.188679245
110.539585670
567.889954128
130.552671363
769.874665138
435.874982076
580.462931034
966.610055814
683.177868494
876.511836771
784.066961426
584.663150883
217.085236768
100.742245359
385.860103627
952.588053673
871.473464893
937.503066662
434.260290609
634.291009464
654.852655183
336.793705404
800.106867862
318.446231156
649.915379107
697.906154150
932.815094217
974.586065979
738.765185969
704.774431999
142.239235094
385.795336788
905.469613260
991.408593870
640.397532787
425.224646511
596.051172300
955.114652804
773.303304015
817.162162609
839.686250938
582.546135512
491.161887772
405.345531615
974.297695779
699.744953537
873.148899100
677.958702065
828.990952906
795.910170811
306.365794435
828.417165443
153.655458738
650.244569374
578.475582907
410.816260632
952.010504144
358.060050829
183.303027798
974.887685841
691.468003598
978.399202780
786.555147463
383.955726638
494.466379039
755.820084412
765.514859425
273.530619858
665.966966148
156.610983012
299.481218109
918.585869693
686.867527257
953.232920120
851.710631611
216.538680147
350.650823470
920.550922003
522.174300402
766.839618173
698.920596348
860.063951111
944.491926911
311.461073009
157.391232284
622.852309942
739.505240008
81.591463415
723.052556873
599.209479231
633.476913549
579.644718772
956.190357617
833.593426078
720.099298708
975.682325350
400.529925187
904.363864824
253.998031488
554.046929420
891.202558345
300.293190066
147.302410028
36.932370625
376.637931034
334.513078967
854.004683828
920.581338069
878.926049230
688.859201869
752.093744157
991.586607418
799.828731667
330.610042195
41.892720131
884.578430666
804.510410125
708.141228852
426.682551788
634.609328642
410.553285227
891.158796175
933.124321835
896.484801879
449.367333036
429.357659766
807.043369343
239.215384121
700.756020309
657.550760341
548.712128534
174.252690080
718.371074028
206.642202853
745.300610492
306.872937875
947.567939517
994.074443892
861.518426966
534.728903277
546.581192505
842.174566240
637.058082124
893.083426652
786.495390959
190.023682735
814.021498488
977.140215118
912.633004005
672.957650971
596.876034031
921.513429094
161.462069849
517.891880608
89.033707865
551.040833333
314.769757124
409.688906367
718.680040073
842.903315927
978.364962578
716.048881014
761.619327486
268.730348119
961.574750084
351.243507973
559.263801797
926.617504691
550.118169124
648.600801726
963.124602531
424.220462046
266.572691775
777.274082933
919.475937695
868.486751152
800.870776093
355.643258427
563.699387972
952.929168407
848.241121380
529.733895461
751.720027670
254.304935068
454.159663555
986.910330273
605.555942915
92.827797561
859.259564974
453.337622529
894.365137961
975.836564870
950.585082988
807.195763121
934.891972369
857.951630338
617.648867314
673.878327297
772.323186528
670.534861137
925.749426141
771.261952906
735.684035439
920.617184285
990.277233910
218.801279704
579.600724637
886.699498139
151.868364053
692.738046773
525.300866172
391.765306122
451.876089210
577.779369656
711.695862021
774.090433993
281.044480465
917.843681917
36.878184282
759.187723821
964.667300161
912.700936780
773.753190623
699.939997428
827.818216760
627.571510516
589.237643061
895.377015564
619.156684531
436.735617966
356.667912770
844.915384615
608.353515647
589.599016281
478.254116553
552.896916251
604.283873689
489.126772933
991.912798587
875.759670229
851.456986582
771.998056992
938.334162235
371.807746019
82.613558209
614.464807780
388.310442956
785.360426811
590.641285956
573.375095378
518.327117500
467.202311638
617.376708339
962.454674257
607.107074617
887.934682282
807.831665633
896.897987510
907.854063162
568.117065409
631.256735341
798.412174256
298.052012747
886.740097210
817.751184652
356.559952883
203.440408965
670.139537708
978.266323656
569.046571039
789.899360678
219.554093562
662.533772724
88.977525252
346.965416144
659.866653196
509.739148978
968.699127697
477.892247269
857.099177458
376.664306777
955.062825159
473.319131242
859.044818388
113.815640401
936.038994914
731.201750545
799.087604709
955.109417816
376.807643235
861.223548215
179.491620112
108.018518519
795.517441669
986.109020342
967.238336709
982.839763135
455.223022265
455.259266792
962.761652747
979.346721034
726.505333773
762.807970593
903.724515547
891.253611493
551.953802428
670.599731584
317.209709962
888.048422103
922.284663226
440.707385915
830.922980787
953.395510793
921.008686170
806.741594318
853.215095975
840.283880602
936.756638621
783.842458661
833.680994146
529.737670928
878.408219490
960.724726444
926.992988107
733.533911963
168.172530456
189.319835200
463.111217744
483.969007272
818.910251493
382.775391059
553.780642493
807.514086687
894.906140330
881.772079395
671.308423901
876.689796907
786.959973569
566.031801227
606.331592448
521.444148495
395.570474126
791.255963643
904.572274614
847.358837801
466.878999314
315.111091717
260.710567488
447.334326874
584.034245571
367.194771205
283.210169492
488.519191402
634.664478288
981.259394860
829.278602160
794.443830614
785.122920312
856.327624219
826.285664888
998.466824687
834.768231307
742.149580610
967.973656666
631.897934796
571.385159065
983.239544345
592.254168411
792.097847491
51.098039216
899.255247413
165.478095227
942.461670308
532.761672796
500.378856468
925.792093291
428.596546883
612.031861916
911.781772136
436.979404549
929.299198321
652.004601211
429.435676208
890.006179762
498.213809524
385.245379024
469.643483816
632.694238950
978.814589195
820.958586044
806.806668292
637.870676548
668.859477020
471.549573216
995.792649099
719.502083333
857.842642913
463.347601699
972.328133914
700.364904889
713.112903226
780.798309424
887.223196270
984.622842640
804.688759708
538.340970018
780.966708637
705.683427762
656.568351356
855.524400587
570.800315347
141.134687444
265.648263687
529.653773585
544.379463242
986.193692943
635.312598425
647.794720571
642.358933930
613.132938277
408.313604966
765.631765276
802.770826575
564.935394536
126.787223331
831.345295290
542.875676375
805.364513745
860.110458086
815.228188914
127.483332244
47.074416136
898.697947032
625.957666300
578.063145340
343.985464809
452.164792968
393.059791889
614.740650407
201.283382325
659.400606980
713.834714762
525.758499694
216.783301940
905.123196035
960.086975227
708.127107234
991.860878113
475.585954376
917.358708467
943.255002637
806.920070391
897.766673474
928.179939451
739.502535493
880.723566166
740.613934516
849.052412988
323.796232220
934.855603823
333.411157582
888.531372547
531.905075188
784.575681511
897.428548688
656.043443683
280.142820732
699.429052871
857.505102040
632.242833095
420.536562025
948.337493409
811.022811344
591.701782995
813.693431214
404.917275502
550.870220651
876.358944725
907.173633157
775.399251999
206.818761238
732.951567295
337.145369240
660.952343214
905.610843575
752.605474336
946.206637051
962.829683797
459.703260870
972.759990954
618.807724580
200.094977448
952.801133501
