167.158607317
749.136169198
959.250749283
402.356806827
441.215366913
405.626675651
187.018715645
534.454862453
783.068962480
544.076281416
926.958467247
504.643564356
915.758155847
695.542953382
977.258921678
922.409345139
606.463519101
635.568249679
208.300264042
881.155491386
626.322600582
712.526490736
506.189687765
608.014802451
533.183833213
904.290882405
920.001630433
887.869922905
929.703178439
806.276007332
962.868630707
604.658581350
815.857830752
703.683167543
706.329243342
576.423455456
463.720821184
581.660553932
871.701783871
399.251800246
693.994956772
996.814426059
898.185949567
616.057627175
690.368017799
796.607808150
729.484749669
429.932552850
884.257315495
910.388927876
839.763061822
926.591064062
226.779628715
623.207830552
961.885648099
937.875791350
998.018035909
401.900485195
313.250702202
605.828358531
776.356232666
707.649630820
908.328134542
586.073374246
473.698216167
976.703127880
290.198208127
104.326410846
319.990624863
915.237158470
747.774698689
630.315000615
915.887547683
804.494251067
871.643275658
982.059570495
416.439673391
692.217451384
299.593057329
489.520173231
967.050153818
351.454122184
902.502077562
410.757836200
850.496913575
682.932646752
974.771768159
342.779812708
420.757649960
936.425747863
474.637756610
447.917403100
805.047203585
366.907345252
580.207721424
960.682569843
63.726562500
773.391879968
930.382716950
255.536690125
505.198970704
586.329259035
924.984324191
861.928071245
542.029519491
582.788984110
786.259499148
711.521608948
487.027719956
252.859644863
417.573945547
464.793502536
649.573846154
996.387474831
484.952575001
692.353323699
830.066262415
969.237329038
872.517048544
396.586686615
920.514115092
880.667928336
325.132280772
777.590509201
504.529702970
440.462257180
909.287633260
652.189389671
729.980821666
996.358369264
862.551447741
278.082721506
516.601393726
414.834906921
724.583328541
535.665007257
848.030070222
496.498741187
613.954397394
923.405111530
502.661914213
963.669030321
296.491146579
281.911333582
730.621653115
641.382101403
802.099744421
849.177248871
589.408177754
800.580414450
423.396976843
702.381662633
713.637163677
289.257670598
900.472653666
822.406225657
966.404159768
296.991582377
526.991461101
308.029219393
890.303319100
306.656159240
702.971549922
651.186609199
814.244435044
291.273067756
875.707713798
789.188824047
563.070155487
673.274089803
526.652636944
697.676859298
741.629961639
267.490186736
637.338214765
146.901327434
581.104121494
891.961882594
760.404497620
152.522129542
68.483574673
418.841260745
367.359499183
690.360052144
904.545742348
693.370031080
673.872403561
221.239689025
915.700824505
991.754001756
958.839924075
393.447582277
541.741635838
931.534218373
185.318644502
446.354119506
701.965098848
710.177442620
967.878091497
143.457310723
357.142828571
631.486341895
633.731015495
995.955822313
724.457038064
919.643478261
683.310324816
576.824930113
592.190847616
707.483568714
732.441123914
946.720655737
943.373732939
893.551901123
560.534566303
960.082808928
415.390178025
623.442860253
549.575290565
422.193083790
667.523782772
565.594377624
323.253770302
859.386990825
814.692580057
724.093226049
907.962003610
821.651994460
717.326983131
876.617932923
582.595914850
784.726066854
942.472811279
751.519128166
912.998904709
522.846057650
881.383571438
918.768197649
983.052389245
649.013096940
278.339928058
914.915296626
917.325460238
265.001886786
319.454225352
578.147904952
876.970923121
745.166424364
191.060209424
509.270065879
888.069254056
420.670892742
876.847193073
360.030554259
236.761483354
791.878147192
936.760908663
870.951204145
600.392371704
933.401842724
869.943101588
990.427180564
897.850211605
769.627182472
916.348732743
531.016007533
763.322998474
334.946267543
665.135324577
706.834492650
625.979233227
827.862911357
948.871434916
656.817326203
381.632021717
359.995833309
945.517318720
875.082281846
879.748827792
905.645073967
800.175605727
977.366870730
831.611086987
179.108905418
910.855092756
948.488798036
856.754924118
704.848919982
650.837941628
390.427970310
674.978518177
149.033553269
806.128401683
998.065629105
337.743985883
961.047345348
732.243129022
918.605464822
990.375181434
615.957790762
804.629192547
402.279753406
172.655726809
991.524079385
685.488147235
637.593130452
177.237129293
606.006600624
925.752159827
416.528776978
684.908759124
820.684531060
938.805624184
709.207303967
396.001262626
791.317888083
837.063318991
448.645739978
847.223701274
729.760919754
744.633466882
588.991510974
466.393610591
526.753262923
708.777115883
803.351728697
723.318740252
768.953834765
534.291119148
667.137167305
851.327786914
776.122413025
859.292732426
800.161858626
780.065381875
350.518187831
520.885784026
238.482703775
959.493222106
227.885936380
994.279638733
425.079992472
899.942775963
991.822564777
622.986356191
996.060239142
899.011123402
422.978722869
178.924565111
984.962435832
965.069945652
242.938263763
823.983616342
465.478248686
104.785495179
873.857539877
336.640758079
615.093488829
179.924984368
652.746505161
853.711895197
872.525644322
897.760547139
985.579524950
423.083916026
707.419960137
477.357308523
503.802540684
747.326568509
215.483720930
729.991095836
800.459867826
505.526458259
518.661739480
314.389885333
572.984292978
143.188686704
591.355223195
792.077647709
484.766955446
907.843598865
340.276358274
554.120023100
288.357417106
904.279824173
744.997315431
610.073766032
926.028617268
644.834862581
987.856770995
718.517223176
713.723335754
922.380073505
904.988397716
928.896663079
854.578258558
173.790103567
955.422942994
973.063718366
654.845019833
257.573290541
851.501027598
826.187630021
823.844038638
532.905244861
816.325302805
799.497342089
136.429468957
505.926872186
854.184406320
309.249090542
352.832861190
246.546141726
493.102423438
562.134325601
489.935710068
966.719193975
776.550062778
87.749643874
777.767960915
595.835547781
685.800262467
975.530737705
391.148309468
760.769347437
708.729849802
832.320250865
300.224915688
283.968308091
700.826654744
530.107536260
602.732942521
291.343439947
930.140849549
563.907793881
480.481008990
691.371101508
532.609613131
524.706584674
699.109433494
678.950662739
990.464141414
709.192498550
843.553199271
198.964824121
725.472259980
881.611025339
730.536104515
889.836501836
683.692913522
845.749963051
957.259630403
997.374052199
930.632043291
967.759784244
654.677019606
736.955900987
781.456972584
185.391477690
990.549847307
713.110098177
458.673086195
969.994329897
548.269094515
868.615565138
641.788127033
907.835337492
597.379276507
557.948922393
827.684722585
550.714081897
730.612859097
943.406593151
958.585416121
773.436488234
832.910559424
938.922787304
914.529508197
483.962809917
356.913154703
724.006215453
860.191839068
369.514546399
842.595988597
570.988616349
638.214697418
818.218797144
112.641022723
581.578025723
134.290729390
551.848711152
818.006723689
931.117071050
717.011854853
587.135418792
936.429388689
368.357163644
824.417976710
979.872950948
959.932810153
563.950352425
661.731063197
793.299439052
393.502223628
416.968823775
779.677497756
553.848354699
594.770543992
718.769782336
918.822072003
784.121164107
960.309325166
843.033807151
214.016354515
420.090466447
266.009398330
944.753406980
608.471034643
990.215656566
994.528531516
866.771019359
906.260449079
724.205081451
487.907778171
257.778975093
879.828960651
895.876107506
741.859151052
743.598009680
410.126809670
795.031445919
906.552259939
841.535501331
809.457225553
923.448969895
363.061978180
748.382255268
141.897850583
916.747511587
406.874692875
129.294238077
495.764056785
105.042857143
657.765915809
637.709181367
984.207803261
892.986002130
731.913246225
722.474220993
792.210830524
719.633934720
220.904956994
497.048289738
822.169082367
768.762642172
566.707155416
699.122306896
667.669079709
710.798142935
485.495623049
823.264841955
843.649808866
731.652924696
374.919991465
467.383297645
722.533736246
551.985507056
797.655388471
704.170433915
771.306683492
981.091229193
158.158148699
870.784703599
588.119035570
899.655489618
959.955728146
971.607431013
238.790703337
243.797046742
467.599187339
557.397524214
989.641854410
971.906374092
693.985590778
844.562016669
299.158820698
834.803569710
347.499640288
713.349143127
115.182463943
407.763411797
844.497483714
587.260589517
375.745927602
730.651763838
854.551344275
916.052400248
276.242646961
752.201435787
747.631593768
637.787617555
410.212140240
684.994160559
965.269392450
877.400136768
998.392207502
653.043643258
900.855149289
749.783968887
780.357610330
667.501310860
645.740660018
918.401328396
497.523868774
428.158849027
589.217317487
282.980564704
384.578990586
639.506059393
536.011193913
681.498531571
116.837493982
931.660882510
130.912184307
182.808643122
842.114600277
292.588448166
780.911006453
855.122798199
486.424711543
879.931247314
353.691956369
959.454011404
872.697542107
787.929565380
704.096584284
943.412953064
958.980187491
752.570262500
393.315395071
737.846867582
780.700326630
752.831322409
281.101405194
905.582685347
623.546309427
337.581101367
409.089232320
535.978544347
734.765268640
339.095856654
462.810976534
716.868188721
520.635316699
950.683438375
991.204317989
828.985524614
725.661766941
665.139083201
649.053156529
763.641931798
750.115991201
649.279600788
939.203918228
279.957139577
477.485078301
69.864153899
632.961294235
587.483616793
972.949125083
821.970194107
762.049867135
999.197678140
636.773900231
767.637284144
867.043251516
948.902523975
452.453312509
759.801289813
687.145544990
109.498858442
296.909076992
851.697716329
87.126345040
622.438752007
654.175053025
943.765860794
366.218514005
531.916346807
839.172806995
597.272132285
451.170699403
848.357236075
372.384210192
946.192897885
480.637077221
858.340841391
901.287967300
763.871716979
845.079877881
535.873119311
265.979323308
537.039104721
829.293072442
380.039471634
628.121803474
770.476623377
493.528114701
620.691549806
603.526304315
732.610401237
486.962010839
945.207384652
358.941499412
875.968035947
678.754005513
17.832554500
697.954153222
983.913105919
573.721186640
139.237207671
610.634915477
783.029373651
962.062887757
933.189155531
659.332237950
630.986529175
546.636991064
902.914170893
677.137356819
729.642378155
694.815802942
741.333333333
720.489416994
829.412442730
884.087099781
586.746112045
821.004263083
479.532064651
700.935803052
951.767828832
560.811911428
455.348218400
465.938837188
351.991477170
339.970586963
321.422118380
485.168012140
804.891918210
341.298989158
121.350731356
985.890460447
979.266562851
690.543264394
519.295676855
906.045252733
743.338416521
753.669688922
778.900507125
933.619301429
401.509651192
720.666358310
776.499839021
676.293575306
581.049051286
214.916262763
448.724860020
734.499829816
912.072365550
200.706253017
760.723339994
824.850289447
193.569109106
715.676602943
882.337237115
902.668821314
537.143370061
546.137345363
969.773169355
954.654911473
733.069573779
582.740079281
998.220917433
983.656952402
993.667952588
967.720000827
925.573335830
124.185345351
651.123655914
853.762847634
778.436895323
981.216591788
875.538120244
540.312872325
821.090742996
907.957047442
955.307803799
553.960287385
751.249625624
803.889295861
878.096805597
129.452694062
838.165871122
846.315543991
806.557499500
852.862826016
768.808818888
870.317183560
999.259725997
817.306552043
777.255469755
125.749751491
645.022480228
614.634037456
601.665189287
335.079095792
492.156479194
658.488601824
344.023255814
920.349391503
372.135727927
316.848544261
936.246228297
903.799203363
766.151421065
568.276341228
806.630646579
251.459738328
977.329524777
887.284058236
886.863585118
624.015224173
600.692933203
580.527346470
893.573164324
401.819611269
61.384037013
688.078488372
595.389075630
244.716162114
218.025227898
378.951184191
630.467287018
122.208837651
734.921084199
997.637709792
968.799772915
884.655300103
593.290822447
756.612846838
933.938970982
899.008342564
237.899138292
900.556494619
760.482084155
490.461007624
477.588735211
660.675491679
693.020202020
477.412819267
867.883056638
879.123427063
889.390240558
500.385851119
676.141258690
987.497848099
854.760200290
287.586508745
918.406772623
893.875270941
632.306096760
963.230502009
622.286107831
379.162234406
872.663738218
451.806374457
237.581564941
350.309862836
474.506058971
829.106145195
126.688594593
554.259866849
786.019083738
815.822284569
921.522110424
268.000000000
524.884749255
715.032866377
242.082644628
171.149064874
378.963058886
442.736942213
738.761125128
759.092879693
899.022802825
731.704175197
259.909599669
750.336591138
969.019091659
252.679639889
639.587366980
696.081891734
899.633258612
824.054609841
614.760115818
630.636979576
802.167688205
968.440498947
303.418852414
325.495007642
12.529964086
608.893258297
781.869554930
579.017270900
870.695698852
271.610014543
630.227736616
898.289485634
354.465795247
652.545017604
995.016080402
398.104257724
920.309187176
774.297100602
863.804954836
291.924647812
752.354304833
812.304802956
117.770964163
839.391446228
930.489656041
416.538113502
927.214646131
677.507933533
419.766601816
875.229113346
458.165908815
589.189273494
768.986345783
652.691351253
550.178152965
655.958077929
652.511485452
842.368684128
199.118055434
256.361073488
558.779026092
516.581068178
608.756930145
239.092032490
213.887821412
784.016581457
498.862725451
711.982443604
716.373505931
742.619014031
211.359882665
632.693448678
931.450481776
633.704189666
302.816776286
95.357223154
958.378317785
251.328470333
688.307344142
953.963311664
810.646655455
708.172295420
977.588359178
483.488365941
367.779825439
800.358044877
980.117850219
518.835233962
993.651347304
956.444457352
692.847024963
903.567927718
878.919791785
290.217241379
493.971659106
292.754163079
589.046689304
326.606797235
951.910710098
694.386779828
845.666009723
832.807901019
907.808900595
851.038777025
258.054263566
239.631250000
560.416809170
769.166431925
789.931010254
207.949513104
924.098479601
617.639053169
716.589840843
45.077710736
767.894524007
114.345966260
75.907894737
718.981919332
976.523425224
672.990341684
916.270702827
607.972861236
475.837157019
332.848313801
616.103084416
406.402509843
861.082458305
637.650374422
232.490860035
651.832033579
346.779468827
725.550825236
408.340544154
553.435633114
678.924148930
640.601404056
719.401834860
26.851443203
902.616751606
612.120903090
700.793122146
347.265028472
83.934498272
613.865620474
298.904667076
713.276243821
673.579245523
896.490936931
466.943251370
281.511989087
624.000000000
581.031840780
802.896008220
522.888133352
110.072703247
471.283354257
552.426465695
493.803604685
713.576905456
924.287292999
998.293587174
995.268807911
600.483971476
732.314140243
791.379175870
157.607106439
324.012345444
774.947094968
346.028901734
441.705784431
397.868068586
929.901607698
812.240113273
488.003073761
776.677539266
976.468637489
927.127283602
506.881643322
347.772914414
996.097384797
822.204354160
960.557130003
594.159069610
483.139731341
739.971621077
581.026677529
874.682799648
917.401765860
952.007878151
667.044975995
839.635635261
625.969647826
848.883973226
306.329887540
828.263243178
983.775380867
729.737624081
600.811118406
864.823681452
790.635187681
901.833133124
923.318526544
806.084983113
392.498407640
516.598490126
822.786120447
349.269238477
606.658882734
896.591322733
723.968231347
268.259203011
842.387084520
409.300623014
682.420691363
829.186369119
395.936863654
789.359315589
924.874586104
789.937974684
819.426129426
598.045148797
473.604265183
926.759407829
614.954469859
538.906299833
654.262180957
468.202947449
963.980290255
704.995035444
996.071282591
890.489752889
761.574684468
659.208616449
425.397461205
523.296283203
455.214235278
999.665944203
870.513641478
504.104155904
729.636210724
389.215878402
448.713717196
860.768261497
947.527836003
287.824599366
735.284978767
951.981617647
965.044040446
864.199629715
539.222588548
735.611310408
581.834168814
250.573342557
874.058350455
868.245357028
478.520636964
417.642191355
985.103040300
906.984564367
276.456144804
513.466649355
880.053407470
947.053324792
970.371578314
636.801381908
817.609319908
730.163680289
996.476793508
669.262280425
462.646733480
498.878742782
406.003694564
836.221860513
146.229272035
647.256517928
932.603345480
869.542983411
335.685865058
109.110091743
109.849897588
943.716058992
313.847133758
776.470218360
973.209124495
715.536861385
492.083326277
515.333872358
771.545850873
340.669928230
993.910965795
615.939120368
716.457954105
971.670726121
953.072400188
617.618814480
771.618429018
989.859586002
917.022900482
678.185815245
661.197398664
133.637569590
763.770253414
702.630770747
457.397155361
695.793072688
627.597004454
588.087578512
655.778163711
450.809312639
693.698781893
922.451624748
176.258522727
716.716122325
579.729247149
603.908105592
907.174735098
958.182150313
960.093745423
693.623817762
827.416461040
473.634880472
940.126055378
523.474927766
393.090320410
606.467641346
859.558025967
413.836924404
953.692822664
690.176788946
834.845494687
680.323529412
765.721881628
324.462632671
870.340737872
243.074064171
534.322000296
618.662266507
627.624887971
712.949507329
251.348363830
987.112455600
762.606159895
429.982557786
529.828274066
989.206752909
244.558786389
714.747507866
856.120318647
979.929589307
350.987179253
656.726731610
63.458647953
564.499778565
393.819755726
869.629806297
353.487252125
240.910771864
242.408745717
172.725215299
304.325657895
824.756933890
948.820320187
955.817974303
828.612696017
850.458112875
774.927093345
425.715867686
104.990475759
306.243367275
825.484706097
852.746152146
825.768127261
983.308191769
831.195524531
675.088883037
987.121066761
906.875404893
509.346640315
401.218145153
115.191145493
279.171990006
987.629485622
715.357952357
907.284409653
891.364684066
864.369134109
853.984191891
769.076719190
809.323791816
941.909231296
635.255853968
903.607215553
330.387651101
355.554496526
783.460273403
827.890693268
888.323702262
622.523895124
466.936826562
660.939482858
959.852073133
242.717943300
834.931134885
746.083105291
776.730970774
505.257360164
398.913524479
946.716958758
575.586657246
941.095106777
734.609420032
322.639117281
411.625000000
967.896172118
861.316434303
978.534618703
756.544777260
699.586306327
548.942619952
641.085017763
588.718948226
933.331130950
534.037451870
951.350618857
548.986338628
452.756004930
743.326980541
997.051653627
747.137872152
363.133584236
648.968412174
167.053883523
758.189290349
476.906699471
466.789031576
346.969739315
336.419381130
493.966598061
650.460606032
404.902457389
614.836563649
907.278898686
324.855352426
606.346534653
700.994293843
729.863000843
823.394194782
173.173323581
751.119164980
872.470629878
585.579200450
981.721956564
313.762649147
648.897526579
873.908462026
973.611832303
828.475241546
501.823674212
268.635443038
751.226996326
919.882601205
835.335860597
327.331636112
725.554960013
759.963157002
663.857665468
901.813173556
551.702818554
523.600993124
402.651216787
723.555111930
943.981461682
777.015443862
859.718604651
651.725402298
780.706731110
906.602448706
878.504980066
398.562416693
998.198377077
394.499683143
282.111680013
620.847826087
511.752870046
712.959325628
456.996717713
977.921776013
678.641289637
826.236649722
197.428468059
623.534281335
449.118024577
648.813532535
967.650763447
797.132360402
490.123453836
962.047815859
749.935330545
369.809410373
926.547354429
740.993927111
523.414749506
877.911161731
662.049847066
981.270095336
635.103141230
822.068731920
826.416964981
899.902216910
949.747334821
610.163092951
122.135171020
456.646471573
878.563139932
722.826396862
665.057140402
249.341131785
449.470799941
610.124577443
590.707203274
478.886207977
689.308348999
896.818822282
309.774111249
882.437533200
457.223194748
307.897710287
925.066484704
777.225192592
384.602392096
764.497874425
759.297043329
721.803324100
462.870410367
867.250252234
107.508139227
676.519770591
225.931405519
984.920301344
872.177734180
554.315794487
425.128215954
927.189840324
629.240812408
595.802819731
412.538483053
496.744403060
374.743912559
317.419281078
807.258322969
499.368601336
878.895329377
810.917998320
604.926441809
363.114307071
743.129867520
579.399689334
455.881563567
896.753590544
559.939282423
945.843010229
501.223503040
126.233909866
716.011173097
740.421501579
984.360706245
625.119188635
637.371947924
339.122396783
592.362220267
721.354975030
839.173402820
667.609916044
685.180268251
755.821407477
615.784865030
898.428071690
901.937913608
363.549171365
855.358988963
994.219291706
585.182022964
911.266700807
540.695847959
988.814947298
995.921181620
827.079198142
896.307424939
710.767894604
902.873191539
439.645311587
924.995675666
484.440914870
702.266331245
989.955554558
593.932656115
964.715502104
972.638746146
882.674345385
668.033681786
638.634480748
730.874829001
711.325523231
777.989074473
929.964515452
609.933602944
803.336791141
993.512959151
478.992693055
807.810621371
422.210847801
852.330921650
626.283482139
595.042015323
811.218836073
886.735022428
557.654014600
619.638604351
154.744957983
900.313834171
578.144445619
906.198101962
721.004854353
692.621108543
940.972369414
878.502134320
982.776678600
963.526336274
260.840947706
579.794791284
810.477020038
930.499328318
782.598236645
963.729215081
706.026912181
868.617867650
891.938899253
435.629430670
798.258771930
551.254931951
756.572534527
780.206382953
362.378255418
539.250405656
516.250907990
902.910294548
758.706794487
885.588504894
310.238620245
263.294511906
865.953231994
455.169199309
888.664729380
596.409255461
833.697187238
875.498715020
706.304466926
863.940391462
927.249696684
980.886333884
975.264579486
977.756615933
748.451735251
968.637186980
772.322471510
920.454235690
187.285877738
746.938417810
969.241971852
920.714396542
847.039550434
668.673313360
690.333252857
744.077952905
810.423346159
560.321336378
973.818258369
963.529968397
472.906967595
816.037377451
337.909751265
810.943277918
487.522307692
988.937814021
943.913131596
365.533856161
815.870700540
240.626266230
689.821716098
972.135278652
308.178519693
476.571085988
772.779399311
830.310785188
739.127187972
324.632099460
778.025063864
442.637549243
885.313503794
574.623354903
881.777749776
819.709704713
368.479307424
453.304533399
374.730666667
605.083465317
900.665864791
951.774658204
811.834342708
816.805385557
912.751335250
255.458414873
809.940121244
348.683237337
680.486590619
778.140732773
842.431006077
968.911244645
559.218204282
572.276157113
792.178010298
937.221958770
819.796316166
831.878596912
854.790617637
866.942904694
678.277229457
596.274265754
972.611433204
393.025444469
996.899192496
462.104966457
358.679522694
999.282242412
542.806595391
303.235881782
672.936846963
871.842875752
737.583893533
443.081256658
851.858556334
627.541235060
924.085493880
774.730275644
639.384078626
870.030459237
938.617067818
699.576300342
814.527470382
827.240593782
679.499080205
746.884194504
362.960052898
845.084019492
397.639283774
851.481062620
944.212899721
647.914346191
973.083757957
978.533085797
962.738801545
535.756474529
776.670457788
922.802254007
926.423769125
746.026138952
831.936896645
807.541949375
796.302078360
688.015988186
950.880644652
921.903465662
823.774240918
944.254237288
120.498962651
282.272917582
589.674576271
372.683511843
565.963779760
579.811176160
737.128211374
775.847278786
868.924047314
978.886101648
335.654584357
320.612149533
374.480974150
402.671081654
855.869733079
939.058571123
688.229612847
886.002257336
705.282978723
870.521108302
408.120098039
653.409519367
711.545501005
952.036238806
311.295679379
654.513559829
704.440203282
301.111295681
908.792055423
770.783367750
725.028964939
673.706167405
599.720768358
480.286372907
631.628846713
700.521948267
312.457997177
878.668879613
757.802084980
439.595268400
664.557747679
990.894545348
776.533321886
689.911588539
529.563027410
614.809726664
738.209319909
729.203675261
749.337707579
661.669857255
664.490030023
598.504803657
816.348577510
452.838823424
808.523963776
300.667590548
421.428523002
976.942169908
820.156692346
390.648179312
512.497804873
719.653388792
767.989583333
609.868018509
756.007936466
300.586094478
571.458659922
651.252639150
678.629501274
688.120628960
914.558363365
441.090693622
371.788918608
403.962869581
486.903481208
111.525781852
894.228717946
450.597381262
511.809570312
119.084003964
772.169670474
602.008305591
967.323627335
682.406770189
927.265873415
460.496471213
552.114118639
951.546110286
631.687422702
613.734470272
916.526717557
970.468443588
622.394569385
670.358113250
389.816623555
943.859099654
179.783202803
497.337913294
844.508732933
696.454592920
869.391741392
835.008383191
778.143945552
733.799018806
902.167390233
296.540047886
804.694351913
782.724089319
605.238842975
487.995901622
972.590355700
648.408821655
306.173153624
663.806447694
523.603857907
294.565782127
805.059004049
796.389352013
822.942282302
441.320745037
943.664665016
828.746644035
933.637509958
888.574138719
598.731993470
204.381995293
909.808221550
671.157955900
690.510130246
840.531974407
771.889888520
807.301059085
789.104555810
978.313855570
740.902827637
610.200786627
983.116981849
809.775895283
365.190361319
319.294534873
226.092901260
710.501935254
359.396716735
938.538757857
383.224477298
97.483331909
431.393092202
677.002954203
793.527078086
943.233269133
633.678940789
324.669062277
666.168146942
698.944203782
793.466445423
675.852794623
382.136103114
773.582574778
841.650164855
437.827625571
742.342912676
468.075848554
708.314901721
845.796665878
719.262817056
797.887836729
308.004870130
486.210905350
823.101451827
343.805177390
266.497654774
172.762843227
881.240602787
920.940280366
670.302170666
744.374233837
130.234404131
498.474673379
509.946075581
729.693086167
853.836049836
711.653707923
971.379431530
275.864096975
763.550260297
361.433258016
823.530813024
587.697200946
611.478536009
923.688259100
733.626608024
866.018475553
76.778903352
893.160679833
950.940588854
154.848312874
589.873715298
880.310172610
436.641729568
872.746849943
913.095832868
150.492524731
926.007019412
517.151815234
87.435690653
805.144086484
850.105875759
889.862348909
547.510730488
690.166646543
442.819376270
954.801570681
160.436903485
241.834654258
413.226331075
755.945103827
787.921950449
979.894382064
684.633478586
473.424756429
985.894010531
647.216347136
192.124959400
929.829554273
803.891783762
739.476165945
591.949322155
585.171770335
930.123118280
847.863196512
912.849385167
563.998226950
980.104076106
782.463417675
533.609407713
468.943493398
546.630588240
834.707134269
700.865893021
752.892422594
988.964610085
845.464960835
897.535514618
705.394216024
954.820925619
957.248139199
898.881535039
835.361000718
646.071977414
751.679452959
879.994886349
728.011675731
503.838267701
758.017150202
533.243846659
942.573604553
974.196078826
934.425491947
797.445922931
806.806048564
719.394189579
729.932188631
889.339642656
596.393326589
550.685935902
323.827114368
554.415908863
644.187084627
839.890469049
592.767239311
462.009740157
92.217135067
144.190845757
800.277451888
924.987567484
811.819561233
711.031645570
445.276318706
992.764322486
993.987927494
536.780215731
802.424451273
696.740267245
310.232171123
371.492933984
910.916022474
420.255874438
978.567831067
678.958761634
764.347434090
757.132088872
76.151165454
127.538229563
655.814786585
782.134259574
499.122244489
490.012244745
493.712466928
574.563312438
572.054193237
960.540472859
431.846037379
753.527039993
953.941823042
968.596407179
978.420666176
929.093106206
245.177486732
515.350366256
784.467972578
927.477762537
772.656456648
181.876331610
991.938002095
573.530296425
905.740580961
804.090169133
828.205892276
566.433579513
674.029672937
678.410642689
357.312188637
837.604321861
708.894209315
458.280481801
771.280104761
520.890583605
574.208150412
396.260015646
172.800578035
864.596437652
378.360938787
285.938807275
527.694040141
222.094574450
944.618441488
872.639673634
875.232540529
947.517282164
987.444175637
440.709654988
109.726933795
597.301431441
481.273311124
300.609381091
866.239574252
882.710031664
821.057245264
493.912947795
842.806620762
964.295079320
664.700684519
722.423698393
989.995454535
211.461580441
59.219929078
677.165415537
978.440085033
849.422156528
691.854753543
950.451471670
656.111271051
978.590823583
401.734987274
398.100489826
533.848293057
875.170840465
922.425606767
820.399902487
651.216553844
742.115229111
923.102919506
273.452006758
879.395815329
790.196810928
895.816387437
971.388696661
168.531896091
383.928378737
492.747399790
724.155370069
484.502837969
705.480687191
820.484612910
821.066988741
598.558269295
935.822632768
980.210691637
760.034868421
731.994535519
600.334906551
801.213454705
677.558115589
797.329919168
409.195599022
152.712147519
990.859223099
717.172224783
440.620017702
978.968845265
679.380600253
670.859895954
327.647676628
363.331804278
491.450913113
405.108627408
867.002306802
868.163579056
202.027225907
790.807814832
636.072322932
837.474775740
976.739473964
896.123875365
305.396463654
837.001194742
656.460966090
482.722487570
953.647274633
517.355777005
414.044683579
526.810212505
923.372081016
985.943203232
911.080128199
921.386997955
16.822603841
859.207192707
438.364003997
844.747891385
392.576107998
939.053246627
619.778186128
491.922758164
781.027528324
313.603252551
627.898877210
526.408586556
420.453326780
801.657657607
250.388000000
741.559973046
742.496464638
745.721127500
681.605457725
448.561032637
823.207142826
869.253127691
816.780264208
402.055968665
204.399119372
413.537439614
86.954010833
71.035202541
313.191634626
589.760968529
957.582894584
664.434345891
719.041028037
879.655615551
402.791509344
701.197547058
998.655095628
492.781899018
763.533889228
788.430719848
908.203171102
564.023049174
412.907980140
121.548344291
541.834845686
711.156804088
988.558546572
586.175741566
686.328638482
988.742635876
185.070256930
896.574592558
132.913505710
897.736041384
642.837460021
841.354266698
845.278652280
417.346378923
579.448876088
536.979515438
539.480305479
986.110541471
995.962850713
616.127435065
607.285764861
670.781633619
189.488785948
462.493243205
921.462424627
992.006552398
199.687255884
929.910210719
918.705611173
902.484478936
750.477847777
194.514780929
803.174949809
544.591590093
256.052728945
919.614130435
712.748903893
482.754596042
801.067413556
959.612942806
964.102173009
873.744241765
670.959760343
490.519348269
662.950978580
610.199967224
985.979208706
564.075349577
786.601550977
606.856655233
505.727199189
867.296950300
78.390050389
718.714825379
139.244389474
364.188138192
549.796325937
811.679123792
764.075258073
537.656953828
447.840373347
511.920892326
773.695030358
671.935264756
