902.312584419
299.155477971
769.381569834
934.643247454
510.344001630
904.277612241
708.616962823
550.100000000
160.919234400
999.610924310
706.796293143
843.838847174
145.547243189
261.132150453
649.659911030
865.726284696
962.542986053
954.174512340
302.330944496
459.735793690
780.171135072
841.692936884
620.131437681
993.880777559
274.519580358
693.551730104
993.458101784
690.244884081
412.194129042
212.609971544
869.394616961
510.794479218
625.288000000
779.912815640
833.674396884
734.839455782
462.633765672
412.234223301
813.790513584
617.885102767
899.295835640
211.004739283
256.885188362
648.305483549
776.044458763
428.162352385
270.475507210
916.654787802
526.601367260
667.961825257
833.836314881
709.527307438
405.155525694
728.628163601
953.994234783
968.804933939
466.030041950
531.794133100
754.120016973
793.482198918
928.046873816
763.385223855
820.898288462
989.602950683
835.590808949
889.409354572
618.063103574
771.922923613
792.953970921
971.457775489
743.499159381
801.715660319
963.475998663
936.129798692
315.328400247
991.805928597
973.986652886
627.059805760
789.134969444
488.133178549
507.902549708
867.760335577
512.424628604
557.906802253
879.752806190
495.575423119
703.442961440
427.767460193
432.616458309
205.516422701
958.933261494
780.237179487
611.084282239
889.938761938
550.582418898
871.741934290
365.976775219
365.960380369
93.268435155
930.915678244
992.275163450
719.815948698
980.703319058
749.763962858
743.006056503
761.735518405
542.822254518
927.376946015
888.817191553
705.800255030
948.362799777
784.023596584
494.332883794
697.641741870
861.392477330
576.178791696
839.972618601
826.201549260
606.836058009
602.098837209
746.809882099
853.302408297
968.444629290
612.142140356
618.759242355
915.494401949
894.403152946
646.763480725
587.979591483
741.469486897
451.666912669
643.516122564
211.945747775
427.299660660
589.803357061
836.320512722
679.710294118
837.017323596
777.548712300
587.362749925
842.061161674
713.721934650
559.527479218
465.807939914
636.674170985
413.054475826
463.114456695
530.958567122
899.268035682
123.446344620
574.826930476
488.539660621
881.151519320
934.881810712
252.966400931
856.357402023
122.196721311
951.019453008
998.243457279
715.111879361
781.831183824
949.207564235
582.026631703
943.233799225
579.881896552
852.664646857
683.488112552
971.336193087
342.680609314
649.793813452
833.013805408
676.321669030
744.353410686
633.690776325
825.699097735
770.205816649
879.139920604
949.427291886
768.278595303
668.056135366
383.895819201
599.961666667
115.472940553
992.525062972
762.873515073
858.915595529
927.242147446
308.038958575
602.252491694
328.901200971
595.528336857
726.722092687
806.242519345
915.060653727
954.740278819
813.880826883
280.451421818
632.165326477
620.201580133
662.717888698
822.590420562
831.847942836
665.312708437
959.104269618
542.808437665
624.576656624
705.581320616
409.271303661
514.431725305
533.089110750
860.883848147
845.254399574
722.407779582
736.072686628
924.749695864
859.987209207
105.104709695
996.917749867
652.833843798
731.505297315
590.928083611
417.098309754
995.419007253
425.644217628
350.566684099
910.418035849
109.059616724
131.567477204
607.706343591
699.891420150
950.723934694
600.637994136
428.165855715
682.565748608
775.986468954
988.638457678
946.891229235
830.499849488
734.965985607
795.008805031
761.717795512
902.595147339
753.584102805
956.311664678
919.711367767
817.483333333
358.141033672
486.342471927
931.055852245
701.670863012
739.184009567
875.697436333
454.160764488
611.459728846
686.721195246
428.032709031
878.346173214
702.272739041
981.237483997
624.265968972
694.568931064
586.324142433
977.420585009
326.681802370
692.243454285
963.439671178
33.896902513
756.884403327
515.393053892
504.494047619
804.029228324
406.130520892
972.844283532
773.439073231
418.100478469
558.257109225
494.951512777
580.876923739
472.405546136
800.394277861
831.211766038
648.732610557
235.626825127
522.242280939
579.943102259
752.812061540
823.558741074
171.915677005
385.388116060
425.520857303
626.297054120
746.531981900
377.728738647
945.436407169
389.894857622
845.215357172
776.488248462
785.782412631
301.137842192
72.993150364
716.327439099
559.238768327
732.126355215
447.838140403
504.563366337
682.687336927
998.612036779
890.829388828
267.804032830
390.008974256
817.384854416
865.020808998
829.311159939
966.237030961
770.351218601
149.566666667
889.853920596
581.523860216
988.019736645
699.109433494
688.485293977
457.560924905
674.311500718
501.708082454
786.424821582
430.499709640
980.148458143
472.112274782
919.741811597
445.071904303
472.809686872
644.437740534
839.954165416
603.491507811
432.119196519
881.785121217
959.468602926
556.255337073
950.962144357
998.844832794
698.748881931
464.067882965
796.506120504
627.367515895
932.387794858
611.949344309
906.742521337
993.070493454
977.098255039
875.233111805
161.956784359
381.684424649
747.664363200
978.314877736
883.325534557
472.901681114
858.129360877
614.939834455
958.040187049
992.163293012
899.719956431
751.037948442
510.227400290
872.393833082
731.858592899
435.722388684
965.993271198
701.632382377
453.232831997
239.115035077
847.252656434
846.372849281
612.460610979
758.376555545
888.430638823
839.483174340
765.380950900
115.602768133
850.124696736
946.053381158
996.794863562
905.128720129
338.576431548
983.965954696
422.014217770
951.642264719
233.070815451
608.274609038
826.113188371
998.834320596
624.141810812
341.572832655
813.874068883
652.111186935
765.036600432
590.421883063
914.734387678
374.538382549
675.721096311
782.886965021
928.980085901
944.482927321
706.393657956
929.451451126
834.427348545
844.296748780
891.812760617
812.508610086
645.859891927
210.461397886
627.282233130
658.888457937
723.033194259
727.569927911
901.675662309
279.658720586
371.253282814
413.049636804
714.289857131
935.743554613
783.661916900
870.345333761
854.904088188
163.621514478
992.271132302
551.284862843
837.812628217
617.842212867
590.879018613
945.826093952
625.500599520
490.832993890
341.378090217
914.493849077
989.767144332
903.134541472
567.549997798
927.599051315
730.477925745
901.508735399
672.753298022
187.365952127
550.787617871
782.660280971
868.692120374
672.497583639
638.638395338
951.164023710
918.246154362
836.831524263
837.743397467
599.532317728
565.594377624
865.547225748
608.910502455
512.054684580
759.532751104
715.451605631
972.579045631
350.105698326
939.510510851
919.973912674
973.991273062
907.279492834
452.339474289
284.899982450
738.117876765
225.088871338
574.877378229
968.877701261
411.564089784
613.190834896
421.212535426
977.817978972
397.392752828
402.344379854
931.707035500
839.605859923
523.424302072
454.389700588
915.493309642
668.742850429
948.695420037
237.676250421
503.433213048
861.810303953
763.766325521
819.017094017
366.953675550
550.124531356
547.541779228
295.913838811
795.834781849
617.189627229
615.070727640
666.281472052
941.981953118
982.385871234
808.554265340
528.910200318
874.444396157
299.198996656
754.069625433
522.571526205
912.616020022
630.833597464
806.688291721
565.762317586
603.452566487
657.517477204
688.266663438
814.158461235
405.286318545
968.552528261
770.679570250
620.614211890
537.485813766
895.502652146
652.299011190
840.880490914
814.842316034
925.075132097
768.657347204
411.925964241
810.125299346
483.216307672
798.179804305
638.962440211
389.906399024
662.600935707
307.294646878
931.005370554
790.054428505
920.242902716
434.153201290
925.390728287
297.338191291
940.677415483
895.987723130
839.708878124
690.727876953
458.021834061
984.210343372
616.262119556
940.524321855
163.908511287
807.450927301
827.996376804
923.641705426
950.408333297
164.051821081
828.893237999
727.070835614
935.281241125
777.000000000
252.679639069
735.274098551
752.106375482
639.910931396
822.293135080
724.817218339
898.489844127
676.068783483
582.497210294
906.506480948
623.893420385
803.785419126
458.428838534
132.431114169
724.673029718
869.496405973
368.732965708
986.458924949
760.356495336
958.698597057
686.818753384
757.765135118
953.925049467
847.985848939
840.105945700
232.374697418
100.757133742
860.551567310
96.757438017
976.192603947
300.134969639
176.725776275
471.499734889
842.896790835
703.702351854
941.015940354
934.491305471
911.577204629
529.605513566
907.588105727
998.228430771
621.895489612
466.742969952
882.659617293
935.299417299
777.097162522
252.285552500
889.853920596
843.042111507
856.339885793
912.980284775
934.009100598
447.873866172
666.678333231
878.783249727
990.983854561
679.798499557
950.854878517
986.495311697
694.664667304
643.331951639
921.620854799
685.210186731
626.139760756
807.606339747
946.778749233
944.071501529
784.085454526
377.319493268
554.433945570
776.098576213
662.762400865
305.165528853
766.014360313
689.112472678
294.558992394
109.699589790
926.953612647
130.426224357
721.579517448
861.601996284
721.494975727
967.922000990
830.981347566
199.862452702
750.179978405
825.262988386
688.926701471
927.011866159
117.736995036
401.980099010
988.810902043
918.065901774
210.841172450
793.244602881
826.743007228
821.031059097
576.017360856
858.142762016
733.972751538
812.754575502
525.474071672
718.240906660
308.891566735
885.946386640
810.255555556
441.618613738
651.117501152
871.902517487
691.109976776
784.324550170
734.563816152
894.627296700
162.074057147
767.882803558
350.700727116
609.428420735
49.152822910
949.785765318
286.232423041
947.726226291
708.541459620
559.680265866
547.890500009
751.789199178
988.953487278
458.721048133
570.711836219
645.279009422
647.986110962
235.153141612
370.514507138
825.892850193
774.093017666
159.539963645
912.089907849
892.742441209
640.884544985
174.484956372
680.277149787
547.966239836
850.336992021
882.262999337
971.404653067
997.971442477
943.341931645
605.278448319
561.936829199
580.901024273
472.991543265
781.780020210
203.850435369
961.078040536
104.206525707
370.840936252
915.780021834
207.530720617
966.032608149
925.644100073
718.174073606
995.214047329
975.550613756
499.499749750
403.152576576
232.946345754
459.143768334
646.212039504
645.573388547
825.734218741
956.824435307
850.595085822
696.738833070
504.950492623
459.301643803
721.422899553
917.234430230
696.132171358
906.507584083
523.583804180
721.703540243
954.862293737
351.984374653
293.376890705
495.880025813
469.116190298
760.894875164
813.218297876
467.033189399
930.905473182
762.088577529
906.317825048
578.390006829
553.453701767
619.698313698
727.352046811
195.164033572
105.943381105
517.275555193
975.295852549
956.218071362
613.705140927
926.305025356
499.674894306
383.687372740
790.219589734
692.052743655
977.827694433
158.398232313
389.472720482
863.936918994
836.462192810
915.279738883
760.122358571
784.278649461
77.711003082
607.587030803
853.574835618
876.195754384
923.271357728
537.937728738
395.569444444
864.404419239
426.078631241
924.895669792
696.745290619
756.843461030
307.696278821
395.586905749
473.480728224
715.520789658
292.629458531
680.926575121
947.510949805
295.084733594
346.889031248
435.514638347
924.206686840
536.423340283
894.109612967
925.184305963
627.640820852
630.505352872
951.432604028
647.458106753
216.120336850
682.838194597
433.385509679
885.249117480
799.809977432
856.345140700
311.615147257
503.399602386
669.917159058
845.211216206
863.666602341
596.023489470
965.335174952
979.370716328
967.836246480
926.792857115
351.017093601
860.722996516
410.270642382
816.622311724
502.280797961
242.542779732
898.558846153
426.329684634
493.612195960
467.551066730
441.969455958
584.011130031
845.861099708
959.965624395
552.513348255
823.521705846
897.295937804
983.797235210
747.208137001
427.285618761
463.550428756
869.653954168
250.792743117
756.454228622
199.215963216
929.088262835
926.427007378
431.175139147
256.834577111
815.865185685
668.851254017
945.828208503
208.628857064
483.963842975
903.181598573
407.624827507
835.714664225
635.410890684
957.800605554
790.747115075
613.327079935
671.259264368
824.762390025
878.929462471
435.198805145
971.859557755
381.548162098
682.522527101
644.860450020
770.362901495
357.682820387
876.342398837
593.832467957
847.685672876
712.703304328
882.371237065
450.840326502
501.874486301
641.978192776
260.562852302
368.093738061
921.049944357
330.836817782
886.693295346
613.558474576
486.615864928
546.524473377
918.650096609
748.776335096
946.547939778
667.427898728
837.584622591
917.458990909
849.864695113
892.782168281
590.203354785
547.197440585
791.336843575
985.160393033
912.456574309
778.718819601
881.312657347
999.839487118
393.087776457
893.666045008
319.197431067
358.404799075
307.803508752
999.799479896
600.094159278
930.111283664
988.239849429
902.365225394
385.262248345
880.282386364
219.494874715
723.788643183
984.947206707
786.236605609
729.379873591
617.147470221
911.347354196
771.166000288
930.103757653
992.734607033
765.493958173
484.274715425
334.266360856
513.021442047
279.560369151
455.510702525
902.928568603
238.191099750
627.416926772
535.704209446
882.583707078
763.405527881
256.466372065
808.667422368
846.896097523
605.313968119
398.867145802
382.618609061
714.869218809
767.325224400
666.264211856
917.911760465
814.454418614
388.807150140
502.684791892
857.904423592
814.088447283
894.048097140
934.262810991
811.357504433
563.112777337
898.381878713
879.715294854
668.199072133
523.672607647
779.790997640
568.034329948
531.371809565
488.269392856
150.246464185
968.536524866
480.535118384
660.554312680
794.213447380
682.345953311
604.814021001
958.213441870
565.888681633
885.037852298
644.402048414
358.940111421
811.091240244
837.416861545
998.514396491
349.131780278
777.034748258
669.354913331
619.377106455
420.825379463
726.627140105
390.123057509
667.259319905
630.015872816
488.339139344
951.349042150
904.747478582
998.977477477
916.749693210
990.728519828
349.621223612
615.612702923
741.958893740
994.202192715
933.058412817
250.808692038
335.906236917
352.642878845
570.127178794
272.767300093
798.013157786
116.931603940
875.763666750
419.045343609
902.044345898
894.497624368
839.414677022
141.566238913
603.254508536
683.550290761
846.053189817
961.962577963
714.681747353
970.680173899
671.373219603
599.106835214
566.228752361
464.780593399
614.956095994
321.822932682
848.998822143
627.858264263
218.718997803
658.196019435
857.454956268
607.784501300
461.762926186
907.938323897
987.123599151
684.094291746
587.914109373
249.086330416
618.702674964
948.190381727
924.822685708
389.441908377
970.343753522
977.880360780
512.720196598
843.999407583
775.669388335
719.096662031
578.993955063
909.747802198
908.876229197
676.452511267
775.661653042
600.389873332
779.296534018
972.274652555
870.829489625
527.285501413
641.346240341
452.307417590
933.739256966
806.422345921
608.804566343
861.812044474
822.090019402
464.818244048
955.216205893
960.230208333
204.787694943
849.662874321
986.854092559
718.303557010
574.398816155
266.793927967
779.856397037
737.653712795
227.546052632
730.891920875
906.739212784
404.498454880
739.668168843
992.520528755
468.559494622
825.513173729
939.252396166
956.043932045
870.117233481
778.064264698
911.998903508
651.749184886
863.472639983
452.053094227
984.142266138
966.086435063
445.601840215
909.489417201
664.112942202
939.095309327
822.524163779
634.903142219
172.647038781
231.635489509
473.184953269
804.236283688
787.374116923
654.061923674
395.919183673
868.324248193
738.050135501
649.916923077
958.385621762
934.778583409
945.661673116
821.606961996
887.698146895
405.809068405
684.607916986
926.477738534
199.592084022
958.788819292
748.140361162
574.798225467
414.891552095
282.124113475
401.863160790
761.789340960
408.772552895
330.980361955
843.058123740
620.095960316
940.788499079
736.352497110
769.023406666
250.027998432
963.826747917
322.605021699
991.317809787
457.103926914
833.288665470
921.838380629
886.359972020
175.542017762
683.963449316
955.806465766
785.890577625
489.947958767
782.125310063
247.321652914
968.445661873
844.613521085
731.495044412
925.050809415
948.181944567
990.837020589
908.287399450
946.118914491
655.230493796
933.646614089
774.745764751
776.190698218
934.746489697
796.287636473
817.586797066
656.437354208
571.099816144
152.885578130
831.712690782
952.273070085
886.672994965
905.791918710
914.292075871
710.012675943
948.672757066
718.506784937
902.919708501
909.447084772
947.739943233
788.610169856
803.932211073
775.825366948
807.930690097
612.477754698
917.877987536
543.735229684
430.714617169
864.536870237
869.598183071
619.682983468
738.782105901
827.291363426
922.032537387
940.230822724
189.670767384
200.833264177
307.489837230
469.891476833
420.676835588
987.370751035
803.670330422
302.092701092
825.377489395
774.949030582
621.664701625
795.732367068
598.082775920
984.969035047
919.585776315
826.251777610
642.370609539
651.142089094
959.686407114
748.777002852
439.599818016
953.393937468
530.634525827
503.711226796
840.266029303
934.290640004
660.524034385
668.033681786
560.547946210
841.176575505
751.624906453
847.828402449
429.559076263
548.709394853
507.918300517
941.329910762
731.620120008
646.218229393
860.363295358
414.626337803
994.264552320
717.002789400
503.830328583
854.420856487
731.476588826
729.893827922
907.054022647
743.388189306
579.505823957
809.563462614
876.681812479
797.080924373
833.976018840
541.305828529
557.462106335
219.246436687
782.084394423
946.922383303
949.033192254
502.406210167
900.950609079
976.403092990
506.041500274
412.780813508
522.572483011
720.869613731
644.582810823
266.405705645
708.176531664
642.692772637
406.190841847
241.634020783
943.637642318
693.416902015
954.952878419
821.566187230
346.974062455
601.017470628
325.373631384
919.707562217
494.435222672
853.576592931
533.334791686
199.489348087
841.706599713
824.147438266
588.344286961
578.925729261
858.823031829
342.428094642
474.804170159
643.265885929
687.385627000
969.774716107
622.631512212
893.704649211
579.590372591
880.447045540
666.754827504
506.811602077
706.931396954
734.518890159
290.938137754
597.747438305
732.770086726
458.956424947
638.233499591
666.535820493
680.566675646
901.058821609
429.305252705
612.330792955
957.856461069
742.697111883
169.614268268
756.699411920
182.354057018
76.804947757
897.085841695
404.404500470
772.058935574
522.459567814
954.893187744
633.276400950
569.670957659
601.143077811
613.422367134
510.048036953
460.716832773
918.620705188
641.240984343
367.371746328
831.459560051
566.445937403
583.873273922
912.521232630
570.997373030
715.186688914
566.041517912
670.395405712
604.861967725
330.993957649
717.237059834
724.616450269
548.914383124
694.880565277
6.324556962
667.582953647
210.917045305
699.435486660
613.181050228
432.614146787
809.582608509
616.689627229
964.033713103
645.220117479
517.874502172
610.576776499
947.992616005
913.187275515
851.904924273
589.608344581
921.731522733
754.904629752
845.653003429
659.004552336
491.419372837
903.854523693
876.741124848
725.359910665
897.367818141
827.906999608
362.903568459
418.847227519
608.042761654
238.916303337
393.155188199
842.522996719
789.814556962
834.916163456
287.062710919
429.502037248
896.281763733
553.507220217
345.393977944
673.949553008
532.349509251
853.185794537
799.226501062
933.881684155
955.460098591
283.848551168
474.250988402
611.042551710
982.796011388
475.971637810
486.437046287
966.714539044
899.587683331
746.982596852
503.310043611
676.431213018
588.736783291
497.369078251
556.378468311
653.418702173
506.964495818
457.711699654
423.310760553
978.079240144
243.069948780
593.520850518
757.254910846
612.921691572
781.264359868
602.231682993
509.819576304
972.153794417
725.108267778
860.327844487
779.173280287
414.954214342
939.628117929
692.287512531
301.054812324
925.637077909
612.650797763
620.848612787
963.733365615
707.533744778
755.742681076
933.141468374
865.648313309
641.062399459
533.837990405
873.174094897
287.894077805
386.097138037
835.432821955
387.142092777
947.728375527
394.470531219
952.190632174
405.674746564
989.967171173
903.900990153
852.931418523
799.889367350
846.776239629
748.429689416
715.692671473
646.857016658
387.291879595
567.382716049
623.480553025
959.353949280
716.880045754
576.965336914
997.087763290
696.532124169
668.700979512
487.685349380
410.928217576
858.532468809
613.956024484
307.091191668
566.517431329
171.300904843
608.998357962
937.481200000
765.840714509
270.025925926
699.999285714
865.135260116
550.029999182
985.581046896
590.441360340
557.524887337
828.218570187
712.754515945
486.591204195
981.251751591
862.048142507
405.871900974
882.213126178
109.494292173
413.388437187
690.802431959
418.825739419
333.738023952
882.154181535
959.914579533
831.083629968
972.403722741
840.780589690
629.670548780
894.190695545
918.940150391
602.749535424
959.570216295
469.298412527
555.698659347
979.718837218
888.575826815
406.210536545
542.454606396
927.176897900
935.087161713
186.196133150
492.313924436
403.712769181
791.822581138
783.543234289
495.806413877
904.098999004
780.855300296
876.950967843
281.748114457
959.359682288
584.784575720
835.748766077
784.824821218
742.866744443
947.467149826
520.694728224
672.559291067
672.267803781
966.317805383
63.875000000
781.227879687
586.502344411
888.351844710
661.922200867
924.493915610
985.838729205
453.937224670
912.937018638
980.736967795
836.830926771
62.992063492
519.185934489
806.186082738
743.509246748
396.811038153
480.643318897
906.958653964
493.769176843
793.752480311
567.724404971
788.497461929
956.893933516
782.547762121
462.393771584
128.891427178
989.802000402
781.299558428
720.091660832
754.880122933
281.574146540
265.231973947
89.727364834
632.440511037
973.532854209
842.889086595
266.893237082
77.801028278
919.170821991
638.189626992
543.230153802
747.820165548
558.474708469
876.417708630
953.834891373
780.796388320
438.336628631
461.482394030
394.208066889
609.791767737
845.496895323
782.360530702
501.483798342
573.782188640
665.994744724
843.680034136
748.818402552
870.977037585
658.637229437
451.857278361
482.036305687
994.549144085
887.404642765
908.689716020
692.492599238
690.192726708
725.851239669
842.619724431
881.797028800
920.529738792
787.848335659
956.565732190
955.746828402
942.019108086
614.640545360
568.007042210
424.830554457
304.131550484
972.225797161
907.116861270
761.279843422
895.669581933
995.796163881
582.692028434
391.218608964
973.709915735
874.374633667
974.499358645
561.673487544
697.938392699
618.992730167
945.766355925
802.809441898
165.320900070
629.197902094
519.235977197
769.442655433
213.356513590
865.271633650
767.933590879
557.773251420
363.265840220
379.486495389
884.064477287
972.439201184
951.762050094
797.481661231
587.877538268
633.258242539
833.003601441
385.270035170
828.746682750
809.375685328
599.541492911
241.855371901
886.956030477
867.877295474
574.067070197
968.892666914
774.520496824
789.729700594
857.754044001
939.277382093
833.628214971
435.883011828
298.718931439
516.652687983
998.037574443
591.537827557
714.421444247
568.578930317
851.504550781
897.624086130
670.941130055
560.529214225
891.007295144
385.331026521
539.505328982
803.854464440
750.042665453
931.077332990
822.172731243
436.581034862
706.932104236
753.746641784
317.926093111
721.650885124
710.978902641
476.849032714
844.940234573
970.055153071
639.638960665
967.623893884
779.364484693
335.240212385
792.725046911
949.083768695
520.011538334
379.910515780
743.946906708
939.565325031
346.101141287
975.510635514
732.259516838
434.864346665
731.448562785
746.892227875
488.836400818
469.661580289
481.192269265
576.473763497
911.114701890
818.591473203
498.151583356
720.047915072
537.035380585
522.507416215
548.268182553
606.186439967
707.008486514
558.146038251
849.735841306
370.579276269
852.966587857
541.064691141
722.452074535
689.560004641
889.289604183
109.256578749
900.634220990
380.640250105
454.435915493
170.378989315
859.380009076
253.899586451
261.963737949
661.015128420
743.979166375
980.106116704
910.140648472
714.711830041
353.324213719
253.067193676
277.937043231
727.559752747
979.194566978
969.433339637
658.292488184
554.496167705
335.874976740
967.113753878
714.949648577
653.619920137
854.196721311
517.464008426
935.089300548
468.605377690
477.514397689
866.198591548
960.232263570
873.278878709
637.874595826
64.807406984
993.842542861
898.345768374
569.841205951
902.097555700
534.641936253
539.285638600
837.409099545
434.029952883
803.422055958
937.101915482
806.591594347
252.333113166
593.795419315
903.979535167
615.067475973
729.856150210
286.361888112
898.512103424
742.747601814
662.421316082
992.514987292
701.262433045
772.756753448
841.918642150
112.831733125
876.970923121
722.777974208
259.206481400
798.646980837
994.458646702
838.202242898
516.654623516
734.846242421
524.260431465
950.464623224
784.810191083
496.691050856
716.050277564
543.458370071
376.498339970
317.951254126
262.973382683
546.010989011
606.244999979
768.259070887
649.169469399
962.735685430
458.201920559
891.984304933
980.873080475
997.449246829
964.086095740
632.347214748
999.638934816
556.651596602
854.608187135
788.405352613
787.345540408
907.014332853
967.240921384
976.596129421
683.589181287
301.091348265
856.870478413
627.149902336
827.698616647
752.380887583
966.573846118
755.052978274
752.598830719
393.556857392
760.198658247
730.487508556
747.159286899
485.736554111
777.859884555
439.638487851
227.813520231
326.064410815
709.452605887
308.729655200
888.218441601
944.265322883
179.766515236
718.733608509
765.366578837
310.602640040
960.198416995
444.075444064
355.699311217
719.101522735
891.929369401
957.183890378
867.688308092
47.791212581
762.203384931
884.126687755
906.199757228
552.354053122
555.649169891
922.376898048
723.834235180
676.632840674
335.761820343
627.054224131
221.885105404
690.046375253
647.736829276
516.588811340
350.325562870
132.015150646
861.299599443
265.922921163
938.028251174
714.916078991
403.360880602
802.777677816
751.945476747
544.757744323
507.032543334
423.954006939
539.744383945
901.200310697
592.288780917
913.820551312
872.814986122
759.618983438
384.204372698
617.709478639
550.124531356
870.346482730
880.298812905
627.845522402
770.906609130
994.750219904
981.989816648
375.526297348
925.524175805
904.596595174
507.793265020
378.363583510
971.059215496
521.348252131
431.169340283
572.541701538
916.458400583
502.878713011
288.236014405
575.711805556
720.746834887
823.559955316
604.711501462
712.499122806
790.051897030
457.757579729
560.804778887
469.403877274
411.165418288
916.648242239
476.090327564
480.423771269
661.149756107
474.442831119
96.834911060
421.531730716
904.414175033
877.600706472
712.877268539
669.572251516
545.196330275
764.013743332
752.599495084
373.397911081
923.725649351
729.368998628
981.819739056
569.678857293
936.745429666
300.936872715
897.654722040
440.168149692
978.309815951
753.177933824
550.197237361
195.915798240
331.256700875
766.196450005
509.499754661
924.596668824
986.789744576
331.327632421
618.612964623
727.243425546
837.609097372
747.592803604
921.900753878
569.033390936
682.936307426
741.524780436
728.806584362
861.814365173
213.787277451
571.930065655
846.514618893
342.676232053
876.152954683
638.343167904
378.368867641
361.780320084
811.347028096
809.105061163
991.416158843
751.398695767
310.222500796
218.270474412
367.732240957
703.977982610
781.856764376
938.052770371
750.869507324
715.396393617
934.114018736
826.462945328
384.737572899
780.838651707
399.513454091
957.758350731
970.987641528
261.530112989
445.839657276
322.145929665
835.889944909
231.862027939
945.564910516
754.142559467
721.062410614
703.421637427
581.174698795
847.887964297
742.618340738
552.128608206
798.834150497
576.346250096
672.878146472
691.310349988
488.372808416
808.747797524
465.447096886
766.885910680
957.911791346
135.805007271
731.603717869
917.498228881
811.571931501
263.945075758
711.707102676
754.477965218
820.240818297
712.515262994
911.585432091
665.269118478
711.965589056
181.769084280
706.546530669
906.704472251
788.707170027
662.833312380
632.393864613
917.500408719
924.920537127
895.284312384
596.658193608
298.715583792
268.076481624
924.169913420
196.341836735
956.000000000
312.593985867
198.335574217
555.067563455
257.503398036
540.999075785
940.188829787
745.107374813
351.271974402
206.968599034
799.133906176
630.183306887
199.944992435
899.199088078
322.173866103
551.963766927
451.709070796
295.291381520
966.478142536
616.106321993
955.332926262
828.208307131
882.246564176
492.335251632
866.029445227
767.322617939
963.563697946
445.544610561
761.043362759
828.649503711
465.076337820
928.735161389
727.010316295
791.165595814
312.950475316
493.945341106
522.208770512
795.124518550
901.291850660
698.420360528
661.087740016
910.900104292
384.901286046
671.061845138
996.551153460
467.100631556
918.870502302
574.813013075
512.159154951
429.944182424
511.678610067
363.979395021
556.628242187
524.711349220
850.515725909
495.256499200
804.868933430
871.928322744
501.028942116
572.445630623
990.652310349
760.338740299
929.426167051
574.524150943
710.921936643
605.427121956
454.807651651
302.815125118
821.642335766
785.943382185
624.056888432
921.709281715
370.654825950
988.065281854
670.024626413
963.435519378
894.604381836
995.534529788
130.119176143
656.722163476
566.055650974
970.870743199
841.106414195
543.689249480
701.059198642
879.291760453
958.221790610
856.040886874
791.251540284
671.507259827
495.155531121
524.579831865
731.060189041
832.542491408
754.352702653
723.099578205
376.840815199
527.356615595
457.074392195
966.581088166
425.600751879
914.980327657
962.082636940
395.342891475
861.283344783
438.021688961
631.983385858
594.830227880
831.767395370
723.901243094
530.320657716
420.832508250
331.587092632
929.044133477
633.067926845
548.706661159
843.137592567
445.496352398
634.567569294
268.512569538
711.977527735
553.370581076
317.625565722
12.688577540
940.861838954
565.027433628
807.093550959
780.151909767
967.089964791
509.243556660
707.108902504
596.026006144
302.570652906
216.328453977
567.914606257
572.532095170
709.546333935
774.701878146
776.651144337
535.867521926
525.796538596
370.012162162
668.568620263
916.075324414
911.604629212
820.571142559
994.947737321
785.899484667
615.542037557
498.113440895
925.097292181
180.024998264
616.042206346
746.872813804
849.266153806
531.364283026
288.178763964
864.937570001
695.060429028
780.013461430
625.390278146
205.124352528
884.600474791
433.898605667
731.007523901
764.847043532
805.453288528
760.756202735
518.169856321
939.106490241
616.937601297
553.971118381
695.612679585
761.356683822
422.997635927
558.862237050
587.543189902
823.135468802
964.917094884
648.456630686
841.532530566
872.224741681
974.344394965
492.409382527
954.117917241
179.259588307
245.287586315
808.576526990
658.390461656
737.402196908
972.985097636
908.948843445
464.031248948
960.635727006
56.249444442
680.238193576
891.285072952
805.897636180
669.661108323
514.159508324
926.123101969
733.550952559
663.299329112
859.954068541
83.444592395
811.631689869
326.354105392
813.770852267
713.634360159
477.906894698
830.588947675
525.594901041
489.447647864
486.757639899
772.062821278
746.016756032
575.673518585
915.284108897
729.353138061
890.979797751
710.071123785
842.968564064
824.642346718
911.305656737
343.463556851
699.316094481
664.981202742
872.593261491
948.967333474
707.417132956
828.896857281
894.418246683
953.181514718
639.438816463
848.618288749
219.239594964
924.661559707
633.917187021
571.260010853
799.481707108
862.801251738
382.783228473
471.520943331
688.274709302
721.099161004
150.976821192
902.680452874
381.499672346
817.103420627
856.586831559
749.454468263
358.198269119
933.862409566
753.189219254
212.289896133
533.648760891
507.566744390
507.345050237
843.441165702
250.398000000
812.741656371
782.695343030
909.124303932
784.258885828
735.315578510
868.245932902
405.171568598
484.890721649
682.649983520
626.306634166
580.046549856
756.526271851
873.108240712
907.654670015
563.886513405
954.637103825
680.957414234
449.632071810
989.859080880
701.271701981
930.125260382
511.054791583
998.702658452
681.975806022
337.524813903
627.753136193
663.939004368
895.337925032
922.682502273
906.937153280
778.229400627
451.004434568
881.935938717
468.696063564
887.018601834
234.518655974
268.207009603
185.892442020
678.654639175
910.904495554
961.461387681
891.831822711
333.525111498
782.737547893
378.928753198
359.954163749
933.292068596
439.575932007
656.913997415
962.000000000
639.531078213
860.645687841
553.216051828
971.903287370
488.265296739
586.245682287
416.832100491
819.945120115
375.591533454
885.177948212
884.888128522
685.221132190
705.697527274
811.309435419
762.558194501
349.485335887
757.350645342
673.240670192
727.822780984
636.605058101
683.737522738
427.104202742
852.523899958
628.329531377
926.847345706
737.354053356
826.938329907
891.239025178
871.717270679
374.209834184
756.699411920
98.919158916
660.157556952
811.527571932
551.810655932
909.574076148
893.284948938
580.397277733
343.190908971
854.663091516
658.722247992
320.249902420
977.663029888
977.018935333
863.716388637
431.635262693
949.791556080
869.660278500
827.285319585
666.985756969
569.185382806
502.014940017
986.684346688
807.503560372
236.014830508
975.162550552
858.029137034
424.566838095
778.505619774
769.931165754
596.875196335
799.143291281
928.220340221
841.059450931
199.652197596
866.143752503
542.007380074
737.882782019
568.811040680
194.586741583
719.661726091
757.805383987
581.080029255
584.907685024
923.126751860
861.347781097
788.712875518
962.025467438
938.990947773
359.178229399
979.936222415
927.144002804
535.395181151
606.360453856
595.541770156
864.714403720
791.425296538
779.476747569
860.879782548
998.107709648
90.702811423
645.535436673
888.576952211
733.796293259
341.448385558
166.976046233
493.875490382
157.695909956
877.679896090
924.907022354
597.043549501
749.581216414
214.520395301
971.430903359
722.216034162
307.660527205
751.040611419
671.128154677
668.121994851
557.026929331
497.045269568
384.595891814
718.702998463
843.650401529
396.227207546
546.041207236
466.313304721
274.423031103
699.194536592
943.631813792
909.846690383
865.123690578
785.671687157
758.283588112
723.229562449
119.113391355
583.208367567
142.600841512
721.762426287
739.567441144
524.765661986
591.606287999
932.175949057
807.951112382
889.769633107
872.141616941
632.049839807
712.534911425
699.376150591
911.314435308
702.970838655
867.412819827
966.112312312
887.399008338
395.506005057
988.616710358
934.692462792
445.559199209
582.666285290
978.836043472
476.311872621
226.192395982
515.980619791
692.015173244
872.742229985
597.678006957
953.144281217
175.037138916
683.280323147
871.058551419
965.052848298
452.225607413
851.950702799
672.985883953
389.471436693
363.903833451
489.583496454
816.786385783
873.482684431
205.611283737
109.462322285
631.384193657
463.234281978
934.270839131
908.947193186
813.815703953
942.821828345
897.337171859
331.689613947
771.619077006
920.789335299
899.310847260
339.026548673
443.503100327
801.352606535
914.098462968
702.222899085
499.259451588
457.700775617
616.533048587
289.124540639
850.771414658
869.062138170
584.644338009
837.912883300
276.891675570
582.207866659
669.844011692
817.266786307
445.229154481
314.917449501
953.963311664
206.726872951
629.644344055
999.168154016
404.133641262
654.767134178
395.964644886
913.735191398
359.847189790
893.098538796
562.447332859
634.680234449
921.875805084
372.812285205
893.462366303
898.315646084
745.001342282
898.158115256
963.158865401
866.424260971
651.340924555
670.373030484
661.904826996
956.603888765
999.697954384
947.471899319
596.975711399
195.650198058
775.263826062
645.271260789
907.732890227
660.503025719
680.493938254
634.158497538
906.787737015
764.917642626
499.517767457
988.868039732
375.317199180
848.324819866
825.467140473
768.621493324
335.724589539
692.844138317
385.328431341
780.842509603
736.638398915
739.530256930
772.202693598
556.413515292
876.060500194
331.350267844
769.412763086
563.381753639
767.867176014
861.336171306
331.544868758
228.385638778
397.295859530
813.122991927
846.418439716
320.384144427
186.021504133
444.262309903
796.307729461
547.275067950
483.077633518
172.681788270
951.189781274
644.121106625
605.896039604
977.562274231
632.902046134
918.241798221
880.762737631
996.039657845
787.709337256
815.584453015
391.770340889
338.186339168
878.417326787
890.390363829
722.052629661
962.058730016
462.869312010
855.546024478
150.489202270
281.866989908
194.645832218
196.305883806
698.729561419
497.347966719
287.512152778
174.390366706
969.749452178
703.540332888
330.635751270
285.874098162
898.436419565
472.163135593
183.806963985
588.844631461
974.001540040
248.561863527
936.685112511
534.897186383
897.713762844
980.498852626
776.367181171
791.816266734
801.303313359
771.852966706
820.817275647
711.789294666
866.681602435
698.522726903
381.244016346
882.368970443
193.584606826
882.801223379
771.184154402
538.903516411
742.272187274
492.400243704
904.893916434
430.698270258
388.188098740
497.326854292
981.101931504
444.620062525
955.361188242
108.083301208
320.307664598
925.731062459
930.416666667
834.846706587
591.666292040
878.862901709
492.024390244
439.811323183
644.956587686
873.593154735
813.741973847
593.977272292
447.328738178
59.203040462
612.219731796
790.860291075
989.025783284
480.389425363
680.069849354
908.130497230
844.626544693
318.097469339
536.713144985
657.337812696
204.506723716
985.554666165
518.365701026
166.439178080
817.966991999
431.287607056
610.986906570
659.061453887
334.774551004
284.401125174
480.907475509
763.916225773
660.753357918
119.490585403
702.620096496
501.096797036
939.326886659
649.568318193
739.441005084
450.221057308
325.227612604
342.277665062
762.261110119
975.887800928
486.953796576
854.649635816
635.822302220
728.746869633
139.721428571
684.981751582
964.178941909
858.634380863
362.820892452
856.011682163
618.240244565
637.455880826
892.924408895
790.936786349
135.062948287
877.279316979
743.398950766
687.753589594
833.777548271
952.747606802
453.748829200
707.544344900
965.088597037
190.480970178
881.053346853
852.248789967
719.403919933
602.496677741
59.405387205
872.754833845
370.944739850
422.247557719
613.502442997
880.719024434
795.983040020
500.967065868
545.486938432
944.087919635
125.686116974
984.439434399
744.771105777
597.416102896
690.210112937
623.979967627
977.867577947
723.356758453
877.336879425
788.935358569
238.159610346
809.262009488
571.378158491
245.118338767
957.603780277
679.532927826
962.008835718
668.576846742
882.774036773
817.018971628
920.620442962
741.662322085
795.030817013
