640.109365724
756.425145008
957.384457781
993.752484274
792.347778619
703.474946249
226.450877675
492.672304884
914.303013229
713.250306695
804.609843340
842.838655972
296.639511866
92.741576437
426.626300174
652.233853767
897.903669666
532.476290552
796.019472124
316.306813079
915.088520308
667.784396344
967.426059979
486.461716341
983.769281895
700.330636200
369.845913861
887.307162148
983.929875550
678.546977003
851.250293772
716.344889002
296.448983808
658.762476163
315.719812492
707.168296801
852.103280125
713.252409740
691.709476587
641.016380446
798.383366560
561.830935425
539.927772947
959.161613077
961.962057464
862.190234229
750.998002660
732.318306011
554.413203306
759.039524663
605.697194719
689.178496472
363.825507627
247.798305079
527.278863601
932.690195081
617.800129492
181.931305717
769.842841105
698.308671004
551.882233814
767.514169250
97.529482722
662.480188383
814.812248312
887.460985058
573.517421603
660.963690379
229.884753735
969.764404379
774.560000000
925.748345934
354.881670420
837.646106658
498.939877731
883.580782951
287.954861111
391.806074481
726.936035701
958.542122183
360.912731845
252.507425633
604.492549669
982.357877761
971.059730398
276.676706645
567.620471794
669.736515355
679.643288792
975.986167935
377.277086503
282.651729165
592.282027416
706.465144222
962.301927671
995.379827001
887.852465222
949.985263158
165.030300248
548.487921475
762.211912791
421.319356308
500.429815259
972.821155198
863.341184005
944.083682732
542.160492843
214.399160446
735.017006606
654.022935378
812.118833669
680.613693662
622.332709304
291.494425333
787.835642758
530.889819077
970.859928105
411.449875440
659.564250092
715.634683341
805.406729547
576.531872493
906.863275252
237.625756180
244.468813906
631.682753165
321.793411990
521.243761996
888.968503379
371.068726790
996.706075029
861.135297875
386.978035552
739.537693427
902.130810914
950.921132376
738.977672193
822.170298661
896.790969900
489.577368758
737.491016894
522.856576893
894.274007226
828.668208634
930.377880219
836.637316882
944.238317377
847.098577499
481.953319502
829.793347768
329.663464764
958.338666652
843.306587191
526.122609284
611.616710040
571.447285408
196.175941440
979.438104221
786.966327107
397.537419622
505.658975991
569.644626061
841.672145197
948.055379747
322.908655815
679.044181184
599.206975927
860.459760826
858.467821782
904.336773553
289.293968136
879.540789276
866.281132197
953.759403623
775.641669845
845.152071006
543.331390590
613.022838074
673.613390603
228.324330723
846.431332123
748.200507885
777.903592999
615.498172215
783.843096550
648.667094895
231.892216473
904.556797553
396.185562584
886.906984976
972.507583518
856.032125565
991.865414257
576.674951771
939.235859622
830.059637393
395.226517329
885.742626275
437.038899870
314.412149892
776.967180774
781.769787086
771.247042134
471.940674238
485.628458804
937.856598847
977.472761769
725.543246037
969.672109530
589.903381919
948.358054745
854.241769056
580.540265615
756.009920570
664.615678419
979.378884804
674.160960009
167.818354181
662.155589124
534.352879659
954.098527407
595.530855624
744.438714737
420.767220903
231.503779667
789.315526416
640.107022302
979.295665262
884.925420586
127.444105395
545.763685124
422.181240701
721.850400014
584.109578761
858.502766449
704.168303746
851.244383241
624.173052934
758.756878064
919.190404650
935.397776350
724.539163883
461.195186445
823.887735071
744.013440739
984.644605947
931.673225976
195.379118639
794.173154923
965.309276864
339.097331160
792.557253452
755.747973864
278.722083804
918.269023762
764.022905416
541.713023657
936.532434035
483.773707429
649.499037721
356.494382022
891.785313901
780.932775596
937.724373150
617.957928803
698.693781280
792.598258893
738.516756750
494.314677104
334.874603397
844.023103949
478.005230097
827.882238002
859.112914581
787.189303862
242.253998935
565.746409622
541.228232819
768.102206741
522.823105840
970.669356681
556.991921005
739.795917804
338.421335025
460.149975551
914.942074669
440.941039142
54.387498564
920.441198556
472.995771670
831.413959085
747.261667691
944.397691653
896.256659668
964.214706380
683.516642080
712.661911428
588.613625406
234.757321505
991.137225615
803.467485341
961.535862786
195.468667570
825.883163656
980.081629253
517.128610696
788.026015228
709.988028071
947.744163791
951.390035685
976.543905823
988.555511845
393.619105227
740.187814004
518.653063232
824.929693974
854.321368106
216.390850085
863.349871141
744.671739762
805.798982377
936.817484892
788.079310730
433.034640647
418.497311819
660.131805021
670.203700378
941.699527450
484.574039750
954.950260485
995.613378867
498.966932772
906.178238538
814.532381186
657.509695746
679.382072180
989.823721964
178.949713607
902.057093537
674.959998815
608.834953005
986.476558262
892.159739060
938.610142711
907.054573882
665.271373200
659.473274667
844.377285341
54.221766847
808.551791786
781.583009027
814.574121858
823.416662450
753.845474882
688.455517808
854.881286550
737.714714507
223.418889085
766.077676240
980.786419250
987.873979817
920.232035956
483.021738641
725.351638862
474.014767726
414.411631111
630.036507937
292.227650985
793.324019553
455.104383652
189.707669865
590.981387479
731.486841987
524.402671756
314.214894618
200.708744204
892.105935414
356.314467851
887.895264094
978.653667034
566.015017469
476.439922760
723.198451326
433.847926267
639.921870231
759.189041017
658.240837384
623.555131495
811.876837950
758.540704247
312.565193200
748.665479370
987.209704166
849.380362382
552.947556284
374.671856429
696.377771041
574.566793332
579.252967199
903.725622078
795.700320472
330.543491843
279.644417073
936.823355815
564.145371336
168.469581824
536.054101747
785.135657068
767.228813559
547.942515233
379.628766033
218.442212038
667.951345533
78.485667481
505.434466593
849.985293990
783.042782995
717.681684314
912.666971025
642.772899813
974.159637842
292.094162900
574.781697691
820.931178601
236.431808351
751.469892943
681.383885937
372.092730378
779.291344749
116.012930314
830.649217810
984.498349415
701.688677407
684.464023902
907.309208594
759.032278629
789.510607908
775.245767494
721.903047091
332.972971876
406.773892968
580.476528380
663.713040402
472.828721632
622.196110563
717.696314607
529.714073817
346.369744637
897.795076841
378.067454299
327.630889875
265.005660317
400.575835517
836.977299573
918.123085430
892.741283912
748.221223971
941.011689619
707.579677492
807.982673082
943.568227528
721.128282624
945.682822096
550.151797234
555.372847734
234.053412707
314.733222116
591.147191677
907.246934412
804.351291414
702.617961626
910.419683443
533.177268833
592.433118588
787.305531544
236.486786100
800.699694018
242.752965404
235.199914966
586.580770227
661.165638234
118.536914082
640.882204465
496.283185299
747.275050181
469.944677595
865.144496602
997.357508620
960.203624238
847.133991763
613.666032953
581.044748726
131.320219311
797.810150376
566.464473732
272.629785607
571.932688347
493.364097363
613.494091251
892.034752686
711.787889754
587.268252164
239.580884045
848.053064377
777.983290309
710.810829817
884.807323659
665.525356391
508.881125608
755.765836751
817.913809640
953.224527590
824.519860282
481.055090400
908.122789340
117.273185341
977.700874501
893.813179585
821.636172524
837.197109407
517.586707722
593.020235742
482.733881140
807.576621752
771.376043185
131.373513312
595.886734204
876.291047541
938.066628764
593.496419545
970.011855598
758.714043759
151.311258278
915.921939905
943.646649976
745.680226371
263.294511906
984.127024322
732.351691471
826.559854897
620.792235776
472.529364167
840.176767115
880.963676890
412.617256062
564.084219858
643.253449272
852.994724485
929.720388074
782.800102197
190.089452627
600.863545242
440.564410728
439.356492027
473.065534572
665.461494002
616.112814345
827.441840857
952.845213033
883.884042168
645.703560372
466.873644576
598.321819762
418.332403717
495.754979804
408.919307443
631.765822785
352.244233452
907.661831301
819.518761225
942.365109711
553.012658083
646.792084058
209.477922464
589.218125994
66.873013989
702.105405192
282.419900149
827.555436210
853.502196834
233.280946500
952.948057346
359.981943992
845.567856532
224.359090909
359.722114978
205.706101028
517.896707848
117.017094017
712.974754111
895.690794862
466.246715806
898.263881051
814.169515519
862.156018363
995.478277011
470.430653763
165.469033233
988.726996967
402.816377171
787.788042650
860.403974886
762.474917620
924.951350072
687.184861718
900.251076089
326.903655532
883.865940070
897.576180611
440.028408174
727.002063271
700.024285293
896.053569827
813.951472755
300.314834798
876.291047541
986.561803445
393.730872552
742.299804661
690.071735401
104.837970240
976.076841237
779.565263479
392.848571335
364.502400549
611.176733850
786.752820141
948.993150660
943.095435256
681.110123255
823.939924995
922.632104362
385.450385912
605.641914191
890.664358779
254.741044985
966.678850498
926.042115673
301.239107687
601.631947290
764.703864260
578.329490861
934.044966798
492.591108324
213.096222397
453.044147959
884.892083816
871.667941363
160.981365381
746.401366558
881.638247809
890.701409003
795.027672474
355.910101152
910.729927037
494.578608514
588.673084148
724.536403502
593.186311384
827.365699782
779.984615233
518.251869268
364.521604298
495.806413835
581.033562823
988.339010664
877.278177091
349.676993810
768.581160321
408.475213446
563.492679633
823.275773966
698.476914436
308.810621579
968.097102568
832.317847940
757.670112912
521.617676081
802.713522996
477.775051672
367.480611733
366.057372552
734.094680542
855.679846672
796.642328777
611.456457976
374.165738677
725.732044215
993.292504754
721.313385430
822.066907253
863.446697567
865.041039489
922.473305847
842.628031815
691.695742361
700.621152979
741.412280702
285.210448616
973.917347622
530.919014540
936.589024066
746.548725805
176.968926554
501.068857544
229.667150477
539.940737489
769.936361007
765.740164808
670.540080830
964.867866601
832.621762867
480.944903289
655.945119656
696.431619041
930.203741123
575.529321581
843.424566870
731.977458669
607.858536174
644.827884012
605.858894463
317.001577283
726.757180907
974.394170754
473.100412175
730.542264352
891.187971194
539.786995027
823.100236909
770.009740260
930.356920757
879.185418441
493.514944049
518.657883387
449.582028470
191.622023786
831.691649591
704.557307818
883.673016449
955.097900741
656.101364120
871.999426606
792.781180403
814.669871789
859.979069513
429.507857903
768.915469997
600.667961523
126.257673034
42.261093218
678.607397543
692.816714579
735.182970423
666.979010164
729.538895468
702.412983935
540.605216401
305.458671509
701.283166904
144.343340685
855.539012274
820.357239256
884.517382531
597.948994480
756.990092405
559.638276032
448.071422878
668.522250939
314.712567274
836.119010668
276.441675585
897.835174183
390.138436971
375.203944542
954.947642544
345.616839868
160.446252683
183.986412542
814.633046224
731.890702223
949.363013699
581.359613320
723.529543281
503.670527230
907.659140969
565.182271484
774.329387277
654.082563596
656.305569076
910.376845048
787.768366971
845.965720346
422.622763230
806.709985063
986.122710421
265.375206076
390.801740017
466.837230735
952.883518590
584.210578473
847.633175377
701.196120925
644.343852302
823.184669582
819.023198695
665.402885476
867.866349158
262.350910042
475.767800508
729.473097516
845.828587836
207.930276776
814.647776650
468.430358668
881.655261426
747.887023554
435.963301208
876.334411056
897.484261700
320.694558732
626.200447141
558.052864879
945.477657060
996.250470514
963.743741881
366.015027014
743.111700890
586.671969673
954.970680178
619.351273511
832.170655575
516.539446703
674.526500591
714.793676525
771.145900592
734.211822297
655.973322628
124.811858411
859.500436300
850.297647059
221.990990808
947.082889720
396.291559335
915.963973091
845.723950234
473.390959020
262.055337667
569.047449691
711.857429546
665.335254772
435.330908620
923.935603817
731.451980652
704.360703049
845.057986176
681.491746148
779.923073471
503.412355828
760.902096199
660.909222208
877.313513051
840.812107429
359.972221150
770.595224486
465.194582966
366.552861126
795.166021127
237.907545067
339.143040401
726.636773093
236.260449504
729.284580957
643.083975854
974.700466810
597.644543186
740.804967586
490.697462802
598.914017201
939.921805258
980.991845022
898.020044320
368.336802397
871.024683921
836.893661130
469.223827187
814.439070772
727.766446053
854.969590102
912.401227531
999.285244562
956.424069124
757.784270093
935.913991775
864.784366186
555.446667107
413.479140949
602.230022500
817.411768939
727.091466048
959.228335695
960.718481138
952.845737777
346.322104406
408.030636105
832.965785612
871.296734758
372.459393760
535.732209224
976.962128232
293.474402730
645.013953337
982.445418331
906.366371839
196.453556853
723.140373648
668.238023952
937.769161361
947.014255437
929.562262573
884.610648817
733.728832744
989.034377572
763.918189337
642.823459863
814.909810961
453.933915895
471.811402999
912.572836802
992.981873112
775.659074594
342.397429907
708.959096141
851.126900482
985.789531345
992.610195394
348.871036344
435.332057170
927.221656348
948.762878700
810.014814679
778.962771896
827.499848943
831.781822355
954.415004073
573.153557086
941.641120597
815.643304392
632.976302874
353.128871662
682.154674542
496.179403039
584.726431761
453.415923849
319.493348914
835.452571963
320.293615297
577.458223597
727.066024759
699.239586980
652.333503662
848.390829748
710.896616964
784.996178335
674.677777778
948.937827257
151.476070717
429.308746708
480.134356196
760.257850995
934.906412429
969.239392514
888.130058043
750.785588567
691.968929938
780.002564098
853.063890517
748.219887466
292.924906111
222.087820467
748.568090788
690.938494935
936.504671638
889.598785970
649.436825886
928.667384284
909.973076525
665.591466291
738.076554295
691.323368620
447.201342282
419.258869912
769.991558395
955.694511860
814.758246353
684.296719267
407.346437346
425.189369575
634.981102081
988.895848914
858.304141898
772.758047516
885.574954833
559.507819431
956.728279086
655.987804765
616.056815562
865.449016407
937.700378586
462.397015561
832.001201922
795.209406383
963.882254220
918.791053505
442.113107700
822.636695018
420.868151580
671.796844291
940.841113047
359.214420646
300.674242329
832.365305142
246.896739549
875.493003970
410.710360230
594.390444069
327.226221443
564.153347947
245.619624623
449.214870635
845.751736623
615.203218457
738.829479650
418.588103032
375.561170213
896.110484260
681.457995771
814.784634121
336.594711783
987.118027391
251.823350784
749.715946209
628.241991592
924.659396751
845.613386838
696.352640549
843.991706120
532.167266938
989.407903748
869.647629790
417.933008986
392.188730080
631.950947463
821.847917805
613.159033204
971.447888463
730.572378348
905.138663410
558.806797853
480.490374513
996.672965420
655.801036901
781.248359998
887.949885973
137.284376457
276.052531233
907.745008248
488.149567243
686.333738060
898.438645651
220.477272727
991.094853683
951.019978970
921.370718007
950.574037095
992.279698472
813.040589393
999.783976667
919.010881328
983.983231564
798.118412267
787.191209301
445.797039021
519.162787572
861.766209595
259.302911669
931.525093597
885.474449095
721.533782993
990.961150353
453.645235840
714.916078991
973.241491985
991.991935484
466.982869065
758.745016458
510.788605981
922.715557472
857.324909238
871.408055965
908.517051705
847.834905660
982.582820937
931.045648730
746.801847882
783.488991627
967.758750929
387.156299187
768.634503519
508.362075690
366.046445141
90.510989011
453.276957279
891.216584226
305.900310559
532.803903890
994.558696106
324.351661010
809.454754758
903.897671200
915.144250924
769.210634352
570.828345477
483.796444799
353.358175227
615.779181201
480.560089895
709.026092609
452.050882092
905.954193102
995.397910388
566.429165916
536.302153641
516.348719375
804.817391304
825.993946709
272.675631474
445.871057595
938.478555962
882.827842787
988.443220423
901.692297849
704.314560406
920.207041947
575.429404880
850.084113485
403.887360535
738.469362939
822.572793131
915.075953132
963.653464685
575.133028090
651.402333431
827.691367601
533.808954590
816.120701857
771.923571346
948.897781642
630.297548782
973.569720154
726.067489976
969.714390942
505.607555323
416.766121464
296.384884905
654.862581005
654.497517184
926.690347419
995.277850653
994.765801583
617.303814989
342.860029750
922.547560976
520.900182377
759.564348834
839.450415450
196.071415561
641.590991209
874.257399168
593.413852214
969.451907007
428.474036553
776.821729871
892.067822534
898.554394569
978.677168427
555.312524620
390.937335132
672.107134317
651.535110336
486.845971535
973.858819337
788.408523546
752.926955288
885.626332039
93.973400553
429.703386070
938.506792730
697.138436754
846.748524203
716.506106045
472.101683962
624.647100369
320.332639611
619.417468277
709.570997153
875.934929090
803.838292196
458.698157834
756.840802283
490.925656286
332.127987378
941.318755976
872.688375080
787.603326555
867.795482818
479.096023778
308.436379177
624.939197043
633.427975385
424.319455128
641.637748266
837.062721664
762.998034073
250.208000000
642.448441511
717.474738231
791.965908357
460.003260870
392.795112016
594.094268614
366.563773442
723.532458564
351.143845169
430.894418622
872.710146612
728.629535498
316.569107779
706.697955282
948.566813672
723.793478832
745.628593874
860.209276862
987.915988339
458.592411625
306.243367275
203.019703477
809.774660014
600.408194484
859.993023228
316.843810102
204.462710537
655.275514574
373.946520241
582.006872812
953.785091098
500.091991538
838.476594784
776.476657730
628.434563021
599.008347187
449.979999556
703.594343354
762.742420480
364.597037838
235.017021277
450.434444444
829.608341327
896.212586388
562.555775013
931.790772532
894.576995009
522.903432767
288.709342561
945.292018373
424.060137245
659.419441917
630.075392331
827.200096712
760.566893836
768.531067014
986.597689030
863.977430261
790.727513117
309.392954024
523.730846905
579.029360223
854.243524997
931.799334621
479.404839358
751.439951027
878.850954372
828.583731436
916.401113050
981.536041111
633.064767619
949.079554094
929.220641183
821.507151521
552.342285182
345.734001799
922.784940412
947.349460337
456.595006543
591.192861933
792.223453326
568.212108284
820.483394104
941.557751813
816.487599416
931.875528169
336.095224636
647.006955148
922.704719832
762.865650033
896.832775920
936.931160758
733.657958452
455.237300756
329.881797012
984.545580458
924.420899807
366.949587818
380.299881672
653.447013919
755.062911286
590.390548705
796.856323311
956.355059588
695.859181157
785.090440650
618.620238919
457.158615800
359.993055489
917.073606642
599.845813522
601.204624067
338.793447398
991.036326284
667.638375170
686.585755764
870.487356322
118.798319328
702.040597117
291.914371360
277.609437880
716.462839232
953.554403272
466.824378112
940.944206644
493.192660124
970.367456173
474.327945624
505.901176120
845.949171050
349.671274199
657.961245059
942.692420676
391.308062784
628.439336770
234.296820294
165.873445735
558.770972761
652.187089722
757.935353444
990.747192779
965.568226486
563.344477207
934.686578485
887.793895000
737.583893533
375.019999467
583.099476934
479.225416688
936.073715046
275.648326677
357.400335758
955.833144440
366.071031360
867.540777140
557.364333269
372.580192710
699.667063681
547.124300319
369.643071083
623.859761180
662.983408748
743.868940069
838.149747957
322.516666236
225.800884956
716.806808003
966.277910587
823.229647631
931.490203921
482.056013343
859.523705316
887.280113606
363.436376825
824.858775791
856.773599033
345.893047054
844.895259781
745.928951040
641.824742451
750.134654579
241.221889554
446.857919254
968.606731341
880.906351436
991.626512097
905.876371256
809.318231600
483.921481234
564.043439716
738.191056911
340.540746461
934.820303588
745.111401067
855.883753789
661.198911070
997.047140314
671.563102024
898.414714928
961.315244860
942.561934305
715.941338379
663.511115205
391.092060773
262.345196340
481.279544548
660.428648683
893.594986571
571.146215955
598.326833762
382.425156076
724.719945910
917.950434392
791.235742368
995.147727727
672.924216080
575.371184541
807.391478776
737.566268209
624.430140208
699.220995108
156.987260630
467.919864934
717.471253780
855.784435474
203.560801728
524.854265487
574.184639293
364.342032967
554.549366603
925.059998054
919.574901789
719.490097222
268.337474088
710.218276307
525.233281505
936.885798804
760.447236828
984.607028210
898.184279533
854.132893641
576.837932179
955.832098226
766.058744484
356.491234114
655.839157111
805.235990254
626.094242107
414.943369630
951.507750888
505.702481709
880.602066770
590.210979227
669.349684395
922.978872998
967.905470591
949.118011630
843.749962963
966.091610563
734.373882978
387.117553206
611.883975943
887.136404393
253.879892863
917.210444773
869.628656382
660.178006298
868.708236406
713.480903739
982.924208675
795.891952507
512.910323546
764.014397770
822.332049722
545.057795101
790.902016687
800.191227145
903.601682159
823.092947364
838.539206001
953.202496850
858.738609823
781.811997861
965.622597084
911.525644181
882.764407982
963.317185562
797.573821035
672.503531589
801.006242197
95.373684211
998.331663327
961.472828529
508.119080531
995.758002730
536.486719314
637.939652318
759.287165702
382.348009018
790.549176206
190.992146435
924.005411255
732.903131389
736.880587341
229.154969398
845.820311887
362.745089560
349.014326354
902.872637751
918.261400692
723.568932445
751.852379131
178.692473261
220.163575552
837.779207190
990.011111049
399.447117902
530.289543551
561.620868558
569.742046895
909.443786058
756.540811854
889.657237367
587.385733569
344.315262514
814.344594595
762.176488748
723.527470107
985.980222925
711.688836501
980.267310482
320.535489455
804.481820801
453.525081997
811.530036413
560.705805213
703.492004219
539.481232298
832.188680529
831.489025784
934.053531657
444.737000934
809.557407407
118.574873524
847.511061875
496.476585551
490.125494134
726.113627472
750.631733942
444.946064147
908.514851485
606.844296355
999.628430968
814.368466973
379.188607426
277.075801903
808.873290448
683.281054911
679.958086944
674.352281823
529.295758549
473.036996439
675.070366703
657.438210027
532.352326941
769.677854690
106.742681248
725.084133049
328.519756839
373.351041247
935.549036662
796.312124735
681.181326814
594.519974769
437.450568636
600.053330963
696.356948698
872.725615529
870.430353331
952.408000806
464.433189655
366.440991157
898.317315875
878.981797309
625.944086960
873.987414097
833.206457008
671.895081095
170.455272726
993.079553712
396.668627446
514.000000000
725.230308247
295.232112075
378.434934962
898.973303274
614.328902136
929.157145932
574.655549003
729.630043860
861.899066016
903.709023968
681.483675520
864.568100267
77.045454545
522.220260044
655.536421576
326.467456265
245.855648705
493.083157287
948.065925978
425.037647059
895.787921330
376.486387536
422.835665478
672.387537069
523.929384555
373.347023559
548.243559014
927.400668536
855.545440056
555.644670630
456.640996845
741.730409246
910.273585248
240.351825456
773.679520215
861.607799408
544.659526677
854.039226265
600.692933203
947.422820076
986.439557195
695.420735958
668.848263809
909.720836301
673.434621100
913.502599887
306.339680747
457.009846827
901.210852132
791.704490325
593.085154088
488.456753459
702.315456188
976.453381148
813.306215395
474.496575330
156.089717791
786.493638677
710.870593006
664.964660715
874.085236118
811.603967462
926.993527485
939.523283373
851.958919197
857.372147903
763.814768121
642.133942414
868.688722670
818.439979473
784.712049098
512.355345439
743.351869787
947.370571635
885.738675624
782.921451999
392.854935090
924.642092920
805.569364449
824.976363636
577.448699020
409.819472451
996.956869684
843.669431280
837.438952999
917.791370628
899.025027460
992.256048387
951.011566701
418.678874557
449.378459653
744.919458734
573.890233407
818.029950552
461.668712390
946.584386096
303.542418782
798.608790335
936.676037921
50.724747412
357.867293839
674.753288255
562.461554242
794.474039853
842.143693202
254.318697704
915.265535241
193.240932642
574.020034494
670.947091804
415.733087449
795.907029747
689.731831949
969.546285648
878.638225256
747.922455874
477.836792221
931.714548561
562.025800120
592.571514673
493.256527468
750.423213927
729.725975966
367.841000544
604.499793218
624.085731290
486.791536492
505.114838428
586.359215017
827.095520481
569.332943013
919.824983353
166.021083002
871.989105437
973.407417272
449.622063520
421.790232225
647.710583517
599.647396392
242.763261944
936.452881890
839.264559016
652.552679866
829.677648247
684.853999039
734.487576478
966.206499668
866.268434149
273.464805779
193.873670208
813.733986018
35.986108641
930.664876477
679.240752605
355.676819599
815.279093317
686.938861908
341.597716620
463.255868824
703.768427823
327.149812777
735.197932532
528.572778828
798.814121057
753.531021259
902.226135733
442.893892502
960.412411415
489.473186191
648.441207821
350.298444187
659.979545138
635.535207540
971.870876197
889.883138395
916.072049568
634.275176875
708.512526354
540.828069527
698.372393498
449.797732325
134.219968708
796.046481055
412.766277709
513.217302911
671.717946760
808.638361692
301.647144856
383.110949987
707.158398098
999.444845902
946.173874084
966.884177870
388.681103220
734.245190655
652.789399424
566.411511184
489.277017650
811.409884091
576.605584434
189.591666484
849.463360010
790.530201827
357.054617671
411.742638064
745.082545763
531.716089657
641.611253020
974.449075119
476.559545073
767.168821057
562.856109499
483.292871870
979.048006995
483.287698995
909.681812504
639.686642037
332.695055569
326.274424373
802.021196727
649.127106197
417.678105723
624.664710065
612.736484959
817.039166748
713.729640690
956.069560669
463.361629831
935.792177783
272.730636343
625.662049353
896.117180002
861.878761776
689.288763963
962.342454642
290.938140254
805.166442421
770.900123233
330.616091562
918.055553885
767.438596892
916.591512071
723.687087076
264.531661621
684.515156881
757.865423410
574.533724978
957.449215363
584.976922622
224.249860647
803.502955813
591.121814860
330.549848943
618.156939502
842.249369249
289.162584025
712.119372016
378.305432158
743.294692568
369.850000000
921.754305659
467.587606838
498.773495687
967.830047064
835.631497731
944.459633865
603.829446119
424.148558880
581.389714391
609.526045383
987.112455600
397.385390428
816.222396164
965.195835051
555.596976234
650.791825394
588.156441774
542.180781659
581.912364667
502.197172441
898.611150610
832.657192367
999.890000000
297.657521323
773.815869571
663.137994692
675.556807382
150.196537910
312.173028944
642.415753232
677.327917282
620.871162158
381.371210240
975.596740462
799.673058193
658.562829197
724.627490508
439.480374988
357.946923440
700.132130387
822.711371017
910.759573104
948.229402624
376.431932758
884.803367986
989.419021446
745.367023687
895.521077362
681.415438628
979.671373472
875.457023503
498.649175273
701.883181163
249.581649967
285.926564019
531.833646617
324.727578133
876.281347513
986.961498742
800.308690444
457.602447546
977.755593183
917.681862085
927.029665113
583.344666557
421.142493700
461.793243828
191.000000000
716.596120569
900.297728532
470.143595099
452.566017284
641.528643164
807.219920468
903.090250197
549.727205075
972.754367934
803.968282956
988.766403151
762.052493438
624.741546561
548.401312909
808.065591397
957.771371894
486.176922529
746.359832788
931.985514909
58.420886676
504.475965731
432.148122754
387.458656331
749.760628468
870.951204144
887.077226607
968.127057777
630.904905671
993.046323189
440.917225792
599.954164916
610.178662362
272.345368971
730.025342026
500.395843308
383.460558598
514.563893020
506.834292447
718.443456378
669.403465781
322.029503106
250.469559029
433.574676382
971.970678570
349.513948220
813.588347999
279.333134465
461.431468368
749.233608429
942.730608393
935.910786347
526.416185162
916.284344513
997.062184620
602.600199137
914.608659482
954.550679639
849.077735249
744.227115873
577.272097054
646.542503864
638.366665796
959.331538622
607.502263370
614.732520325
424.154481132
381.596858639
668.914792797
932.135719732
588.853971711
863.188855350
858.952850860
898.343475515
585.747385824
678.265434767
487.857561179
983.243612693
571.984265518
577.801003807
688.511437908
795.819703443
317.326330455
785.734051699
956.475823009
570.837980516
501.787803758
539.223515808
515.663651348
688.011627809
641.871482464
934.398737157
159.056593702
677.915923991
894.889378638
738.689379916
660.991679221
821.864344811
951.275985190
458.873620946
847.107431203
750.535142431
854.328391194
206.310445688
849.121310532
712.998597474
508.333551913
926.733510779
349.455290448
454.009911786
790.356881415
827.691367600
850.760248249
923.047127724
306.771902234
597.165806136
825.645202251
590.040676564
802.336587724
423.362728638
697.205134806
612.876822861
843.881508270
970.015979250
623.102720264
901.029966205
505.508654723
886.775619872
517.124743171
877.309523487
392.788747293
939.067622698
875.059997943
362.127049528
909.000000000
766.178177711
997.158462833
748.200534759
500.000999999
316.910081884
807.926976898
506.678399447
63.592452382
912.010416607
457.232982187
781.824149026
445.617549026
901.168130817
575.935763889
594.597342745
633.031594788
792.906047398
854.192037471
322.183177711
745.481052744
913.885660244
849.878226571
470.370067075
834.944908362
144.592530950
965.964285714
197.256178647
648.214470842
363.459763935
992.163796961
872.707281968
548.853350177
447.296322379
970.532328158
362.060768380
263.873076923
328.501141551
364.805427591
417.545207133
572.501528382
948.798714164
833.495650858
254.007873894
856.850045224
783.621719964
460.793880168
695.675930313
660.366564871
967.505038747
546.527217986
800.392403798
723.734067182
661.241257031
975.082560607
650.057689748
621.971864315
541.300286348
888.446396807
860.120921731
872.702698522
503.078522698
691.454264576
823.963592233
544.468548219
832.204301839
974.628647229
429.766216845
757.007926024
419.718953587
757.617977611
606.747064270
802.626937001
966.763156104
186.528818149
425.516157155
606.695145852
804.891918210
483.028984638
937.269971780
497.401246480
365.587198901
736.834445449
367.525509319
690.489681313
421.441573649
747.941842659
732.967257113
857.890435895
291.348588464
178.409640995
459.660744463
662.494528279
926.894276603
702.760983550
752.253946483
619.169605197
658.063826703
966.006211160
932.788293237
709.824626228
668.230499154
291.037798232
489.891824794
364.457130538
959.574905883
963.055553963
263.765046964
855.323915251
779.715332670
945.210029570
758.660661956
774.449481890
972.684943970
553.912447955
933.723727877
314.855522423
909.619151074
814.746012270
706.429755885
825.222394267
735.715298196
446.174854325
696.323918877
523.906480204
596.079692659
564.434230004
988.205950203
653.084986813
971.987139833
871.141779505
343.914233494
641.338444193
494.480535512
467.693376068
279.826732104
820.041462366
826.900235821
549.526159523
778.170290414
999.019019019
974.697388937
912.915662651
732.406308028
746.705430541
745.892753685
777.823887522
450.825908750
767.065840939
731.669324217
963.936201208
604.651966010
414.673365434
646.427103392
639.236263051
849.950586799
957.131661442
964.204853753
976.662743091
684.893422366
804.901857371
827.634581201
802.177661120
959.910412486
321.247571606
688.963714574
905.117671911
825.433825331
778.698914857
844.265361128
699.086546860
323.944439681
406.843950428
890.046066224
265.427956327
891.369172089
585.207655452
621.957394039
980.881236440
788.582272182
390.315257196
298.310241368
952.580180352
602.030730113
762.377203227
767.211183443
190.926687501
833.914264300
946.322355226
356.412682154
550.173608964
630.992076070
685.880456056
743.196474696
953.302155667
993.621730382
481.705304102
883.044732729
674.973332807
744.854348178
974.095991163
984.054876519
590.218603570
81.098705302
546.471408218
940.309523508
906.175479695
728.614438506
873.756258919
561.733922778
291.125403641
773.413214265
847.810710006
849.326792230
942.937961904
449.953330913
758.257871703
979.172099276
744.658982354
841.234212333
795.089303160
814.752723223
941.670912951
195.798365673
668.205058347
799.959373968
984.935023238
330.083322814
930.890433939
479.476798187
374.277971567
746.085115788
490.628168780
954.284024806
431.488122664
892.490896313
513.038984873
980.036734005
696.011494158
958.417445588
876.228851386
932.573321514
819.386355757
398.907257458
302.198610189
488.615390670
760.244697449
978.487730061
520.725455495
805.564398419
190.916230366
819.015872862
928.509558378
522.153234214
786.414758270
676.748106758
598.137943956
808.032796364
851.584992822
593.799629505
575.915792456
600.929280365
917.744517826
490.601671420
373.409962374
603.400364600
889.936514590
896.131138393
736.881265878
830.304161136
611.823503962
720.072218600
762.242743493
352.611684435
961.149832232
734.098767197
711.766815748
123.349098092
426.210042115
902.388497267
379.342852839
117.669027361
972.624285117
413.832091554
592.594296294
753.201832180
445.739836213
807.220539877
509.031433214
412.270542241
632.587543349
914.333090290
704.927655863
724.855157945
477.645265862
828.365257601
585.846396251
349.914275216
679.833067745
957.911269377
271.206563342
867.089384089
60.819404798
975.458866380
448.069191085
912.855969332
623.640922326
833.413462814
636.265667784
863.410678646
897.622972077
825.361738878
819.745082327
970.637419431
834.071939343
478.293842737
899.392016865
721.608725762
308.384500259
675.315481831
643.208364373
688.867911867
420.086895773
696.888800312
957.746835025
855.994742991
943.275675505
620.593264546
412.395441294
864.746205542
841.666204620
372.096761609
815.954042823
975.610065549
687.163735947
952.471521885
603.633166749
462.399178200
808.734815135
217.935770354
743.257694208
625.091193347
701.716466958
517.135378794
460.529043601
994.835162225
902.637247182
381.861231339
330.974320242
544.941281240
467.382070687
381.102348458
988.747187101
615.007317035
934.394456319
782.249960051
515.311556245
303.642882347
617.364560045
474.369198312
830.192748704
208.676783567
378.428328749
898.399131789
895.443465552
625.846626579
879.489624726
648.611594099
567.622233532
565.176078758
292.865156685
874.991428529
936.334341995
775.441809551
726.777132276
900.669195654
194.994871727
67.623960251
231.186072245
994.880394821
493.395378981
423.936315972
885.578442438
669.161415505
819.859745091
962.869669270
602.094684385
621.708130878
318.130476377
869.234145671
687.808839722
169.372370828
368.609549524
727.764384949
861.939673063
809.409043686
634.734590203
917.791370628
969.190383774
786.535441046
746.764353729
928.212798878
917.128671452
556.304772605
781.214468630
864.529930078
411.138662740
895.603707004
844.063386245
416.691732579
648.128845215
412.713075061
565.960247350
855.114027484
308.998381873
760.846896557
602.930344236
972.623771044
370.549591823
831.316425917
770.144142353
416.313583748
938.637310147
856.663294416
930.097844315
602.091355195
992.572919240
268.778719396
659.925753400
843.466063336
485.015463671
974.607100323
933.508971569
712.371391902
989.567582331
510.210740773
904.380450917
652.855267268
425.833300718
987.768191430
344.477865762
536.472739289
797.890969995
992.814182010
743.426526296
912.511917730
916.793869962
430.006976688
554.300460039
581.813544016
480.537422037
243.141933858
655.460143716
652.671433418
255.137217983
556.993716302
701.228208218
585.195693764
579.460956407
822.399537938
749.258299921
444.857280484
869.178922893
797.377576810
746.465817694
712.289969044
908.606075260
925.975701625
540.391524730
639.091542739
761.575341387
798.835402320
537.547207229
524.326234324
845.884743922
511.155553623
647.567757073
944.811621436
816.951038925
940.886815722
359.538593200
430.879333457
314.744340696
868.504461704
744.110878835
989.944442886
266.666458333
545.525641026
920.691587884
634.260988491
999.753469611
887.038330626
924.445887446
229.000000000
855.920557061
837.712361136
768.587015243
831.028278701
847.345856189
988.133594207
885.646656411
936.535103453
434.093307942
789.124831696
924.738882881
208.081714718
701.548287718
557.877226637
696.295196036
444.841544822
742.099049993
517.909258461
785.242000914
956.653542303
277.092042470
933.895604454
765.537066379
655.463957819
763.157912886
735.300618795
676.413335181
379.871030746
989.505937324
741.652209597
962.106023264
698.367478510
678.779050944
873.029781852
873.226774670
449.763271066
639.384078626
756.222189571
773.379596317
395.602072795
868.657585013
179.894413476
754.326852233
845.308227808
949.913153925
735.134001401
896.034597546
900.913425363
654.950379800
968.409004502
797.728023830
770.824882837
596.870170138
251.099581840
340.888544835
301.290557436
757.066047327
502.245955683
703.347795164
929.603141131
591.207239469
911.100982329
771.431137562
782.798185997
578.685579568
458.225926809
949.866306382
522.521770335
544.317921807
850.410489117
394.844273123
988.048581802
403.664464624
767.228127743
750.737637261
856.578075834
641.889398573
127.420563490
632.842002399
954.694191875
816.422072215
700.974321926
324.918451307
111.054040899
141.024820510
722.883116423
652.224654548
502.870759594
342.997084536
739.848634766
994.449093720
877.316362559
726.385572544
858.817229336
851.459922721
560.184790940
802.274890546
904.098999004
873.441008018
669.375081699
449.114684685
756.405314630
390.319100224
829.964457070
277.974819003
289.499568221
962.338817673
973.331906392
329.531485597
921.448316510
546.911334552
821.038366948
705.841341946
279.073467030
350.576667792
545.535516717
985.073093735
832.654790414
883.809934318
255.211676849
676.993352995
942.827131557
694.094373987
572.532968483
994.697441436
793.264772948
268.044772380
550.487965354
495.475529164
773.355674965
632.540117305
951.323814482
798.276894317
174.811326864
640.344531250
867.169533598
709.304589017
355.254838109
589.127320704
806.514723996
768.390525709
792.899741455
970.805335791
849.908230380
810.343754218
902.586837928
948.315348394
693.966857998
778.810631669
899.771081998
887.917788987
606.805570179
73.253424658
516.058136260
549.268604601
415.997596147
954.448008013
778.170290414
525.768009677
573.915499024
958.195178447
232.394061886
584.113858764
713.186511370
524.715160825
771.744776464
943.240160299
761.100518986
745.239558800
859.439352136
405.269046437
845.813809298
894.142046881
251.011951907
616.297006321
972.071499428
605.322228647
671.207121536
950.116834921
756.903560568
68.520070053
991.512481011
723.124470613
829.324423854
417.369141169
905.344686844
938.462572509
889.305346886
936.034187410
701.599715100
698.987839665
465.124714458
890.178072073
708.518171962
553.357027605
908.652298737
956.128129489
804.290370451
933.388450753
918.513472955
561.023172906
950.957413249
720.211774507
918.930356447
649.725326580
454.626220853
917.419302072
501.774849908
820.657053829
625.275939099
919.674399261
859.211848149
680.260244318
724.664750074
755.198649363
852.914415402
919.984238995
875.470731011
739.541075051
294.443542976
950.296269592
645.596623287
312.038459168
466.576896128
668.991031330
541.157093643
753.367772074
944.532159873
218.272765136
683.807721512
211.061602382
776.118547646
105.085679329
257.957360818
578.752969755
983.305140839
962.953269894
984.919286033
625.539766921
643.624113905
782.528593728
586.067402267
977.735137971
797.766290727
907.438152162
394.939240506
489.316870749
573.911142948
994.514454395
935.552777774
578.424584540
614.881289356
974.373644964
906.865490628
391.938770728
922.011930508
565.098230088
781.935419328
913.227791956
346.212362575
860.223227156
824.995757565
195.335897436
588.703660597
973.113559663
231.051942212
857.952213121
655.407506828
455.276838857
864.430448330
755.762528841
843.739296229
797.164349429
873.296627727
544.933940951
817.841060353
362.627908468
858.083329287
561.277115158
424.542106275
906.874302205
714.298957020
619.973386526
381.730271265
728.554047412
303.901299767
615.089424393
440.280592778
727.764384949
450.970066519
606.152621045
573.366375017
639.459146467
797.005018821
907.251894459
996.699553527
746.351793727
640.379574940
813.593264476
950.139989686
491.731634126
745.464955581
945.623150106
580.451548366
387.255729461
451.237188184
924.220211854
726.602367186
751.914888948
897.183389075
764.932023124
469.061829613
923.556170471
826.903863820
383.981770401
653.987767470
927.958512004
858.379869525
549.771771553
353.128871662
255.564081983
927.033979968
477.179211618
370.176984698
710.197859755
718.394738288
771.624908877
658.904393672
528.411771257
942.839859149
627.914006864
322.221973180
633.119262067
827.607394844
956.400020912
960.168735171
357.751310270
605.409778580
605.415559760
868.507915911
818.287286064
215.731314370
573.075038717
786.844330220
783.621719964
314.275356972
811.642778567
663.594755856
722.164801136
413.586750271
653.727007244
992.362333022
703.425191474
656.400792199
937.952025586
670.890453055
366.597872334
971.117912511
878.040431871
753.450728316
502.287766126
466.958242244
910.498764415
904.594936975
294.090122241
868.103686636
350.809064994
817.028763264
604.165540229
892.058854561
958.708506274
974.671226620
940.858650383
72.152616030
997.281304347
484.371758054
502.057765601
194.648400976
925.684611517
591.379742636
812.345369901
808.668658970
645.764663016
846.708332308
748.972629673
573.362014786
819.299700964
749.311684148
585.994880546
837.307589841
253.803073267
658.932469985
827.158993181
934.391327623
628.231645176
186.282044234
619.983064292
484.190045333
703.726509377
957.178144339
948.915170076
324.041663988
617.139369632
691.960981559
788.848527919
697.847421203
717.431530527
590.326181022
498.587003441
725.183425073
348.828037864
703.372589742
773.711832661
710.192227499
501.549598744
793.509294211
917.048526524
833.643808830
816.180759804
929.491258700
684.959854015
830.924786007
769.571309237
968.581436948
196.117311831
768.268182343
527.010436329
345.794797688
93.145048178
890.728353652
820.673503898
745.016107208
699.885705101
680.072790222
628.859300477
768.139961205
772.745106746
970.307683160
594.634341439
828.881173631
677.061297077
701.629531876
690.415092535
695.209320996
945.646868551
858.717066326
601.956810631
478.372239997
558.327860670
833.082232893
769.033159233
814.268383888
833.815327276
934.680159199
852.143767221
598.424749164
901.659580995
784.526608854
723.767918604
632.825410362
449.913324986
351.872135868
696.130016592
339.920578959
866.174347346
682.159072358
788.634347275
733.762904486
750.350584727
839.974404372
641.374305691
765.629153050
689.467910783
610.323684624
563.491792309
575.886273495
731.866107973
591.605442842
258.665807559
739.647889201
572.708477325
964.426254309
77.084369362
357.051816968
915.509147961
671.324064828
691.826567862
925.334594595
905.093917779
499.477727231
992.078121924
637.463724458
716.686821422
856.994165674
736.032608696
620.920284739
844.619440932
780.660617682
836.361166004
680.088229573
395.093659782
925.122694844
799.183958798
807.784624761
250.251873120
905.288351853
776.636980835
883.404776985
720.127766441
498.074291647
870.489517456
826.978234298
897.692040738
390.968030691
755.290672523
565.036282021
675.759572629
746.505190873
814.163375092
455.808073645
716.026535821
977.805706688
520.702410211
803.425167642
940.020212549
220.138592710
798.406538049
230.668593441
704.727607493
875.081139095
198.418749114
570.463846357
564.377533217
713.873938451
452.190225458
526.220486507
653.084986832
984.180369648
722.694264541
793.557811379
796.774121066
821.606353432
690.459267445
178.092672505
807.511757426
631.474465042
111.512331157
965.407167987
594.064811279
248.294180359
713.749956217
877.644646925
861.716310627
530.247112203
898.533805708
673.560687689
956.360287758
962.179297221
485.861091260
655.777401257
896.305193559
298.638577548
864.079278770
917.723814663
943.234859407
740.812391905
719.904160288
981.358751935
458.296847033
983.934957200
531.583483566
973.695024122
599.457254523
972.988180812
491.257569916
406.587014068
607.563989467
671.886151070
700.084280641
589.434474730
604.396393106
609.936881980
551.493426989
989.089480280
915.682259302
841.813518542
486.881915869
582.509433962
725.964187328
578.326032615
849.422156528
681.450073421
988.996966628
919.181701297
855.549531003
741.018218400
839.511167362
700.960769230
757.602138332
676.621755488
830.743642768
886.565282424
987.982793372
764.071331749
733.741098754
524.642735583
940.735350670
131.259285386
590.244864442
80.541914554
766.925680884
237.848691399
890.945003914
862.000580046
684.286489710
666.590578991
780.399256791
858.771215167
774.847081688
560.954543613
942.565117114
332.678523503
107.233390322
993.942655197
702.558894328
902.104206841
953.733716053
777.252854610
630.198381464
774.317183463
668.989536540
637.644200627
468.427155490
859.440515684
664.099390152
38.961519478
915.395542921
879.526577199
877.231440385
802.621330392
746.211096138
746.320976524
993.847573826
340.665526856
522.474879802
546.242673993
877.610961645
899.653822312
597.251203431
754.254598925
523.635369338
339.014748942
822.465804760
879.486213650
814.696876145
349.932850701
498.892774051
897.145473154
813.227520905
877.337449332
491.595362061
488.368713167
902.385172751
963.663841804
287.379539982
281.939709867
784.654777070
491.124220539
991.228026238
682.009530725
619.571626206
435.584664830
635.627249259
449.771052870
906.567702932
976.254577465
881.226985515
890.154494382
821.741443521
980.439697279
649.597567729
940.735351334
729.548490506
239.762382382
658.039512491
406.355755466
979.083755355
862.431446551
280.845153065
741.388562091
493.012170235
818.571927200
984.845674249
712.483684024
796.046481055
412.464543931
831.788434639
392.034437263
445.313372806
883.302326500
888.828442389
663.104072398
680.701843690
636.583851507
534.117028375
601.913615064
506.559966835
788.168763654
812.449998461
821.886245170
504.107131471
826.882095586
243.454307828
769.327628521
963.340023045
652.548848746
610.009835986
819.393678285
808.210987305
499.994999975
785.642412297
859.811607274
324.519645014
594.684790456
862.766480573
603.762370474
149.275167785
900.886785340
752.067151257
848.120864028
913.493428258
998.510390532
912.506986275
986.523694603
677.810445479
672.636603226
530.528981302
478.074262014
866.158761429
132.860829442
711.161022554
234.522919989
478.123415030
554.266181541
532.029134541
619.777379387
806.789935485
340.705151159
528.720152822
253.889739848
785.397351663
590.735981650
977.530562182
685.613593798
884.829362081
513.162742217
958.841488464
253.818833029
288.475303293
200.883050554
808.977750003
367.714563214
602.445018238
658.783004552
929.272834391
596.953934571
889.062989894
516.725265494
848.149750928
321.715713014
561.044561510
838.636393200
845.060352874
863.928816512
710.285154005
721.189295539
988.257591093
881.442000361
999.350789263
909.129253737
803.010585305
160.165543071
825.533766723
270.758194705
858.104888694
899.055615632
834.252959240
680.326392256
313.539471199
541.255023071
748.133009564
979.295154690
995.351194303
932.892276739
716.928169345
763.066183237
75.835348101
258.487911025
185.970430108
362.427923869
575.463291618
344.895636389
613.285414795
207.103838690
747.918444752
817.225794992
244.489263568
661.308551283
459.874983012
914.215510698
881.253085101
831.198532241
796.666178521
596.902839665
263.613353228
902.759657938
853.646882499
975.154346757
910.656356701
213.978971963
456.154579063
744.589148457
979.286985515
288.180498994
515.118432984
680.501285818
964.977719950
936.189617546
984.751745365
798.457888686
764.045155734
896.841123054
705.643679138
957.027167848
938.535676251
759.767763158
693.085853280
308.642187654
714.846137302
309.307290570
83.958322994
855.358404413
353.560461590
922.158337814
738.373889029
558.511414386
890.890004434
864.272526464
253.927156361
567.499118166
973.861899861
303.837127422
603.937910716
352.536827195
72.746133918
836.020932752
938.828008520
802.218175019
496.725276184
191.277285635
828.577093577
596.768799453
686.236110971
655.436495780
736.854802522
934.122582962
650.777227629
958.725195246
922.666245183
284.619044273
265.184841196
828.089970957
821.408546340
946.619247639
938.757689716
921.060801468
665.550150240
977.047081772
858.182983683
876.836358735
323.882694814
61.278054799
821.427416148
674.955554092
332.828784813
758.396993665
837.702214394
929.155530576
93.525397620
384.307168812
985.610470724
713.466187005
361.368233247
900.559825886
397.135996857
940.978745775
401.100984791
701.782729910
282.400424929
337.458456973
578.971501889
680.113961039
791.608489090
787.665538157
577.976643127
365.598140039
626.626683122
683.103945238
923.007583934
852.342654101
251.908713628
656.144039065
618.432847896
473.200803042
907.213315599
606.653113402
899.576567058
569.840328513
608.270499038
902.157414202
537.063314711
949.477224582
916.279433361
440.347589979
903.427362880
634.118285496
397.210271771
773.118360925
896.444644136
345.959535206
227.512637012
513.014619675
245.804800604
488.737148169
418.086115531
904.997237565
467.977563565
985.493277501
854.595810895
768.953834765
370.129706995
649.106308705
301.841017756
894.867029228
498.110429523
524.385354487
729.014403150
586.401739424
782.623153248
636.258595227
309.885462745
505.278141225
774.147272811
902.795681063
841.614519837
489.698887072
806.298331885
373.839537770
857.913165870
650.270712858
754.794011635
84.835134231
378.725494284
941.429763710
586.267004018
710.960617756
684.006578916
607.317873934
898.830907346
489.500766087
278.779482746
985.669878296
585.161516165
673.817482706
766.326953721
352.031248613
126.491106407
644.428428920
291.933211540
491.433617084
797.863396829
923.655780039
735.830163043
661.321404462
936.816417448
802.648740110
510.715184814
198.557296535
891.087537787
916.039846295
742.303846144
540.326752993
912.195702687
957.977035215
960.347333000
747.364034457
113.578166916
931.200300687
600.073328852
493.665991903
863.725650887
844.136244927
751.688100212
862.000580046
986.079104332
222.683856502
723.892947887
624.150622847
961.492589675
650.774922688
971.602880658
851.251431717
969.567429321
698.291486417
551.448093659
436.526058787
869.482604771
830.392678195
983.053406484
850.905400147
399.949996875
533.850168571
330.860998004
912.733805663
449.453000880
906.426500061
986.996960482
755.671886992
796.966749620
701.470598101
919.765187426
870.959241297
411.951453451
787.251548109
897.162750007
511.210328534
210.969192064
342.112554578
398.354113823
682.388452423
872.932987119
432.027776885
751.698742848
648.598489052
865.286079860
720.118055556
943.368962814
958.812286115
672.693838235
783.003831408
256.000000000
845.196426874
788.897965519
755.227118157
932.403882446
968.177669645
417.833698976
685.334955494
818.885217842
858.304141898
356.854341737
777.875954121
774.056199510
989.490778128
770.738002594
171.443868365
527.961172815
815.931982462
444.330957733
974.350552933
779.159803891
809.924687857
409.338490741
288.104147835
423.478452817
593.120561100
999.045544507
740.572751322
452.569331705
745.026845154
983.348361467
527.449523651
586.147592335
159.251373620
535.578358209
945.073013052
765.177103683
983.492247046
308.983818770
477.583682008
867.517723343
837.483731185
930.413886500
622.398586117
555.118005473
836.260126994
62.459677419
935.111758028
337.607760574
743.405004035
964.402405638
891.625481915
231.950425738
453.046355244
450.446445207
778.556356342
931.745136827
490.105090771
790.250593166
940.566850362
887.263771378
229.294570367
896.735189451
542.682227459
296.833286543
444.070940279
870.793340987
293.858809635
577.110041500
623.325757530
667.762682395
727.543813114
324.094122131
83.701851831
968.270106943
710.512491098
656.504379269
597.942304909
957.782334354
671.485666279
749.982666466
713.432547618
804.714856331
768.701502535
343.604423720
527.719622527
728.926608103
718.749610408
860.617801350
733.977520092
357.726153201
645.203843758
696.488334432
396.790876911
973.213234600
898.122486079
553.727369747
796.611574106
595.749947545
729.878072009
594.398855988
497.506024096
789.131801414
739.926347686
405.659956121
588.186195010
951.634908986
910.099994506
933.083061683
759.658475896
926.658513154
431.221520799
237.459470226
491.769254834
901.064370620
856.748504522
657.499049429
55.416604010
731.629004346
349.439551282
428.379504645
881.598639456
640.409244156
502.358437771
710.467451753
299.001672236
924.572874359
768.113923842
806.598413090
854.919294437
700.170693474
514.962134530
195.053838722
781.165795462
174.427635426
788.312120927
603.968542229
838.313187299
224.757647268
870.442416246
442.240884587
743.013458828
630.797114768
940.407890226
971.035529731
730.063010979
572.371383648
371.429670328
826.299582476
153.558441558
726.621634690
998.415745068
631.761075949
808.514687560
286.757737481
657.023591662
98.096890878
850.174099827
906.099884119
676.961594184
905.988962405
430.074412166
424.383081661
609.267593098
875.491861755
693.445024517
833.148246112
376.523571639
282.265832151
692.937948163
892.394531584
742.054580203
804.261151617
777.260574068
888.515053333
966.122145487
907.797334211
536.251806524
626.989633088
623.416393763
385.949478559
564.566205152
641.442125215
342.210461559
347.342770185
655.535658832
633.162696311
981.960794297
970.292224023
915.221831033
408.067397697
696.191783922
536.178142039
559.280788156
906.353132063
551.537850016
435.661565897
834.058752998
961.913197747
403.033498759
576.827530550
360.466364589
812.934191679
795.566464854
483.165603080
734.863932984
721.983379310
498.175671827
505.321679725
536.677743157
496.291245137
957.362000499
933.140396725
548.124073545
609.556396089
771.926810002
804.892539411
691.769470272
726.427560050
372.641919274
445.826199320
713.618245516
868.922896464
432.112253934
967.696280992
861.137039833
529.514872312
329.267368562
977.318781156
996.671514544
506.897425528
832.096749182
755.325757538
698.246374866
555.196361660
339.045719631
126.439708953
436.709285452
852.147287738
587.606160621
709.881680282
883.219678223
137.291660344
537.008379823
777.131263673
974.982051117
615.894471480
870.408524774
951.940124167
210.798481968
857.856631378
578.540404812
705.905801081
166.943104080
949.237062066
601.387562226
698.758899764
872.168561690
495.927414044
119.390116844
310.041932648
222.375808037
568.180429089
542.772512200
595.331840237
521.407709955
689.731159420
865.254297891
857.647363431
998.603524929
801.154791535
732.163916073
738.040649287
802.195113423
855.658226163
860.531812311
980.725241849
566.832426737
763.214941022
110.417389935
742.018193847
588.230397038
975.585977860
824.701764276
797.806367485
776.754787562
872.415611965
704.679432624
944.494044468
862.600718757
322.338331571
370.869249197
943.473370053
723.778971786
642.334025255
998.284528579
282.943457249
744.501846875
859.659816439
958.909797685
748.038100634
557.705119216
551.946555384
863.421681451
623.862164264
451.449886477
426.289807525
374.926659495
993.696633787
852.638844999
831.135969622
680.767214252
850.021764429
671.153484681
927.676128829
880.754789939
935.935895241
718.132299789
680.701843688
921.452657493
797.014428979
452.197965497
794.961005333
925.620332534
705.117720668
849.837632384
252.109103366
582.183819768
577.993944605
759.749958868
795.987437087
522.696852870
830.084333065
289.326804842
756.658443421
875.187408502
973.613372957
657.588777276
946.906014344
835.838501147
834.690960775
955.415093035
487.804264024
324.155826725
476.169087615
890.961840629
446.028026025
904.968507739
832.052882935
701.271701981
600.852727380
467.220556745
846.716599577
808.550555006
659.133522133
529.701802907
633.155589093
941.701120314
498.309140996
926.580811370
334.408432912
882.596170397
601.493973370
691.568641618
397.888175245
560.766439795
786.916132761
545.378767464
264.699829996
892.256129147
336.309381374
979.341105029
884.528688059
407.671436331
926.322298123
808.378005638
802.221291166
484.908238742
923.601645733
661.277551411
248.931717545
973.007194218
911.848123321
813.186325512
329.771132757
527.885404231
961.539910768
403.168734491
684.061400753
789.113426574
525.911589528
600.724562508
836.867980884
639.965624077
854.616288167
697.880362240
670.952308290
600.545585281
949.829458377
441.549544219
317.616120498
612.085778302
689.654262723
984.211359414
874.007437043
915.293395584
986.176454799
608.492399295
568.085380907
492.662156046
531.958646617
876.275641565
530.116968225
991.844241804
752.657956844
333.946103436
746.339734973
905.118784530
91.782351245
870.037355520
278.190582155
968.812159296
801.711918335
762.028214701
735.938176751
666.318992675
831.271315516
980.073466634
857.311495315
328.965043736
376.705455230
465.726314496
51.681718238
468.130323735
602.793496979
795.612971237
730.275290558
90.066642056
593.483782424
829.479354776
883.172123654
873.691020899
996.205300126
674.934811684
394.055833607
290.795460762
886.163641780
740.309394780
215.388021960
713.161973187
581.045609242
321.972049689
906.008829979
503.958331611
721.362599530
306.324990819
830.448673911
721.621784594
873.435280641
814.703627094
518.663667515
779.514592551
947.430208511
851.672472702
638.579029734
885.172864473
520.980805788
989.786845740
906.577078907
702.548930680
497.614308682
721.814380572
621.312399356
599.625717145
487.415633725
853.473491094
402.744335776
503.703285675
691.794044496
639.028168393
859.569078085
611.538398693
918.209126507
994.837675915
394.171282566
954.114248924
763.403562999
719.906938430
975.999487705
973.832634491
575.686546655
488.035859338
828.005434765
569.719298246
165.882488527
758.982213230
842.344941221
796.659274722
387.104637017
897.357230989
844.776302083
803.072225893
909.583970844
973.500898818
744.671739762
686.130454068
661.269990246
201.397616669
562.513110958
839.627298270
836.057414296
427.122933123
842.306951176
748.367557456
971.709833232
429.081577325
627.013556472
793.914982854
507.137080868
797.398269375
926.364938887
905.517108168
620.683494222
876.036528919
793.321498511
172.667310166
391.507343482
929.209879414
244.145448495
768.836133386
751.236314351
523.672607647
271.265552550
82.674058809
851.350691548
679.693313194
344.037788622
924.182882334
879.223521068
576.475498178
465.575987353
885.910830727
958.597934486
796.264403323
966.339485667
667.633881705
602.429248958
411.251747717
768.814672076
388.448194744
231.773596425
970.426195030
460.963123644
754.181675725
955.431316213
981.337352800
821.881378302
871.189990760
529.478989196
654.600641613
733.090035398
730.876870615
659.345129655
536.067159972
510.361764706
566.117478974
396.833753149
420.748143193
849.025912443
522.354285902
732.351010377
313.332092196
748.078872847
105.375518979
237.023205615
943.673672410
749.629908688
806.530842560
572.054193237
915.098355370
754.272546419
552.167547036
522.169540230
293.850302025
915.345290041
600.299092120
434.876994103
303.422148170
546.276486772
923.039002426
701.411434181
995.979417458
941.044102019
856.572822357
471.500795333
639.108754439
954.865959180
623.349821529
612.209931314
951.263896088
310.975883309
208.293062775
494.215540043
198.345657880
944.560215127
143.506097431
826.784736333
480.963616088
661.099841174
817.699822673
876.351527642
782.264021926
767.215745407
580.831301653
908.390334603
870.072985444
209.095671883
615.090237282
593.439973037
775.990334991
719.082053732
703.469970930
623.304099136
551.278514420
536.286304132
933.144683327
797.339952592
995.558134917
617.267365948
499.890988116
889.898870659
737.320825693
359.284010220
744.918791946
624.918394672
704.102975423
645.982197897
245.587051776
460.217339960
887.229958917
717.995125332
486.715522662
797.356257838
824.903024603
446.541151519
624.549437595
486.397985193
997.076225772
