380.654699170
854.310248095
268.512569538
992.220741569
985.727650013
761.090664770
676.644663025
880.042045455
788.971482375
426.875860175
284.564579665
246.925089855
322.739835761
755.977512893
799.264036474
630.084920635
987.762623306
734.597849166
752.031914216
754.568088381
305.681206488
528.386222393
321.885072658
699.702079460
810.741060419
771.377987760
822.017031454
42.731721238
106.306161628
767.422960303
907.614455592
932.105680704
929.025833871
794.344458438
562.729953794
954.401906955
656.576728189
703.413818460
621.971060420
520.044228888
155.579561640
766.362838347
949.201769910
665.193956689
956.081063509
743.866923582
268.574012146
942.711514728
630.426046416
89.067390217
899.486520188
987.528227445
785.964375783
766.835053972
889.970224221
968.993292030
981.567114364
795.205633783
882.673778924
839.062572160
763.900517083
936.947170336
973.984086121
979.613699373
823.275773966
600.831091074
991.976814245
837.600143266
963.972509981
54.295488029
660.848696753
637.636259948
602.552072439
562.230379827
837.659835494
591.044837574
788.373642380
202.807790777
486.406208842
753.128807044
881.980725413
382.096846362
614.106668259
966.170792355
926.512277307
568.359041452
302.838240650
788.219512572
818.082514176
964.339151959
511.441102855
722.337178885
954.199140641
798.402154306
346.668429483
647.751495560
480.812853414
310.349802642
848.406742076
604.632946506
502.938366005
419.578359785
933.533073865
572.242955396
763.297451854
992.688772980
951.468864441
718.254829430
652.180189825
524.564581344
649.327344257
988.641997894
447.393562761
954.193900630
534.396856278
631.384193657
810.665775767
910.765063010
683.279591383
575.917528818
537.142439210
816.349189992
489.652938314
892.475209740
521.215886174
777.256756757
651.340156907
337.542589905
974.514751043
632.853063522
462.890915876
505.087121206
999.199679744
490.708671286
853.578350243
994.220297520
920.489000477
268.087672227
394.868332486
618.120538407
654.755679624
822.591636234
505.668972332
807.939354160
905.249689312
720.834238920
525.494053249
599.933333333
706.584743679
902.019955433
650.530552703
680.235253423
633.925863173
172.212078554
942.998939554
961.128503375
590.883237197
978.075661695
679.640346065
686.123166786
808.893688936
217.117479720
674.165430267
930.743251386
275.429090909
922.945285486
468.228576659
864.750252963
963.939832147
969.376603803
381.626781031
510.224460409
857.242089494
669.431848660
292.924905052
495.274671268
492.838716012
874.969142857
654.016054849
540.026851184
897.526044190
557.601111907
956.278202199
158.830097903
690.288345548
499.771947992
644.962014388
868.688666900
315.001587298
843.547864676
460.841621384
552.153058490
470.990445763
785.576221636
820.711276881
656.332232943
829.348539518
665.647804774
476.516526471
448.894209354
697.034432435
553.071423959
628.070059786
821.707420925
792.860643493
922.965871525
983.383445190
32.557641192
397.172506601
470.534802114
581.642501886
317.280632879
979.979591837
967.117883197
756.951781820
627.263102693
869.005753731
323.561433869
951.260742383
506.068177225
853.004689332
391.849460890
547.079518900
219.424246609
450.148866918
729.301035239
771.000000000
778.949292316
276.195582876
574.144581094
742.399488146
776.403889738
830.210816600
998.242455519
898.294495141
985.765692241
171.125684805
753.789095172
233.925201721
897.937637033
818.643390006
886.556933484
418.830514648
624.581459859
586.450338903
867.315455594
276.485507246
251.984126484
778.412487053
474.126565381
977.277851995
915.105458404
530.366854168
319.213094969
983.931400049
640.693374400
642.993779130
874.761110247
687.417631429
648.256122223
834.855676150
424.714021431
820.873924546
741.053304426
641.020280490
961.262226847
291.929786079
975.359933563
366.708330966
521.855343941
331.969878152
876.456502058
753.917767402
214.483099567
817.506574897
791.660912260
540.656082921
587.846068287
929.626806842
167.624580599
495.782210250
907.454131072
819.214257688
717.265641168
924.942162162
807.178418938
681.159305890
438.352600365
852.801852718
948.412884771
889.987640364
323.962960846
539.461770158
892.745205556
369.601136362
747.780048141
747.838886392
577.553460729
641.491231429
537.797359607
930.439143631
920.919106111
648.606197935
938.489744217
907.368172243
879.718705042
791.841524549
434.643532104
626.679344184
806.140818859
679.478476480
237.139199628
406.701364640
465.000000000
325.843523634
649.840749723
223.116561465
717.351378336
571.867117432
867.891122204
955.469518091
941.300695846
607.209189654
594.435025907
433.338205101
816.052694377
830.135531103
960.609181718
593.003372672
473.219873150
939.037272956
714.874114792
803.758670249
409.876810761
559.446154692
979.035240041
664.863895846
814.174428486
641.852007865
642.192338790
920.240729375
748.744949899
919.473218751
351.126757739
838.323326647
618.245097029
157.382165605
950.384658967
760.407785336
759.595286979
483.985536974
915.035518447
427.974298294
965.402506730
360.891950589
261.566793893
459.842366246
512.693865772
996.612261614
690.350635547
98.919158913
5.196152423
278.381033837
313.397511158
216.194357003
910.882539080
863.190593091
758.822113542
448.542082753
298.451342282
721.503291746
66.189122973
342.682068396
935.160414047
864.166072002
839.491512762
731.365845525
472.883706634
930.934477387
491.764172428
502.847889525
773.721526132
577.530085796
690.863965268
897.109803759
337.575176813
827.507703892
884.447285032
949.713114577
563.020425917
749.969333333
788.219512572
299.295840265
862.466231223
991.041371488
59.203389831
549.306835931
664.040661406
976.819328228
267.254560298
860.944250871
908.199867871
912.354097925
732.041665483
470.968151789
650.003846142
881.484543256
418.316865546
365.436725029
787.662364215
479.696779226
760.302571349
723.793478832
935.230452883
915.365500770
715.620810056
974.335157941
326.173312883
381.057738407
788.161785422
988.613170052
725.557027393
484.595707781
689.884773004
737.192647825
823.396623748
882.219927229
693.176767677
923.907462899
225.428480898
786.941548020
993.508429758
911.331443548
558.664478914
893.739335601
737.138385922
514.581383599
986.911343536
730.236947846
812.838237290
594.996638646
911.908986687
864.252279301
790.812872935
858.661167167
620.309677419
865.756894284
920.682898722
717.768069100
297.307921186
448.109361652
676.895856096
505.645132479
681.425711285
347.890787461
463.261265378
898.332343846
399.005012500
546.130021149
482.974119389
129.753612666
496.298297398
374.586438623
969.025799450
471.492311708
349.835675711
358.011173184
921.804209146
565.649293286
421.206600138
873.824925612
767.785777415
72.746133918
977.216455040
441.851785104
168.674242254
405.048145286
873.959953316
770.534879159
915.171038251
921.148196546
661.856481342
427.832911310
607.339279151
342.159319616
855.016958902
467.171274802
850.775528562
673.042346365
854.462989251
230.032606384
838.171820094
465.220377886
566.211974441
654.808368914
935.550639998
691.114317619
923.233989842
363.793897695
687.933136286
794.300321037
711.246792611
879.899994318
770.616636208
615.820590757
616.062496830
821.160154903
595.493912647
713.954480342
375.046663763
645.218567619
580.293891059
758.132574158
421.226779775
251.449796182
880.299948881
621.179523165
254.919595167
730.256804145
496.300312311
308.898041437
567.691817803
786.645409317
993.590458891
379.888141431
894.114086680
768.059893498
319.141034654
642.471962617
659.539233101
902.457755244
954.965444401
515.430887705
130.518197965
677.800118029
837.034049496
836.324099856
610.221271714
561.239699237
498.447590023
802.292963948
827.725195944
885.294866132
519.617166768
418.621548017
615.134131714
675.228110190
990.620007874
588.721561969
650.416020713
862.488260790
788.723018556
715.281762664
811.357504433
764.111902800
567.969189305
262.996197691
347.614729262
570.324561404
933.080918249
102.537804878
195.099974372
948.968387250
786.473282443
225.741002036
918.556476217
561.514915207
961.675620987
883.811065783
168.330032971
703.538200811
671.780470094
995.080904523
786.188272617
908.819013886
822.116171839
702.394476060
703.720114818
926.462627417
348.410919540
621.276106091
629.916661154
421.821052108
899.901661294
504.737555567
325.126153846
977.502429664
961.892925434
776.833315462
817.831278443
640.854119207
751.867009517
584.910249526
913.254071987
840.959570966
366.822845526
305.699346405
358.237430168
571.948424248
710.170402087
528.223484848
661.703861255
975.357370403
521.456613727
517.125710055
913.938728800
708.571802995
693.567588631
835.469461078
789.870875523
425.225822358
591.457521721
612.892323333
641.009360306
421.455810258
573.129130301
309.745059735
510.838526347
812.833931378
719.674231858
786.445802328
839.337238540
805.009937827
516.681720211
648.087956993
288.385159119
424.666928310
517.444683034
814.861337897
602.140350440
199.160739104
641.749221184
330.483333333
760.364386331
901.128181781
718.440672568
366.586961034
486.395929259
569.560356767
523.489254904
838.161082370
630.451425567
923.387242714
992.596091074
482.051864433
882.353103922
712.057581941
702.052704574
885.255895208
931.016648616
573.438749999
888.981439820
772.765164861
967.856910912
900.575371638
932.617899250
938.824264706
724.388707808
674.602104951
394.191577789
994.530039768
214.312855424
779.551794302
736.759119387
725.992424242
977.102860501
533.471648731
462.614310419
810.850787753
443.196344750
375.031998635
715.193680062
598.554091123
581.606396113
260.865865916
689.860130751
307.655651663
960.033854167
612.695683027
192.005208263
837.074070797
843.272835113
86.873475259
819.538894745
945.052908572
852.480498311
738.577010203
675.570869709
574.884336193
898.151991592
972.693168500
760.771319123
121.272420607
681.730152560
635.101566680
847.014167651
661.651722835
914.938251366
851.228523958
374.245908461
958.427879394
754.955627835
991.893139429
507.237616902
790.385349054
729.132361098
484.797896035
889.835378033
796.506748245
638.361183030
427.941588785
839.314005602
874.475271234
804.590579115
983.399206833
498.914822390
296.518518519
508.007873955
348.545549391
399.017543860
905.864780196
756.562621334
68.796802251
236.313351294
599.481442582
866.920988326
677.412725006
890.908525046
340.526063613
942.759809120
862.651725785
843.215867972
911.907890085
783.445594793
123.154374669
705.943340503
940.079251978
716.126385980
340.612683264
68.680419335
938.699632470
174.742673154
999.737465538
700.067853854
890.015730198
228.078933705
521.844804516
546.700100604
514.069061508
763.371469207
712.614903016
967.909086640
696.597444727
629.491858565
412.065528769
898.618940375
189.319835200
983.875000000
657.919447957
433.158198614
957.424148432
749.581883452
505.377086936
777.807174048
945.497223687
265.476929336
646.505993785
925.918463117
655.631097561
287.163716371
676.719291878
940.339832188
784.472434187
664.927816213
313.628761436
967.019648197
719.264207368
757.548018280
736.487610215
474.564010435
644.890697674
684.045321637
219.342198402
667.119179757
621.700088467
896.065287800
656.288046625
943.398113206
517.380904523
372.773389608
778.801001540
194.663812764
990.612436829
654.304210593
857.596058760
710.611004699
550.386228025
984.936038532
139.046754727
949.374004279
382.219832034
618.095461899
464.876327654
771.246393833
826.570626142
184.016303626
901.720577563
632.992890955
728.352249945
764.255235602
637.633228840
684.295257911
802.531619315
920.402086047
614.771502269
956.129175373
245.713247506
947.927212396
372.527851308
373.143404069
910.787022305
269.464283348
943.015906556
835.004790419
291.991438231
750.676361690
504.495787891
738.251312224
524.634158247
766.355009118
633.913243275
850.903049707
873.429447637
500.586655846
753.856750318
893.489227756
836.407197482
728.876533132
794.280806768
548.286421511
499.795958367
958.971845259
411.851915135
515.613227138
725.048275862
732.948156420
406.353294560
501.270386119
112.454435217
984.942130282
990.538237527
358.090770615
487.937495997
873.318956625
838.565441692
977.770422952
750.636396666
190.305018391
520.113449163
441.410240026
879.280387590
679.543228941
743.100262414
354.221682002
430.563584155
592.683726789
895.222877277
399.657353241
456.109635943
727.115534314
917.784288382
546.452193700
277.632851082
992.663588533
614.360643271
629.016692942
578.676075192
733.653187821
493.625364016
504.193415268
363.763659537
490.535421759
860.837963847
965.033160052
914.954097209
885.342306681
344.844892669
667.293103448
977.574038117
330.688675343
833.214858245
260.440012287
770.728875805
838.255927507
323.126910052
929.353000748
842.946024369
636.841424532
443.156857106
747.698468636
795.119487876
704.536017543
527.214377649
988.712293845
924.828632775
683.270810148
884.148743142
721.153243077
736.972862458
876.870001768
748.174465241
471.410649010
232.781012971
419.278042959
781.359072386
522.796327455
953.294288245
645.199969002
664.904504437
797.791952830
408.219303806
959.973958333
241.834654258
834.124690919
319.973437500
599.221995591
975.864744726
981.173786849
858.843990490
478.695101316
927.509568684
635.532060564
458.031659389
755.260882080
517.481400632
643.589154663
927.823259032
481.334604197
920.389591482
887.431687512
888.338337273
554.332932451
404.823418295
702.027065005
846.659317553
691.747065202
888.924631226
466.249932976
747.066931406
485.011340074
456.322254558
572.367015122
809.097645529
211.449757626
802.560901116
936.489188405
776.644062618
500.426817827
546.389055527
456.508488421
463.012958782
440.648526077
757.943269645
408.325850272
884.953106102
895.409403569
699.902850401
950.444632790
854.587619849
807.149304652
984.516124804
817.028763264
550.627823489
389.361014998
831.146196535
789.958226744
801.870937773
603.734213044
411.414632961
335.252143916
726.717331499
400.413536235
725.141365528
879.983522573
473.880786697
775.733846110
641.429653197
608.095387254
420.424785188
577.428783488
754.088191129
850.539828579
921.626822526
747.754638902
549.605312929
828.931842795
529.244744896
401.400049826
667.498314605
711.128680339
857.000583430
449.962222222
859.202537240
739.989189110
943.790230931
291.503001700
632.517983934
749.588553808
757.209350180
445.780214904
769.366622619
827.586249396
315.753068077
899.307511398
486.863430543
896.959865323
595.699588719
413.168246602
147.068011478
452.924938594
984.550658930
596.616292101
915.736861768
679.293014832
223.049321900
943.915250556
514.278134868
961.953221316
702.301929372
847.446163482
771.461599822
720.873081762
870.216065124
739.628961034
714.541811233
365.926222072
863.123397899
943.763211828
805.837452592
212.322867351
339.123871174
969.884529210
960.967221085
867.352869367
505.850768508
525.179969153
944.394515020
547.272327791
833.382865200
677.530235988
625.878594249
395.915395003
959.601479783
258.818469202
376.356214244
704.086642396
447.430441521
921.796615312
281.410731849
686.039357472
624.112970543
765.363312421
723.414127604
172.177234267
356.857142857
767.862617921
937.640122862
177.285081155
731.462917720
563.462509844
804.374912587
999.110610611
859.338117390
616.805479872
837.684308078
952.998950681
346.089583779
689.068211428
614.061071881
436.490549828
289.288783053
873.061853479
810.927863623
456.417763158
473.207142803
291.104792128
956.901771343
786.891352094
787.895932214
605.984323245
741.563213759
749.885991335
161.592079014
870.216639694
475.661644449
858.605264368
970.536964778
928.940256421
870.324652070
975.055897436
885.887690399
604.846261458
541.536702357
990.026262278
492.445936119
752.357627728
918.179720970
691.196064804
480.247852676
938.151906676
427.290299445
966.346728664
702.591631035
448.002232137
821.135189844
366.335911426
573.412591421
485.086590208
937.772360437
982.167500993
985.392815074
783.846923831
218.979451091
994.621033359
800.619135420
867.763216558
920.031521199
672.921986563
329.355431108
310.457726599
591.820918860
921.453200114
758.348204982
724.158822359
642.306001840
569.669202257
318.471348790
179.869444444
719.622123062
155.913437522
983.492247077
874.905137715
778.050126920
638.671276949
427.252852545
705.333254568
522.213557848
569.163444640
760.570838253
359.779098893
920.004347816
91.109823839
679.658737897
196.384826298
441.403443575
673.564399297
929.735446918
826.277193203
504.208290293
626.639449764
966.653505658
965.668680242
942.268008584
672.550369861
617.694099049
661.527021368
744.714039078
903.040973600
650.501345118
672.659646478
165.511329305
354.326120968
657.784159128
967.415629396
902.289864733
323.409956557
64.869098961
209.167397077
699.153774216
852.480046948
365.401149423
642.933903577
810.658374409
278.499551167
812.539845177
878.626200383
898.429184744
943.834201542
472.529364167
480.187463393
779.884607001
987.884102514
759.068508107
994.525012255
551.996376800
962.301408084
611.471994456
313.340255591
221.761132753
305.996732009
186.665476187
797.832689228
785.991094097
641.059280923
261.856831112
982.254040468
313.448560373
702.420814042
305.995098000
959.335186470
674.407147056
851.790467192
249.551597871
589.373396074
848.686632391
744.961743984
490.221378563
976.588449655
261.453628776
455.586435268
999.201681344
189.881542020
696.130734848
973.412040197
865.296480982
756.735753087
456.391279496
303.708742054
380.525951809
253.383109145
699.396883036
964.711355796
831.252067667
924.415491011
121.317764569
725.695528442
923.526393776
621.771662268
674.403440095
926.762644910
988.314727200
862.855144274
769.118326397
806.307013488
934.182530344
560.694212562
344.318166817
454.472221373
627.404175950
570.937824986
920.942994979
429.177119614
834.965867576
485.270027923
585.889921402
601.179673985
903.251937984
821.441416049
646.046437959
997.438314945
773.654961853
634.937004756
946.683685300
728.098894382
936.329002007
880.202249489
458.235747187
682.085771733
389.551023616
793.641606772
623.968749217
681.921549740
626.020766429
539.090901503
508.518436578
94.053176448
496.120952994
663.091999650
601.296931640
226.718061674
761.776213858
662.065706709
502.484825642
224.069185744
765.345673536
166.021082999
312.478799283
831.080020215
286.546680316
905.912799336
598.163857162
967.453358049
858.282004938
776.795366795
417.682894072
540.146276484
355.643079505
488.049177850
671.424604852
779.484445002
124.470880129
783.132172752
741.543660212
517.953665881
533.342291591
587.535530840
815.895826684
560.982174405
932.344893266
471.151780215
425.009411660
923.812210354
670.941130055
967.949378842
688.294268477
822.389202264
737.500508474
671.436519710
910.517984446
994.409372442
893.616248733
991.549292774
822.432975993
965.050257759
727.187733670
865.773065373
817.517114914
476.699066498
333.860749415
896.323044443
729.599205043
839.352726808
556.026078525
259.586209187
763.334133915
543.996323517
651.219625011
213.597752797
39.585350826
336.513001235
990.116659793
511.695221810
473.867069968
588.209996515
766.236908540
765.552742947
803.338658350
375.018666202
626.802201655
591.589384624
402.195226227
933.669106268
994.395796451
307.980518864
903.780947112
396.179252359
526.077940994
796.306473665
953.101778406
895.834806213
754.786724844
854.270448980
729.006172813
178.555865922
642.112139739
542.434327822
698.331583132
861.889784137
542.349518300
786.736931890
891.922081799
939.643549438
671.435030382
885.367155483
838.758010394
739.151540619
933.105031601
654.756443267
268.721044952
693.729053738
938.947282865
749.138838934
555.682463283
994.283158864
893.318532216
524.100181263
977.110536224
883.045865173
857.239173160
735.206093555
352.120717936
247.263017858
795.565836371
791.412661006
846.633332677
818.070290379
788.091999706
926.392465427
360.858698108
369.008129996
822.591028397
820.205462064
786.851955580
573.271314475
860.673573835
982.933364985
907.413907762
770.901420416
182.969942887
930.740028150
666.288976346
904.561219598
540.072217393
686.172718782
771.755790390
909.067656766
506.540225451
606.395214521
517.396366435
845.298172245
589.716881224
731.564207650
875.591799870
613.461490234
638.503719645
633.394821577
886.217268623
720.861984016
879.601045929
895.426155526
976.724116627
765.870746275
576.926343154
554.460097753
711.012658115
283.848551168
977.845591083
933.431840040
811.983989990
998.170326147
825.592514501
229.636956522
669.504294236
795.653819195
804.400397812
347.736969562
851.085777121
245.582979866
653.113313293
858.749672489
900.133323464
489.295411791
590.566677015
846.402386578
615.562344527
845.932621430
891.476864534
764.280707594
696.800545350
855.360742611
449.000000000
628.325552560
318.756960708
887.035512254
294.025509097
365.090399764
348.129286329
851.033489353
302.249896609
971.752540516
565.594377624
465.571691579
699.779250907
867.865196919
560.607705976
754.469349941
443.014672443
947.752604850
757.830455973
367.070837850
344.511248002
667.699782837
889.611151009
714.499825052
742.268819229
245.036731962
406.429575696
845.700301525
487.240187177
202.113829314
868.605779396
892.593412478
724.480503533
614.017915048
675.876468003
681.762421962
433.091214411
553.530486965
895.434531387
490.764709408
823.898658817
917.529836027
661.928244448
466.169497072
635.702044025
613.609810873
857.499854227
873.115685358
179.694184752
913.606042032
865.548381086
631.228209192
677.973450808
624.873587216
487.252501276
999.001001000
796.860088096
813.333879781
776.182323942
765.435170360
413.666666667
532.412434260
869.462477626
980.243847214
872.670675830
536.275115962
292.491025503
505.744995032
417.408672646
741.509271688
729.041836934
502.077683232
784.313712745
638.247600857
972.618630297
460.661482527
412.891026786
550.503405984
648.715654197
692.681023271
835.598587840
347.690954728
184.627027027
604.880153419
473.476504169
773.761591189
269.107785106
800.895748533
769.297081757
970.603935702
836.570977264
331.457387910
946.174402528
980.046937651
875.073711181
933.458086901
532.791704140
776.928568146
824.590807613
315.664378732
885.038417245
900.514297499
865.478480381
279.521428571
567.920769122
724.434262028
181.378058220
980.419808041
892.439353682
167.011975619
873.032072721
472.892165298
901.550885974
835.075445693
844.739012950
26.739483914
887.403515882
672.206069595
239.670607293
985.300969247
867.134937596
625.781111891
746.600964371
38.923000912
924.840526794
822.394674107
473.546196283
926.018898295
631.662885864
735.106114789
538.976808406
864.893056973
586.145886277
965.248154621
456.215957634
714.160346141
663.883283133
527.275070528
939.902122564
772.240247591
817.372093023
502.619140106
544.847685138
894.133658912
706.148709551
293.075075706
971.827659619
462.593774277
549.931813955
969.601980196
885.754480666
840.125585850
464.399612403
619.227744856
601.786506994
875.972602311
981.942462673
279.774909525
363.987637153
508.284369227
531.053671625
542.081174733
238.566945607
882.485127353
760.892904074
835.650644708
278.445685907
787.557616940
947.610679551
626.936998430
591.108281171
971.495753979
66.490600840
669.599880526
294.066319051
901.505962265
130.682822131
806.124680561
567.669798386
274.958178638
681.190134984
528.121198211
717.267732440
993.499874182
344.811542730
540.143499452
946.496170093
859.043072261
945.055553923
949.988947304
941.480748608
250.655141579
653.482976060
826.251172465
659.818156767
925.838538839
310.459337112
727.437282520
859.925578175
870.002873558
673.799673494
487.364340099
689.223476095
934.604194298
772.337435233
437.131559144
967.739117738
504.056544447
960.901659901
837.726685739
473.520854873
940.084570664
796.929106006
892.019058092
768.267531528
731.648822865
798.187321373
815.992034275
714.421444247
388.051542968
787.994289319
541.118286514
469.219564809
971.497812658
852.078048068
585.860904994
528.865767468
190.023684211
597.528242010
560.829742435
105.380263807
373.703090702
816.811483759
486.537768318
944.569213981
147.678705303
756.589717086
574.354420197
403.060789460
822.871800465
518.318434941
494.520980344
818.647665360
482.810521841
560.631907308
856.172879739
493.602066446
532.951217280
588.223597416
616.173676815
422.285448482
286.132836284
931.967810603
682.405304786
571.521653133
904.272635879
789.628393613
979.207332493
712.947403390
443.748802815
882.077660980
662.452262431
515.618075711
945.150252605
576.159700083
732.548974472
752.728370662
849.165472685
679.407830393
751.110511177
264.971696602
465.679074041
600.752861000
215.420518986
840.427867220
733.197108559
954.097479297
917.886703248
914.514078632
883.369195923
939.113944098
553.123855931
398.374195951
999.065062946
634.725925105
950.025262822
577.161156004
331.837309536
148.919441310
862.262141115
534.745733971
601.196307374
906.612927329
554.420418094
814.389341777
33.346664003
839.578465660
853.322916603
802.633789471
117.940663047
571.384283998
908.970846617
996.095376959
260.624250598
801.419989768
540.745781306
857.341238947
154.912878742
825.441212121
283.407833343
516.191824809
953.545489214
299.249163880
979.814778415
590.598002028
108.245370370
449.194835233
811.618137013
330.823215630
171.624590313
702.306201026
298.291803441
424.084897189
607.566611842
801.642688484
950.891160964
649.775345793
159.674669250
321.805842085
559.849979905
108.949529600
524.790434364
403.234424603
738.199160119
930.584762394
779.664030208
900.333271628
991.454487105
530.059430630
754.723841060
820.455970787
733.910076236
575.597081299
588.966043164
466.561893000
511.044029414
908.101315933
636.623122420
971.498841997
965.094818653
619.104200323
688.622538484
812.152696380
841.717886230
554.569202174
612.831951697
778.571245186
369.916206728
601.201297404
602.770271331
381.373832348
620.689133142
849.000588928
162.086396715
221.429864253
992.402136233
284.796418517
641.971962005
336.197858411
949.722591076
837.664610689
727.523882780
521.554407517
971.998971193
803.654776630
877.671920930
863.686285638
406.429575695
828.794305000
681.091770615
551.557793889
232.776717049
329.607342151
624.348460397
501.986055583
916.667333915
446.208471457
932.595839579
438.865583066
814.928217700
957.957201549
915.632022157
994.259523465
989.425085593
999.413828201
280.217772464
669.741741270
796.229866307
611.998366011
783.628738626
637.406463726
913.474685276
424.261711683
929.534829901
749.923996149
696.690749185
329.627061996
959.051094891
549.203969396
764.437047768
343.418112988
373.049594558
641.566832068
836.183592281
113.247516529
538.602822124
853.298306573
379.134540764
817.132792146
442.010180995
808.696482001
614.595802133
921.437463966
755.381360638
961.335529355
326.697107425
459.340832063
938.336826523
995.139195980
649.612961693
961.193528922
698.813279782
465.027956149
699.933568285
980.922018349
625.762734589
864.278311657
898.219906259
373.469168901
851.132187148
464.911827957
672.984398036
851.042890717
972.399095022
851.069327376
687.728870996
950.524065976
407.845559005
852.350866721
829.563138043
477.950836820
578.866148532
915.864072884
866.769866174
917.444276237
930.116121783
878.931737964
893.659890562
303.955588861
946.601817028
821.571055965
745.260357191
274.135003237
543.474010418
795.442015486
425.553756886
852.063377924
910.414191454
379.765717252
325.619409741
852.710970963
613.000815660
367.929341043
786.009541927
904.748031222
541.356629220
901.083236999
290.841881441
941.488183675
728.240344941
685.283153156
944.936505803
718.579153608
274.408454810
158.126533839
774.202169979
845.133717231
741.726415094
718.156668144
426.908655335
944.230903964
970.950050209
930.253191341
787.471269317
490.173438693
987.157029049
949.249176981
913.099118387
570.014034915
729.454590788
373.450130540
530.281057553
612.332426056
636.348175137
898.316759278
844.114928910
959.771326932
787.457935384
785.515117614
863.747069465
815.664146570
489.176891616
573.726415637
844.525902504
523.896936429
659.393660873
842.607263206
891.467329743
744.632795410
679.376920420
356.029493161
310.839186719
898.329560907
405.795515007
694.123908247
605.936465316
50.149775672
968.566466485
997.705868480
912.516301224
887.865981529
357.152628447
444.777473022
464.499730893
963.807034654
711.716235588
976.887403952
791.850364652
896.626455108
397.592756473
854.172699166
638.272669006
197.256345178
556.544697217
182.611609708
777.510128551
518.067564177
909.983516334
671.786424394
959.612942806
519.351520986
266.992509258
599.668241616
543.497930079
626.735191289
612.187062915
784.981528445
744.126344086
697.137002317
676.811642926
178.600111982
374.215178741
656.046492255
244.673251501
585.929176608
876.172357473
941.047288929
781.910480810
748.665479370
58.420890411
621.333243928
575.283408417
792.711801350
945.617787483
410.435134948
944.229844900
680.327862137
103.087341609
202.674616072
811.281085691
762.179769089
790.198076434
958.397621032
729.647860272
735.510190217
984.526789884
983.853139447
712.642266498
959.156921468
799.993124970
800.674715474
861.007549328
865.446820809
849.859400136
690.013043355
970.430832157
729.391527233
811.171991627
797.021957038
775.641669845
425.241108079
577.117838920
727.660635186
792.351564866
604.076981849
721.074892088
948.839290923
817.523699962
687.457635058
452.526242333
167.361883355
723.342933884
462.481350975
551.555980840
978.050612187
923.850637279
617.570388350
398.321478206
613.893313207
933.989828694
636.707939325
748.473780436
295.994932389
223.781143084
988.725947874
962.518051779
798.680787299
847.811320755
250.251873120
997.705367330
410.036583734
323.055722748
281.400071073
832.468618027
981.428550634
633.379822855
425.735833587
253.023714304
509.366272931
668.601525576
847.246717314
783.095141106
908.707323620
425.728786905
730.642867617
605.282578636
764.888888889
798.692055801
812.330597725
685.753644315
990.818348639
834.387799527
672.161440048
679.653588234
808.630407911
408.661228893
852.542081073
585.225641026
464.166995811
940.379178842
843.068799091
527.515876538
759.068508109
627.292595206
611.208638682
714.678249615
566.332058072
964.455286677
930.869486018
518.877634901
526.553130930
615.135757389
880.967082245
714.273757053
813.120532271
440.014772479
882.461330598
377.981481028
516.159883721
995.262779370
997.291832916
562.433107134
813.673767551
401.600547808
653.860841464
332.884364307
773.221184397
440.559871073
615.491673380
694.025215680
439.745380898
773.044631307
590.382079674
747.715186418
822.549086681
831.336875160
854.251134035
862.870220162
668.193834153
462.335376107
272.306812254
443.977476906
774.508876644
656.361181059
970.837267517
861.420919179
956.998955068
35.680555556
988.557534997
924.821604419
968.883893973
248.787057541
647.313679757
897.531057959
869.229543907
617.355651145
208.100937047
220.338376140
627.706141439
566.279083138
757.786249545
901.330128199
697.198708752
673.267406013
843.374175954
719.728421003
841.808172925
646.886388932
90.155555556
708.501235002
632.321120950
455.163706813
250.323790320
458.276118263
657.904248352
988.344575540
864.443751785
971.976851576
775.706829897
757.578378785
375.954784546
396.299129447
742.432488513
356.582388797
166.330995308
382.868123510
792.556622583
764.405651470
682.858696950
622.253163913
532.706298067
526.628901600
757.580358774
388.024484536
485.318452153
790.952590235
935.561965812
270.787739752
825.295098737
993.454075436
927.551615814
847.272683379
975.598790487
932.379750960
953.719560458
878.281845423
960.022916393
596.095629928
16.583123952
753.838842195
551.404570166
927.144001760
817.811102884
48.332194617
882.506090631
433.872100970
190.617418678
682.303451552
974.761509293
805.604121141
845.807306660
641.225389391
834.773023043
771.770691333
942.586335568
144.434027778
309.262024827
711.891845721
836.014952019
862.183275186
859.792416808
833.481253538
637.293495966
793.953399136
830.696695551
195.097411584
938.891367518
711.456399437
645.440159891
733.006139154
571.854002347
916.450762453
680.623978420
870.845566102
963.718319842
780.967348869
208.820497078
861.625789229
844.449052133
605.086770637
948.753919623
897.371718297
914.034463245
196.494274809
991.151856336
558.864026396
853.981849924
954.449055738
482.133798857
849.765850102
904.029313684
548.775910550
437.392272451
759.680854043
724.342460443
763.310552790
555.560077759
37.881393850
624.491987179
951.339581853
947.079722093
803.237200334
388.439432990
926.180867865
681.975072858
436.916468299
943.328680789
785.240727421
889.138346940
616.591436853
385.347894765
704.169013803
613.797197778
605.848165797
950.970557308
412.095862634
477.159302540
749.448463872
943.859099654
407.335242767
716.766349657
857.300997317
803.284507507
548.262710751
293.266090778
979.176694984
777.239988678
493.584845797
519.170492228
313.990445715
812.145307196
475.759392971
356.609029611
972.417605764
563.740188385
852.151395000
883.104750299
987.119547158
930.455264923
372.286180243
723.032502727
874.375205504
391.196881378
429.646366213
837.723104612
302.755677073
829.592068429
619.219670230
830.006024075
204.758394211
992.688772980
996.707622869
858.616328752
531.677533849
470.317977543
686.691342599
614.699113388
947.565301180
842.450592023
516.032944685
580.096543689
566.509488005
389.865361375
572.314598800
834.885620909
875.563818348
984.440958108
590.345661456
623.652146637
598.717796893
409.261530076
337.421101889
992.419770057
456.633332117
828.930033236
726.229302631
745.856554573
562.048040655
850.239966127
250.335774511
798.145989975
531.510112792
671.936752976
178.581005587
155.765849916
924.498242293
698.844045550
959.181421839
287.473477037
534.636324991
313.450155527
608.783212646
840.322557117
446.484042268
464.170227395
814.615950920
229.804347826
982.538039976
981.224235331
275.579389650
835.511220751
549.517970589
700.145699123
676.473946283
872.808111786
828.066423137
766.626375761
709.006346939
526.811161613
833.861499291
581.129073442
852.374330913
943.714999351
541.292896683
328.032010633
993.579387870
424.609232118
469.934037924
986.086203128
905.865332167
901.767709026
679.171554175
748.166425336
597.262923678
580.301645698
840.674729012
108.958707775
920.163572415
460.030433776
239.599666110
748.405638675
615.909896087
910.387280227
639.170556268
787.294155019
355.288615072
414.381466767
809.171180901
772.982535378
827.936591775
803.029887364
471.143290306
598.400367647
733.914845197
548.735819862
566.472417687
850.628003303
447.714194548
123.713378420
738.063005441
665.446466667
336.864958106
644.967441039
267.921630332
986.259600714
594.574637871
229.651910508
891.072948753
471.085979414
577.929926548
979.550917513
354.570162309
673.872391481
528.290639705
386.597982405
424.689298193
805.361410479
965.028496989
877.430339115
914.471978794
528.965972441
212.315802521
734.868027211
720.661501677
577.513636214
342.477736503
607.600328947
951.727376931
853.927982912
663.856912294
745.941686729
529.989622540
710.221092337
589.728751207
479.650914729
517.089941973
625.944885772
326.453672058
958.151345039
935.464055964
119.515689347
283.247241822
812.788410350
463.425485961
769.904539537
990.584675835
594.770543992
842.448217995
971.011843388
842.586494185
870.666411434
442.361842843
933.632690087
818.015892266
509.768574944
747.218174297
486.184121501
994.103113369
422.856949807
951.338530704
348.344656913
564.116122797
780.396053296
811.404338169
810.183312590
504.771287129
501.698116401
228.479758403
315.304614619
180.742911341
723.238589212
474.214086674
719.368473037
804.667011875
905.035910890
997.709877670
917.270447110
285.646634848
638.697894157
942.309397173
900.455995593
911.110311653
534.457670720
391.957905909
893.616248733
616.780349882
828.429840119
661.186811726
859.587691862
354.973238428
852.220628960
890.325221478
90.785461391
599.420553535
999.819483707
961.198730752
611.049916128
947.404348734
844.904728357
822.702862521
948.377561945
513.063352827
642.267078403
570.463846357
691.590919547
912.976450956
982.307487501
840.456423625
287.238576796
811.653867113
237.417354041
684.410695416
632.372516797
810.820591862
632.365400698
884.132908561
383.980468253
726.099855392
436.682951683
397.477043373
931.285670458
406.985257746
932.832246441
984.332260977
302.678046776
871.268041420
897.571167095
672.345238095
928.487479722
122.364210454
696.567298306
616.262930899
363.085389406
828.769569905
223.799016977
551.112511199
971.872419611
983.667119040
916.360262009
870.172396712
773.767406912
873.835224755
955.223010611
940.058508817
845.246118004
972.448456218
324.704481029
395.936863654
338.002958567
813.684828419
774.010335848
834.405776606
797.308657465
987.383410839
820.728944293
650.178437046
725.761668869
682.441938922
987.563162537
688.047963444
766.733330435
390.242232466
842.103319077
429.403074046
583.718253955
151.914449609
800.428010504
780.285204268
541.938188357
777.457394331
906.228999757
922.036333341
654.093265521
406.400049213
398.623882877
286.625190798
888.254468044
612.867848724
267.794697483
558.609123435
709.762636379
955.698174111
545.171532639
232.361786876
852.592516974
622.729534510
339.193160308
495.166638618
868.076609522
604.007450285
991.682408839
498.368337678
947.042765666
553.794185596
336.028272620
205.107288998
133.977610070
600.294094590
955.606090414
740.189165011
831.888814687
870.023563218
468.410076749
275.209090909
895.075415817
647.406491499
812.652448628
886.671303246
613.128045354
695.434396619
709.616797997
691.186660751
980.206610873
189.436005025
37.027017163
938.186548614
294.794843917
190.863874346
141.244468918
249.787910036
248.487424229
861.782455148
672.053569293
271.040587367
903.503735465
600.076661769
796.206631472
545.798497616
665.855089340
768.887508027
774.839354839
213.831709529
746.657217202
813.080561814
776.785684729
919.541734638
790.046834055
916.604603960
977.226176481
880.301084857
377.682406262
481.770746888
776.881586859
773.749959612
588.925292376
277.685073420
843.593504005
986.650394010
618.215172897
734.007493150
790.573842218
945.478714726
921.975596206
523.241819572
852.043426123
806.217712532
914.813642224
611.295345966
848.055422717
557.736496923
714.444539485
946.894925533
844.821874717
738.300751727
904.061944780
720.350610772
616.530615623
519.930764622
569.360167205
576.608185859
607.107898153
945.731462943
957.100308223
651.590362114
990.261076687
824.773908414
957.584551148
999.902495247
502.994035750
167.197488019
674.092723632
205.980581609
932.985530434
734.438561079
102.044108110
857.568656144
880.602634563
834.531605154
414.721593361
557.027826957
999.724462039
721.492896708
370.068918919
88.130584931
592.604421178
907.776404188
909.099004509
934.695137465
655.633281645
452.030972390
45.716517803
553.021699393
993.203403136
366.125661488
829.855409092
843.442944128
768.372956323
869.419921557
803.474330653
725.215140493
983.542576608
902.397362585
381.459041053
915.140972747
598.182246477
829.895776600
660.552798798
949.755232681
738.457175468
909.745019236
701.998575499
861.069686411
760.680616290
568.007042210
412.676628851
875.562105164
920.083691846
773.484324340
833.621616802
460.959868101
915.896828251
994.714029257
180.138835347
620.101604578
726.827372765
498.628117940
588.464102559
279.944637384
526.510208927
965.953415026
649.867678839
767.203362878
343.755727225
713.152858790
248.686549697
597.857842635
992.949142706
275.512250181
882.302669156
730.158219178
773.187558100
905.759901961
274.142298816
639.043034545
493.155148001
612.046566856
131.950748387
706.398612683
585.101700562
678.469601383
760.068417975
549.825426840
810.174672524
928.310831565
791.769537176
175.504985684
695.950429269
273.649410743
452.609102869
814.620770666
601.479010440
821.143714584
157.302256818
921.258378524
751.384056270
683.704614581
928.127685181
944.141938482
862.060902721
942.736442491
843.082439623
529.021738684
751.957446809
801.711294669
551.076219774
321.228890357
802.426320605
803.059150997
987.849684922
593.514953476
683.996345019
728.347444562
289.732635373
542.522810580
986.665090706
987.006079009
329.318994290
902.566341052
455.027471698
159.946875000
556.964989923
706.606679844
850.705589496
194.843526997
984.762407893
275.417864344
868.827946144
673.170112894
902.064853544
420.538939933
881.958615810
603.530446622
823.720219492
482.560876989
813.416252604
949.548840239
380.801785710
918.591312826
515.641348226
248.243831746
473.826972639
200.017499234
620.398259185
918.073526467
642.656984713
872.024655615
978.933092709
637.307618031
763.241115246
509.979411349
485.430736563
786.878008334
646.019349555
928.167025862
563.427013907
987.653279243
870.305118909
925.283740266
315.724563537
645.628376704
747.225534896
920.148357603
881.837853576
355.411029654
682.635334567
972.288537421
623.495789882
577.189743499
528.206399052
935.221898803
926.277496218
649.799199753
149.432258900
673.443390345
877.443445471
923.309265631
713.822106690
173.778735632
823.808230112
507.696759887
992.747702087
588.058670542
693.219301520
681.386821123
835.172437285
870.341312360
704.592080569
419.711805886
343.946216726
409.909746164
967.835213247
685.272262774
907.135050585
694.325572048
372.327812552
706.976661567
894.661947330
445.173000080
947.893453928
550.309004106
617.128835820
683.640256275
410.045119469
778.348893492
988.933769269
801.893384435
885.848745555
574.022647643
970.495749604
730.391780822
398.386746768
833.922658284
458.426657166
583.381521819
941.764301723
844.377877493
460.823176500
958.824280043
542.902385333
910.512493050
909.636191013
713.892849103
620.154819380
784.520235558
950.829111881
997.910817659
663.501318763
381.279425094
235.227549407
494.377386731
997.597614271
263.465367743
619.123574105
538.907227638
761.650183799
634.349272877
352.036929881
896.025111255
690.208664101
775.645537601
757.819899448
168.816468391
606.396864686
943.533368644
789.892397735
625.490207757
838.557690323
695.698929135
944.359041890
962.427140099
824.126810630
854.200210723
964.970984456
655.708776821
928.768001171
266.926957662
854.843845389
370.339033860
708.427131045
524.572380952
492.390089259
863.833896070
306.403328982
713.519446126
980.371868221
725.137918908
985.725621386
115.134708949
465.921667236
676.558940523
253.489644759
743.199165769
711.641763811
411.877408946
265.800677200
853.572492971
701.446362882
433.481256804
426.377766775
933.470406601
800.200599850
836.766395119
918.264123224
975.016410118
620.830089477
688.906379706
976.460444667
764.423312046
699.562142857
773.471539457
430.691304765
584.844423757
667.659344277
627.359546034
794.884897328
886.657205463
909.130353690
878.553356376
883.858585974
947.745218928
997.868737475
940.234545207
73.932401557
654.056572477
903.272937710
637.187570500
896.548938988
937.279574087
414.562419908
902.507198228
760.294679713
827.831504595
816.281201548
880.303924790
994.411383684
733.908713669
897.078034510
743.393570056
377.506291338
961.446306353
992.407174500
927.151551799
590.665726109
986.566774223
954.772747831
346.255685874
748.062831586
224.417022527
988.088052758
860.098250203
729.360680011
438.249928694
829.749359747
609.499794914
868.118079526
688.522331155
954.796837034
754.299012329
535.682741928
781.494081871
913.102403896
890.999438833
636.994505471
732.856058125
486.972278477
796.676220305
960.311407827
232.759532565
748.019384776
907.743906617
821.728057206
457.347788887
590.660647072
66.887966033
839.844642857
714.987412477
232.200344530
933.604305903
943.459061115
660.339306720
925.220514256
968.421395881
200.124961023
153.957786422
994.931153397
628.837042925
656.380225174
660.208300463
761.010512484
104.019228992
902.416201096
451.055428966
884.717469199
852.722111828
846.213920944
562.662420995
427.044494169
801.838512420
372.810944045
768.203749015
583.254661362
657.057075146
910.430667322
252.378968254
446.659825818
984.375436518
752.531062482
495.709677419
923.914498209
857.853717142
715.497030043
474.030589730
777.626517038
808.907905759
837.611485117
271.944851048
345.760115607
425.182313837
656.847014152
837.400740387
517.800154500
942.726895766
955.131404573
843.337417645
260.149956756
291.881825402
773.081496352
949.166476441
592.602733716
273.861278753
694.685540371
533.225093183
147.387245038
718.115589595
608.563883253
29.580398915
903.311131338
727.394773040
767.632073327
942.782053287
524.153603441
795.852373249
570.910683012
845.378106509
352.262686074
328.170687296
449.864424021
832.542491408
618.985460249
969.054694019
427.924058683
863.611023552
570.320962266
720.190946959
937.480789755
626.166910656
361.275518158
968.286631117
321.085658353
321.611566956
155.557063485
867.968893452
700.985021238
947.472427039
312.915324010
815.805123789
866.833894123
828.721907518
596.246593282
751.374740484
472.744116833
450.656188241
873.895302654
996.628817565
652.865989312
870.073560109
255.521036316
757.916881986
448.181882722
623.802051940
952.669932348
166.153543447
296.368014468
190.047362518
677.196426452
660.644382403
247.824534701
798.902372008
774.878700477
605.683085686
677.352936068
670.381980665
619.609554478
424.546817206
806.234457215
737.286240208
575.768182518
798.900494430
931.067129700
501.088814483
787.888316959
945.291489436
947.038014021
734.435157111
358.767334076
863.423997813
660.674655182
518.478543433
968.763128943
364.982191781
500.164972784
962.135125657
733.411207986
335.644156809
989.204225628
894.202997087
118.410303606
686.981077147
166.066251839
769.299681529
780.810476364
213.971960780
763.940442705
801.631461458
194.894843441
170.185193245
948.278967626
828.207703417
588.836989327
668.795185389
976.201311206
436.591342104
119.995833333
793.834365595
264.005681757
347.280866159
464.124983167
820.991473768
730.648342228
648.122673579
342.473356628
535.606198620
902.651649309
435.646645804
424.261711683
996.693533640
363.502407145
323.715924848
748.040105877
710.309087651
861.181746207
490.189759175
886.186774896
184.442402934
939.811683264
429.097890929
366.584233158
952.270969840
923.044962080
691.372548452
733.417343673
357.328980073
305.121287360
775.914299391
828.845582723
746.692038259
211.213162469
395.967171717
516.014534884
669.443798985
837.884836956
526.007604508
839.970832827
928.373308535
985.467401795
848.609450808
455.388844835
892.749684962
988.080462311
877.511823282
698.632235900
802.547194874
905.783638625
361.697387328
437.842439470
582.926239492
917.517302289
993.223539794
696.993543729
885.528655663
836.027511509
956.630545683
932.356691401
643.410444429
866.135093389
793.459513775
601.754102603
742.004043116
333.600059952
428.961536737
995.305983103
858.897549187
870.391291317
987.872461404
452.387002466
701.707916489
736.023776790
691.426785712
709.506871003
923.528017983
965.865932726
905.787527594
795.692779909
186.139732459
460.201043025
558.923966206
422.665352259
628.223686277
539.323650511
821.588096311
563.690517926
359.856916010
754.377889390
344.691166118
986.862705750
723.217809515
788.164340102
768.905065677
573.462291698
948.481417846
351.158084059
481.246298687
966.706780777
348.206835085
928.336684614
354.520803339
934.826721912
885.824474713
818.752709919
875.388485188
559.237874254
777.017374323
840.321962110
564.156006792
600.009166597
566.120141343
409.185776879
907.099774005
626.796617732
904.533701657
475.235730980
443.101568492
924.577200671
780.132681023
900.194978880
607.949011020
893.071105792
992.511460957
396.615682998
856.908396505
802.568377149
579.774956341
471.679976255
443.144445977
150.897316080
786.204171955
533.547752809
788.597489217
809.177360039
503.401430274
236.378933071
63.906181235
393.653403607
313.628761436
741.261762133
975.611603047
595.598858293
912.112931604
316.156606763
564.481177720
444.590823212
852.983587181
161.888850759
632.293444533
996.453210146
899.299727566
958.278665345
567.022045427
984.859888512
523.664014421
780.830967624
860.718885583
621.090975623
928.687245525
826.563367202
503.351765667
560.572029270
959.633263283
985.870681175
380.939629824
522.797283849
674.252919905
544.893567589
181.986263218
321.739024677
842.312293630
522.899607955
924.352747728
502.246951210
759.120543787
628.534804128
868.137085949
435.940362894
365.837395583
840.694355894
745.006040244
700.052140915
842.088475162
364.013736005
952.169102628
865.693363726
712.708916740
752.958830216
379.216297118
947.710398803
386.141165898
704.518439716
734.758463716
866.141443414
864.510844351
896.131686751
606.723165867
795.176081129
673.148572011
798.887977128
332.655978452
477.644219058
777.110030819
993.979879072
576.679286952
404.491038319
694.892077952
948.851410917
991.167507568
730.407420554
911.442812249
221.458803612
558.981216142
515.554072925
460.221739130
978.918280553
399.243033764
291.492710029
971.852869523
896.388866508
612.978792822
510.665252391
820.248742760
348.063212650
699.720658549
490.810554197
861.186390975
879.585697928
275.152688953
491.537384133
768.022786120
534.044005677
465.199957008
621.868153229
806.770723316
979.353868630
912.472039474
323.681943157
159.075453795
682.172998586
255.425135803
158.716728797
864.731750313
499.462711321
394.666948198
458.288118982
517.159549849
514.379237528
811.099870546
938.777929012
736.636273883
957.547387861
633.825685816
210.492280143
707.100417197
493.326463916
748.932573739
666.256707283
756.494547237
954.910467065
887.791642222
958.159694414
706.204644577
500.520728841
842.795942088
951.695903361
506.514560501
120.519707932
531.010357714
729.030863544
145.890369799
542.751324273
819.803658537
338.195209935
939.723363549
719.273939480
425.174081995
826.834324396
568.602673226
704.871619517
558.011648626
829.399180130
235.516454352
534.179745030
619.458635997
823.403303376
786.952349256
295.695789622
991.769126360
864.512001073
927.560240631
881.098178411
311.114126970
460.412858204
809.638808358
874.914853000
569.896481828
652.712034514
632.563040337
917.335271994
175.179907524
850.406373447
641.208234507
606.080852692
767.271138516
425.688853507
899.135696099
735.396491697
986.324997149
366.794220238
943.162234189
949.394017255
887.417601809
290.564966918
862.596081605
685.746308776
988.468006564
827.295594090
924.105513456
895.667907207
794.959118446
798.566215163
697.506989212
696.200402183
584.137826202
724.912408502
800.161233752
595.639991941
359.146212754
839.380724106
433.918195437
724.977241022
749.327699186
823.737215379
501.860538397
791.819423859
279.949995535
995.115068723
910.493272902
586.936964247
344.197617656
741.594902895
887.386612475
527.088227912
897.543870794
715.323702949
859.366045408
525.271358442
959.660877602
519.939419548
705.391380724
795.677070174
436.385150985
430.250000000
813.462967811
418.720670615
485.429706549
638.279719245
556.361394680
789.450441763
932.670359773
378.433613729
746.455624937
824.300915928
722.778665983
607.368915899
777.888174807
857.969113663
766.906127771
865.044507525
933.839386619
861.062134808
794.994968538
728.038460523
727.235862702
663.560848755
970.529237066
466.238136578
552.678025617
780.894359052
725.358532038
790.962072416
628.553100382
935.721112298
632.189844904
162.637634021
513.029238933
352.326553073
767.391686168
827.447280638
863.179587340
851.084014654
990.596871847
484.736010628
984.452639799
738.039971817
364.780756071
589.888972604
660.663303052
923.304391845
335.709696017
867.609359152
338.344498995
576.676685847
521.737481881
55.362442143
423.636636754
717.912250905
169.331036730
544.593426368
677.159508535
596.277619905
192.494155756
954.316509341
100.024997001
540.709718796
435.043675968
915.999454148
725.962808965
998.390705085
509.109025652
742.438549646
490.240757180
240.707291123
728.031592723
575.039998609
206.378293432
543.277093204
210.287898241
729.767771281
279.266897430
889.436900516
943.550210641
736.145367477
872.115817997
999.147636738
578.209304664
436.290041256
566.383262465
941.829602423
596.723554085
990.946012657
576.861336453
672.840991617
563.339151844
712.280141517
179.451949861
178.532910131
874.837699233
764.899339783
888.821129362
492.110760008
845.262681069
651.115197181
647.271195095
308.269362733
309.882235696
562.513999840
295.847933912
435.113778224
826.459920383
748.843775430
742.810204561
749.545862506
896.954848362
886.437815078
795.760014075
373.994652368
458.583689200
598.978296769
648.225269486
633.271663664
771.593157046
808.418208602
752.939572609
296.567024465
901.637399402
457.595891590
944.338392739
631.787939106
690.223152321
937.760097253
897.747737396
886.803811449
948.776053661
972.442286205
905.258526610
957.695671913
405.837405874
896.702291733
868.111167996
462.304012529
839.743413192
481.688696151
722.443077342
334.816367581
408.789677104
694.090772162
838.763971568
880.922811602
894.991061408
678.683284022
59.160797831
650.749567806
670.138045480
671.330023163
914.783034386
579.969826801
505.625356013
847.195372981
245.627767160
901.383381407
725.293733600
426.319129292
848.335428943
834.177439158
968.531362425
806.419865827
466.864007282
994.641644882
104.575331699
209.055016682
981.005096827
930.870023150
997.991983936
235.637433359
849.465714435
881.680781235
774.760608188
669.594653503
862.997103124
613.289491187
506.723790639
456.237876551
672.985883953
942.007961750
970.829542196
828.737594176
596.031039461
942.843041020
953.073449426
507.477093079
783.351772833
367.201579517
842.539613312
956.842202247
658.310716998
436.029815494
428.956876457
782.329853706
925.458264861
179.488161170
136.842975706
738.883617358
967.193879220
919.217058153
933.914878467
586.474210857
791.056889142
707.754194618
553.560294819
706.272610258
755.432988430
576.170113768
171.930232558
329.443470113
674.777741186
606.461045740
459.981521368
686.341751608
517.619551408
624.262820513
643.023328149
560.858270867
936.201367228
711.673380140
491.223981499
775.720310421
841.528371477
547.610262870
998.221418324
897.522701663
457.181583181
305.537231774
790.735733352
775.667454519
986.276837404
464.243470606
623.090690209
990.816834881
864.941038453
656.307092755
670.512490562
636.404745425
886.148973028
960.239062500
604.364128651
505.208867697
370.939348142
797.894103271
984.858873139
471.276988617
910.626158201
526.672573807
495.569369513
647.786230172
810.272176494
188.925911404
676.855228243
535.323266821
538.824646801
