802.476790942
91.733309109
735.158486316
565.144229379
696.926107991
397.645570829
721.485273735
640.819007209
832.120784502
328.147836026
372.558720206
800.958176189
984.482097511
645.005426350
370.822059754
728.434623833
205.494525475
495.800363050
744.865088456
712.475964507
322.487209049
700.591178934
937.923771191
581.398314411
358.871843420
487.948767803
886.195238082
694.966905687
907.245833333
863.035341107
875.022285430
570.715340810
897.726573072
814.243243243
997.357071214
690.216632660
758.426660924
772.170965525
312.459597388
150.485879736
274.475864148
931.976394558
666.787072467
870.909294933
991.007063551
619.199483204
688.934687954
512.519267930
757.428544486
786.667019780
925.211327211
870.090225207
857.435128742
529.555475831
542.981583794
733.199154392
635.730288723
828.470880599
731.641988954
821.830274448
562.653534602
929.266415501
584.399691992
320.293615297
751.633643617
334.444315245
163.884105392
631.301829555
829.330452835
853.069164840
846.825247616
989.551918800
591.193707680
695.185586732
951.879719292
305.296577118
809.798122993
305.628859894
887.899205991
782.961046285
740.287106466
494.856544881
835.044310202
684.298180620
661.980362246
640.752684145
935.923607994
494.957573939
399.923742731
351.470085470
509.210172718
112.387721749
967.841929243
951.231307306
439.392762799
756.803805487
408.371155730
694.892077997
290.296400253
818.117350996
509.235701812
593.050588061
631.490300796
323.032506104
627.160287081
935.502004274
999.349288287
764.048427785
717.235666481
597.256226422
430.094175734
495.019191547
251.203105076
343.892425040
191.405329079
812.637680642
409.804831597
930.029031805
345.176766310
928.721163752
576.786789030
575.174756052
900.754128495
675.779549853
399.018796550
433.206648148
446.499720045
9.110433579
711.997191006
957.420492783
915.746689872
983.835860294
967.393921833
670.148507463
976.149578702
963.028556171
756.089280442
494.371317938
971.007209036
934.165402913
782.918258824
322.817285794
919.035908596
845.363313609
939.824451693
327.443124832
783.481971713
403.074434813
799.241515440
451.463414634
728.030905937
665.728172755
562.525554993
836.863788200
953.357292760
515.720854727
706.919373055
828.308517402
633.129528612
392.195104508
509.847035884
154.022725596
940.711432975
369.905393350
429.493888199
859.747055825
923.876615139
892.457281891
832.477026710
533.089110750
976.911971471
443.987612440
583.660860432
454.465620262
465.931325412
989.025277736
347.646372051
593.329588003
156.598211995
891.827898196
975.164088756
762.181080846
811.415429974
964.777694601
658.515755505
919.519439708
402.069651741
987.544534413
582.766677153
968.411586052
715.833779589
831.511274728
832.909959119
479.772863693
783.437298065
932.485924827
922.945285486
510.464494358
691.783959538
308.752327926
966.225646524
902.739164986
459.974999321
883.464204142
999.351289587
198.504408012
934.301878410
855.010526251
885.167780709
762.928568085
937.460932519
769.082570339
386.469921210
658.624324324
365.908458497
861.324561359
966.844868644
687.021106259
789.924679954
716.066337709
990.704799625
240.414225906
334.995522388
820.939096401
868.758309313
960.169255913
477.230552249
674.871839685
500.307905199
836.636121620
976.340104677
695.110063227
879.574328877
822.673082093
369.283089242
575.334685205
816.679863839
860.542851925
713.280449753
488.358474893
692.945886852
878.753093878
588.921047340
999.006005988
667.732730964
990.398909531
239.776979712
857.965617027
144.768781165
878.524330910
898.311193296
919.107719476
993.719779415
726.050273741
147.322774886
889.390802741
960.052602725
519.898076923
367.809733422
476.465108901
318.782057218
831.261691647
316.607011925
706.547238341
944.784631543
434.394981555
865.132937762
635.951255994
591.896105748
275.232628880
638.531126884
443.016929699
881.247978721
697.543547028
746.464332717
144.934472050
907.109695682
598.422091838
523.039195472
296.996632978
658.473234080
585.703850081
749.421109924
305.609227609
988.179639539
848.792082941
256.577473680
891.682118246
596.917917305
629.614167566
872.914657913
825.709391978
856.925317633
723.837688988
905.303264111
494.800970088
901.561423310
472.780075722
904.600464293
618.249142672
309.917731019
930.936088032
484.733948834
883.625486278
984.775634518
873.224484311
263.163447310
936.563932682
110.742953930
368.837362533
741.572653722
797.771270478
738.641320263
951.728427652
685.927109830
719.819421800
595.377191367
324.581268714
735.131280793
968.170956414
692.372009833
806.802949920
597.069510191
501.780828649
294.377308908
965.664020256
910.767807951
132.634837053
857.348820493
463.731604486
506.691227475
978.146717011
335.638198065
673.890940732
826.098662388
910.986278719
185.251180833
655.877275106
458.659041394
636.037734730
442.407052385
767.736282847
101.000000000
786.593287538
580.399862164
852.227082414
598.773746919
736.437370046
783.600025523
767.643797604
683.408369864
612.205031015
363.236837339
915.645127765
889.146782033
436.249928367
853.706038400
987.224391919
337.492222133
216.275287539
944.109639831
916.105889095
939.267799938
591.248678645
794.970439702
891.586226901
820.618669266
735.028571429
741.336631593
578.618181818
955.352814409
834.421356390
529.525259076
494.391545235
931.601309574
869.590133339
258.971040852
629.723748957
966.756432614
730.308154138
313.233140009
338.371098057
592.922423256
898.680143321
164.258941918
978.558633910
774.368775197
993.722295211
821.689722462
582.097929905
715.610927809
903.624922188
919.730938916
843.901060552
683.324959298
459.549779676
973.445427335
589.367457534
833.142844895
591.504860524
801.300193436
579.054401589
947.854957806
860.729341896
665.239806386
667.019489970
953.065055492
556.289492980
469.156690243
439.198132965
735.723453480
882.937143856
716.479587986
555.524077408
761.840535574
814.973619205
617.520849850
402.359292176
364.010988845
392.776017598
591.113356303
488.280657000
497.996987952
509.499754661
334.062868335
741.767483785
959.029717996
750.741011984
419.436526784
406.894335178
260.005769167
506.991124183
736.281875371
490.766747040
634.016561298
437.481428180
313.293791831
123.850716591
515.225193483
750.683022320
893.864653244
486.387705437
520.904030710
421.726214504
962.333102413
845.895974692
566.695685531
619.740268177
921.168838219
459.509521120
78.790862414
188.573593061
470.304156903
943.135727242
937.119522793
857.312078534
257.978681290
541.918813108
641.922892566
973.946097071
720.460963550
775.354757514
783.607044379
290.666475535
664.231887220
653.634454416
944.391867819
949.535676002
438.985193372
571.993006950
485.593451356
818.026894429
999.784000000
835.965310285
106.400187970
873.601167582
790.328412750
997.241194496
665.390862576
815.808188240
940.212741883
305.656670138
627.538843419
974.950255141
622.248342706
762.710954425
999.592416938
707.688490794
718.983310153
586.902036122
958.909797635
555.365645318
496.267065198
786.580574385
896.982162587
869.492380679
235.344428445
496.308371882
468.464513064
962.138243705
800.788361554
188.626615301
489.529365820
655.186996208
785.034394151
969.960823951
489.438455251
665.597475957
875.748822437
339.660124242
432.939949647
816.785801714
622.957462432
990.648777318
779.145044263
364.111246736
966.877965412
593.626262626
273.318495532
816.668910649
380.311714256
888.774999648
391.170039753
452.257669918
293.640937201
802.677394723
918.135610899
457.098457666
952.836292340
785.630320189
106.353185190
221.379764206
718.738478169
392.963102594
808.549318224
354.227328138
183.412104290
302.153934279
968.779644708
326.225382246
93.166517591
12.041594579
913.245859558
825.513173735
931.069814783
230.475595237
481.178794179
451.466499311
827.685326679
77.375706782
810.928483354
112.498888883
441.504246886
641.488893123
963.862023321
981.586470974
980.578400741
481.528815337
368.648887683
974.065192890
317.710691824
449.333951533
551.637562173
189.501978881
746.823941769
491.916659608
532.756041730
935.713097055
898.113578563
334.798446830
778.521034040
885.772544167
297.882527182
568.911247803
914.724548703
940.009042510
744.912746568
927.332734244
706.453112386
632.173235759
768.890109183
455.265856396
865.829082441
681.228302407
956.333623795
925.037296545
356.524893942
554.309566787
615.325929894
925.484737854
887.556758748
535.866587874
857.506993007
993.156583828
778.727166599
511.990234282
175.419497207
591.566564302
822.508358620
570.135071715
335.788623988
456.432908542
716.643566843
659.072074966
616.870326730
740.116207092
959.635347411
512.266533281
71.763500472
295.582475800
448.377073464
940.897443937
916.388018254
761.379668759
935.328819186
640.023437080
414.479191275
538.715138296
84.320815935
640.228865329
918.199324766
435.865805036
937.833673953
618.090608245
681.746287119
178.432059900
986.458818198
631.610639556
425.564331212
556.957808097
654.719787390
511.016633780
778.050128518
899.122914349
756.117054430
665.042855762
867.712509994
970.719320916
471.510339229
835.428632500
458.451742280
431.449881214
667.953591212
398.452004638
372.978551662
739.976350973
118.477846030
985.006598963
153.561062773
794.010705218
226.099535603
324.419481536
798.544926726
879.305976334
786.208623713
693.871025480
646.744153433
595.072265166
543.696606574
621.750753920
92.466210045
816.677415208
795.668272586
674.847391820
877.551707878
472.375909631
596.865981607
822.346034222
673.762569456
589.478583545
863.794535755
634.698353551
791.297036517
922.623433477
927.851820066
807.327690594
496.836016097
891.864900083
412.065528769
863.038237855
548.213462075
176.943499152
394.164940095
557.494394591
889.405981540
77.665951356
797.265953844
995.774070761
851.648988727
643.421323862
824.842409195
404.256106942
834.935928144
875.902962662
748.358871131
851.644879043
636.887745211
726.744797023
783.578968579
966.690746827
925.313460401
567.868822881
559.401465855
980.939345729
931.620630944
920.146184038
443.062072401
105.598295441
418.898555739
968.201425324
774.862568460
866.592753258
712.298392529
495.734808138
226.850220264
744.984563598
422.537572294
404.761658263
447.549997207
523.498806111
636.612912216
913.067357866
870.799058337
214.639232201
352.447159160
573.732516995
884.141956928
477.687136105
840.708629670
724.451516666
853.373306355
637.934949662
732.894944723
898.409706092
692.588622488
752.883789173
971.488033894
957.051722740
871.144075340
955.765138515
545.294415889
886.213292710
968.061981487
786.782689184
701.418562629
549.345974788
596.803987922
994.703473403
818.788128883
635.660286631
397.436787440
185.224188533
450.904646239
110.806137014
660.277214509
484.438850630
810.343137196
525.495004734
981.521268236
912.629716807
390.886172934
281.346761133
974.986666575
435.510045924
941.134421855
783.679781543
207.824445145
503.152064489
391.067769069
727.953982062
637.239358483
466.352870689
85.556998545
871.340920650
689.070388277
704.462915986
386.485446039
580.821831546
974.776384899
800.242463257
923.128918407
358.167597765
260.153800664
555.465570490
452.023229492
907.749965574
639.681170584
988.707742460
278.406178092
98.325988426
922.757281196
851.968896146
836.337252548
788.039339120
69.771054170
643.467170880
563.221093355
743.084113678
130.011537950
654.536477211
286.947730432
465.479322849
950.419907199
151.578362572
858.484129149
556.176231064
737.234019834
531.648380041
794.595597484
565.139805712
324.943071937
282.051413753
664.875176255
497.500753768
684.986131246
455.444837494
892.882411074
696.040228722
157.603934010
668.447454928
588.426715913
794.555221506
799.134531866
546.420168003
408.613509321
212.127320258
719.270463734
930.218253960
347.545977011
653.382736455
571.479658431
323.907394173
943.577235842
969.097002369
697.353568859
927.802780768
630.943737587
935.523917385
362.328580159
824.973332902
846.811667374
749.240949228
990.154028430
150.701692094
376.649704633
420.694663622
232.559673259
924.483639661
271.412969476
780.137167426
597.631157153
761.193823916
838.366268405
851.538020290
770.129859180
413.198499513
937.853933190
894.407066162
283.585965802
789.472608771
208.899497367
922.061277790
733.055932382
677.213408018
839.022049770
857.324909238
404.136115684
571.931814118
751.326160865
596.337152960
535.728476003
493.197729111
285.149083814
962.022868751
990.976286295
273.906918513
803.245915022
908.684763821
906.915100767
111.063045201
735.067343858
573.562551079
969.083587726
701.850411413
658.354008114
812.281355197
915.453985736
659.856044907
496.234823446
304.739232788
992.147670460
885.198847717
594.461941591
489.383285371
820.301164207
552.927662538
830.909742391
582.378742744
690.945730207
531.670950871
679.475533040
460.657266811
957.927450280
985.340551101
414.656484334
731.142257020
718.307799443
523.641098463
617.724048423
973.600534100
968.564917804
966.258764514
905.601457596
557.335625992
566.807727541
273.541587332
572.594970310
137.164233577
818.794846100
959.694743149
870.134472366
926.743761781
880.691773551
560.746823442
996.639854712
724.891026293
766.567674769
328.659398162
697.236688650
915.843873166
933.820111156
742.804819586
957.415792642
800.488600793
533.773360145
485.659345632
707.711099249
501.434940969
922.195749285
921.383199326
288.750757575
564.155120512
839.601691282
790.093665333
657.857128743
923.258360374
319.092463098
884.403753950
475.196801336
972.994861240
939.548295725
653.966359991
796.694420716
924.373301215
232.673591110
966.777637309
530.649604222
435.918570378
871.014351202
480.084367586
800.707811876
501.095799224
895.318379126
894.813388367
357.198879552
568.725768715
422.653522404
752.975431206
758.499340369
967.067732892
904.969612750
393.041982490
287.186350651
881.168542335
368.947154472
945.559093870
785.073244991
356.683333333
943.570347139
987.232495413
673.761085252
769.014954341
933.278093603
918.547222520
986.796331570
953.099155388
149.395448391
808.005569288
941.771203637
531.999060150
590.673344582
710.854415488
716.858423958
787.711241509
270.257407407
730.393729436
651.493668427
939.275784847
844.913013274
991.030271990
546.886642733
726.638149288
809.430664109
534.560567195
554.851331439
301.036542632
670.064176989
461.304671557
793.699565327
837.331475582
312.702734238
209.035882087
800.977527775
732.324381691
699.538419247
643.251894673
495.388736247
565.840967057
648.025462463
579.592960620
158.363510101
978.799775235
200.014999438
974.289484702
917.341811976
530.779615283
273.526963936
793.719723832
578.819488269
138.538803229
217.483332695
935.075932746
416.518907134
662.900452489
775.504352019
739.737162162
961.043703488
637.504509788
632.389911448
700.869460028
985.521689259
812.839467546
859.197881748
937.769161361
736.482179010
709.525898047
781.175416133
692.205171896
460.126070419
51.049019608
662.035497538
492.344391661
269.027879596
913.925598722
453.703647770
902.684330206
614.804847086
389.156780745
453.820449077
440.549656679
466.882212126
311.603915251
747.957886515
333.654012414
410.636091935
378.601373479
17.029386366
936.244092104
548.967212136
607.870874446
784.557199954
344.779639770
701.057059019
502.599243931
827.528851461
806.539033457
34.423828956
933.809937835
974.602996096
798.614425114
699.629187499
453.494211687
699.244592400
676.088012022
655.523454958
439.698760517
350.137115999
158.170793764
954.522917483
644.660375702
375.527628810
787.118161396
629.116841294
720.839094389
937.776092679
557.458518638
587.082617695
588.288265306
998.614039557
917.907947454
991.608289598
666.236444515
848.819179802
754.203553426
951.311777077
971.904830732
331.615741484
398.488393808
430.212738073
987.284660076
911.700060327
857.123678357
974.276141553
680.613693662
899.969999500
978.347586495
774.002583975
331.234056220
441.411372758
671.418647343
935.376394827
724.308635873
599.825808048
994.581821672
530.539348211
120.187353745
709.445558165
944.981481300
955.030889553
612.467141976
910.098895725
548.148722628
787.440156456
448.749373259
504.448213401
586.498934355
821.789510763
549.740848037
822.597106730
473.242009970
361.532847747
810.038888889
809.485639156
920.275543478
625.689219981
785.499204328
893.401925227
695.082009550
916.833681755
785.859403232
869.475704088
533.039398169
788.638066543
910.863326740
723.069844483
875.365066701
459.536723233
744.145147132
865.395863175
645.137194711
700.768863464
832.373714145
974.516803344
797.331173354
902.440579761
393.631807658
996.192771084
883.535511454
953.811826305
889.608340788
984.490223415
332.711586814
456.640996845
702.312608572
753.621257662
573.421465969
856.617184044
499.831971767
542.313562434
492.543399103
998.636570530
431.012760832
862.527680715
770.778178207
920.446630718
972.002057611
835.229309831
242.664377318
832.383325157
226.179132548
910.239528915
812.156388881
546.617782367
625.512589801
859.420153359
859.463204564
903.491694352
494.427125506
797.825168818
395.130358236
846.181422628
857.688754736
616.951375718
834.905982752
630.952454627
448.837387035
865.344440093
168.774998148
574.722541754
350.109982720
191.869747485
669.187567129
597.590997255
573.527003484
680.483651530
942.108274069
631.568829114
798.877337589
894.353956776
888.722116300
866.923875433
551.478920721
603.845198675
943.983050695
971.569863674
821.932478979
884.874002330
797.616449178
815.100607287
567.749944958
986.799878395
837.249664079
266.054505694
792.863796626
828.779826009
224.891084750
201.571327326
977.465088891
734.475476839
771.130987576
911.520707390
988.505437517
279.068092049
811.799852180
668.115259517
996.510913136
738.443633597
999.340782716
919.523369565
545.392519201
708.035309854
729.668417845
794.653383558
890.590253708
898.556063916
852.590269637
350.682192305
880.407292110
927.609831772
988.811407701
986.451215215
525.147598300
976.184921006
826.643212033
482.000000000
184.986485993
243.997950811
823.517455799
362.098053019
489.556942551
751.140466225
412.186850833
483.835715920
753.697552072
679.968381618
173.196531792
468.135664097
500.466782114
924.315476190
826.216707022
902.966223699
175.062845881
486.062753150
996.465252781
780.769492232
895.374781865
386.485446039
836.542885930
777.621373457
999.691952553
859.603978585
921.663713075
728.990397742
639.646777526
713.265027882
942.454242931
470.751526816
734.190710919
852.048120707
772.875798560
407.429748546
538.089212042
681.030836306
822.589812726
100.044989880
791.981691708
914.403083984
263.028515569
820.738691667
968.581436948
710.442819655
453.626498344
761.427606539
892.651107656
908.341345530
780.042947536
627.552388251
577.740426143
782.283196803
858.073423432
625.913732075
544.340885843
986.953899633
952.202184413
380.846425741
249.385244150
409.814592224
704.973049130
358.612604352
926.352524690
681.399295568
989.264373158
861.181165609
921.227442058
640.941494990
739.194155844
942.004777058
836.589505074
981.288438738
870.014367697
979.817840213
609.708126894
393.428519556
987.473037607
695.560924722
719.191907630
46.324939288
901.482667609
847.357067593
945.895343048
602.381229236
959.113653328
943.445281932
946.341904388
833.015005867
642.201681717
851.158034680
572.190527709
499.245430625
909.125403891
300.998338866
259.713303471
697.005021520
569.244235807
899.742741010
981.692416187
931.987124375
392.469107066
784.102034177
554.704425798
928.035020891
722.638222072
899.527653827
660.860802287
550.808496666
723.277954869
970.024742268
989.566066516
287.840233463
701.608865394
802.632543571
885.750529212
573.273931031
440.673348411
669.425873417
922.849933630
517.779876009
864.436810877
859.251418387
585.018803117
809.476373960
565.745525851
658.104854885
604.690830095
804.123124907
703.351974477
879.201342128
861.870060332
813.126681397
658.174748832
65.322278016
403.367078478
591.764311192
611.838235294
957.421015019
359.006963721
578.939547794
407.288595470
797.818275048
409.852412461
631.590056920
635.423480838
390.210199897
596.323737579
398.443222892
606.690201009
771.064199662
954.292931970
364.306189901
804.790656009
244.908146047
269.901834006
65.207692308
905.430284450
734.318731887
372.505033523
783.843096544
612.010620823
824.604753806
791.664702539
775.743514314
89.944427287
295.394651272
127.730184373
569.871038043
469.839334241
461.047719873
787.960025381
925.234564854
753.828229771
414.955419292
922.681418476
473.171216369
566.329409443
311.935890849
670.409576304
972.025205435
610.447376929
872.052177338
795.502357005
544.178279611
819.609663193
977.245107432
676.215202432
690.850924585
800.991885102
627.702955233
821.757263430
532.352326941
474.266802549
257.672272470
730.585381732
774.362318302
450.777106783
928.961786082
896.227092167
749.266975116
790.598609355
943.567697624
948.738109280
313.250698323
963.635305106
898.106341142
998.241453758
425.091764706
975.000000000
950.995793901
915.830770394
733.842626181
974.756892769
470.963905199
886.085774629
644.888362432
219.822655793
611.830041760
854.481129108
486.407236788
214.375838191
435.406706425
641.495908015
853.311197630
600.109989919
963.787839724
108.820953865
880.510079443
581.648519297
968.490061900
837.727282593
438.867861662
856.886223486
971.044798155
452.772569848
416.859688624
616.479521152
977.743831481
650.412945879
718.146920901
751.775897459
721.509528697
996.216843865
224.666419387
713.781479166
815.387116564
987.153483507
258.984555985
683.161035189
800.930708613
756.235413082
955.221963734
783.015964077
562.936054361
147.088409245
531.634272785
500.334000000
592.214488171
385.808242525
428.902086728
877.484472797
935.069516132
923.895556868
826.454476709
717.566721636
575.513683591
661.199667272
830.662386292
850.273485415
939.608961217
441.872153456
904.493781073
146.615142465
687.723055111
481.087310163
949.478277793
298.641926059
428.154177838
774.490154876
657.257940234
968.480769040
244.595584588
832.717238923
870.367163903
740.511309839
735.606552453
725.234444866
931.698985724
733.967301724
733.143914931
697.166407682
944.048728814
581.772292224
681.678809998
709.816173386
748.503173006
423.174904766
925.414594595
847.821915263
646.045664021
308.668108196
942.665959703
842.902722739
967.243506052
799.441054738
926.071271555
869.959769185
290.372174975
393.888309042
342.852738067
717.672627317
779.488446727
554.782840398
776.325962467
863.696706026
658.165632649
659.970453884
987.796031577
717.249607877
503.348785635
965.359585492
614.023615192
416.390441773
634.145882270
825.213911662
685.680758017
979.049539094
279.182795699
958.887897515
358.175934423
334.477204006
360.208273087
758.035619216
442.007918481
439.855658143
740.588279680
617.457690858
530.149035650
717.662177790
725.419878415
434.663087920
725.160671851
681.851156778
870.854752528
910.113729157
672.978454336
419.556909143
896.867883822
783.818856625
555.680663691
155.923057948
957.539033147
348.264267475
724.337628458
723.389936341
663.340787228
289.813733284
793.221280602
249.547590652
989.461975015
564.969025700
946.201352780
357.814197619
858.237729303
486.012345522
849.177248871
725.600441014
730.102054795
651.326339096
699.135180947
733.203246038
125.586623492
688.501270878
713.469691017
460.940343212
157.813180692
762.300465696
667.728238133
441.123565455
663.471174958
488.522261519
898.012249360
600.762016113
826.407889604
514.789277278
587.440209724
820.420623827
495.590556901
728.982167134
133.360413917
820.044510987
864.444330191
684.381472823
186.526137579
578.182497141
518.776445109
902.428390511
969.960823951
870.064940105
550.028181096
675.098511330
906.867134701
855.426209559
964.192926753
929.059741658
781.151073737
784.445664148
904.122226250
580.529930322
983.770806641
752.377564790
642.944787676
775.469535185
857.297497955
336.238010939
842.891452086
742.100397520
949.474064943
971.738647991
955.219869978
926.899131513
778.396428563
818.293345934
735.881783984
582.889354852
948.074891557
644.964340100
802.659402242
765.690538011
211.702621618
697.423830967
864.370869477
588.299243583
936.288951126
849.432163271
421.303928299
207.855719190
919.515089599
628.102698609
363.972526436
566.881821899
941.598640611
530.088671828
997.506892207
921.314278626
952.410100744
677.685030249
981.259394859
798.854805331
517.445651334
784.361523790
657.716504278
996.144065886
676.567808871
83.420620952
791.071425347
796.177115974
456.527107629
362.274758487
752.009973338
635.406956217
408.518053457
137.054741065
792.082697703
760.440004208
965.094813995
723.582061693
686.086000440
864.098952667
656.254573171
796.918444166
443.912153472
541.942801410
500.672547680
660.144681112
602.527177810
993.174707692
990.591237595
784.662984981
385.062332616
612.965741294
994.034205231
811.281702002
443.619206077
856.299597104
834.762275449
268.903328354
817.408710499
459.981521368
915.898465988
231.723973727
426.867660991
653.363604741
779.155953581
963.963692262
689.750679594
883.500424448
732.456824666
653.025267505
722.856140598
847.896809759
954.227960186
710.701062332
656.504379284
334.544466402
798.112773986
323.888869830
323.454788185
772.766458899
560.096428571
677.261397099
678.815880781
852.535043268
956.993207917
206.480023247
939.186882362
740.956139053
979.580012046
705.873926420
985.608441522
770.702277151
570.444563477
800.422388492
735.459720175
724.828945338
796.097355855
587.168630790
970.997425335
898.883752217
139.628077406
629.492845787
897.438020144
833.953236099
416.205478099
668.401825254
652.446167995
519.888449574
786.132304386
522.633714961
670.421509201
980.508541523
936.701126294
419.152716799
799.372879205
643.052097423
327.188019341
181.237413356
983.394122415
860.862358336
990.125749589
868.039745634
595.461165820
672.832817273
422.934983183
657.623752623
665.173661535
242.818862529
829.189966172
975.394279253
658.391980510
270.307232608
958.722066086
156.390536798
954.907848957
646.629724031
491.275889903
407.699644346
219.583697027
241.344152612
878.472537989
406.929969405
827.476283648
664.520127916
619.398902162
878.251672358
716.282765394
591.892726767
962.807353524
984.118895256
950.709208959
553.265758942
391.210940695
781.842695176
386.255097054
231.428174603
705.663517549
873.080752279
978.400224857
787.812160353
807.226733948
555.447567282
984.403372607
862.840657364
370.404054054
996.702061802
818.471135716
491.652316175
899.295279650
578.924865591
533.144445718
566.960316072
852.115015711
985.627789047
209.904740299
967.448706651
694.688419365
595.995805369
983.867369110
865.194775759
182.304690011
276.967507120
686.049560892
694.810765605
520.510326507
982.749713813
702.922470832
339.008849442
926.513896280
386.574701707
995.144723618
260.023075917
707.328777868
897.205662052
378.252561128
938.410890815
758.939391520
976.608928896
248.185414559
454.928565821
654.732006244
964.803088718
152.088789856
511.043051024
311.809236553
189.810431747
787.845797095
981.380660091
434.972412918
268.760116089
917.919386439
899.003337035
502.497761189
448.389339749
284.416947456
518.440932026
980.610524169
871.308785678
599.722435798
742.394773689
310.547902907
547.185526124
953.236067299
769.981817967
538.433085502
889.948313106
823.391158563
744.568331317
254.654668129
926.428086794
295.367567617
834.858071770
540.893704900
862.816898305
982.176664353
617.753186961
832.210910767
805.949129908
879.067687951
838.794372906
659.550604579
499.345571724
665.773273273
873.852962460
711.770328126
937.964285034
174.000000000
996.893173816
478.814160210
395.929286616
295.820891757
661.200423472
621.142495729
714.028710907
830.826094920
587.483616793
902.964561874
851.044065805
650.586021505
811.410604192
219.674759588
139.864219871
323.779246448
161.944434915
751.222337261
793.702715127
700.922249611
563.395953127
318.985893417
597.790933354
781.264359868
467.604533790
487.824763619
431.216882786
674.207683136
494.218623482
717.381349075
605.311490061
491.876000634
585.805428467
799.117012708
767.881501275
775.081286060
391.903049235
847.641433626
184.363770844
866.884075305
405.602021691
474.711491329
937.525053305
800.651609628
747.450332798
280.424677944
452.695261738
611.494889594
704.542404685
817.973715959
781.509436923
845.134900474
496.012096627
794.226667898
383.464751958
300.474625624
856.587998984
878.779266938
996.370413049
787.898470617
912.052630060
748.924562289
857.033255543
520.439237568
951.146150705
944.693601122
543.325869069
845.001183431
712.482280481
414.179912598
172.890138527
593.495577085
870.700867118
765.828309741
837.883643473
915.110922238
578.999136442
929.025833871
639.534987315
797.324902797
846.041371158
909.502061570
107.661506584
465.282709758
577.375960705
744.435357335
916.285981558
786.731212041
531.890966270
348.809403543
487.400246204
997.304366781
428.914909976
990.322674691
930.954886125
640.260103395
53.065996646
785.464830530
440.948976640
550.756752115
513.643845481
59.464274989
365.516073518
666.242448362
724.064223671
503.841269841
349.831387960
344.457544554
881.024971269
649.901531003
846.955135773
653.346003291
502.780270098
469.584923097
575.719549781
257.808068144
360.416425819
412.291159255
904.378792321
920.440112120
317.512204490
745.258344469
521.661877395
887.983107947
814.422494782
957.326485590
964.333967047
178.692473278
457.466938696
995.858925752
733.755408839
429.620762999
989.035894192
942.129502775
851.140998895
953.792430249
582.368440079
222.303846121
995.509919589
296.641197409
712.892706872
492.519035165
849.478075056
962.002079000
357.397537773
317.814411253
644.836413364
608.982758377
829.769245031
388.916452442
777.628445982
654.160550459
294.754134831
346.228248414
995.815243908
875.194835451
917.511307832
540.963954437
821.669033127
499.760942852
765.540332053
859.219413189
461.800822866
897.848552339
920.152704718
879.849418935
500.413828746
978.948926145
810.695380522
628.362952441
427.780317453
933.846347104
565.530724187
542.069184652
862.031321937
964.950775947
687.085875273
280.057137027
691.296607832
303.227637263
889.230566276
379.744651049
829.435952922
550.463441122
520.711052312
681.424243772
893.893729702
725.304763546
508.810377253
690.623631220
709.788700953
529.269307631
513.786920814
121.885191882
967.545347774
176.227126175
322.609671275
854.522088941
107.252039608
998.416746654
927.726791680
685.153267525
304.778608176
239.635139326
936.550052053
713.117802330
240.680285857
958.952032168
983.651869311
733.538001742
809.017305130
963.911821693
837.019115672
703.027737717
947.604347816
315.458396623
426.456328362
772.910732232
476.707457462
977.193430187
651.871153551
768.580509771
315.399746354
740.531565836
587.031515338
961.706816031
314.396246797
692.062135939
455.624845679
911.732416886
869.184675429
989.790887006
907.105837265
702.869831477
854.969590102
924.020562542
239.117126112
182.159270969
768.287055729
886.689348081
598.346889354
724.219579962
531.680355101
781.120349242
642.139408100
767.342166181
455.020878643
501.081829645
309.069571456
620.536058582
223.895064707
267.314421609
219.155196151
899.147929989
755.398570293
999.147636738
441.911755897
753.740671584
906.963616318
785.045859873
577.376826691
843.508150524
634.763735574
660.555071147
726.716588499
489.061345845
231.695921414
872.723896774
864.156235874
953.838560764
357.242214751
943.269314671
562.341533234
867.811615502
868.040321644
791.123261694
84.142735872
988.354187526
840.907842751
