908.559299110
910.197231374
819.604172767
699.059368008
644.530061363
353.936434971
722.202187756
798.694559891
785.305036276
459.853237457
119.385928819
686.512927895
304.338627190
904.529159287
856.425711898
846.158377610
821.948903521
424.120265962
876.888818494
532.736333771
536.526793366
980.141316342
955.157578623
651.749184886
780.039101584
884.818079096
914.490568568
299.584712561
838.069210118
428.940555322
181.140829191
462.728862296
940.238267675
934.673739869
540.551570158
804.814264287
307.403643440
976.285306660
389.866645294
965.937368570
183.630062898
542.895017476
872.863678543
350.843269851
541.689948218
654.340125623
872.813840404
508.028542505
665.796515461
109.288608739
769.018855657
915.317431277
737.684214450
525.768960666
764.383411646
986.456283877
714.798573026
895.962610831
730.053424658
707.999293785
736.619983438
374.490320302
675.543484907
547.025594150
855.958527033
315.134891753
446.155802383
937.341986684
990.251483210
529.394937641
701.915949384
996.439661997
954.326987987
841.642517815
564.105486589
367.008174296
817.366502861
931.155196517
627.738799183
986.186087916
642.343366121
788.657720434
151.558569537
898.975528043
968.731644987
564.209181067
836.476538822
782.979565773
163.658185706
569.366314423
856.672049726
648.522166159
874.291141440
950.234707849
117.093979350
787.665538911
768.769146722
330.567693521
986.617453728
725.800936897
392.503503169
309.153683465
852.730320793
334.094298066
956.769564733
930.122572568
534.154472040
827.505286992
735.237376634
481.485202265
534.659704859
845.770063315
671.391093179
858.453842673
853.990632267
663.076164554
905.932671082
896.732401556
633.211654978
977.520843768
276.665863453
466.137318831
901.221393443
969.567429321
321.021806113
635.237007874
114.503275062
432.467339807
499.613850889
876.231133892
766.602895904
520.794585225
995.706281993
563.426126480
509.614560232
945.574957367
517.025144456
76.000000000
686.823121335
706.932104965
722.096253972
247.103217300
733.776532740
696.738831988
417.656698565
571.275765283
644.795316360
990.030807601
784.980254529
559.836583299
455.354808959
518.696443018
776.949805329
745.004697972
866.409256694
572.321587921
824.678787879
675.428012448
618.645294171
257.699437330
708.321960693
327.899374809
895.784572449
808.400890648
600.746202651
964.749708474
693.666346308
904.560666843
615.314553721
885.366026003
582.363288678
500.604634439
865.157225434
273.769976440
205.068281311
620.892100127
959.641599765
770.024025974
443.655271579
973.262076053
966.993795223
268.728487515
327.522518310
905.408195236
746.667931547
662.035498489
874.228231070
422.756431057
908.075437395
470.712226312
892.825290860
671.548955773
910.808432109
109.767937031
757.427884356
484.657611109
462.642410514
263.186245868
968.190580413
529.234352627
912.842813322
516.705912488
594.160752659
775.512088881
262.432848554
660.130290170
745.764037749
922.634272071
403.105445262
599.740778723
894.607176363
755.266178244
675.431713795
820.379790097
696.893105146
425.477647059
750.483177693
792.317486870
900.663089068
878.821369790
667.244333059
801.925810474
857.210592562
868.292577418
889.652179225
864.111682597
861.076070972
439.329033869
893.718635813
416.043269231
824.269980043
960.038020080
957.837146910
446.219676841
634.756646283
689.601334105
974.799979483
458.393935404
942.945385481
649.788461538
739.670872754
765.273153848
942.185225951
123.182791006
625.703603953
887.190509417
445.484006447
639.599874922
526.102651580
882.762708773
537.157332638
375.671398965
760.970433640
922.835319610
711.383159767
777.751888458
214.000000000
867.760335577
357.067226891
915.917572711
397.697236181
343.776089919
735.094551741
770.452464469
510.902143272
771.805027193
491.178175411
888.221256474
559.702599601
607.610895228
526.984819516
948.021096812
317.487007608
876.358944725
196.659604393
602.532156818
118.743420870
924.545834451
672.474535316
661.720484797
856.282663611
680.094111160
548.531676387
361.903302002
975.938010326
680.896467901
838.289925980
886.461505086
247.305479114
919.180069410
318.984325634
819.328383495
726.688378973
806.303912926
624.788764304
853.119569580
995.510421844
994.823602454
736.717042018
324.195928414
874.511863842
612.880901970
479.395452628
965.430569948
275.673720184
495.429106937
573.805716249
720.346444428
518.943159923
564.735336242
592.010979628
764.557388302
654.432578651
368.880739535
573.463163595
794.070528967
704.276934167
927.568326324
916.953106762
562.022241553
555.865991045
51.000000000
648.631636601
637.550782291
626.003993597
871.369037779
962.974039110
379.848654072
905.943154950
650.590501007
759.829586157
729.329143803
503.560324092
610.940258945
391.765235824
807.213726345
689.348242908
686.483794419
247.176051780
358.634911853
321.541599179
448.988864004
651.646376496
913.140733951
784.624113828
886.388740903
577.020796852
766.840922226
472.276402121
272.605942709
958.670433465
729.183790275
798.341405666
358.965179370
439.634090909
430.223197887
998.938937073
637.047878891
513.682781491
623.632103913
733.488922888
955.994769860
890.294333353
346.472222222
830.628677569
991.776184429
553.236838976
939.825531915
639.020344288
805.930518097
687.622716321
530.309343685
951.564501229
930.040859317
667.758938540
581.234032039
728.026785222
725.901508471
402.082081172
790.282911392
601.598837209
715.233528297
401.715073155
815.579548542
882.276600619
942.303560431
729.726661155
703.987926033
949.453527035
897.390661864
828.965620518
352.852660469
931.922207054
501.869521912
994.607962968
197.352476549
920.339067953
824.706614500
876.734851594
44.988887517
843.399075171
853.781002365
933.789055408
335.810958725
690.134769447
991.497856780
700.905129101
562.213482585
576.840532556
450.456435200
756.490581567
360.610593300
729.323659290
386.378238342
244.532206468
968.425526305
930.488043986
554.825197718
815.909308686
815.713184888
354.312009393
404.728303927
749.756666667
38.845849199
979.473442288
448.942089807
790.422671740
571.125205187
937.270505244
221.704758683
138.238923607
892.126672620
216.631022709
818.979242979
928.434704220
889.245747811
662.723981900
77.019478056
991.266866187
555.715754680
700.676102061
617.524088613
538.324251729
880.698586351
717.921304880
824.773908414
855.414519400
268.188366638
826.520417171
643.374696425
358.792419095
922.632646290
778.941589596
551.280399274
763.928662129
516.208333333
257.316925211
821.221042107
269.419746864
599.191121430
905.841597632
228.984715647
953.788236455
718.164326599
215.715090403
905.742789096
267.381749564
490.794254245
532.685648583
628.366135306
313.864620497
820.722242906
747.369386582
900.167762142
582.420810068
888.185791375
50.289163843
981.673061666
748.159073994
788.508719039
897.555569310
987.747943556
902.811719096
891.037598204
574.108874692
217.343046818
612.359371611
876.632762336
541.475761230
820.400511945
860.200558010
555.720253365
496.682997494
996.829975472
615.142259969
218.901804469
358.916424830
475.697382804
343.233156906
734.002043594
999.248217411
311.081982763
943.736192646
945.484003038
572.360900133
964.080390839
516.347751036
469.021321962
603.468309859
716.628913734
293.775424432
591.963681318
837.533282921
734.380010621
914.371368756
854.234159945
818.735610561
923.605435237
188.886209131
764.352013146
754.037797461
441.909492996
732.518941735
722.074095921
170.654621971
558.640313619
991.123100326
990.254007826
850.346400004
845.060352874
932.223175966
650.930103775
924.584230884
557.057447666
837.814418592
368.234980989
495.578449895
386.160588357
841.621054870
581.228010337
459.951086957
690.354256886
624.571052803
867.638174274
519.598883756
242.608738507
594.371937430
827.472658159
582.080750412
503.745967726
565.711056989
851.979459846
966.913646610
996.977933801
666.331749206
541.606088561
634.581752023
147.885090526
572.962478185
845.192285814
756.968955771
665.532869211
389.206885859
852.558502391
780.076919284
660.774545515
839.982737918
716.892600046
96.757428655
366.001366118
984.540501960
150.176562752
713.216657319
613.798826978
766.925028930
875.706000893
979.659124390
956.694831177
774.045218317
773.138409342
449.435201114
228.081125918
665.953451827
963.242960005
442.777596549
916.390200733
837.751753206
860.217414378
739.466700473
645.564094417
521.868757448
458.314302635
561.312747049
242.473140496
912.903609370
796.149497487
844.120844429
347.945398015
620.913037389
922.007049865
516.857814104
765.294714473
823.376584566
771.755790390
881.813472340
946.295408422
230.943716087
430.946634950
337.183926070
703.079654093
791.633122096
627.694989625
729.508738810
114.773690365
958.422140813
625.045598337
649.206438662
782.194988494
727.455153257
848.853933254
937.211288878
814.059580129
510.057839862
550.068177593
926.432404442
484.170424541
749.818666667
806.850048026
784.461598805
793.733582507
630.792358867
945.697626094
499.326546472
882.132643087
339.677788500
695.498382457
820.988428664
849.558708978
721.444384551
409.078232127
730.404682351
936.957843235
884.815235081
307.236156352
518.702226716
773.384768404
341.733814540
934.329706260
786.614263791
825.355075104
623.584797762
104.814121267
339.262435292
756.643905688
914.986338696
940.513157803
695.212197822
717.152703409
415.348046823
982.178191572
798.126556381
642.528598585
878.071181625
924.837823621
416.828502879
643.877317507
544.487832738
659.292109256
719.555418297
57.861917098
789.569502957
762.291938827
530.473373507
570.384957726
927.430960086
371.496971724
736.164383817
453.905276462
627.778623402
925.372357486
187.864312737
915.661509511
440.087491301
361.570186824
864.295088497
999.439342832
849.008244994
904.796662240
943.906775058
714.438940708
120.739388768
715.150333846
523.608778626
652.530459059
594.456053885
764.028140843
648.956855269
899.105110652
888.133998899
771.904139137
709.804902773
780.494714908
647.697460244
514.732940465
655.161812074
896.858964210
939.509446467
988.565627563
475.501840165
738.628458699
884.449546328
780.887315815
763.646515084
264.835798184
683.681943599
387.678990919
980.883275421
914.243403039
623.308912178
745.492454690
693.902730936
104.288062596
887.278986565
913.879641966
803.956466483
194.717744441
822.748442721
130.207526664
840.201166388
516.473619849
611.144009216
744.920129947
993.015609142
935.034759358
775.339280573
525.012380806
764.338275896
793.791534392
868.445738086
711.413381938
491.529246333
581.973367098
618.395504511
864.767598838
979.843865113
769.257434153
286.705423737
780.253804861
814.466697360
851.185056260
154.874142507
799.880616092
834.299107035
872.781759663
860.957025641
490.766747040
913.389840158
55.389529697
694.922297815
192.372035390
860.835640526
474.823124963
971.818398673
719.781216760
603.353130430
687.995639535
597.709795804
834.136679448
843.337417645
131.301180497
946.426436655
912.872937494
742.975773495
795.091818597
824.579893282
875.520547945
947.757353872
947.627109705
490.012244745
399.668612728
161.857962424
907.509228603
656.614803533
568.931454571
451.135234713
295.996621602
742.125326343
663.966866643
810.769387681
337.560364972
952.912902631
632.875185167
576.489375444
145.068952447
676.737763096
672.027529762
670.966467120
915.765253776
408.193581527
594.562023678
592.221242442
429.046617514
530.756064497
569.442710024
504.789064858
991.242654449
769.889602476
473.937759627
190.402205870
794.985534460
961.592949251
306.127424449
317.091469453
557.946233969
661.253355379
867.251981837
488.921261555
879.682954545
211.985848584
605.204923972
692.496387283
715.362146049
897.000000000
505.470078244
393.080144500
727.811101866
522.940723219
490.481396181
757.064065981
240.468293128
501.185594573
476.255183699
346.119921415
980.175494491
991.979838710
758.004617400
909.852197802
575.654513889
855.812479460
973.549281314
592.906400708
372.329155453
652.393286327
695.916661677
626.271506617
748.906536225
474.718864171
560.230357143
845.270370947
449.115797985
736.550066187
938.671401503
596.041944833
837.071681520
776.056700168
852.586652488
946.488246097
689.469361176
710.637741750
878.060931826
945.400973133
660.940239356
944.492456296
960.485416667
494.203399422
156.396930916
735.392412253
858.744432296
206.387984146
932.493967809
867.561525196
945.628891268
997.790058078
866.566789117
705.842051573
603.295118495
429.851137023
662.245422785
471.139045293
853.229160308
974.542456746
659.902265491
925.262665409
466.544745978
608.592638799
907.288818403
461.819228703
426.912168953
974.876402422
568.897178759
534.247133825
363.287764933
803.949003358
521.308929523
421.575616698
848.799740811
812.225338191
472.880534596
220.916273733
707.643978283
765.890984410
999.040540541
570.042103708
576.031249152
963.870841970
696.273653099
963.053477228
682.521794526
362.276137773
715.072723574
402.191496678
669.300380995
618.487671664
699.984999839
354.319065251
830.237917711
896.596341728
448.704802738
356.904749198
824.492111650
645.263512063
455.575460270
714.484429501
131.221374046
832.610353046
741.733779735
741.678501778
692.458663026
915.764161780
552.136758421
622.086006915
553.833007323
393.133565090
531.321092279
622.595374220
731.732874757
303.944073803
57.870552677
555.077477477
737.213673232
558.274126214
393.730872551
990.781005066
622.363237989
236.970462294
930.362832448
447.684040368
695.612679585
530.066976900
482.411649942
475.639569422
665.361555848
422.985815365
431.328182240
254.819543991
655.924542683
779.603104150
730.210928431
869.142681037
447.034674270
642.345701317
330.892731863
279.016128566
579.252104010
432.540171545
648.623157157
422.365955067
432.429184954
376.759870475
883.138154538
955.713346145
846.548406139
985.603368501
883.044166506
686.043730385
166.111408399
969.147563584
599.175266512
351.762704106
824.343981610
674.447922378
753.139429322
976.557217986
851.867360567
980.970437883
704.422458476
349.949996428
358.100558659
601.646906424
730.128070957
702.043445949
297.114456061
862.887014625
578.154823555
864.904040920
834.291316028
719.529707517
658.934746390
817.933982666
775.802165504
633.422449871
216.439367953
290.446208445
956.676016223
407.246928747
876.069061205
609.419540230
989.058645096
24.556058316
877.793255841
749.311684149
823.479811532
885.464850367
665.019548585
544.562385321
885.309550383
807.642866619
674.419750600
789.323761203
974.963589064
855.018128463
795.130806849
365.507865852
928.868128970
127.298860953
374.259268422
505.429520309
868.888370275
788.793382325
818.582311072
276.115917687
533.602848568
729.105616492
72.601652874
559.534628062
940.850678907
269.701687060
959.606690264
891.552018843
428.987179296
977.111559649
799.354739775
491.870918026
734.563817043
132.883408578
828.631401770
702.677023959
199.614628723
813.475875487
546.136429841
277.166015233
795.362181651
881.390946175
362.029004363
922.449998645
407.477606747
366.073763059
859.755779277
381.045928990
956.749183433
856.762510851
741.365047233
788.416133777
726.754470426
235.690474988
569.610393258
287.323859112
905.997792492
485.046389534
568.511213610
336.254368001
956.175732218
891.324295641
890.306688731
634.294095826
594.518487395
329.869671234
575.621403355
539.389469678
412.654819431
925.999460043
995.911140614
703.152188363
288.844248688
535.176606365
943.725065896
805.159611506
715.479559456
661.492252411
615.148762496
538.000000000
979.236437231
890.347191011
209.592461697
915.959060220
553.965702909
40.521599179
505.854722228
957.316562063
923.485246228
563.105673919
648.565339808
781.292573624
613.778461662
845.387573964
658.082821535
575.504340278
688.093016968
823.422127466
868.222897648
770.412876320
526.799772210
732.520989460
941.462691773
625.377486003
306.049015682
303.993420981
287.732514673
967.128231644
915.948142637
343.608789177
425.944832109
483.456306195
802.864870324
609.143661216
706.567052727
353.752738505
793.346708571
858.551105060
386.002590665
234.797785339
561.700097917
974.599917915
435.198805147
884.693167149
925.433952262
673.959197578
785.457191704
210.886225250
845.379204855
767.256801860
924.545293644
285.336643283
538.183054360
440.146566498
315.779986700
652.184789764
672.455202969
797.742439638
941.345314990
939.053246627
917.619825708
759.890123636
747.699806072
231.408729473
130.460722058
623.745192308
677.545570438
279.606866868
816.971847740
968.121376688
733.143914941
887.924546344
566.177533994
417.494910149
456.696835986
945.980443772
448.934293633
735.707822440
933.681958699
379.253213579
892.812410308
721.518537769
168.875739645
397.234187854
625.224759587
780.968629332
431.829827594
726.760620837
991.123604804
389.536904542
465.935617870
974.793311426
701.549002138
614.764995750
857.645104895
721.359826993
434.464037637
829.022918863
242.548964131
515.076699029
543.642345665
717.047418237
611.785092986
171.589626726
338.028105340
946.996832096
957.780246194
818.837590735
363.788400035
927.997306031
954.682146057
663.553313616
373.893032832
816.137254902
415.077101272
677.430439233
874.195058325
390.881056077
601.163871170
893.425430576
449.006681477
907.616189427
811.269992050
501.050895618
800.016874822
938.284072132
618.279126214
382.830249589
560.274932511
460.287953351
489.073614104
110.580287574
775.889819588
994.873861351
558.990160915
