564.044324499
854.916370179
676.853013739
859.228141997
770.772339929
714.902091199
886.736150160
516.552998249
302.433463757
565.115917313
115.814506863
848.628304972
543.543926468
659.455836277
940.202637733
231.898684774
978.089975411
503.552380598
744.861060870
367.986412793
549.411503338
828.797924710
692.743098132
907.414458778
553.786962649
986.324997149
699.569867847
924.681026084
363.463890916
523.890255683
640.404559634
728.481983305
932.132510730
704.738249281
455.566680081
907.527961002
696.153000424
386.489327149
535.394247261
144.222051019
464.324240160
984.484636752
861.490568724
885.827861382
901.108206599
125.984125984
513.878390283
386.403933727
824.820586552
524.451335878
984.762407893
479.222338205
450.892448373
898.030066312
366.326357228
918.092043316
413.326876513
634.309072929
629.110483143
856.810364083
896.823840004
200.581654196
44.260591953
581.739632482
865.600947320
750.769605139
977.726955750
413.141624304
716.670775182
928.461092346
967.094617915
971.028320905
665.707142819
451.027716186
886.333458694
718.020891061
797.488557912
865.088434786
965.514370695
389.138792722
805.345267572
652.577198498
429.243520641
570.042980836
862.303310906
732.984993025
744.783189928
857.398390481
964.344855329
480.892931393
768.924573674
966.891927777
744.112222719
769.019505604
920.601433846
943.823076641
587.603607886
889.722428626
873.013172867
511.733328991
790.663645309
786.954891995
424.692830173
170.431804544
172.357192575
778.787519160
674.493884331
991.636021935
420.460461875
626.943378624
865.998267897
672.697554626
591.364523792
958.253098090
780.401178882
554.726058519
384.313673970
859.883131594
839.173998644
760.908667318
817.420332510
508.869334898
738.825419162
838.693627018
870.755993376
941.672979330
39.319206503
82.746601139
599.764120301
878.794629023
651.262672811
496.597422466
433.634638838
917.922109985
910.661847230
460.445436507
647.765389628
600.508118180
278.526479890
800.805219763
963.542422522
966.020703712
910.750789184
76.980517016
994.690404096
869.382539507
977.404726815
555.524976936
820.477300113
364.845172642
593.778619529
718.529748862
930.720688499
926.362779909
491.440739053
852.642949897
882.971686975
339.534976107
840.859084508
702.531849812
107.205410311
272.660961636
392.200203978
328.574192535
611.625702534
759.048746788
665.450974903
223.425602830
836.486700432
872.006307324
964.419514527
247.513635988
482.300736056
799.694941837
428.780829795
270.907733371
972.576989513
550.311729840
537.723906852
579.023315593
407.169497875
123.442294211
798.420941609
971.914605302
437.400274348
517.008703989
605.990098929
665.063907683
725.366896552
503.663578195
456.471247725
710.189411354
731.320039381
505.699604743
542.977900552
585.345197298
356.139017801
987.301878860
433.474336034
389.635727315
871.373628245
306.736042877
858.803237069
334.692396176
497.220273532
793.896718724
651.657208589
855.042688993
730.419742340
813.238587378
967.446122531
351.874977798
874.307726147
246.761017991
956.089430963
625.407067437
692.820323028
556.410819449
442.011312072
779.605769231
662.551884761
696.662041452
585.746532224
918.168829791
710.074643964
739.460614232
363.569800726
897.596325167
699.324674239
600.876859265
400.572319202
561.705438820
235.089344718
377.429464759
824.705401959
899.343093597
444.159881124
490.824816626
943.436903499
442.221663875
782.069689989
440.735748493
598.242425777
844.607601231
568.596517752
393.438931298
711.797724076
981.121297292
847.399551569
664.855639098
648.491326079
898.508208087
828.186573183
815.784898120
852.255830136
696.048848860
114.799825784
898.307853689
930.241366528
783.926020408
430.317324773
759.979604990
851.000587544
972.364643537
814.157847103
620.952495974
366.001366118
898.062915395
670.801013714
530.499764373
969.429213507
349.805660332
668.682286291
970.059791972
445.599596050
491.566882530
684.729143530
684.724762222
731.693925081
863.324967784
586.127986348
965.556834164
968.020660937
793.385782580
556.552782762
848.413224791
127.416639416
790.560560615
472.461638654
646.529195010
615.850631241
865.481368950
817.058749418
939.256620951
941.111576807
516.190856176
996.339801473
167.934523810
621.644592995
978.265337423
490.792216727
987.863350874
824.681818182
642.441437020
475.693178425
519.780722998
297.358369648
823.606796117
533.968163845
289.051903114
620.056449043
216.700253807
302.522726419
568.642242539
415.263771596
841.484402708
930.152138094
920.302667605
421.396487883
859.585365174
648.680198557
97.457683125
481.210972443
538.100362386
991.978830419
898.585555203
734.333030716
433.016165980
874.434674518
912.088263273
806.302672698
974.613256631
730.104787015
746.241917879
284.715647621
269.447583029
449.851086472
914.435891684
743.246930703
994.654211271
682.104830670
882.200090682
923.966990752
998.524912058
566.785673778
717.967269449
956.260424780
887.384358663
925.785072249
782.838425219
214.394496245
562.801030561
705.588406934
116.576155366
828.129216970
970.742499327
698.231337022
547.658759124
492.065036352
123.478743110
878.771870283
812.621156212
415.369714832
633.554259713
610.073766032
312.305939745
968.132738833
137.811465416
874.867990042
236.042369078
561.028519774
734.870736933
894.007829978
866.013279344
782.189235416
805.227297103
300.724126069
948.767621707
663.728860931
948.520426770
753.702195831
313.111801119
834.726946108
826.304423321
963.749448768
830.774939439
549.381470383
501.916334661
364.266386042
993.919010785
570.427909556
419.701084106
601.732498707
599.608205414
399.818708917
357.716368465
436.491695225
829.598095466
656.061734900
423.795941462
327.414111179
527.123325745
921.656118083
373.876985825
824.259668810
765.514206269
790.998103664
861.629850922
545.297166690
842.283800153
278.831490331
706.129591506
858.356569265
396.046714416
697.467001435
756.536185519
651.030721241
606.141072689
994.098586660
621.473249625
468.249933262
629.380647939
813.236742898
817.798875030
414.586541026
744.328556486
953.664511901
396.170417876
625.885772488
587.332954975
543.529208047
537.729485894
791.985479665
379.469366353
705.677688467
669.988059595
324.784543967
837.267579690
966.570225074
59.933296346
555.412612613
351.078338836
808.321099839
888.379423445
929.083957455
600.654642869
817.955989036
455.961621192
731.288588725
285.832118559
951.839797445
235.044676604
695.233093525
858.072258030
467.035330569
590.313476045
541.712100659
322.504263538
914.410192419
999.480364990
955.814312511
916.118987905
457.572945004
997.662769370
323.901219510
702.595305832
784.782772492
624.102555675
578.600034566
865.384307692
755.447549470
531.408505768
931.488056821
746.656626506
562.849891179
643.187375498
531.547740095
566.555381230
813.962529850
984.267748125
971.142625982
670.927715928
794.924524719
904.467799316
410.218234602
830.628075615
430.223197887
675.058515984
463.979525410
705.540218556
999.055053538
864.098952667
927.169348576
429.924412654
717.124128312
588.577097754
526.015208906
416.936446011
349.531114495
759.894071565
793.884122685
593.069979767
183.646399366
324.030862728
463.763948577
698.524874289
718.917241412
797.719248859
684.201724640
541.593943836
850.396378167
925.008648608
986.830279227
730.736614657
273.197730591
866.199168783
193.899458483
706.360389603
603.768167429
962.856687155
758.541363407
634.836986957
359.630365792
467.497593577
326.125742621
961.214856315
606.396734820
698.650127031
768.685241175
700.728906211
768.948632875
656.149373238
901.550331374
654.793893130
837.090795553
897.654722040
443.510991972
424.888220595
731.603717879
546.150162501
720.908454661
435.344691021
694.670425454
995.385854832
617.575096648
484.958761133
339.088484027
953.852713997
832.427774645
819.779848496
723.704359528
925.253478783
904.573932855
937.384126172
546.403696913
876.358447489
161.090036936
356.424157303
474.648290843
685.967929279
538.091999569
601.183832118
602.465946844
872.639100660
946.039111242
706.807611730
815.288292569
827.298615979
376.631119267
924.439830384
734.850324896
675.984467277
923.047127724
516.718492025
414.097814532
740.548445411
534.874766355
525.305625327
144.059015685
833.471055286
660.861558876
618.814188590
556.922795368
583.958902664
562.676638932
346.322105111
925.044323262
879.147314163
169.369421488
454.132139360
379.075190431
806.089945353
908.020374221
828.676052508
399.497183970
234.810561943
811.080760467
792.118046758
833.928054451
528.874276175
569.619171026
385.863965667
614.455043107
547.873160503
682.313710840
808.158400315
495.765065328
928.336684614
288.949826930
655.170970053
879.008532382
410.564247443
694.635156035
664.484010354
712.783277020
901.962859550
582.502360510
457.473496500
578.277614991
396.500945774
360.842070718
891.641183436
972.742514749
685.625262078
882.532718940
887.713917881
342.487955993
449.286100386
828.850422195
627.345200029
971.118427382
785.444460163
617.307054876
987.185392923
256.253784627
900.845158726
655.035113563
735.980298649
764.716287260
915.810569933
171.131528370
331.787582649
758.654071366
952.840490324
447.155453953
936.876192461
897.978285078
197.878750754
692.464439520
909.218895536
282.140036152
406.627594688
785.213346805
726.385572544
569.265315999
428.821641245
831.526909200
145.323776444
966.599193048
447.493288591
634.753495461
94.604439642
702.539678595
730.760562702
229.614895039
712.279439546
477.843070474
480.402955870
401.027430483
515.558920008
410.207264685
343.956395349
898.088525703
761.363907734
697.988538682
826.948003202
760.505752772
693.277722487
587.228235019
328.523971728
679.235599774
968.212786530
828.899270117
591.135348310
399.827462789
514.949514469
721.553878792
959.510416667
354.716788438
318.383416654
669.658868380
417.917455965
864.009837907
776.187477353
204.814550264
344.985506942
570.124547796
793.831216317
870.394738036
575.602293255
736.281875371
649.137119567
570.825744308
461.143144804
447.892844328
949.069017511
602.049001328
946.932943772
622.210575288
796.491682317
848.946405847
762.820424477
57.419508880
97.918333319
906.246103440
552.496153846
366.776498702
472.964057831
699.306799624
159.665274872
578.124554072
927.215724629
504.145812241
606.762721333
284.640350877
440.376136364
469.863810056
916.857677069
971.406197221
173.257034489
723.913668886
945.418954750
591.145498165
180.080537539
573.502397554
354.100268286
855.658810508
475.474499842
773.144229753
715.440423795
949.294474860
876.717172183
845.414099727
944.147234281
669.578225452
572.599336360
994.428479077
934.089931431
534.116092250
939.484433080
843.046855163
782.358613425
525.562555744
742.336850763
829.381094552
413.613346026
922.962079394
408.171532569
221.232908944
253.982282847
206.337102820
984.084345979
929.811271173
835.170042566
631.217870469
701.017118199
901.978381116
674.808120876
778.316131312
610.183578933
813.791742443
634.179810726
496.639708441
487.197085377
526.918400076
659.481790592
354.754844928
974.589657240
502.032867450
899.777222222
769.864923217
444.332083019
861.762728370
874.736531763
591.950166821
633.958201893
228.184136171
901.698951979
819.718854242
251.388146101
972.710131540
367.944289261
366.237627777
988.390611044
411.470533574
288.229075563
911.178906936
893.000000000
321.175964257
871.854345633
254.782259979
842.295078936
298.906339846
885.657382965
942.958641723
460.966376214
471.108267811
581.797215531
435.493972404
351.054126881
567.093466723
558.482766073
175.923278733
842.663040604
753.759908724
643.164831128
690.675032576
382.408158909
180.183240064
274.415742989
680.452790427
737.951897019
942.614979724
996.607746307
549.568012170
814.109329267
637.433918144
455.606189598
978.633230582
588.085027887
898.738560428
656.900296849
592.422990776
560.901952220
983.516649585
775.653917672
759.258190604
753.115528986
891.279417467
710.986638412
884.374355123
745.711070053
953.742103506
597.663785083
759.115933175
433.309358312
736.835124027
632.666578855
263.015208686
484.535860386
535.280300404
920.497148289
828.555972772
736.389842407
847.965212264
822.626974484
932.141620141
369.601136362
967.829013824
939.227342021
851.082252194
632.373307470
887.785447054
944.885185185
620.424048535
858.697851401
237.829771055
476.546954664
674.625081064
836.658831305
792.147082302
549.090156532
957.319173526
834.156460144
524.137386570
850.925966227
548.657452333
454.845028554
721.657813649
654.600641613
803.098375045
228.788111579
828.272298221
407.586800571
294.300866462
834.482613909
661.737863508
229.784681822
367.511904569
815.008588957
978.541261266
765.957570626
794.082489418
951.445742016
842.029690688
448.534279626
281.703745094
811.654483139
976.822399416
910.458675614
931.549783962
771.039557999
573.580857421
905.982891671
411.542223572
212.565284089
751.382725380
962.793331925
804.271720254
510.567331505
803.164989277
700.758874364
586.787866394
815.031287743
687.629987711
378.323935272
645.141069844
744.244583454
396.306699413
205.107288998
948.207783139
465.510472492
799.048811014
477.462040376
597.422798360
495.905232910
787.351890834
790.981668774
797.136123883
577.685900815
990.813302293
844.238118069
855.903616069
666.330248450
346.394284018
586.166358639
953.662414805
765.550128992
718.136477280
495.095950297
955.819020526
818.982905805
467.333927722
681.810090861
929.225483938
967.566535180
340.091176471
737.627371274
674.723647133
856.405861727
563.745509960
938.421547067
355.197128367
755.259558033
680.403556722
395.912869202
753.284806697
866.653910163
592.239816291
792.108578416
579.967241379
916.859858430
767.796848131
503.644716045
567.601973217
438.611445359
556.591412079
732.923597655
914.885785221
605.513831386
983.996443083
846.063827379
528.965028355
608.780748710
822.054742703
932.722400857
667.649608702
998.023546816
310.435178456
906.072293345
932.788829331
852.533283808
331.763469960
730.510780287
899.428707569
699.664919801
779.800615542
308.787953133
582.178666734
349.496781101
996.988465331
462.374307245
680.945665968
686.296583118
914.707603554
748.338158856
679.639610382
393.808329013
779.653128000
883.037372593
706.672484253
655.773588977
845.709219858
528.428803151
113.608978518
740.324928663
258.768236072
354.405135403
423.541025169
468.521077434
333.310665896
954.374140471
71.749564459
896.195849131
258.172423004
807.606958861
559.938389468
931.650148929
112.432201793
464.296241639
486.685730220
958.704333984
529.360935468
792.547790357
770.702277147
969.676234627
309.970966384
428.940555322
645.473469633
281.599005680
889.390240558
495.087870989
343.858982724
583.105479309
838.177207637
688.727812710
938.046908316
585.084609266
926.153335037
241.099564496
564.827433628
368.460309939
889.047805239
753.474618034
959.136069596
907.405642477
645.442483882
855.282409500
522.215472789
636.413387666
360.051385222
451.621522962
412.494848453
966.504526632
567.321778182
721.124122464
580.145671362
367.253318569
771.853614458
751.435294118
634.675507642
675.227369114
938.457244631
980.998470947
602.354546758
197.850954003
616.044641240
552.388450278
367.800217510
486.349668449
849.942350986
948.978398068
847.120416470
714.927269548
597.974915862
682.646321311
225.601418435
995.130142243
646.160970657
252.974306996
544.340885843
862.907874573
748.761644317
674.666584321
799.718700544
874.793118400
848.867481447
807.974009483
865.154899426
918.173730837
661.681192116
224.091517857
856.275072626
941.688377331
581.588342387
978.534618714
956.933644513
163.951212255
903.823544725
942.489257233
805.335954742
338.589722230
221.449768571
915.731401668
923.250778500
410.298671701
363.117061416
193.320976617
775.893033865
96.109375000
258.661941538
664.229668675
509.506624098
823.696546065
527.268432587
597.521547729
807.699820478
419.833300251
818.292123878
849.724661287
639.661629301
844.941418088
526.806451613
434.822952476
800.985642818
782.749001916
376.194098860
639.486512758
845.364418461
103.547090737
235.031912727
865.583040499
968.209171615
881.861100175
964.527345387
686.258697577
391.541824075
772.013600916
795.882529020
968.732714138
757.866742904
587.679334331
376.653687092
377.962961148
873.711622905
657.392576818
515.863354011
814.485727315
754.253273112
569.684210526
961.681340335
641.575404765
846.516390863
942.776219471
891.410679766
950.689749603
871.290422305
981.763209746
713.929268205
303.863456177
790.828047049
310.871356030
263.905286040
