684.219993862
661.697060595
821.913012429
559.199427754
578.229193314
624.651102616
503.316997536
766.422207403
347.057632102
938.633048640
531.200564972
361.781702135
447.109606249
308.648667582
747.368048554
331.635341937
734.399754902
481.448855020
729.431970783
814.211888884
724.327964392
723.246845828
748.604034186
541.894823744
871.963875399
969.133633716
700.576905129
880.935298419
897.475904969
952.432149814
559.736546364
821.656254160
579.262463318
499.453701558
896.153446682
655.601250761
491.125238610
693.468095878
501.887437579
767.854803983
501.535641804
914.151519170
199.709789445
989.675199245
697.745702006
483.757170489
539.291201486
646.676889954
990.271679894
797.398269374
410.299890324
567.580831248
910.656356701
500.072995401
462.502972963
722.807719937
245.083659186
704.728316445
363.459763935
876.617932739
482.761846048
176.255496369
986.753261966
453.657359689
956.462231351
479.484097755
880.657141003
34.205262753
78.879655172
301.711782998
925.925482963
802.493613682
887.173601952
899.378674420
584.720446025
770.268784257
769.713583094
456.379228274
526.767500902
809.774660014
779.132851316
980.501402346
694.875528422
658.615213915
201.350440774
836.918156094
911.150921861
958.546295178
358.131260853
289.451204869
353.161436173
908.122238468
347.462228163
744.366845050
929.299198321
409.526555915
395.806771039
983.348362656
797.359391993
742.356383417
314.722100413
933.988757962
891.914233545
669.490104483
870.729004915
667.202368101
873.170086524
737.040026050
295.858074083
612.577342056
656.649830579
990.252493054
682.344487792
916.822774586
200.152441904
694.090772162
949.866832772
533.451965973
667.276554361
964.244782200
721.765197277
565.221195641
226.075208725
753.115528986
49.091750835
893.048710878
449.576467356
973.894758186
667.773165079
742.575248712
994.041749626
577.285891218
123.660826457
402.508385009
497.651484475
429.898825307
705.906509391
739.778345182
826.111977882
815.779381941
402.385387409
423.627194594
995.990963814
250.081986556
911.760385189
423.985848820
666.243198840
786.262042833
703.400312767
653.908250445
307.053745928
807.240980129
564.833628319
750.249291902
307.683278714
710.417482893
932.409781158
823.097807068
989.360399450
692.750315770
713.226471747
666.130617822
409.427649286
750.350584727
879.423674914
999.587000000
893.326368132
989.061171010
853.778659841
566.569501474
573.109937184
794.246813025
854.211332166
832.824711449
363.260237296
854.802901263
703.371878881
992.787993483
815.727895808
905.894033538
885.856647545
820.160959812
724.566767110
966.125768210
225.982300192
515.548251864
795.836038390
414.942164645
626.260330513
411.319826899
728.101641256
985.253266932
496.376872950
491.194462510
979.768850291
570.103499375
578.455702712
884.035067178
624.036057692
631.669217233
247.858830789
941.082355589
221.479118655
558.149621517
640.162479375
899.012791900
818.927957759
939.454739084
829.599903568
943.066276111
985.747432155
812.662292359
209.468374701
911.137201523
669.085196369
509.192497987
971.400102987
149.438950746
864.518941377
517.644665770
172.548543894
494.791875505
860.823442989
411.503341420
508.082677165
762.064957861
446.240966295
969.493682290
684.597692079
720.333950331
978.351163949
629.913486268
790.408755012
286.398324017
658.785245736
956.534892202
652.744973171
777.294024163
339.994117596
760.076311958
952.234214886
734.256767078
536.523997599
917.868182257
873.902168438
632.485572958
604.351718786
254.717490566
879.894311835
589.183333098
670.420763723
713.344236677
592.417082813
769.906487828
899.235786654
448.388224645
275.121791213
755.254923850
573.661921344
481.424968219
776.316945583
285.627379640
984.311942425
828.461827727
842.105100329
334.252994012
539.689725676
565.114159292
787.917508373
606.347260240
330.369490117
704.957445524
907.801740470
685.819947216
96.566039579
846.111694754
535.743470149
354.516572250
618.646910604
481.311749288
207.966343431
998.193368040
307.320679421
814.167059024
879.756784572
547.730773282
949.139083591
884.529253332
718.663342602
861.156781235
495.848767267
763.077977667
576.421720618
773.527633637
951.995273098
555.000900901
632.838051953
653.843253387
937.316382018
835.672184532
939.490287337
633.206127588
303.819025079
734.051088140
663.481725445
585.833594120
615.126816193
586.225212696
776.784397372
829.482368710
536.690786207
758.065301411
965.489513149
168.422088813
349.347964070
951.116712081
767.863269079
886.752502111
894.482532141
414.948189541
589.631240692
508.881125608
801.446816701
955.253370669
754.257250545
202.499382715
939.072947113
743.347159817
369.245176001
815.041717791
621.577026602
573.133492303
164.975755795
898.488731149
655.512013620
590.126257677
808.005569288
498.610068089
711.182114511
891.698379498
630.027777165
329.984848173
902.203968078
257.833279466
969.859793814
495.338268257
997.136399897
552.678930302
366.286772898
786.089689539
469.383638403
662.040784242
680.200705675
522.605970149
318.821266543
486.755587510
824.422221923
629.051667194
948.811361652
828.436479158
835.390926453
698.438257830
738.288561472
737.381854944
323.145478075
938.753428755
413.805509871
578.224869752
196.532440071
864.926586480
312.870580272
882.056688584
760.509040051
844.921889881
760.183530471
700.724624942
913.583603180
940.996280545
875.006285692
985.361862465
619.613589264
879.642613636
784.390209016
605.636854889
255.272403522
565.662443512
735.082308317
449.497497212
919.309523501
630.853390258
247.991935353
653.523526738
388.074742268
755.524321250
391.043475844
234.846763203
278.178000568
690.646074339
722.884499779
975.690012248
427.318382474
876.314441282
457.899552304
549.858181818
939.539248781
660.622433770
780.401178882
645.798730256
743.864907090
794.469634410
805.918109984
955.154961250
682.492490801
993.709716165
865.766134704
720.506766103
810.384476653
302.137388282
553.426598566
894.010626335
434.669989762
902.833317950
869.056385916
455.754319782
188.419744188
372.848494700
348.170935032
555.553779698
768.824427291
962.302447259
805.744376338
181.237413356
98.818014552
975.773539301
390.951403630
507.698729563
707.562718068
930.687380381
722.650676330
989.107173162
888.800877587
991.626441761
562.192137974
609.229841685
191.559390268
508.268629762
860.679382813
889.474563998
555.026125511
512.101562500
949.849988156
613.476975933
118.873882750
651.153591712
87.982952894
623.545673077
778.643050441
921.258378524
985.652575708
994.689901427
948.861433087
822.667004322
804.988198671
658.908946669
810.082711826
626.985645933
504.358999127
699.899278468
694.439342203
830.663590149
647.226390068
638.180225328
931.047259810
997.106313289
823.123320044
131.205944987
330.016666246
443.624842200
613.270739560
641.770208096
864.797664197
870.033332695
635.847465985
784.996815280
424.391328846
785.467376789
668.271651351
902.351926911
839.810692954
983.563927765
713.553081417
608.032071523
768.551885041
621.127201143
998.191865326
846.511074942
862.248224121
325.829710125
902.947396031
975.063074883
658.545366698
468.152752849
156.929920665
958.123687507
401.790990443
808.123752899
581.565989377
984.790840737
574.027873888
811.759200749
659.608333333
770.121418998
766.558543100
887.248555930
942.083329648
760.528105990
828.673035642
510.440006269
236.004237250
823.208357588
822.481610737
547.777327023
936.209912359
295.555743243
788.802256589
248.155193424
936.599167200
49.365980189
973.160829462
618.957187534
653.915132283
734.732604421
609.067319760
341.164183349
903.907628024
816.675578183
666.284473780
475.552310483
161.372240488
234.038458378
789.998734176
494.891907390
708.265486947
673.859035705
627.556373486
384.993506439
816.277526335
758.894590836
180.610077238
796.832479258
996.651895097
487.987704763
986.850557244
979.291580685
464.669775217
906.725468578
505.819169960
439.376831433
777.257357636
534.524087390
609.698286042
928.346379322
883.112110663
208.429844312
875.663177261
533.432282488
411.847059002
531.724624060
634.773975522
501.991035777
940.140415044
673.252554582
651.690877641
486.405180893
674.219548812
966.726434934
615.136570202
380.675715012
825.605232555
131.757352736
858.693193172
394.867067612
542.284980430
814.067564764
826.161607359
487.326379339
105.380263807
590.357518797
64.961527076
462.195845935
264.058705594
582.138299719
222.090071818
525.608219178
256.505360568
468.437829386
778.072618719
870.541785327
896.268932854
456.446053768
799.939997750
617.194458846
587.531276596
841.729172597
582.367581515
762.707676636
336.376277404
176.912407705
884.442197094
439.103632415
454.842829997
296.356204592
970.960349345
319.346207117
535.502798507
393.399288256
814.782793147
884.758724173
778.151656170
848.795028261
282.596886041
662.165387196
861.604897851
607.689888019
473.123662482
476.686479775
889.243498711
802.851169271
986.928568844
388.654087847
167.892822956
944.166828479
865.527584771
539.565565988
575.146086957
380.952752976
646.291729794
590.841772389
686.579201549
833.765554578
784.535531381
844.791098438
893.303979617
369.866192021
903.738347089
988.269194096
958.577070454
846.571320091
646.236798705
579.705097464
583.446655659
710.618041092
553.980144049
879.381032318
942.727426142
947.996308010
968.463215615
639.099366296
378.955142464
908.405195934
375.721971676
466.819022749
706.232256414
764.558696242
516.347751036
605.704548439
859.553954104
682.431085044
614.285764120
247.927408731
409.671819875
785.204431979
457.980349345
588.607679189
454.207001277
949.731541016
979.645343989
680.022058466
689.636135944
733.043654907
575.568414702
886.313714212
610.598886340
941.018597053
841.587190967
736.294098849
710.676438332
591.941720104
399.304395167
656.438877581
466.097629258
89.799777283
238.809547548
693.551728424
856.604342739
592.493881825
513.017543560
935.791109169
572.386233238
939.575968190
800.416766441
880.859239606
646.921169850
619.055732548
748.200507885
998.865856860
624.958398615
801.972568109
246.262055542
811.244106296
652.489846664
510.890399205
898.104120267
762.896454311
434.573353992
689.103765771
913.503694574
954.395096383
960.819962324
270.911424639
639.031298138
979.909179465
709.752069388
683.741910373
98.559626623
956.416227382
775.361206148
356.122170048
185.413052399
150.209853205
545.343928177
979.051581889
965.547513072
906.331617014
633.660003472
819.293650794
774.881926489
728.748927958
665.854338425
978.404824191
706.500530785
382.108623300
460.500000000
801.866572442
619.034732467
753.482581287
327.574419026
581.934704260
967.371696919
908.825615836
482.099574777
970.602905415
504.705854929
664.891720508
764.766631071
961.188327020
511.233801699
427.607296539
913.987964910
758.615185717
589.269038725
614.227157278
705.733660810
773.729927042
644.516097549
769.183333333
918.222195332
256.448829953
757.109635390
451.052106430
930.191915682
400.530897685
707.203648181
380.361669993
708.475828804
282.503097328
371.975805688
999.807981564
843.000593120
719.684653164
826.873639661
985.760620816
509.390812639
571.478984238
994.921102400
940.482854708
139.341307587
798.241817998
583.808187678
375.853694940
382.629063193
865.540293689
626.245958084
706.137380401
731.429422433
865.853913775
595.576191599
493.197729111
162.188162330
319.788992931
633.902989423
846.978157924
927.689064288
605.326358256
279.706989544
871.459694995
849.392724245
899.060064734
621.480676329
787.712511009
502.122495015
889.770786517
638.428539462
658.955992473
981.939407499
725.997933884
354.481311214
517.325816097
686.402942884
666.585328371
938.955270500
778.381654460
869.504456573
708.988011182
823.072293301
209.895211951
963.443822960
576.342779950
906.860518492
883.825208964
784.684713376
847.614299077
986.594648287
376.118332443
771.153032808
818.611018738
950.653460608
886.608707379
235.316807729
558.046593037
857.516763685
712.031600422
920.277132173
615.576152884
890.472908066
921.689752574
507.426842018
632.736121934
883.806539917
918.801393120
859.384081770
450.889121625
975.919054020
578.368394710
767.550649795
999.712958804
887.087373168
615.728024374
281.549285206
494.446154804
651.125948395
950.697638579
937.566098081
984.876134344
843.566831976
523.628816794
745.839795130
381.516710002
795.006918209
966.592985698
856.346962617
855.880248633
856.401774872
721.436067854
837.536864860
584.976922622
691.005065104
219.631509579
776.992277954
790.170234823
520.922259075
900.759679382
905.825038294
547.132525080
511.434257750
802.456229336
662.893656630
722.778665984
818.420429853
840.740744820
476.315021808
770.718495950
547.171819450
311.924670393
156.681528662
274.186068209
782.189897698
584.291023378
209.921413868
979.187928847
613.818377049
920.594916345
450.016666358
531.118630816
656.799817296
939.752627025
402.453724048
904.701055598
935.441606943
933.626263555
505.276162113
884.179280463
910.555325063
335.997023796
839.168636211
694.783419491
472.146163809
687.759405606
562.039144544
339.492267953
835.137114491
877.104326748
693.326762789
659.993181791
483.798511782
791.078377912
976.189018644
667.566476091
274.377477210
504.455151624
685.108020680
905.887962168
580.177559028
439.705583317
442.195658073
659.417298938
603.848490931
357.186226204
606.686904424
254.092502841
930.508463153
881.842389549
979.996428565
680.468221154
412.428175565
777.595010272
947.047517287
646.900301438
953.025183298
785.567947411
999.689951935
904.715977531
565.117686858
553.263110307
801.234672240
992.492821133
842.100944068
822.941067149
928.049567642
863.929395263
561.975978149
852.821219226
427.228276218
916.580602020
311.096448067
970.056185567
712.237319999
575.028694936
825.067269985
661.787764350
693.971180958
609.465339457
374.080205304
417.804978429
910.413736264
625.747552932
931.591112065
83.952367447
712.572101615
653.156183466
206.426742479
882.085030042
400.691901590
733.305529776
647.831768286
829.705369393
287.802015281
489.682550230
518.867998628
625.904944860
475.567029976
896.647087766
873.938212919
986.811025475
564.971680706
940.540801879
994.607460258
196.682485240
290.303448276
904.183609672
687.604537507
939.715957447
148.189068423
564.906186902
384.495773709
900.756348854
917.188094122
840.419538088
847.715754248
771.438267135
780.476777361
472.451055666
565.844501608
505.658975992
389.917940085
789.347198639
838.306030061
947.868661788
864.910399984
738.161229001
881.690988952
441.019273955
785.905210569
385.948183051
742.628532974
808.123134182
869.890222959
471.648173960
463.509438955
797.991854597
620.072580645
930.168264348
808.789836795
505.171258090
768.141913972
942.083860386
765.458032817
908.831683168
674.112008604
986.742620950
615.111372029
425.815687828
521.103636525
679.471853722
426.711943794
825.898904226
293.431424676
977.964723290
214.385167397
480.537199393
334.338152175
442.399141048
611.798169334
933.233625627
563.083475162
799.172071584
930.346172132
615.702038327
884.914685275
622.200160772
662.377535856
930.896879359
944.801037256
748.772996308
899.256359444
961.440585788
306.895747771
942.296662416
882.566144830
434.375413669
984.694876599
776.203581543
244.910187620
942.166121233
382.247302149
912.595748401
607.214953703
498.289072728
639.466965527
788.821272533
583.114054024
605.918311326
857.944636908
240.058326246
499.027053375
932.882093300
701.594612294
171.478861671
837.649091207
345.715200707
385.010389470
930.253728829
899.946109498
272.461006384
582.012886455
712.657001543
389.810210231
958.405446562
301.341998407
726.378000768
516.843303139
387.420959681
964.406034840
334.704347148
664.435098411
630.564033227
462.146080801
951.266035752
788.385692412
983.982723426
931.783236595
713.018232588
577.112640652
509.077597229
697.395870363
767.159696543
484.050617188
920.191847826
849.584604380
424.788182514
809.076634195
877.904897494
332.797235565
806.852526798
379.253213566
398.376706146
868.640892429
735.498470428
591.849643068
592.308196803
984.238284157
322.642216705
959.777578400
292.232783924
846.414201204
815.131891169
973.268242549
835.403495324
573.605264969
554.843221099
884.842358841
988.346599124
449.947774747
698.786805829
880.697450888
488.452658914
864.959536626
894.516629247
396.765673918
616.775485894
279.499552772
800.169375000
703.243201176
759.811818808
870.784703586
952.120265513
972.144536579
915.521163054
521.118988333
715.280364612
944.006355911
730.857715291
860.362714208
830.416265060
254.424841554
805.044099379
336.194883959
721.855248648
421.378689542
386.031086831
935.060425855
859.531849323
711.385268485
746.058978902
585.533944362
977.583244537
366.315437840
836.422142222
669.626015026
709.521669859
737.568428184
725.471570773
871.545753245
407.255448117
678.584556264
812.791486176
715.501222920
706.846517994
330.608529836
395.560362018
615.364932378
661.457481627
673.890940732
915.193968520
728.488160508
681.096175294
648.644740979
813.306215395
584.852118061
974.623004038
365.112311488
902.914724656
462.427291582
429.609124670
576.550084555
535.374635185
610.874783107
391.617159992
722.081020385
710.235172320
297.058916715
639.527950914
511.717695610
731.354908395
952.588578558
880.645218021
542.888570519
204.956092859
644.757318687
887.394500789
469.973403503
996.377438780
605.543557486
744.934896484
810.311668434
907.825974513
925.715399029
808.171392713
661.626027299
531.791312453
186.558301879
579.973275246
422.905426780
486.951742989
934.894111651
493.960524739
590.017796342
547.334552102
985.676417492
723.995856342
604.545283664
553.553068820
852.310976111
587.352534684
953.350932238
988.931241290
847.277404396
315.084115753
855.298193614
517.505555526
919.398258977
672.935361867
741.319769061
744.571017432
667.672075199
879.838053280
859.164711359
955.451202312
324.237567225
997.796572454
420.109509533
971.160645825
952.969569294
761.497209450
772.649338316
420.014285714
802.046134663
661.701594376
441.043081796
855.873822476
531.054611128
783.866059987
822.880915057
964.946112485
513.326406880
619.011308459
685.207267912
658.284133183
755.531600929
763.121222349
360.058328608
832.001802883
871.940364933
339.514359048
261.005747063
931.771431200
697.744939072
970.168542059
683.364471759
547.302475785
692.316401655
625.002399995
822.156919329
822.061433228
660.628488638
578.751241899
384.663489315
998.399218750
504.135894378
927.076048661
336.495170842
386.337934974
808.196782178
627.694193059
755.007284733
960.663832982
858.322783107
693.301521706
481.413543640
536.291898130
987.308462437
515.033979462
738.449727470
885.530914198
440.287406314
476.749410068
533.313228788
712.089179808
740.530215454
932.981243113
871.319688971
521.408668896
429.627746741
616.948944404
718.409354059
414.520481928
910.573545554
942.727956518
485.796253588
369.473950367
384.191358570
375.897592437
585.306757180
990.686125874
706.608095057
492.483502262
302.595439490
559.187803873
536.487651302
543.026702843
430.654156025
960.303597827
991.869447054
595.021008032
548.295540744
797.196337172
873.014318335
760.007236808
376.652359610
969.098039216
662.755611066
752.211406456
318.873015478
990.587704422
611.658401397
141.654509282
518.679091539
736.774728123
417.903098816
894.580348543
422.436977548
911.495474493
960.667476289
866.930216338
432.533235717
912.695458518
749.196235976
980.559123344
963.098645000
856.957992999
726.742733022
478.195566688
847.580674626
530.661852271
672.292347166
525.136172816
230.922064775
730.611387812
377.587076050
898.899883191
997.915327069
750.613082753
677.293141852
971.290378874
826.490169389
921.592643200
615.083734137
713.564993536
345.734001799
841.795699680
111.337325278
260.413133309
760.012499897
219.136943485
871.851478177
831.942906695
677.389843519
856.611347112
297.031984810
384.337091627
840.185714286
831.073402294
974.559900673
777.097805942
427.155737705
940.723166844
916.822774590
963.186897751
816.248124041
386.319815697
882.742318007
662.721661031
805.541432826
795.044023938
911.966008138
673.850131706
238.918396110
653.812664301
764.170792428
862.348537426
330.907842155
719.720084477
729.501884850
562.052491103
484.262325605
843.701961595
978.313905930
974.089831586
746.798500266
904.916018203
824.389471063
181.559907469
300.383088738
47.885279576
445.810497981
778.426618250
751.908244681
494.566476826
733.867154191
332.392839875
697.043757593
189.899973670
390.902801218
855.588200935
649.158686301
739.643157205
952.912377924
758.480059065
245.254969369
739.190773752
406.417273255
925.677049516
901.583606772
389.484274711
879.582287403
441.007936437
228.516957795
512.797270955
919.012513517
996.764767255
726.870002132
508.962670537
606.636629293
491.750955673
569.494512730
898.866508443
754.195597972
666.899542660
929.575709665
851.775792096
280.153529337
586.810020364
778.956353078
934.489165267
890.646394480
452.553864197
83.540409384
481.756162405
492.675349495
84.852813742
607.008237176
581.165208869
900.055553841
545.906585415
758.702181360
453.497519288
549.092888317
742.084900803
621.414515440
883.178351184
881.220176800
871.799311927
549.302284721
820.616841163
626.284280696
855.914715378
509.146344384
750.820218161
613.078298425
930.462788079
838.843847209
901.601907718
570.964972656
932.433911867
518.948937758
686.337380594
796.994353807
310.311134186
663.796655611
514.807731100
361.423574217
857.696333209
647.227162594
694.405501130
877.489031270
809.933947924
527.384110493
750.754953380
389.105384220
876.068490473
884.732768362
513.021442047
242.771497503
355.395554277
778.753491164
865.682389794
657.445816854
974.277681412
918.408405885
271.834508479
618.924874297
223.501677846
768.240847651
412.609985337
181.008287103
929.795138727
954.890046026
281.535077743
505.258349758
190.360184913
441.765775064
861.682075942
896.304077866
625.063200000
305.393189184
842.097387173
768.908317076
737.833314509
236.698119976
905.544701987
944.371748836
866.761789652
857.979603487
447.333209141
711.326929056
98.503807107
903.415740399
312.688343243
313.298579633
245.473012773
866.421375544
854.279813644
754.921850260
508.610853207
600.976705039
175.573346497
815.827800458
249.403614458
603.043945331
982.007637448
674.043767125
836.368421053
512.038084525
755.351573772
554.777432850
998.857347172
947.983122213
822.282190005
821.718930048
525.907786594
898.973303274
471.041399454
794.546411483
983.685417194
532.632143228
742.284312107
962.320632638
753.163328900
263.647491928
855.038595620
969.851030928
506.997041411
769.224934593
552.922236847
833.626415129
792.271418139
877.646855059
999.300755529
965.348641683
357.777864051
762.710298868
978.708843324
767.820291475
561.527381345
649.653753934
936.522824068
180.474374912
829.072373198
807.707248951
974.554770139
947.507783609
269.988888660
668.086820835
771.052527394
679.999264705
674.373783595
677.831120944
842.909247784
979.034218001
251.376212081
270.379363118
314.391475711
392.968192097
756.582447589
741.944067973
388.884301560
917.949891056
944.834377021
109.480591887
840.394642857
863.535175890
914.451748317
428.904418257
309.032362460
814.684601548
963.394000415
993.660907956
981.083584614
570.775787854
929.379978471
692.418226219
464.325316992
794.774181765
861.991879350
781.161955039
644.352388061
122.523469388
359.526076940
748.936580318
987.441643845
238.778139703
797.034503645
939.167716651
905.130929755
386.001295337
508.772051119
790.694631321
827.630956405
973.440804569
356.071622009
284.554037047
440.792468175
804.241257335
488.109618836
295.294767986
380.341951407
865.927826092
462.985960928
863.290217714
845.112418557
487.136531170
942.896070625
983.840942429
724.518460772
964.714465529
670.540080830
817.327963550
971.963991103
340.487885463
391.469028149
581.412074178
708.302195394
254.430737137
454.837333560
889.217633653
468.849656073
982.554324198
949.749440642
605.931514282
759.470868434
805.077636008
570.882649938
833.461457708
228.357176371
779.824980364
892.041478856
921.264348599
506.873752219
720.436111111
875.388485188
714.480930466
885.341742912
883.467033907
773.696969104
830.597375387
676.436390533
421.244584535
940.083506929
865.498700172
545.199963316
212.285185541
487.053385164
495.932455078
639.531860035
925.706216896
207.378880313
979.607064082
891.242391272
742.169791894
897.398462223
520.688966659
905.732300407
701.297369167
335.848179986
851.193280049
563.440325145
753.745315077
456.427431253
776.110172591
695.116536992
594.632773109
851.645466142
819.181909180
414.214920060
697.415227823
797.144905271
765.363312421
699.077248956
827.351269649
611.639599764
987.859301723
806.804809108
812.501692306
732.520463847
785.463557398
896.949831373
970.374154643
763.010484856
685.848379746
32.062439084
506.207509881
481.844373216
322.161450208
323.942896202
397.754949686
829.711998226
974.593761523
892.666791138
943.318610015
899.945553909
282.015956995
992.450503778
463.562293549
972.006172820
650.714222989
186.975934280
709.605524218
828.938477814
438.449540997
789.880370689
956.312187520
505.710391430
823.621879263
107.647573126
141.460241764
736.550067879
878.922635958
887.435068047
661.012102764
809.368272173
875.783649090
858.916759646
936.422447403
292.311477708
697.426698657
829.851191480
565.694263715
452.393633907
364.388528909
734.736007012
830.896503784
798.523779725
500.337885833
735.913717769
462.525674963
415.628439835
896.020089061
672.573551263
965.923392408
907.071110774
605.602179653
939.341790830
800.317437021
213.925222066
836.203324557
345.820762824
301.064777083
712.002106738
790.493037975
715.998603351
408.428696347
834.002398078
366.511937050
166.111408398
948.168761350
451.551768904
758.321172064
618.469886090
721.442998441
612.830319093
630.481561983
268.966542751
876.491871040
816.835356727
465.371894295
990.061614246
898.517668162
704.589951674
955.134545496
690.670688534
841.435677874
134.380058044
343.439951083
497.335010060
785.632951654
887.920041445
387.235070726
843.243144058
249.562000000
998.663607027
404.854297357
800.403023483
964.950257785
858.813154831
906.715501136
639.971874382
613.656255570
413.233590116
451.635915331
821.414024716
506.088924992
932.940512573
368.157574959
533.131316826
783.929843800
712.322258532
892.971444112
501.756913256
768.032552083
721.589911238
634.781102362
575.978298202
733.137094956
912.653822651
600.905150585
167.812395251
918.112193580
668.029939449
233.347380530
508.718979398
980.849121935
807.571049506
936.094551282
867.681969387
840.022618743
834.182234287
313.875771604
721.661970731
759.527631579
385.162303452
694.541575431
497.547987635
845.695571704
717.588322090
977.767355287
565.710173145
664.304147210
697.196528964
299.996666648
525.423638600
602.086372541
584.286744673
542.173404648
922.497154467
378.302788782
660.218903092
483.100403643
927.717090501
523.386090944
715.318111053
905.877475159
995.425034847
898.679087875
872.314736778
899.152378632
691.770915838
945.452272727
212.866157821
437.778482797
685.354652716
69.935684740
588.187895149
166.231927711
852.423708920
784.183014353
374.192463855
147.522879610
758.921603329
284.181280788
649.007704119
953.300057694
486.761750205
759.117250501
935.168434027
968.108464998
873.958236988
899.806645897
806.853146489
533.943820225
470.981952945
287.210724034
743.110355268
961.623107044
698.634382206
801.157912025
759.040183390
846.170195646
963.636342196
879.420832139
503.960315898
91.972822073
858.909774074
847.879118743
585.238412957
753.376399949
964.390481081
973.135653442
966.910543949
810.093821727
843.140557677
577.093579933
175.000000000
926.888882229
497.386167882
629.365553554
654.710623100
990.456460426
646.827643194
587.009369602
929.214184136
172.171426207
732.958388996
868.378456221
801.059298679
778.550576392
861.006387897
182.581488656
290.191316204
789.129267520
708.462419610
718.885248145
989.471576146
584.982051282
830.828502160
820.556638246
902.094784377
929.181898233
394.367848588
984.533392019
940.905946415
726.891334250
961.897603698
893.600022381
392.001275510
991.158414044
865.589972215
969.575680388
667.410044978
95.592886808
835.998205740
819.050059520
389.816623555
620.977455307
664.511850910
819.009767952
769.434857542
994.050803531
717.312344798
847.211898017
304.496305396
372.133040726
937.548932056
834.630457149
749.126157600
716.816573469
753.889920424
663.373951855
412.201407082
721.464482840
861.443555899
351.485419328
799.374755683
777.288234827
334.986567164
359.335499583
972.150708481
76.707235984
717.641972017
938.658084715
485.611985025
537.497906973
670.719762643
