744.443416251
774.743183255
119.088202606
355.474331000
953.802390435
539.956479728
917.272587620
769.315930066
673.002971762
961.194569273
508.373878164
942.562995242
330.570718606
843.869658182
948.249439757
603.579323702
325.041535807
930.010215054
904.253283102
740.609883812
964.000518672
389.626744462
691.997109821
712.310325631
529.339210715
604.635427344
907.868382531
444.781969059
814.554479467
866.112579287
873.158061292
671.031295842
874.980571213
330.510211643
333.950595148
121.741529479
517.844571276
838.279786229
985.740365112
938.922254502
961.234102599
353.158604596
569.221398052
974.440865318
485.259724271
900.087773498
890.809182710
783.446232999
949.330816945
682.400175850
500.513736075
172.754160587
379.582665568
175.151363112
767.772101603
998.237947586
931.423641529
777.881096312
621.503016887
897.080821331
632.867298578
182.961744635
970.432989691
803.898003481
703.962356948
605.239621968
404.095285793
798.682039362
814.617701747
727.979395604
934.990909047
746.255988251
986.625055429
961.994802495
933.301130397
455.089002284
582.249087591
647.696688273
977.753036303
899.315295100
871.093565607
562.927171133
727.059832476
967.896172118
973.441319088
599.612374917
707.547878239
466.254222501
629.942854551
414.903603262
453.467991170
920.959282488
552.000905796
267.016853401
415.703018993
711.910106685
266.966292135
746.574175819
719.008344875
839.428376933
810.748419672
962.356482807
265.286637432
700.210682581
941.707491740
895.308885246
608.614820720
777.409158680
630.092850301
537.910773270
984.934515590
974.149885798
830.192748708
330.202967885
988.154340172
100.767058109
608.496507796
657.228270847
596.136729283
370.460524213
960.328589598
112.831733125
459.456200306
623.436444235
882.437533200
999.542895528
705.650763480
987.965080367
248.559851947
523.216972202
589.106102498
593.283237586
885.751093705
728.097520941
303.201253296
826.462945328
750.101326490
372.932969860
763.109428588
546.794294045
472.508200987
564.386392465
772.884855590
737.189934820
437.312245598
976.007684396
968.534976137
973.393034699
927.195772208
879.374288965
993.386631680
853.505711775
471.607887975
718.597244637
869.086877229
284.436286920
732.864243909
899.341425711
269.274952419
271.189970316
647.136012365
990.252997976
783.061302682
815.559317279
603.231298923
452.875258763
776.983912327
779.928842908
638.629000281
784.590976242
803.666666667
580.986230474
720.785682433
921.315906733
661.680436754
871.080363686
929.009149578
852.106214037
935.120313115
634.161652476
653.319982857
545.860788114
708.605673136
927.004854356
576.225650245
552.211915844
894.767008779
734.484853502
955.424512978
924.525283592
848.146803331
439.020500660
639.362964207
981.075430331
682.586383602
125.448000000
615.500609261
539.027828595
441.269758764
119.866592510
959.339877207
287.038324967
497.650482218
469.256859310
534.444571495
815.719927426
237.128657062
740.372203692
698.632950840
453.625396114
988.988877592
738.731393775
811.253967633
359.751302986
767.531106861
244.701859420
498.022088353
385.340109514
917.807169290
961.299120982
473.040167428
612.636107326
832.586331860
481.093545997
923.516107060
819.654805391
956.276110755
621.618854569
762.157464045
726.157696372
992.918425652
942.401719014
184.051623193
456.893860760
963.679407272
974.147319454
395.170886076
451.359058843
996.602729276
837.169039084
711.750658588
740.081752466
465.748859365
465.637199313
242.313846106
986.181524873
666.983508042
84.273364713
260.401612898
624.638295336
175.390992018
307.580884265
418.733805657
864.496385186
205.667206914
560.961674270
551.122490922
808.760162224
887.165148098
546.860128369
950.665030387
956.361856203
927.779607450
591.274048137
849.659343502
862.052202598
495.268613988
227.066069680
273.755365244
666.484808529
343.260833769
543.547606011
537.894041610
864.719075145
495.220153063
989.357367183
984.030487333
869.147858537
510.096069383
554.893683511
582.430253335
378.285606388
686.627264242
271.543734967
947.449734814
617.102098522
418.050236216
814.811021036
811.303272519
783.761443298
910.446044530
767.211835154
584.723866453
981.229840557
191.877565145
754.380540576
858.188207796
493.039552166
930.908695845
794.311651683
939.447710094
683.079790361
647.227935124
630.161883963
185.035131799
757.338761718
714.888103132
459.424640175
836.538702034
568.563101159
647.506756722
822.197664798
831.526442308
883.816157354
770.833963964
837.174414325
861.533516469
932.056330472
428.577880904
968.538589835
663.161367994
425.430370331
977.016376526
164.350235777
810.854487562
730.939124487
592.229685917
861.915309065
977.881894877
745.619205761
924.718876200
583.988869757
982.775661074
522.029692642
602.732112966
500.735459100
863.494643875
637.441762046
684.283566952
363.089520642
609.921306399
104.359954005
313.568174406
916.273976494
992.608180502
962.929903991
991.351602611
490.029590943
824.973938982
479.018788776
756.104490133
953.261244361
712.542630304
413.479140950
613.132938277
780.950062424
844.050353948
184.032605807
875.210831743
879.620454545
667.475842259
925.751047742
826.188840399
209.403915950
783.158349250
530.495994330
397.705921505
573.859738961
784.397858233
309.991935379
901.210852132
376.134284532
347.462228163
731.287221275
726.514280658
564.723826308
787.835642758
639.950779357
402.461178252
73.423429503
749.461139753
110.516967023
304.772045962
457.779422867
457.721531064
740.987854151
925.915223026
990.540256628
746.227177205
286.970381747
840.226190476
823.499848209
961.085844241
678.145266185
992.017640975
543.571522433
814.535450426
939.063363144
839.530821352
535.578192237
579.460956407
416.529710825
822.235975861
72.904046527
936.917819235
323.009287792
945.015343791
959.876554563
652.829227287
617.613147528
422.610932182
192.738164358
763.391118628
853.489308662
536.331054480
960.361390312
595.463684871
947.834373717
329.410078777
634.670866142
519.324561329
692.366232568
636.269596948
632.698190293
838.813447675
871.830275229
976.724116627
438.512257525
878.186198935
568.533200438
612.139689940
854.923388381
494.823232323
426.341412485
803.460639982
304.009868261
294.984745368
664.872168165
505.244495289
802.302312099
240.020832429
982.292217214
590.595462224
628.296904337
794.364526687
329.268887082
532.211424154
510.702457411
810.975955254
970.073708540
217.276497696
808.115709537
527.551893182
404.132425743
747.943179660
640.851794072
917.123219638
425.875568682
844.325174326
839.601095759
879.536241436
563.555676043
673.739563927
949.579907117
952.752328782
730.807772263
534.808376898
934.345824411
542.722765323
497.212228329
325.841986245
267.557470462
535.188785047
266.495778578
761.684974251
602.172732694
875.258247605
689.901442236
655.614978474
630.030158730
561.441003134
442.838600451
634.665267055
376.870004113
848.088438785
333.633031938
907.186309428
481.472740661
835.277798101
516.711718466
896.959307884
606.341489362
38.574603044
846.615024686
721.423592628
411.177577217
525.514985514
770.752878684
283.081260421
884.593126810
297.089212191
255.293948255
295.516497001
907.878303965
984.361214189
421.931274025
903.144506710
151.565167502
674.600622591
678.033185029
219.321681555
690.149985509
879.427086233
711.064694666
594.550250189
821.641040844
899.469287969
394.887325702
488.239695232
967.166480562
949.928418356
539.352389445
470.137214013
940.118077690
932.087442250
474.102309634
441.375123903
399.042604242
805.311740881
536.280710076
455.085706214
947.281901020
771.310572986
627.381861389
408.792123212
729.068583879
978.478921592
327.071865443
542.859097741
556.980250996
670.752562425
862.104402030
560.402533904
734.190029897
947.199028716
688.637785777
226.267540757
697.144891683
454.960437840
613.573956423
551.777128921
604.255740560
569.119495361
203.582906945
786.069971440
660.670114354
602.763635267
695.297777938
39.800000000
981.701629328
805.319812249
953.423830204
976.793734624
616.241835646
859.739495429
598.832196863
718.124640992
962.621940328
691.188107537
953.797148245
925.295628435
845.595648049
513.998054471
720.184004266
128.833225528
393.087776647
902.857131555
917.572340472
478.054393305
586.530476617
816.794343761
949.890520007
960.712235792
714.879710161
396.891672878
858.706003240
463.554743261
457.155334651
509.504661412
610.421311475
724.752373068
198.994974874
861.373902553
619.646673516
815.337966735
472.307103536
435.435414269
841.870536365
850.077055331
855.823580276
481.168369700
996.302163003
210.247473231
958.291187479
975.850910744
142.555252446
787.381102135
510.488001818
376.852756392
614.904057570
695.292744101
784.580779780
981.769830459
990.814833502
982.419462348
796.597137831
517.993243199
846.916760963
698.287190202
319.078360282
908.739273927
953.919807950
696.341152023
296.001689185
868.106560279
656.112795181
846.742581898
315.585170754
911.780675587
944.856073696
393.269627610
867.480259141
579.041449294
382.566334117
811.331621472
92.119487623
758.263146935
462.206663734
996.363387525
745.440138442
350.525320055
367.479251115
288.360885003
631.694546438
298.260067114
890.199977533
916.960195428
243.575450323
527.194461276
625.956068746
939.155471687
383.451431084
884.271451535
755.115222996
864.279468934
720.535911666
745.534036793
512.894726062
420.389105473
970.683779747
449.712130145
951.921740482
477.052408022
990.500883392
728.683058675
286.143320733
382.605540995
803.074093717
868.340437788
847.200684608
939.168781423
184.122242002
487.128320673
989.776237339
311.350285049
71.700767081
743.308818729
971.287290146
845.967494090
944.473927644
526.870002942
257.464560668
908.915287582
811.200961538
947.233368532
865.375641322
80.324342512
269.438661710
939.171443348
153.424248409
456.228070175
310.805405392
662.662810183
597.765840443
873.450744559
906.110927152
101.454423265
860.480679620
882.068024588
901.732261641
268.734069295
847.362378207
755.303912353
432.004629605
993.101203302
630.336418113
337.849078732
845.870557473
807.534519386
338.286860519
325.438166170
916.734967152
797.491065781
962.299329731
454.077085967
431.426702929
903.513143236
724.486714854
640.755023390
861.093490859
915.592158114
922.305806119
861.948954405
511.150662721
449.439651121
718.112108239
987.329732156
757.592898594
912.813781666
466.425771158
759.099466473
767.402762570
855.233886139
782.288949174
741.911719818
938.987752929
673.485708831
551.719131443
831.497444374
738.295333860
418.838871166
661.265453506
863.587864667
590.122033898
758.475444560
513.241658481
416.014422827
576.811060920
327.039752935
984.225075885
873.242808062
800.384907546
203.034479830
780.371065584
961.785343035
833.908268337
294.142822452
559.457774799
143.819331107
985.791052911
901.199755881
980.973496074
969.565882238
439.965907770
763.213600508
656.815042459
744.119614041
566.765383558
386.673126615
999.811982325
842.830350664
414.333199249
301.083045500
909.908237133
326.697107425
918.706699660
815.672728944
522.460524825
871.108489225
296.688388718
769.742814192
622.481325021
752.663271324
277.093846987
285.623878554
313.017571885
723.560640168
782.989144241
585.117082301
507.232688221
524.391075439
758.772034276
757.346684155
507.703653719
691.973988439
627.589171975
468.721665810
866.215331197
574.868680657
669.258544959
931.334586466
861.621726746
632.140031646
363.972526436
874.909138187
485.803458201
722.265879022
243.817554741
679.824977476
567.990316901
967.248158437
519.265827876
464.248855680
730.807772263
856.016939090
524.745652674
907.455233056
720.972260215
374.547727266
482.351531562
617.715954141
617.321634158
868.055873778
961.434345132
917.636094159
944.922219021
323.409956557
861.876441261
368.423669164
488.417853892
809.749961408
522.129295154
849.822334373
583.568333617
549.470654357
213.546247918
196.664689256
349.242036416
462.019480519
773.111893675
745.757333186
166.084315936
988.543372847
163.211519201
829.874698795
819.442493406
918.849280350
985.687577278
912.122799035
560.917997572
998.371173462
848.000000000
732.843093711
738.265534886
930.428395955
157.829021412
161.009316501
229.897803382
909.879112850
656.188235189
591.104897648
799.371628218
936.193890174
901.855309903
481.814279573
753.837515649
847.340545472
157.572205671
828.736990848
701.562541759
257.934100111
391.232667348
943.107629065
594.233960659
583.289807989
731.933740171
480.033332176
598.503132824
953.789284905
461.492145112
886.097065463
560.831525505
711.919939319
350.943015317
962.526363275
931.372642931
760.158536096
418.988066656
986.348315759
601.929397853
473.232500997
426.315610786
826.530096246
744.491772957
910.410347041
671.815450849
765.547516487
203.280594253
66.007575323
496.738361716
719.201640710
646.775076823
774.561166081
592.444934150
653.954891411
587.208651162
945.335919131
900.512631783
798.196091196
935.195701444
757.323576815
617.843022134
861.108007163
819.731663412
402.493478208
491.030548948
942.907736738
880.967082245
182.032967033
461.948049027
662.211446594
231.866379310
965.303579192
507.915347277
815.437305990
580.209444942
513.413089042
928.398621283
616.682252055
273.140989234
782.570763573
220.834782609
736.310396504
482.618897268
941.741471955
565.232695445
632.308469024
230.857098656
872.469483707
640.066402805
699.519835316
661.109673201
837.395963687
726.599614643
519.832665391
942.555569701
852.873378644
769.456951362
963.816372559
792.164755605
677.865030814
215.111598943
869.752838455
442.072393124
782.201380720
596.861793048
624.291598534
994.106634119
915.297765757
185.790204263
859.478911900
833.959831167
705.458007255
573.453572663
512.215774845
858.455589999
575.213004025
847.157010241
549.175746005
684.331790873
617.824408712
817.431954355
710.409037105
886.764374295
638.417574946
267.632210319
824.752083962
285.210448616
884.600474791
858.867277290
939.099568736
381.119403862
759.634122456
919.258977149
444.371466231
645.633797133
717.237059840
569.950875076
717.826580728
825.514990778
438.198585119
515.889523057
649.909993768
768.676785131
684.627636018
134.324234597
793.139332022
872.869406040
959.945312012
672.096719230
944.385514501
900.388804907
518.399459876
177.369670463
405.122203785
972.328133915
609.326677571
741.221289495
751.025964931
509.485034128
196.756194312
689.624535526
959.458180433
965.330513348
774.685742737
992.991440044
629.195518118
533.753688512
708.492060647
449.094644813
944.880944881
982.206699224
825.871660732
341.967834745
599.698257460
587.990646184
760.578069629
872.625349162
886.139380431
993.315156433
691.788262504
360.413651240
861.597353760
935.598738776
137.604505740
134.629120178
794.294655654
492.861035181
331.553920386
344.641843078
833.328266651
113.574561404
402.661290323
957.897181628
707.132248939
736.620662214
987.481139060
537.010241988
91.891240061
869.124271897
843.335638996
836.813001811
165.508307949
615.282049145
742.949527222
804.341345451
945.350728566
821.531496657
535.083171105
635.672085277
818.940779300
747.558024504
878.197016620
562.818798549
773.442305541
668.806399491
623.346613049
399.117777103
523.785261343
859.748800523
835.724835098
899.083978280
593.784472683
796.602159174
541.261489486
983.850598414
607.480040824
707.772562339
723.304914956
812.136072343
541.868987856
973.650347918
427.896015406
697.448207628
875.624919700
601.203792403
881.959182729
480.757735247
514.993203839
591.628261664
307.944800248
211.168179421
711.926962546
390.905359390
766.896342409
681.091036500
814.444596028
455.815752251
768.475113455
793.179046622
335.287935960
956.725143405
553.457315427
510.480166118
905.029281294
792.684678811
451.197296091
516.485236962
441.030611182
544.821071546
764.146582797
211.735687293
891.909753363
965.856096942
897.458077015
838.331677204
799.292186875
760.670756635
906.297412553
876.233416391
515.204813665
412.272967837
692.657287157
638.798872886
608.152119128
467.053530123
300.995016570
650.819483421
574.903470169
523.799579992
466.687261450
619.783833296
504.398651862
586.690719204
855.161388277
730.471232877
945.640523666
678.848289384
708.364313048
476.226836707
591.705163089
259.036676940
344.187448929
652.886667041
806.349800025
545.924903261
248.628236530
777.923518092
286.557149623
636.597203890
132.939836016
800.539193294
861.698375870
519.240791926
771.933290155
698.206273274
857.334823742
821.894153769
927.426546957
740.927121922
654.155180366
580.397277733
691.583689802
871.444203607
334.661022529
399.507196431
894.773155610
883.236095277
524.462582078
614.522578918
393.076328466
741.696029381
818.134463276
431.976851232
988.883208473
952.452098533
711.740121112
966.470899717
571.062168244
846.177286389
736.928083330
873.857539877
286.755993834
948.319566391
857.243256025
703.221160091
534.939250327
231.322285999
253.702581776
740.297237601
824.466494165
708.861763677
192.911896989
851.777553121
384.403433908
649.618349495
822.040145005
487.508974276
877.683883867
483.825381724
879.643677861
759.189699614
722.051244719
250.113974020
800.827072469
963.030632950
435.482491037
905.566777042
658.306231003
234.899978714
937.938697357
945.011640140
306.709960712
438.427873202
484.993814394
745.189237711
668.035927178
835.022155395
889.562813971
900.863474673
508.237204724
604.494003309
579.129519192
948.396014332
799.693691368
359.217204900
699.146622677
389.430353208
935.779888865
529.825442953
520.031729801
996.674470427
981.516174090
967.507622709
533.678742739
486.437046287
850.749081692
959.571258427
456.467961636
274.996363612
902.995570310
596.936345015
877.069552544
940.091484911
930.921052632
915.846056933
278.479801781
711.151882512
716.137556619
692.348900483
954.777460982
505.386980442
640.369424629
229.183332727
786.904695641
966.513321170
924.489588908
619.534502671
690.685890981
553.971118381
991.295616857
603.953640605
564.300451887
468.847523189
771.854274611
794.227297441
565.973497613
436.080267841
740.512660256
417.825322354
963.200394518
688.020348536
382.674796662
348.465206298
570.148226341
982.581294347
123.939501371
502.261883881
647.375470651
419.355457816
903.741666628
261.011494000
481.845410894
548.142317286
525.261839467
610.410517603
296.693444484
704.795715083
74.135011971
396.616943662
496.215678914
649.279600788
679.524098187
722.034625209
882.508923468
683.066614614
851.654272578
350.159965734
928.463246445
947.925102527
749.143510951
426.049292923
99.171717172
860.994773503
834.968861695
957.175532491
377.818739609
926.577034034
729.374389910
555.644670630
252.786471157
901.944011566
654.032109304
956.000523012
372.432544228
684.888312162
331.698658424
88.107954545
776.968467829
886.791407267
752.107705092
613.944622910
599.882488493
713.430445103
626.157328473
612.133155449
754.186979469
575.483275179
554.759408796
961.451506837
82.752657005
480.053122060
608.701897483
709.198138748
928.119604362
966.819528144
934.794094975
712.779102384
345.448986682
686.787448924
456.636617016
678.804095450
887.049040358
955.570510219
520.393120631
676.377852979
417.727183707
707.484982173
872.130724146
477.765634157
432.200231481
811.831879147
844.974555830
868.015552995
726.546626179
866.600830833
994.792440663
541.478531430
333.027025930
915.924669392
392.447448711
601.200465735
514.735854590
810.307349097
947.298263484
991.314279126
717.326285591
343.260833769
507.413046738
504.587950852
566.234934652
949.148039033
923.036835668
521.621510293
315.133305127
948.525170989
402.445027302
537.566740043
774.125312853
796.194071819
607.448763271
468.836858619
921.564430737
408.797015645
897.759433256
797.934207825
552.847175990
199.454255407
384.250000000
721.944596212
326.651190110
835.492070579
946.052324134
547.138008184
546.020146148
571.194362717
319.604443054
632.622320188
716.370714086
850.284658217
677.441510390
691.473788368
919.367173658
545.736200009
628.056526118
603.125194300
624.797600000
451.980088057
666.838061301
567.321778182
509.185658153
344.592512977
848.026533019
301.131200644
928.309215725
442.835183787
505.770699881
286.633912857
694.672584748
422.037912989
787.434442469
778.533236994
972.120362918
756.805787504
816.211982269
414.562419908
583.836449701
918.017429028
105.309068935
253.708494142
924.622084962
738.922864716
910.247769721
562.728175943
909.608707082
667.996257475
386.469921210
620.710882779
208.930610492
713.343535753
200.187412192
825.078178114
702.563876110
748.295396217
960.646136723
760.826524248
851.813359839
483.438724142
838.617910612
663.572151314
137.200729927
714.057420660
724.162965085
931.471416631
637.846376489
270.421892605
939.230003780
830.509482240
213.100938967
884.745161049
596.685846992
928.561252691
871.653600922
389.452179349
560.838657726
732.720956436
250.673093889
573.753431362
922.550269633
674.651020899
775.876278797
448.218750000
835.471124577
491.532298023
613.341666610
507.019723482
976.404629239
686.386188672
674.401957293
123.369364106
418.000000000
919.913582898
968.274754396
110.163514831
810.472701581
618.127818497
968.636222910
900.877350143
399.734912161
475.611185870
360.199944475
910.950603732
804.162297052
887.337590774
709.103659568
578.489619377
530.081125867
837.868128049
835.484889151
737.822471877
583.901532795
798.939922648
522.368643777
923.782441923
608.793889588
774.448192149
969.190899668
933.730153738
852.159609463
535.112137780
616.826555849
513.820007396
777.561053985
178.787583461
937.253434243
782.248042503
560.176757819
717.669840526
720.526890546
135.525735294
741.851737209
852.596035646
421.503262146
920.751323648
253.134351679
593.794577274
917.535285425
994.361101411
395.847192740
340.957475354
475.202062285
540.311021542
932.109972053
454.660314493
383.583107032
630.285649527
530.687290219
314.652188932
838.971394030
89.005617908
510.631115460
880.902378246
835.551913408
917.858921621
574.861722504
823.100236909
744.407818336
372.843163539
204.252294969
610.608712679
981.030580563
969.539065742
877.943620058
120.818045010
457.778330636
941.581648079
701.444365193
714.885305486
638.367449045
624.423734334
548.272742346
870.149987071
743.962364640
973.997433262
995.915659080
719.881934764
968.327940318
894.808918150
603.479908531
161.400123916
573.237298158
946.162262156
599.371337319
939.919145459
282.317197492
266.913843777
621.537609482
692.343123025
954.432291994
998.123747495
306.053916819
956.303299174
267.200299401
579.601587299
202.321527435
644.576605222
253.242966339
830.988567990
610.609656301
806.664119251
909.618051712
644.766624446
842.188221243
332.129492819
159.768750000
640.261665261
404.960491900
810.278347526
652.096618617
836.362959486
989.178952465
982.400122150
821.445676841
341.881558438
853.566048997
883.755656109
366.723328955
769.490740685
718.914459446
909.735126287
759.563690549
919.809219349
767.212486864
462.940600941
251.753848034
808.776854599
787.372846878
929.162540366
919.691252541
981.078488196
968.477155126
396.627028843
826.891770427
725.850535579
966.013975054
347.002881832
284.128492059
791.607225839
804.455095080
957.968684248
757.468151146
245.132617169
546.056773605
849.972352495
645.028681533
662.296761279
822.098540146
722.047782352
662.588107349
564.929199104
790.405592085
597.392668184
951.511954733
233.463059176
906.200308983
557.122069209
559.000894454
930.856594756
941.311850558
59.548299724
704.884387684
600.337405131
945.945030128
715.654246127
727.242050489
462.058437863
950.030000000
709.958449489
714.964334775
830.975932263
926.471262371
808.624758477
122.987804273
649.027734384
644.893789705
505.351485149
793.918131799
931.507380540
545.484188588
316.602274155
621.904340836
981.626711491
82.825116963
374.167112299
541.405578102
93.898881782
856.631776792
828.670622141
508.645259488
975.554201467
858.774126299
652.917304747
128.965111561
967.406326222
412.351791557
985.844308195
693.576239501
869.595308175
415.275811961
972.772353546
284.761303551
819.951827853
540.838238293
596.515716681
600.117488752
902.449444567
523.287683784
717.848869888
609.264310460
896.838893001
429.986046285
823.811264794
544.917424937
664.471970816
481.228635889
913.215199173
708.316313521
569.607759779
446.112093537
758.538726765
846.670538049
809.097027556
206.591384138
762.549014818
601.624467588
855.053214718
692.754646321
970.706958871
781.975063541
777.575192802
903.460569145
897.901442253
54.018515344
508.398465773
86.011627121
818.323285756
935.327215471
914.369728283
535.930970149
954.524607330
739.176568893
538.923000074
407.115462738
945.528952492
414.887936677
484.664832642
719.515809416
802.281123021
346.489538082
845.792527751
987.546960909
524.791387124
382.627756442
759.005928831
501.153669048
642.884126418
659.483889113
787.614118716
279.508497187
437.773914253
855.414519400
289.191977759
631.525138059
879.717000114
674.569492343
227.325757450
757.401478742
936.210446428
503.949404644
932.500402145
835.174831996
748.291387095
132.992480990
461.518146989
582.970839751
