409.880470382
992.717482469
867.298103307
337.031155830
675.047407407
121.177555678
843.537195386
378.190428224
510.069603094
822.060825000
560.626435338
779.257980389
60.745370194
179.187053104
882.483994189
669.180842523
619.191408209
157.356283637
846.095739264
550.989110600
743.129867520
214.154150088
350.876046489
716.842381560
913.408543264
877.655399345
524.292857094
680.490264442
927.596895208
688.859941945
764.353321450
771.495949438
83.114379021
293.489352447
955.301523081
753.161337298
941.026567106
941.182235444
214.373505826
929.153378081
818.429706601
452.937081723
656.916280815
457.923574410
415.173457726
376.790392659
730.993160023
643.924685037
365.581728209
885.350213193
336.278158672
934.468833601
981.692925512
899.041155899
382.966055937
581.183275740
419.108577817
675.732935412
559.993749965
216.326144244
802.208202401
748.644107704
561.375097417
397.449367845
847.323432935
323.442421460
649.344284644
757.093125058
855.337426901
708.645186270
906.924476295
608.914608135
944.146704702
498.193737415
508.191892891
853.342252558
593.690154879
923.840895393
815.204268891
581.975944534
605.010743707
985.160393033
861.954755193
660.520249500
520.202845060
669.073239646
589.488761557
762.246679232
952.843114054
914.327621807
136.191176471
802.788888813
397.084373906
993.976357868
746.172232132
748.913880229
991.706105666
525.360828384
713.079238536
941.072792084
425.158793864
979.613699373
814.854588255
982.259130780
721.971606090
912.186932602
844.865077986
910.457577265
508.540067251
746.931054382
861.214259066
925.254019175
225.237652270
705.469347314
956.599707297
630.094437391
875.522129932
611.781006570
723.130002143
429.960463299
442.468077945
949.099046465
579.560178066
755.878297082
713.166880891
915.238220356
473.644381366
392.544265020
431.572705346
955.608706532
656.520372875
733.045701167
923.796514390
678.606660740
900.289397916
982.074844398
976.969805061
897.212349447
913.904261944
951.192409558
729.000685871
662.984916890
583.949484117
993.101203302
427.995327077
907.757126108
865.141028966
738.012195122
871.669088588
843.365282662
650.707307474
640.365520621
548.830574950
306.235203724
304.322197679
558.658213938
461.970778297
927.810864347
944.069383043
864.386487632
713.127618312
846.421880625
745.944367899
722.265186756
578.576701916
935.946045453
992.446472108
508.456487814
913.313199291
950.296269599
572.755619806
558.864921068
482.365007023
406.958228815
777.659951393
768.783454557
795.519327232
313.880550528
225.931405519
642.978226692
805.212394341
420.245166540
978.780874353
896.400580098
353.465698477
268.132431928
844.968046733
597.854497349
496.267065198
929.757495264
825.425951054
779.075734444
727.715603790
685.674120848
960.564938580
360.746448354
897.279220756
897.664748110
719.428245206
821.307494182
773.945089805
656.311663770
472.140868809
439.007972665
759.855907393
305.301490334
843.855439033
133.738550912
814.656441718
952.997376702
600.404030633
359.844410822
931.770894587
961.135786462
731.508031398
371.990591279
461.877689437
690.457094974
932.307352754
435.592699663
665.233041873
463.543956923
377.746031746
590.720746208
568.216508032
929.448223410
608.545807643
823.644340720
473.641214423
763.829169383
940.635423530
972.848909132
426.756370778
747.826852099
476.361207489
751.803165729
319.321154952
995.222613065
722.666589791
748.326800268
568.718735404
605.345355975
371.344853203
626.138962212
912.508630096
343.294334355
571.122578787
140.288987451
616.921388833
802.178907726
764.569159723
576.080723510
303.619828075
910.816666514
544.469466545
759.595945234
464.988171893
427.026931235
745.199302200
834.616678482
972.032921253
642.818014682
993.727326789
658.453491144
237.680457758
960.464470972
544.509871352
810.142580044
257.208086965
778.067477798
783.072793551
131.598484848
826.851860976
822.820150458
593.085154088
370.482118333
797.356256638
757.483333150
320.376341199
532.639653049
671.718691120
162.499230769
818.421651717
905.887962168
993.193334653
959.128771334
571.002626964
433.099295774
291.082462543
899.101217884
819.068983664
698.191950687
953.208791439
408.331974039
858.843408311
748.549931534
741.517363249
60.638271744
808.601261439
892.196188341
863.117604965
634.457248363
316.079104023
403.384432025
690.050000000
748.632085874
815.055826309
914.725095316
420.204712015
744.239880684
867.185697809
369.944590446
533.949435808
896.010602616
891.998878923
404.444065282
981.050968301
579.541197845
752.588865185
835.261635657
940.342490798
883.990950180
429.330874734
735.907602896
519.194568539
792.196314054
767.940752923
837.520746012
764.588778364
633.612657707
690.680823536
546.390885722
145.591895379
384.750568551
420.699417637
206.438852932
767.936846368
333.661505122
433.190489277
913.399693453
958.594804910
847.774144451
869.321574563
68.124885321
557.155276382
842.214936937
912.173777303
193.049216524
806.279728134
645.416919518
858.974388442
289.371972318
664.927063669
774.412035030
671.250325884
752.598166354
216.471707158
628.860874916
888.646723957
997.393102042
792.029671161
408.075973319
968.122926351
991.510463888
658.426913180
344.692616689
877.657108443
128.502918255
744.013440739
246.211291374
481.027026268
312.112159327
417.159441940
896.400022311
521.252338124
837.962409658
760.692447708
494.780759529
646.302560725
470.723991507
703.024892874
946.610796473
921.694634898
610.196689610
579.371329879
725.179977661
893.297262953
504.844530524
879.938066002
799.583641654
984.726865684
701.379355271
943.783343929
879.150726554
599.754949959
969.225979842
526.922195395
594.807531944
961.411462382
599.902492077
844.114921086
571.774431048
254.483791261
732.267710612
669.506716418
550.557898863
784.963693428
695.410670036
424.609232118
799.859362638
707.697675565
276.454336193
670.919518273
772.150906736
601.999169435
912.502602736
853.308267861
484.455364301
753.512441835
569.448856351
827.750566294
714.699937037
949.675207637
961.889806579
421.777192366
949.659412632
713.035763479
227.488461246
983.295988000
663.699480187
908.928490036
777.198841699
43.988634896
771.235372633
708.384076614
538.778247519
349.342239072
330.860998004
585.369968481
323.825570331
993.034239087
768.963588223
807.166030009
125.259730161
394.048220399
479.075150681
827.173500543
398.248666037
842.782890365
553.994584811
352.985835694
415.446747490
504.324300426
683.017569320
453.333210784
795.050941764
982.791432604
916.728967580
848.131475657
759.588046246
879.544200140
774.965806452
704.222266050
957.319173526
930.918363768
922.827719566
464.535251623
451.782027088
948.105479364
663.902101217
894.758626670
750.485176403
993.208940757
677.884945990
938.189213325
796.808006988
901.446615169
409.496031727
453.495314223
305.514320450
597.332403273
798.232422293
622.605939005
972.653072786
591.471892823
868.978135513
963.172362560
868.277029525
528.549903037
176.635217327
950.519857762
599.978332942
580.049997845
743.579854761
907.584706919
876.218009402
703.394626081
606.896201998
417.230152314
941.665545722
631.095872273
779.800615542
658.367678429
528.176106995
307.554873153
589.952540464
928.788458154
339.325802143
415.327581555
794.536342781
788.701464435
988.126510119
850.718519841
978.832978603
451.419981835
566.068900400
624.595068825
694.251395389
103.203682105
388.776285285
579.598136643
942.360865062
494.366260985
460.777603629
995.970381086
813.521358049
580.512704432
918.784523161
951.240243051
391.837976720
483.132487006
979.773443200
552.484388920
236.493128964
991.949595494
380.000000000
222.186858686
773.168157647
824.326391668
904.211811469
925.094589758
917.407761031
928.427164618
600.382378156
535.565122113
814.923922830
780.596030730
981.940425892
635.242473391
367.163451340
658.537014905
851.710631611
649.103227538
698.471187666
668.306815767
426.841891103
493.924089069
301.371863318
720.827996127
962.703484990
881.867903940
712.317345009
392.048466392
170.894704424
888.426136491
835.861232503
743.905908029
797.813261359
702.230019296
819.738982848
200.751089661
497.078464631
908.154173090
881.086828865
918.984221845
862.518405797
560.425731030
707.675773218
726.529421290
804.967080078
977.510613753
118.827606220
876.471334387
805.818858561
930.643863140
956.811371170
333.132105928
552.148530742
925.252398001
939.480175416
562.055157436
487.973360656
841.831930970
723.910906120
920.799652476
771.158869295
839.451011078
821.161981585
477.520680628
887.074404997
684.126450309
603.219694639
568.593879672
504.899990097
961.853939016
687.373261045
281.145873355
512.697766720
362.557581634
570.473487552
624.881588783
532.484741587
674.317432668
874.689087619
709.473748633
764.471204188
884.376051236
953.798196685
497.659522163
830.981347564
839.265154763
868.100800599
695.844810285
507.388411377
332.323638279
584.235397764
557.046676680
651.493668437
495.710601057
534.263979695
430.558939055
908.302262466
513.803464371
304.908182901
993.227567076
839.086407946
248.628236530
983.971544304
927.282049864
490.485473791
399.087709658
882.539637599
769.986363516
755.368122176
589.047536282
766.628984581
438.288717628
621.835209003
629.699928537
915.661509511
617.122354157
304.435543260
209.360936008
843.870843198
841.756496864
837.674160996
515.059219896
436.949653850
969.185224815
715.023076551
715.401984901
250.904364289
932.539008043
342.652885585
685.919091439
906.627817795
778.476075419
855.248501899
964.123436081
865.920897332
879.038111490
805.200596125
759.685461366
872.184040212
791.543429004
826.093820338
643.742961127
942.187348673
608.166095734
972.620172524
663.147042518
943.907834484
568.013204072
291.386341478
607.810825833
608.798817344
703.951702891
391.558424759
348.624439763
895.959262467
899.951665369
579.962067725
803.298201170
991.537694695
884.701079461
551.944746377
714.114136536
892.106495885
440.164741886
383.268836421
505.420616912
905.470165746
426.030515339
814.505371376
736.750975568
422.815562627
926.874317262
985.715983435
432.409528110
824.221450825
815.017177914
591.625726283
928.220340221
559.465816650
924.577200671
653.713239884
403.220783195
981.822285345
452.828886004
238.356875294
749.418441193
814.612177665
802.114713217
486.897319771
365.931687614
128.257553384
550.346254643
505.777619117
265.633205756
674.178759677
356.416890733
311.611938154
488.117813647
207.311360036
528.054923310
792.672131148
932.270347056
676.668309443
689.404815765
208.688763473
644.214250075
924.355451112
978.457459477
487.414607906
997.998496994
897.160520754
936.858046878
420.469975147
929.759108587
857.270669042
570.379824561
432.632638621
489.636599939
740.520087506
558.464860130
750.657711610
830.920573822
976.915042366
544.239836837
837.705198742
714.741211908
893.615129684
875.295378715
773.482385061
509.219991752
566.981481179
614.271112784
910.270329670
452.086274952
921.937091129
184.173830932
422.847492904
720.800943396
658.623564717
985.905675018
300.755714825
842.721780898
907.745008248
860.229620508
631.582932005
518.517116400
797.362527336
992.324040109
711.289673762
943.413483056
947.976792965
604.379847447
882.643755997
820.100609756
553.191648527
596.636405192
940.618413598
378.534014324
751.803165736
736.029890697
884.017533763
944.857661238
594.087535638
972.462852761
759.928947368
426.335550082
661.386422600
989.995959588
633.103467057
657.559883205
794.774181765
783.368454662
631.110925275
991.717197592
462.326724298
176.107921457
713.212450817
416.890873111
661.583081571
981.247165601
725.027585682
510.814056189
483.886350293
440.223806717
456.298148148
866.916951040
483.646565169
226.722297095
889.369439547
477.644219058
614.750406504
465.477174521
815.565563725
999.109103151
847.764118137
507.909440747
953.589534339
703.662562171
950.632421076
662.135182572
239.766553130
604.809060779
830.011445783
919.935323814
251.704191463
911.136103993
803.922259923
486.091555162
969.192963269
596.962310368
153.801948052
939.590868410
857.247922132
324.531970690
850.885421194
311.809236553
744.721424427
881.432357019
959.286714179
580.111196237
932.959806208
593.577290671
76.537572473
991.980342547
822.401969842
796.366749683
834.662806168
954.801026392
868.854418185
658.516514806
617.082652487
865.208645357
221.404606998
536.105400085
625.066396473
800.577916258
969.172327298
694.795653412
870.875995765
626.041533546
215.251016258
694.455902128
949.298735511
325.525728630
480.736934300
582.060993368
801.711294670
888.325953690
261.390512452
820.112797120
484.033056722
301.122923588
843.598838311
952.971667994
899.786641377
679.094985992
894.863118784
805.582398020
349.554001551
574.767779194
550.339894974
739.311165883
299.646458347
320.627510917
476.920328776
852.205961042
698.060885597
693.459443659
597.483891213
676.068783483
857.510349792
594.521656460
40.447496832
652.141855734
361.689226519
941.439957492
709.179807947
861.629271123
500.381000000
850.810202102
634.282334385
671.335236674
712.445788883
467.577801018
945.169297005
665.795764480
521.798811804
990.649282037
720.056247803
587.157559774
753.545619057
948.502503950
707.981638180
668.199820413
984.218471682
723.890875754
770.459603094
715.903624799
653.293196046
393.142493639
969.608168282
951.130905817
744.895965901
812.883755527
240.143707004
628.626280074
923.312514807
873.343575004
303.740020412
758.483509235
917.862190092
761.275902679
883.532681908
894.474272931
473.943034552
266.812668365
433.013856591
908.139306494
835.925837321
715.872195297
570.540096407
763.043249102
927.590965934
942.272784283
919.542277440
650.720370052
864.687804933
879.886924553
888.019706989
630.483148078
342.359460217
983.987296666
369.793185443
998.145280018
750.503164550
914.669339160
573.123895855
657.649602752
459.365867256
789.361768432
892.601814921
961.520150595
893.258081408
858.704256424
521.242745753
557.948922393
659.191171057
834.030574979
420.966744530
251.043820876
650.396801960
809.680801304
603.709367163
671.586926622
891.995515684
635.741299587
634.470645499
927.725713775
77.149206088
862.689979077
723.615229248
888.525182536
561.090010604
438.777848119
632.468181018
515.862384750
618.549108802
716.210164686
943.619626756
440.869595232
786.520819813
955.600334868
350.957262356
541.692717322
813.882669677
729.138532791
630.002380952
403.867553850
474.218304160
935.140632018
559.470285181
745.727882038
428.678321678
590.366835112
408.382173956
872.919240251
419.120507730
839.633333333
409.845095168
188.724668786
798.772215269
981.684266962
413.221490245
786.817026684
354.932387928
582.577033533
991.435323155
853.697838819
879.835211844
746.743598500
761.705323600
557.280898650
454.211404527
314.415330415
488.668711656
576.969669913
996.137038765
240.087484055
865.589394575
881.210531031
419.660714286
733.268709274
924.184505388
803.792261719
900.367147335
762.697843186
933.812079596
661.362230551
57.175169436
915.497678861
808.560449194
855.894269171
451.390075212
905.372299536
806.654201006
818.559710711
790.379746835
972.113162137
341.435206152
329.384274063
863.463954083
800.385532116
910.993413807
182.035710782
983.923777536
805.973324621
832.940574111
763.701512372
956.732982603
476.443277311
535.622068253
636.117127580
338.634020736
698.486220337
327.998475606
457.203455805
854.776579003
771.079762411
713.662385165
946.304390775
643.438419742
386.613502092
864.651953100
697.840956092
549.686274160
697.029411144
716.476098694
910.135704177
700.631241084
638.193544311
855.588101834
987.071935157
947.203779553
859.176931720
282.494247729
977.463554308
675.422830529
686.619254027
310.623566395
432.804805915
976.148554268
619.687017776
282.634041047
672.943534035
514.617333560
233.135153934
760.539282352
851.227349185
863.681075398
968.340849082
831.046328432
294.538622255
565.146885507
655.493707064
622.887630315
723.698832388
897.261946145
300.637655659
841.514705754
910.243374049
493.263622542
469.709484778
743.887088318
923.046044355
809.913575750
815.648821491
934.955079135
543.230153802
584.005993120
526.113105710
741.505225875
830.074093078
536.496039128
411.491190673
995.340646036
620.851028831
804.991304301
864.321120881
887.425489830
670.339466241
133.412892930
941.661297920
455.249382207
497.346961386
772.130170373
548.435957975
351.373021161
863.978008979
758.377874150
557.942649383
916.449125702
676.980059084
980.648254982
568.732801938
657.107297175
351.759861269
353.447308661
821.975060449
497.788107532
426.866489666
818.860183426
783.548977410
412.514242178
363.622056537
927.800086225
954.753371295
927.649718374
302.064569536
957.490469926
815.052145574
734.571984219
945.543758903
479.948955619
724.145013102
413.644777563
452.444471731
52.848841047
798.943677614
616.465733045
449.577579512
259.308696345
514.558062807
398.557398627
580.093095977
518.088795478
736.754368837
817.343868883
781.541425645
365.611816002
874.871419124
483.779908636
579.891369137
417.846861900
980.049488546
853.126025791
685.258345444
796.701324211
415.351658237
880.929055032
349.548279927
807.926976898
338.267645520
717.420378857
857.058924462
507.660319505
748.632176235
271.963232809
996.016064127
425.242283881
522.964627151
966.125250679
303.837127422
710.200675866
656.121939886
506.624121021
888.343402069
682.573073011
391.141917979
458.521537117
909.434439638
314.693501681
884.157225837
120.133259341
746.637127392
616.309175658
573.153557086
697.742072689
907.916295701
903.092464812
860.392352363
330.853441874
887.112732408
8.062257752
531.810116489
803.702059223
492.307830529
602.768612322
747.448994915
880.982406356
629.943648273
501.314272687
805.591708001
890.831633924
719.474808454
874.108116883
794.655271171
677.418629800
114.603664863
717.753439560
990.321160028
315.241177513
350.238490175
919.997826084
993.374048383
347.012968057
892.180475016
534.949530330
536.872424324
823.515027185
148.162073420
98.726896031
890.572287914
627.251943002
873.846096289
417.825322354
702.248531504
830.210214406
891.505468295
737.031886024
963.474960754
271.838189845
839.191277362
883.606813011
159.053450135
996.219855253
104.062481231
355.939601618
916.892578223
955.670968482
922.943660252
485.842567093
880.516325800
733.045701167
245.110179307
537.455114405
122.192471126
766.488747472
808.147263808
111.982141433
934.039078412
792.783703162
394.612468125
649.636821617
511.615089691
966.074016563
909.347568315
468.579769090
816.105385352
513.657473420
800.982521657
867.607053913
557.406494401
682.603838255
931.242718092
499.531000000
313.651080026
496.686017520
727.330736323
279.866039383
962.199043857
793.189132553
198.060596788
884.274278717
663.743926526
391.663122287
418.272638359
507.815944882
908.996699664
832.088336738
816.682925008
396.555166402
761.189858051
547.558216083
983.747426934
879.228639206
736.915870368
705.060281111
761.923224479
942.347600411
897.709864043
814.171357885
836.541690533
848.478638505
856.637029319
983.733703804
948.285864979
927.560779680
957.303504642
558.178286930
600.414023820
734.576748883
980.040305294
888.806503150
922.522628449
292.323450992
642.594740097
894.704420465
539.005565834
846.524069357
986.504941701
665.689867731
803.262721655
450.677268128
214.918589238
666.176403065
942.946445987
912.783654543
915.059015408
812.547844745
510.130375492
139.061151079
581.267580379
224.535075211
647.589376071
693.590657377
606.879736409
598.238246855
782.519009354
802.914067631
699.557002681
970.964983921
563.944146171
789.470075997
849.130143147
617.118303083
991.073660229
605.933989804
583.244374169
512.978557057
631.080818913
853.228574299
315.044441309
510.591813487
867.819105574
919.151238916
598.828857020
962.420386318
703.342732955
129.969227129
963.049323763
988.078944214
801.912089945
840.235681223
871.267467544
739.015561406
656.102126197
891.054992691
943.583064706
590.814691943
517.274588589
516.811377584
985.558724785
955.087430636
607.496502048
398.342817181
833.396064306
543.011970534
583.175788249
715.495632412
374.523697515
378.238020299
925.261044246
377.755211744
996.687012055
968.913308816
905.335849994
890.213457548
896.262797055
863.913190184
683.811403509
736.575183275
498.164631422
939.244377146
614.109110826
620.975039756
166.529276705
216.016203096
613.638329963
246.276267635
981.315443678
672.527322870
315.264967924
202.595656419
731.158669510
950.803344546
348.399196325
909.381108227
775.065158551
690.526610639
269.273095574
67.926435935
687.215395637
462.119032286
820.302992802
518.665595543
638.049373041
347.942523989
490.321323216
864.524146569
222.883377577
798.506883605
943.597371764
795.886926642
578.701131847
469.535941116
637.480195771
772.534788861
898.443098842
905.995584978
353.067982122
969.858237064
873.907889883
659.772688128
728.082412918
749.196235985
386.218849878
935.917197192
876.132981395
334.375537413
147.932417022
368.621757361
726.304343935
993.627193670
692.483934832
573.671508792
394.204261773
795.670157792
691.175809762
628.187074047
874.492995970
460.861150456
568.327370448
809.227409323
932.779180728
648.658615914
863.182483604
169.298552859
923.759709015
995.744445126
921.666425558
194.861489269
802.263672367
987.738325671
923.108336004
453.904174909
528.917763282
439.162839958
704.724059473
574.134131684
724.965516421
921.541100548
568.295774648
380.082885697
591.815004879
383.990885308
379.838123416
648.774999518
904.039823009
566.462708393
151.581661160
902.310367889
959.291405153
564.148030219
666.643082916
692.899711400
617.418010751
522.657633442
799.432298572
506.505676177
743.359939733
725.018620451
248.465289326
754.043765317
950.832267564
878.260250569
970.799176107
753.981432132
906.384024572
970.367971442
360.706251733
503.122251545
311.016076755
764.575699326
609.489950696
968.684675217
544.826577923
890.194360800
587.715067018
909.799428446
704.036930850
725.405403895
601.838018075
774.030361162
289.205809070
803.314384286
987.308462437
740.320876377
681.537966661
206.387984146
252.475741409
697.535662171
813.236742905
879.866467141
688.822183150
930.135474004
915.808406114
989.414978775
980.367788129
610.962355632
582.802711044
769.011703422
166.382090382
947.588518293
500.886214638
659.871199553
733.597982549
233.000000000
389.879468554
971.335678332
795.714773019
699.296074635
265.001886786
699.424048772
849.581073236
683.955407903
695.693898205
444.302824659
445.655696699
730.893289096
957.057469539
934.763606480
635.292913386
398.153239578
791.267969783
670.622099248
854.618628598
213.763888438
687.512181710
964.308042070
549.963635161
329.608859104
280.565500374
239.526616499
584.820485277
977.872691100
927.015641855
613.731211525
958.982794423
747.882343688
817.535931932
830.557643996
856.833122609
994.341993481
727.802170923
898.284476099
170.534453997
671.794611470
841.219947457
798.655745613
753.347197513
948.673284124
898.711855936
538.881248514
753.373745229
821.569230193
648.892903336
443.121879397
684.424576271
406.340989810
695.099273486
322.625169508
744.483042117
688.935410616
916.314902203
601.697598466
970.130403606
976.029713115
380.699356448
977.212361772
706.659040839
969.720578311
758.655467721
637.615087651
903.120700682
553.808631208
942.682926829
759.088927597
705.363735955
943.658306804
913.424326368
979.823453485
815.709507172
184.065205837
628.803656598
619.590994124
822.680983128
112.093710796
188.334808254
785.767777400
837.367900030
871.787818222
843.075915917
893.818773578
892.399574182
950.985278552
336.486255291
374.436910574
692.810219324
797.356256638
914.314497315
948.432390843
278.206757646
742.031670483
46.475800154
593.097799692
984.704016444
557.803728935
239.735270663
920.486284526
981.092248466
923.484704800
925.791013178
716.481145251
222.420772411
999.897994797
407.508282124
113.013273557
841.762436796
921.873635592
326.987767355
846.102239685
814.860122699
509.637125806
956.779493928
629.413218800
570.392847080
985.576988368
187.869635652
987.559112155
289.896533267
486.165609643
885.943000424
789.086180338
594.623410245
243.252954761
298.223070871
370.484817503
938.353344961
635.715345289
884.451807619
467.804446323
993.184272932
821.187554704
922.535636168
995.583246284
687.183381638
927.889001982
952.533463979
660.508137724
546.591254961
490.540519878
308.634089436
932.376533677
684.878821398
981.395435082
743.515971755
420.082134826
677.656992881
928.420702053
522.951240557
949.435621830
652.687520947
394.916455696
389.082253515
236.603043091
707.523851188
531.752762099
630.322139862
157.854369854
625.633279166
675.105176991
904.426337520
734.359584945
521.537151122
860.699715348
848.562902795
792.107954545
309.559364258
793.439978826
925.307516451
824.077059504
637.624497647
966.064697626
142.667445481
572.467466325
756.532220067
754.346737250
992.052417970
634.759009389
660.284787043
644.291083285
995.149737477
497.461556304
391.678571429
951.164549382
866.959629971
374.300681272
459.176437282
763.960731975
706.100559411
647.275057452
694.302527721
948.808726773
767.170776294
583.954623288
844.889933660
787.101010036
805.452046990
679.810267648
569.341726682
789.710073381
837.014336918
690.013043355
222.414028335
904.871814126
887.685191946
728.840174524
574.265617985
702.284842496
592.465188870
658.609899713
404.607216940
458.441926529
896.331969754
554.018050247
977.837934560
396.905530322
475.864476506
787.106727198
204.122512232
227.934201032
919.462886690
791.555430782
212.070754717
995.864950684
254.801883830
889.156341708
996.585169466
539.344973092
254.090535046
527.567057349
850.115874455
444.873015590
884.087099786
789.449936629
406.051720844
764.293791680
481.919080344
594.316414042
860.199976750
127.287077113
804.266746795
730.457390954
698.146832694
468.242458562
329.224847179
826.479884813
894.541782143
679.216460343
665.145848668
203.825906106
544.407016854
477.840977732
723.395465841
860.394095769
774.311952639
923.945885861
789.756924629
661.536847046
869.747664556
720.592811510
794.173784508
452.759317961
702.758849109
991.407585204
676.929834540
515.244602107
484.392402913
594.627614562
871.304194871
481.710493969
988.586364462
649.525384615
859.997093018
718.086345783
806.454586446
450.311003775
335.739583333
18.681541692
987.935726654
831.701268485
675.305856631
606.100651707
947.801139480
799.109504386
344.495282987
707.624900636
840.906653559
734.072884665
749.936663992
459.374727669
668.727149142
564.781373631
609.173210179
992.432365454
694.325572048
363.560173837
886.782949768
960.251529548
949.783659577
815.277866742
694.456622115
483.050721974
548.110390341
875.348502026
937.987739872
981.750477464
593.005902163
520.975047387
921.599153645
930.055913343
366.292233060
900.244411257
769.683116883
942.354498063
743.839364379
354.980281690
280.030355497
665.263857428
863.325546940
851.491632372
734.298304508
296.288710551
569.767543860
634.625874039
839.932140116
760.072364976
716.705657854
479.072019638
831.682030586
668.339733968
302.844844764
831.115515437
964.209543568
754.902642734
972.726066269
294.842330746
639.595966229
921.360949900
990.495330630
858.452677787
688.760522496
458.311029762
907.352191820
379.668421053
248.959836118
705.596910424
513.590303647
703.798976981
992.839362636
789.304123896
731.946719372
311.321377358
712.617007936
938.383184143
980.065814117
953.846947890
946.412700676
919.735288004
883.617564334
223.024662313
720.820365972
670.308138100
885.199412562
909.654329952
839.955355956
800.373750000
633.891157850
646.698538733
795.383555274
734.200245165
772.133408162
682.315176440
212.924869379
551.906695013
996.846527807
388.191962823
616.468166250
397.358779946
958.663653217
962.338817673
479.142984922
518.362808642
914.613579606
880.967082245
573.559935839
512.160131209
847.113923871
410.591037408
965.299435409
998.823808570
889.249121450
927.286902749
837.035841527
470.261702128
744.376920652
801.230303970
669.225671952
318.829109159
881.839554568
985.036547545
287.802015281
664.687144577
708.666353089
888.847005958
715.907815295
743.661214199
258.069758011
931.183655355
486.481243215
784.972610987
151.868364053
781.843334691
693.312339536
976.512160703
850.580390087
178.098287471
626.671365231
768.514150813
694.961149993
603.849318953
158.968550349
651.755322188
274.025546254
730.878922941
490.034692649
434.361600513
620.049997984
409.243206256
843.427530971
530.816352423
936.350361777
509.510549449
933.550212897
767.156437762
986.811532158
397.463205844
721.745107361
405.833709788
897.611831473
658.069908815
481.554773624
200.429538741
925.532279286
809.053150294
908.881180353
441.206300952
943.387513167
907.456335038
996.516934131
531.096977962
769.834397777
860.753158577
358.228977052
531.077212806
673.335726068
615.329268293
788.449110596
665.608743934
829.827710843
550.517029709
974.487044638
856.780602021
665.115027815
651.654816602
788.361592164
721.281498446
893.012317944
897.686525612
699.097990270
845.477971614
661.835326951
311.849322590
845.518775872
981.506109980
433.255196305
395.940652118
909.483919594
654.680838272
302.233353553
707.084153407
394.451776650
441.901572751
589.441260856
245.157092494
996.305675985
621.146520557
877.486182227
391.442205185
933.083597541
704.159783004
985.115729242
362.023479902
956.435570229
807.562381491
620.876799373
646.012383782
577.827829029
610.955808549
924.934051703
655.625655386
840.260078785
604.923962164
719.631155523
870.714074769
726.596862091
724.996551716
780.252523226
720.529666287
511.022504892
502.785242425
536.798845007
941.110514233
590.625939153
197.192799057
748.045453164
708.859647603
884.980790752
520.321054736
234.243463089
820.537628631
962.771000810
720.967405643
909.492165992
766.790062533
651.238819482
824.469526423
653.720948012
876.859167712
428.156513439
956.784197194
255.470154813
836.168643277
753.653766659
452.049776020
831.915260108
961.528470717
613.780905536
961.845621709
453.458928680
797.950499718
826.380057843
907.826525279
374.535712583
883.402513014
862.142679607
875.204547520
950.863291962
202.933486640
921.099343176
781.486404351
752.585543311
828.972255266
262.754638399
914.191992964
782.059460655
938.992545231
433.829459581
994.588859781
284.263961838
684.130835440
784.856037755
931.331305176
293.349620760
576.136268603
456.160059628
578.780615066
981.826359400
828.382761771
763.026867155
744.525503356
657.964284745
314.544114580
795.879387847
509.333878708
849.306776142
576.540544975
953.912469779
438.326363222
824.769664816
814.486955187
643.916920107
656.063259145
337.566568047
220.936642527
790.773671792
681.817424242
682.126088051
974.539378373
758.425342404
976.833660354
968.987616023
847.643203247
676.615843740
477.767727082
899.423804227
812.603839518
993.718269934
130.034610777
602.544604158
913.188918024
256.945519518
730.593594278
809.019159229
874.162471396
574.455394265
94.667840368
633.548735300
715.221643968
751.911563949
895.237398683
387.856932386
595.124356752
962.396487940
391.378333585
810.610880756
272.396769438
599.313856427
924.129319955
417.436222674
352.080956599
855.948012440
899.591018185
973.143360456
965.136269430
295.149114856
929.303502636
293.247335879
945.640523667
830.392678195
404.227658628
873.234218294
903.346555869
958.269794995
778.881891129
363.582177781
884.436543795
599.922494994
955.419371728
380.873994912
758.821454626
468.171976949
223.874966503
431.709392995
375.843052350
722.052629661
744.508562745
926.066412312
964.048235308
791.382966711
789.855683021
902.665497291
965.740649270
296.383197904
760.192080990
678.754742173
937.142998693
469.375116511
869.066166149
941.936834400
566.802434716
341.644552130
631.474465042
422.890056634
963.784727001
848.769108769
850.418132452
519.131004661
563.251276075
932.937832870
684.948173222
655.402929502
767.447718089
604.054633291
900.321609204
921.844346948
961.897083896
836.008971244
442.200180914
420.799287411
917.311288495
538.559188948
970.326749090
649.913071110
163.569557070
809.717852094
901.987804796
733.853527620
614.068400099
606.878076717
992.044353847
982.213826007
442.680471672
376.883271054
190.065778087
997.656253426
904.834238963
619.584538219
155.663097746
528.436372707
636.279026843
524.200343380
950.914300736
672.007440435
528.820385386
345.056517110
893.138847833
990.935921238
981.755061102
746.969209539
381.171877242
912.274671053
693.862378286
933.672854912
653.715534480
432.046293816
206.685751807
646.613485786
555.035134023
937.295624333
586.440107769
740.301290016
843.164278181
716.522853788
823.300729040
981.741310122
434.610170153
832.422368753
819.252097953
418.224819923
334.908942849
757.116899825
802.607002212
739.317252605
970.233477056
523.131914530
724.546064788
869.197353280
973.502953257
836.217675011
645.468047234
570.075433605
389.663957789
943.644597458
623.627403846
516.451550388
588.014455605
861.657124383
519.484359726
286.560639307
418.745746247
804.903105590
961.857057987
427.277427440
834.158857772
729.417575878
318.278180213
803.344882366
778.737439706
892.171524664
951.401072104
669.690298507
554.421319936
694.876247975
710.073235667
311.512439807
680.288909214
795.130806849
872.298114179
582.192408058
978.165118986
715.434833659
692.888888889
857.674763532
743.362630215
725.909085217
822.957471562
831.570802758
818.284180465
741.282672130
351.725745432
662.892148090
925.210786794
903.335485852
818.439979473
925.849879840
156.754585260
954.940312271
416.021634615
327.391203303
514.571666534
687.113527738
532.615384615
995.402431180
452.689739225
645.587329492
926.717324758
942.596944616
548.741347905
590.830771033
137.815093513
847.421382784
504.594887039
707.862274740
516.316763248
431.899293818
536.625698324
813.118687524
266.544555375
899.732738095
900.006111111
871.458548480
307.660527205
989.488251572
884.915815205
683.139078080
676.432553918
602.940295552
577.198406096
640.035155284
696.664912278
753.580121819
688.880976657
851.262591684
955.780309485
953.911421464
889.083235698
959.462349444
915.748327872
712.143244018
945.804419529
583.054885945
602.007475037
703.091032513
773.866913623
777.764103054
567.230993511
732.946792066
443.514374062
620.394354839
386.475096222
976.432281318
253.970470724
449.345078976
979.555001008
925.135665727
242.606677567
432.043979243
691.916179905
624.484587480
716.641472425
929.593459529
886.275916405
539.410789658
364.265013452
493.186577271
984.710617390
151.874948560
875.039428571
725.980715997
633.422449871
868.247660521
577.126502597
755.407836867
597.283014994
739.219182900
898.258314740
546.702844331
237.993697396
506.658662217
725.211693232
668.368162019
889.389116192
314.904747503
794.251219703
457.711699654
777.496623787
992.185466533
324.310036847
875.514134666
799.072587441
818.758816746
858.756659363
978.234123315
989.579708765
457.942136088
921.810718098
732.059423817
389.805079526
914.532667541
755.021853988
540.961182994
539.603558180
710.921936643
702.122496435
607.531892170
578.288855158
593.569709470
766.585937908
929.478886258
480.178092461
461.339354489
813.563150591
303.483113204
381.931931108
762.602883355
823.570883410
696.364128887
739.610708414
664.752585553
868.368009544
653.772131557
551.741787433
970.140196054
238.321428571
447.498603350
840.481409669
986.063385387
523.909343303
941.353812336
961.020291149
169.079862787
618.878017060
472.290254237
662.880079652
744.663011033
409.364303178
251.360299172
651.623357470
646.758842228
384.630991991
685.849108770
699.467654720
668.061374426
780.191643124
710.803797468
566.460060375
852.059270239
621.483708556
778.450383775
672.284909841
804.969564642
263.702483872
928.541867661
822.735680520
922.229364096
970.784243048
929.389046632
418.004784662
272.023896009
870.294777660
694.839549824
687.440179216
727.931315442
522.979923133
665.819795440
836.811209294
673.656440628
976.614560623
840.414183602
636.308887255
960.669037702
830.291515073
907.846352639
854.197869349
634.311437702
955.752583046
773.036868461
646.646735088
910.625060055
612.684258201
452.846552377
85.223236268
611.614257519
625.547759967
901.204217536
961.802994381
601.789830423
398.148213613
994.653708584
862.647088907
702.900419690
757.520297030
165.336021484
414.152145956
862.152538708
326.485834302
319.598185226
550.261755894
731.282435178
449.590925175
375.910893855
451.596058442
312.650159744
509.125721212
960.518089366
925.084864865
952.505118110
525.045712296
985.153287565
953.093384722
678.480655583
932.888524959
573.392535703
191.470624379
946.545297384
217.683256131
867.583425383
269.493970248
202.837373282
671.563102024
799.746875000
773.120947847
387.588699526
406.139162562
420.637611252
392.621956190
957.969728123
846.389390293
977.707055215
40.620192023
526.072238386
894.273448113
464.868817204
920.155421654
529.324097332
528.543281104
795.343322094
429.860442469
514.955337869
490.099989798
505.592721467
540.715267031
842.664820673
985.295894643
265.094322836
134.380058044
664.947366338
827.702241147
717.487282117
658.416281896
874.769112395
444.157629677
344.971013275
899.906106222
356.801065021
855.192960682
466.177005010
519.923071233
614.241809062
857.694584336
556.920999784
814.106872591
825.530738374
405.401036012
986.382860041
404.084149652
851.398261685
876.652154506
972.789802578
732.292974157
687.816836290
699.463365731
771.768747748
594.957141314
900.349931971
872.551432501
188.327127660
103.189146716
417.045561060
894.840209199
831.632731439
818.627509921
975.548051097
98.061224490
904.397036705
425.390408919
802.505451695
444.486220259
451.080924004
993.816381431
607.910355322
711.023206372
870.648608797
356.047749607
794.441313125
890.806376268
170.285055128
568.373996590
361.831452475
933.907918373
165.858373319
976.337544090
286.773429732
194.748555835
463.545035568
332.776201072
734.951699093
527.186907021
856.976079013
544.550273161
239.877052939
903.066996407
684.030701066
630.571962589
156.591826106
978.974463739
948.102842523
507.529309499
789.223035650
675.647837264
476.503934926
915.897920076
513.535782590
480.788934981
693.926509077
218.732713603
756.333259880
940.412143690
933.825465491
662.609990869
458.475735454
821.351934313
743.300746670
950.638206680
794.555850775
967.008790032
797.820155173
938.528221512
394.951895805
866.562173188
539.568345995
887.947070495
761.570088698
176.516288200
906.881469653
887.990990945
880.904648643
517.238822982
349.442415570
755.391951241
676.244778168
487.399383984
937.348921160
858.809662398
625.013600000
648.501349266
251.761792177
999.392315360
797.012546953
925.211327211
833.149446378
786.892622916
745.037582945
219.342198402
803.608735642
970.778553533
619.583731226
206.014563107
634.938579707
324.333162042
848.755559628
554.076709491
697.765003422
742.910492590
469.607282794
198.385987408
591.756706764
854.156894253
522.104395691
696.400746697
904.599358832
680.369017519
995.012562735
203.671303821
687.212485339
329.253799392
777.359633632
720.136098248
620.239469882
280.101767220
929.959138887
899.270815717
916.121716806
256.240121761
957.540077490
676.769532411
811.262596204
786.145660803
900.658092730
911.477920744
817.575684570
384.751868092
906.010485591
991.205831298
997.352495360
394.493345952
788.807327552
291.731040515
659.372428905
428.287286760
787.518253757
873.920476931
534.490411514
799.378508594
807.059477362
754.720478058
322.807992466
521.357842561
411.309002433
888.255030946
541.042512199
874.356334683
412.514242178
963.112662153
637.048663761
936.983991325
809.021013324
476.459863589
555.443966571
907.163160628
769.770095548
977.690134961
421.339530545
971.235810707
885.593586246
751.892279558
781.390427379
916.896395456
537.649514089
779.778173585
247.212459233
732.214449461
702.268467891
574.546777904
986.508489573
646.321901223
667.734281437
472.264757569
562.869434239
550.350797219
917.046345612
301.499585406
909.726882092
847.528170623
962.165266469
552.209199489
798.821632156
498.266996700
574.989565123
458.712328153
838.332273028
713.422034984
903.754391414
482.330799348
476.711652889
230.880952381
867.267548107
527.707305237
419.777321922
469.220630408
504.880183806
994.781383018
917.747241892
539.863871731
964.797906300
836.689309123
478.596907637
783.089394642
939.350839676
855.730681932
675.289567519
489.073614091
602.170241709
717.405742938
788.892261377
259.487957331
845.225414103
505.388959120
563.144760213
825.350834494
650.587426869
717.221723040
510.007843137
575.577970392
661.300234387
633.141374418
552.796526762
728.735891802
953.040397885
640.269474518
796.418859646
859.040744086
812.620452610
199.268844221
442.491807834
882.204624790
608.595925060
886.511139242
968.780160821
926.303406018
732.811732606
520.996161214
565.142459916
965.723045459
682.673421199
693.742026984
604.191225166
656.270523489
304.055915910
780.478699261
903.577888176
613.934035545
502.593274925
935.861100805
561.828266287
665.801021327
205.460458483
803.368533115
745.688943193
779.435693306
707.957625851
659.075868609
545.826895636
821.009744214
755.091385198
798.088340975
754.420307256
742.768470652
543.949446180
557.835997404
983.735736872
457.228608029
641.447581646
866.788324794
363.967031486
410.176791152
210.454270567
179.329306027
758.846493041
708.469477112
731.307732764
626.249950100
548.861549027
758.696250155
840.521861703
928.864898680
362.084244341
452.790238411
312.771482076
822.137458093
439.285783972
531.201468373
949.632560520
811.619984968
875.604362723
664.076802787
722.491522442
904.843632900
527.227654813
726.812905774
930.087630280
712.525087719
264.769711259
501.113759540
910.859484224
963.159384526
990.170187392
886.769417605
916.254331504
465.611425979
812.389069350
174.080441176
904.661262573
617.615576425
437.435709562
608.323926868
461.990259740
682.499084248
235.401784190
843.086591152
585.936856666
890.584639436
353.080727313
649.957690931
828.530627074
934.034261242
165.109054870
835.583029991
468.937095995
828.153971191
934.238192326
795.817190063
240.399667221
531.293704085
901.778243251
987.519113739
633.442183628
813.215838508
667.315517578
864.465152565
763.491322806
348.173807171
922.605007574
832.075717708
858.585464587
587.740589036
416.267943791
818.633089133
905.344133465
963.435519378
638.949137256
501.587479908
751.388714315
586.284913673
117.430830705
763.966622308
620.933973946
971.969135312
650.917813553
382.510130585
968.656801969
883.276287466
337.652366864
708.583921016
777.110030819
318.904374412
680.409435626
816.848837209
330.406060606
750.699673638
275.793400936
731.936475410
481.201620945
263.876865223
450.992239401
738.366440191
502.946322068
810.162946573
583.009433886
747.685762871
311.347073216
263.247032272
766.917205440
463.085305316
391.910704115
842.476112430
112.458881374
693.691642651
696.017959770
454.907682942
293.037542662
999.599919968
513.552334237
987.246676368
827.210976716
692.690407103
459.797781639
595.141999862
684.621793401
754.753602178
178.460079570
814.482044001
900.072219325
841.369716593
491.492624563
958.762223613
60.340699370
944.579271422
885.468237714
409.571727540
493.784365893
564.456375639
842.893231673
392.658885039
941.085012100
622.764000244
706.960394930
920.791507346
569.713085693
662.472640945
832.882944957
696.830683123
959.524882429
710.271778969
970.076285660
304.653901994
994.297239260
599.768288592
984.635465540
723.151436423
669.617054741
908.540587976
865.775375025
678.006637136
447.587980178
710.361879608
606.859950895
997.996993983
942.993107080
818.843711844
648.010802469
925.945462757
871.195156093
880.825181293
296.290398089
676.315015359
446.916099509
409.502136747
265.631323454
623.368269966
551.172386827
490.970467544
796.695048309
651.301005680
749.057407680
553.350702539
969.200206398
547.973539507
998.846334528
405.198765432
739.876341019
908.113436123
877.862745536
472.593906012
731.259871728
687.845186070
336.349520588
842.152005282
987.703902999
480.211411776
606.949750803
494.331872329
789.319960472
911.879926306
784.384472054
876.637895599
387.482902860
867.031717990
511.610203182
607.279177973
630.739248818
759.356964806
952.737634399
189.193023127
758.127957538
808.797873390
803.766757900
888.200427832
780.368502696
693.682997118
549.276797743
309.176325096
523.248506926
527.155574759
268.756505576
710.188003278
755.809499808
996.405038125
569.957015923
655.608877304
127.561755486
671.011922398
704.700645665
811.631073826
892.646626611
508.931233076
616.807101126
815.031287743
810.040122463
603.916384941
904.408093728
472.408721342
921.907804501
215.304435625
448.142834373
72.353299856
477.688182814
341.200820632
966.006728755
793.422964457
683.681943597
715.206263955
358.962393573
912.091004231
749.853320443
373.953205629
972.338418454
862.638394694
736.086951386
968.918985261
790.075312866
556.225673625
403.293937470
456.576390104
313.526713375
777.131263044
504.967326733
820.153644142
272.205804494
745.058389262
84.640415878
708.525934611
620.514302817
862.078882702
906.148442585
785.391622059
321.415618787
348.991403908
911.258470468
711.555338677
939.296545293
864.262113022
164.757397427
715.850543060
944.512572706
315.155517166
632.807237632
707.958332109
435.957566742
850.031175899
889.134410547
550.744950045
479.416311779
995.485929648
879.709611179
989.234580384
617.517611090
689.134965010
580.286997959
563.733092873
927.127283602
383.667825078
847.964032256
823.376584559
365.687158470
804.414694048
853.834293057
957.538510975
817.677197921
711.094930371
859.201955305
683.929820961
494.065785093
947.220671227
623.434840220
398.475846194
460.309678369
764.709095016
776.018041237
927.260481203
962.489480462
805.863512017
957.038661706
196.071415566
649.802277620
129.815253341
945.469724529
301.792975480
508.166311359
800.527326204
694.753193587
532.642470897
581.945873786
593.615195223
691.676948099
842.423290276
911.731868481
795.797084689
869.414745677
901.411670660
178.002808967
591.500633981
732.058057807
562.022241553
690.105788992
363.384094337
254.025589262
668.942448945
404.350095833
932.645162964
290.453094320
76.583287995
416.082924778
54.212544674
414.453857504
946.209807601
582.429394863
884.255619151
922.722601869
983.421069758
771.217219725
653.334523809
416.853691359
387.052967951
969.946905763
863.802060662
559.978571020
803.130136986
573.291374434
790.332841276
658.405650037
749.575213037
738.659596837
991.632492408
673.801157613
734.901353924
457.941044240
906.025937819
638.148885449
836.320512722
740.999325236
569.704309269
903.310577819
160.009374725
935.860032270
980.869002467
642.514591274
837.332072717
832.088336657
971.216247805
139.792703672
590.869697988
882.846532530
921.532961972
590.395630065
689.315602609
811.507855785
939.859031983
813.487553685
945.167709986
562.906741832
726.408975715
585.170060752
878.031890081
732.567530696
959.426391132
856.932902858
712.022471555
763.930625122
683.527614658
926.568939691
911.538808828
532.595684803
550.046361682
695.789511494
75.815565684
862.884117365
573.747331148
803.160631505
812.239496700
965.914074853
635.480920249
96.850400102
838.010143137
392.986004840
668.157916791
933.412020493
458.736307698
926.799331031
821.995133806
854.960817816
948.591060468
383.279271550
263.173003802
633.644221942
615.818966905
483.395283386
890.757542769
291.629902445
307.649350649
346.330766753
659.338304666
828.018719595
450.983369982
175.752667121
903.007751938
495.269623539
870.160330054
344.702770514
698.637244928
346.490981124
722.924619640
963.776426356
522.090030550
485.209233218
260.069221555
939.580757572
746.562120657
477.399204021
880.835399637
708.166647054
443.297868256
545.034862385
938.578712735
476.974842128
584.316695191
856.951573894
401.690179118
911.587626068
640.790951638
824.649016249
917.707469731
407.633413743
594.305477007
247.319631247
301.961918129
830.094572925
997.673346693
995.048240037
537.160125102
928.878355868
493.605105322
663.419173676
425.657139022
597.236971394
665.562168396
961.052027728
784.606270686
869.630381254
191.718543704
628.718537980
676.098365624
997.614153878
849.982352758
303.976972812
982.748696260
814.439070772
970.857868073
706.268362593
841.320390814
917.482424900
793.358052836
260.307510456
335.056711618
828.993968615
466.366808424
570.314825338
827.280484479
793.218128890
357.275803827
73.088986858
881.134495977
673.017830373
206.072802688
912.374922935
179.897192863
677.444464128
979.942345243
191.608976825
937.786756144
821.043848965
649.284221278
532.701605031
452.121665045
932.155030025
311.446624641
965.554762818
447.571223382
876.610517847
996.183717996
796.822439443
949.895257384
283.855597091
814.397323178
728.025411644
420.681590207
813.300682405
531.921986761
750.858841594
997.139408508
630.076979424
705.075173314
542.614964777
914.617953027
948.291094549
898.135847186
455.321864180
484.582294353
939.187414737
705.709571991
528.543281104
738.542483545
893.749965035
823.021263395
967.699333471
919.438415557
221.869330913
793.841293964
472.157812601
397.741121837
703.869306051
654.183460506
847.465761511
576.155360992
419.630790100
510.385148687
550.594224452
868.662765404
502.105566589
550.298101033
685.098533059
512.851832716
599.208644797
321.118358242
853.171143441
606.306853004
630.304688226
778.615437813
525.696680606
994.022132550
875.599223389
226.627447587
404.363697678
953.677094199
417.821732321
618.131862955
940.341959077
755.297292462
723.015214385
463.653965798
956.634203863
542.471197392
609.649079389
471.802924959
922.539430052
952.655236694
862.306210113
745.162398407
961.971413297
342.550726171
555.993705000
205.163349553
700.259285714
535.154183390
542.732900313
555.696859808
289.706748282
993.024672402
622.704584872
470.753651075
751.893617021
976.413334608
852.070419625
644.372563041
676.437728102
514.206184327
952.632143065
786.098594325
677.567708794
719.519283967
763.396358388
758.204457914
693.993515820
822.467628542
369.618722470
969.844317404
918.938518881
427.239979403
444.914598547
237.621547844
776.564871727
448.389339748
466.651904528
654.235431630
801.183499580
608.741324373
216.956216781
577.670321204
929.403572197
722.069248757
853.632825048
81.792420187
472.228758125
956.072173413
961.108734743
985.280163202
665.266112169
589.051780406
156.108936323
917.079603960
657.562164362
696.896692487
656.209570183
956.861013941
604.356682772
817.677197921
950.954257575
573.888490911
309.835440194
461.592894226
785.352786969
938.579245456
663.455348912
990.549847307
951.539804738
336.534124629
391.287618000
851.630788546
891.345051046
767.151223684
710.372437528
633.297718297
861.702384817
517.235922960
238.390436050
567.197496468
413.448908573
647.749228395
487.432046546
732.552523874
997.891276643
979.375311104
850.531010605
595.997483216
937.108851735
929.384204729
851.537433117
719.231534348
914.732747856
762.969855237
552.598407528
728.818221507
987.491265784
935.352874588
811.982142857
613.485941159
943.405533162
414.592771084
728.501887440
830.137338035
506.889534317
997.895786142
805.016770012
766.590503463
858.714155002
823.525955875
445.897970392
391.346393876
878.403665756
829.326835452
225.242095915
903.773783186
925.047566345
866.790632210
924.884317223
570.957968476
882.443199305
948.806618864
924.590720311
843.872620720
362.928367592
499.459919840
622.940607121
849.337977486
964.088688866
565.041591390
614.298787236
400.665696061
993.118824713
942.372007224
931.872845403
743.817854048
717.844690724
930.966164799
832.228334054
791.161171949
920.774673848
888.474535734
788.219512572
994.625054983
872.404149463
409.715755128
949.918943910
290.375618811
396.357162176
824.551393183
634.997637791
477.261982563
900.753018313
825.893455598
338.155289771
778.518464778
448.620106549
375.582215122
782.193070795
815.608974938
918.794862863
921.787394142
757.570458769
723.835616698
900.189979949
411.488760478
266.204887218
282.570345224
620.990338089
326.868475078
678.279440939
339.670428504
582.702325377
303.749897119
627.411348320
936.973852357
511.114468793
674.763662329
721.298828503
393.222583278
539.381126848
308.690783795
317.390926146
877.716924754
182.855133918
638.618039207
274.947267685
702.311253561
734.981632424
538.254586604
251.634658188
744.892609710
962.690500628
339.011799205
894.314262438
561.862989324
101.029702970
468.336417546
486.895265945
266.507035554
895.682979631
624.427738629
440.479284417
805.699075338
473.346596058
768.070309282
761.628518374
232.866952790
539.086263969
720.509541922
556.028776234
207.111081307
912.677928125
277.730084795
982.525317740
493.316328536
46.754678910
233.195197206
793.783345756
309.557749055
971.670726121
868.475676113
442.436436113
549.901809417
949.805769618
310.699211457
300.409720216
447.051451178
627.059008388
482.253045610
904.795004421
311.991987077
912.058660394
639.568604608
695.957613652
754.509774622
391.340005622
968.331038437
289.380372520
532.690341568
291.871547089
970.393219267
109.100870757
976.482974762
953.789284905
980.545766397
808.011138537
534.817757009
294.832155641
985.683519195
789.858848149
733.643051771
723.581370683
636.511586697
880.936433575
536.881737443
834.393791923
659.298111634
863.769066360
882.990939931
683.796753429
731.881821061
155.608483059
449.629847764
788.745207303
495.052522466
453.938321802
977.254829633
520.924178744
692.912692913
649.228043143
979.049028394
363.674304864
634.937004749
107.512789937
344.807192575
436.005733907
576.485243056
745.598417380
559.595389545
334.130214138
344.914482184
163.597065988
369.047422427
901.077133218
904.270977086
729.754068163
345.832329316
848.482174425
444.469346525
674.924440215
579.891369137
928.846071044
561.262861768
343.004373150
991.296625637
282.998233210
358.099148283
977.670701208
717.200111545
490.315204741
692.083087497
917.553921569
830.998796630
698.869801894
666.407532975
223.653750248
919.252413649
766.829837708
938.858349273
639.370784444
884.975140894
751.027962196
670.188779375
941.351222104
376.887251045
614.633223972
833.794339151
935.679966655
709.607638065
929.659615128
498.281045194
850.566281956
780.251241588
813.841507912
758.027703979
134.272111790
222.121588325
876.732570400
983.040690918
868.492947582
943.436802335
551.010889185
742.848571379
472.845665962
555.740946845
627.062995241
294.601425658
701.429255774
846.871900826
426.058681404
458.494274773
731.781388121
401.291664504
640.230427991
322.473254705
673.011887073
340.077932245
119.272796563
971.245077208
458.480097714
683.389347298
853.399671901
929.617663343
510.041174808
407.390476079
691.390627648
192.067696399
425.520857814
529.410049017
212.113177337
949.715220486
952.652612446
684.026315789
775.370234146
515.952517195
996.446185200
811.636618198
876.161514791
484.248902943
752.119680851
180.803761023
264.227174984
948.158742881
844.933725212
346.043349886
176.949145237
900.698617742
421.276631206
985.012182666
533.082545203
745.680226371
877.895210148
512.080071864
948.374398642
999.619427582
822.596498898
872.555442376
607.421599879
942.660596397
818.612240319
774.185378317
961.996361739
915.144250924
644.173889567
490.697462802
246.919015064
759.229872963
796.074117152
148.751470581
497.409288212
898.431410849
286.019230123
405.748690696
262.667089678
979.535093807
924.030302533
773.607781760
711.098446068
629.668960645
213.616478765
716.155709326
134.647688452
900.273847226
627.388237059
414.363367107
524.886654431
893.776258356
708.052259568
727.741025365
817.663745069
459.415933550
897.565039426
505.369171992
495.534055338
993.388141665
584.631507875
712.922857343
493.335585580
887.975787958
696.932564892
824.335489955
551.569746377
205.572371685
830.280073228
638.298519503
394.557980530
498.225853071
856.948073106
965.522256729
634.506895156
593.480412482
767.561723902
130.126861178
214.497086227
744.868444761
631.653385964
820.249352331
338.444973371
820.089629248
427.744082367
856.837790950
343.326375353
700.888008172
556.016187050
345.634199697
590.259265069
759.156110428
764.622782815
828.513729518
749.573211901
571.771807630
639.961717605
786.189544576
618.038833731
593.237726380
463.287257019
793.480938649
894.523895712
274.734417211
844.361297076
838.732376864
212.816823308
926.242408876
212.981219829
880.578219127
602.506431501
165.743975904
685.835257186
280.880757618
926.555448961
731.596883536
102.537804878
947.442874267
973.182408390
940.400446618
916.572419397
201.920776544
956.779493927
605.220620931
339.769039202
512.600234101
138.809221596
896.001116071
357.268806363
520.412500000
398.827030177
779.860243890
671.502792250
996.294635136
657.388013277
574.767779194
493.315314986
555.228781675
948.178253285
824.817555584
482.894398414
715.457895337
694.570503597
899.678888889
625.938495381
910.312583677
709.347587576
874.082375981
783.927930364
459.810830668
381.263690008
696.954804847
971.878593241
708.409486166
672.251441055
125.311611603
995.111049079
507.077903285
106.103722838
396.480768764
695.301373506
234.202903483
681.030836306
964.946112485
477.918403077
867.832933231
567.292693413
486.873700255
689.691960226
400.313627280
598.774581976
442.340366686
312.208263824
794.458306017
650.019999692
360.148580450
679.885294118
930.679859028
862.556085133
298.207981114
894.115205118
355.115474177
928.065730431
134.822105012
586.240564956
807.542568537
899.039487453
930.906010293
847.590703111
524.835212233
742.915876799
436.536367328
527.108148296
99.232051274
567.332354092
271.070101634
393.969541970
959.903640997
909.185899583
971.864188043
453.054080657
910.787022398
835.748167811
693.806889559
143.697599145
778.095115681
733.173922068
675.847615961
577.437442505
465.371894295
249.981999352
989.090996825
675.713696768
655.457092417
361.507952886
291.573318395
322.139721239
864.825994450
930.196774194
852.496920821
793.510554435
838.070999379
947.270855333
529.829217767
919.001632207
858.630304613
343.677174862
493.140953481
341.196424366
795.501099936
659.760562629
73.505102041
539.395031516
917.756503654
998.962461757
915.302682177
811.714235555
555.398955707
846.311408407
550.375326502
783.954080288
776.426429226
927.516576671
919.150150955
424.617474911
688.167130863
823.451273604
894.377437104
976.544417833
878.674000981
572.919715143
304.817978472
387.104637017
586.210712969
662.170672863
880.891593784
778.714377407
493.185563455
367.507823046
749.002670222
827.580207593
804.427125351
979.028089888
473.275818102
959.432644848
777.473472216
688.549925568
804.969564642
703.660429469
964.641384142
606.597889874
978.747669218
848.491602787
492.158511051
431.410477388
852.789540274
725.238581434
595.589623818
958.682429170
452.034290735
936.855912080
704.371350922
917.080694378
988.532245301
939.553617416
287.245539565
633.926651909
658.925640721
743.318977120
257.875939165
527.747098524
699.097990270
806.700123916
537.116374727
982.909965358
828.198647669
207.463249758
840.141654723
297.979865092
975.312770346
526.438030541
651.614916956
985.315178001
318.494897956
949.975789474
924.804303623
907.191269800
714.504723567
395.867402043
875.319370287
641.250341131
815.582613845
894.164414412
957.991649233
444.344460976
289.717103396
898.776946750
838.743703404
891.809396676
922.536720136
657.007610306
949.218099280
953.709075138
500.924145954
371.669207764
957.928494200
838.250559201
379.649838667
838.738338220
953.467995803
603.719305638
694.889919340
841.445185380
764.676402147
814.408374220
989.843421961
844.171783466
620.800289948
825.398691542
464.759077372
979.420236671
886.869776235
901.675662309
909.480621014
260.603146566
912.209978070
512.694841012
175.857897178
925.516072254
444.955053910
513.875471296
915.846602876
763.280420291
557.879915394
662.467357686
620.546533308
920.389591423
635.321178618
560.207104560
955.518707300
959.143889101
297.756612017
271.071946169
562.529110358
704.366381935
429.894173024
359.918046227
354.691415177
937.466800000
800.953806408
632.235715537
564.387278382
800.227467662
990.608398915
35.383612028
921.173707831
733.926426830
457.418845649
903.744432912
46.130434783
41.315859564
937.514799883
191.468012994
834.858071770
840.668781388
494.303550463
266.542679509
408.625745662
523.887392480
917.081239586
967.522092771
417.863614114
882.622229496
582.204431450
311.167157650
194.982050456
391.117629365
877.963552774
952.003676463
981.636388894
521.668477100
370.839587962
685.652244217
693.707431126
219.665655031
958.679299870
258.497582194
457.290935838
226.892044814
914.121436134
118.739210036
407.616241090
253.491617218
938.125258161
671.924102857
537.119167411
171.049700380
752.537706696
134.714814815
540.360065142
503.485848858
577.917814501
986.308775181
830.212623368
904.596042450
968.557174358
723.317357734
670.185795134
393.879423174
581.048190773
567.852973929
963.745817112
975.196903194
755.841253174
259.472543353
767.352591707
429.944182424
355.874978047
507.482019704
569.111588473
202.185558337
847.670926716
819.523032013
516.940035207
710.751714736
910.548186534
411.110690690
392.583749027
323.719013961
543.874066306
776.891884370
159.962495604
411.018247770
653.160011023
980.060712405
880.292045455
519.313007732
466.456857598
290.473750966
807.585908753
833.018007203
766.730721962
685.025546969
854.234745254
177.490844834
488.352331826
799.679935974
374.379486618
956.521824111
987.170198091
977.467647059
749.563873196
512.844032761
934.815489816
732.982264451
479.059495261
730.424534090
810.116041071
835.359802720
364.056314325
898.262767791
435.915129354
269.783246329
786.722949964
861.726754836
200.741126828
797.853996669
832.216318193
751.052594696
396.186824617
963.737516132
911.951753110
233.501605990
769.558314879
722.990318054
821.495587328
972.554368660
991.404054864
778.966623162
65.939366087
968.232410116
968.546850800
797.761870143
646.184958042
356.660903380
791.763853684
346.015895589
602.759487690
647.746864138
670.692179767
886.364484848
312.558794469
757.736761679
274.932719042
605.821755965
766.726157112
824.430712674
943.647709688
855.777424334
842.489762549
940.012233963
938.698567166
350.129975866
569.589325743
709.314457769
981.197247706
142.481577757
783.603215920
967.315925543
414.303029195
758.969696365
961.855498503
711.372616847
201.444781516
780.408867197
782.471724731
512.695816267
983.663052066
519.554616956
154.220621189
990.479176964
907.383050316
216.580239173
729.223593964
923.701791706
839.891064365
689.015964982
179.195424049
777.715243518
823.803981549
692.849911597
343.199708455
728.336460710
384.248617434
917.195180973
784.312437744
204.721762400
544.268316182
863.604654920
900.019444234
801.394409763
906.610721313
294.720206990
529.031190007
653.121734442
767.260060214
434.998850573
416.726529033
943.578825536
716.409798928
454.773570032
200.237500000
935.622787239
841.715510134
763.850130890
780.908445338
245.036731940
955.904806976
156.796045869
867.050171559
366.251279861
619.241471479
527.347134248
449.323936598
674.585798843
426.340239715
122.077844018
762.873515073
952.136544830
992.282217920
962.150715844
795.329491469
988.023279078
849.934703387
952.300897826
784.959872611
949.015279118
655.770539137
882.145112793
937.017075618
932.566887682
477.929911179
835.432821955
885.725127018
855.342621410
137.207871494
966.288776712
231.805953332
470.360500042
442.722260565
377.883579956
596.104017769
661.326021180
842.179909521
961.853419186
876.559752669
547.399305809
904.090703414
407.536501433
756.007275097
739.217861976
630.753517628
894.266219239
848.117916330
942.266416679
321.818271700
602.919563458
470.300967467
382.504901929
917.013631305
907.015435370
986.339698076
561.048126278
711.174380866
648.643970141
484.918549862
624.871187390
906.708332376
720.978501760
413.461001789
892.290871857
793.733582507
772.811749393
734.764588151
334.734222929
956.289182204
604.005794674
754.137255412
814.596832801
342.874612650
641.212133385
704.865944702
634.991338524
623.987980653
615.381995187
987.444175646
550.576970578
422.804919555
775.380551729
867.331539839
330.462121212
579.698197343
897.200646455
769.076719190
381.114156126
816.917988540
725.029654566
345.420034161
361.570186824
920.383615673
159.646484459
479.018788776
862.049302534
269.868488329
319.710806824
430.086037904
677.459223865
960.149467531
376.354885713
502.620135296
601.866264215
335.082079497
977.173986563
973.781289793
922.026030001
929.674136459
792.723154702
523.012428298
950.280484910
200.858158908
708.904789094
226.477371938
308.155804748
906.491036911
945.923890063
843.888025747
596.296905920
630.493457539
568.298337143
693.752117114
733.180741700
899.839430121
495.616787732
713.906856703
741.151131686
481.082113573
687.140452627
843.786703010
543.281694888
711.463280859
476.605707058
698.532032193
626.010383300
410.567899378
709.011283408
707.149913385
305.267096163
725.076547683
724.171250465
754.659526964
586.297705948
824.991515109
840.606328789
443.726266971
586.401877133
546.475983532
423.649764151
619.136495452
251.692272428
821.124838255
660.203756427
872.232767098
849.885286377
395.948228939
718.606985772
719.387239253
952.841015070
987.689728663
979.545814191
767.846338794
925.009189144
411.615111482
601.007487521
979.022982366
860.955283392
571.791083916
295.665351369
558.973165724
838.128271806
682.799384885
909.713141600
350.051424794
976.259186897
649.529829954
311.265160273
585.507472198
812.689362549
821.277663460
985.611485323
966.534013895
896.249965132
964.055496328
960.418138106
302.712735114
789.221135044
956.805120167
647.863425926
589.978813179
443.936932458
303.324908308
339.134191730
892.520587998
202.232539435
793.497952108
975.924689717
780.155112782
137.251593798
971.131299053
266.973781484
360.815742450
912.823093485
815.577709360
872.504441249
216.744088731
887.392246980
320.583842411
987.452784810
499.874984371
995.042712651
888.908319232
387.204080557
881.474333522
869.523432692
491.600447518
891.800986768
338.146417991
675.134060761
780.871308219
704.369931215
897.115377195
538.445911861
777.342268108
219.488040676
381.948952605
843.489774686
792.883345945
593.646359376
895.570768200
970.851687952
476.645570629
913.637236544
730.323900745
231.682973047
667.594188111
830.936218972
812.155773247
887.364712514
504.852453693
703.685299133
909.630694293
373.559903640
913.113355504
525.387476065
380.946190426
765.386830302
745.409283548
475.712097807
568.534079893
444.263435362
469.063961523
862.747935379
381.895273603
524.384400988
742.770489451
836.082531811
369.245176001
994.763289103
782.343275040
958.776303420
830.620250175
694.573970143
324.876899764
212.084889203
478.790141920
472.067796610
928.734623022
992.874614451
653.863135526
124.819871795
829.057899064
591.753326987
704.440203282
974.773819919
922.691714496
781.021126475
984.050811696
252.533166139
812.662906745
551.227767695
770.673082442
229.802088763
961.435905300
327.155926127
297.842240121
433.460494163
981.545824847
216.252167619
159.734154144
962.862399307
712.507543820
652.392519884
725.698284413
419.363803874
317.850593833
680.823054332
610.891970810
306.701809581
926.156575254
898.860389605
618.290384852
798.615677282
786.925028195
636.163522013
626.353733924
812.409379562
807.610673530
869.046028700
399.852472795
777.568766067
873.491270706
975.926741803
584.192605225
909.183149871
368.781778292
338.391784770
552.182035202
874.324310539
704.103685546
710.778446494
616.257251479
601.025789796
664.048943979
444.607692241
533.961609107
973.489085712
702.785884890
912.843907796
645.648511189
391.866048542
965.174077572
630.617950902
466.942180575
929.720388074
285.192917178
503.157033142
499.429674729
917.712373241
700.518379488
598.926539736
963.181706637
613.245464720
622.682101879
415.541814984
275.276224909
751.028627950
514.675626001
422.413304728
708.505469280
419.040570828
784.272274153
743.562371295
938.865805107
715.736683425
225.019999111
912.648344106
950.817017101
677.439296173
993.694621099
606.684431974
997.981462754
192.745946780
809.890733371
711.884119784
653.475325172
806.148869626
812.107135789
875.323368819
965.021761413
286.036710931
945.210558553
688.265936975
931.808993303
557.235138878
922.456503040
689.285136935
970.924816863
875.498715019
590.083045003
861.408729974
526.759907358
661.459749342
995.704273366
483.857417015
910.092852406
585.521135401
784.459686663
804.251204537
734.481449732
603.457537860
279.111088995
992.766337060
653.002297086
751.782548352
303.028051507
930.385941424
648.894444421
932.262838474
654.645705707
791.431614860
938.638375521
628.339081649
918.345795439
569.397927639
645.841311779
590.656414508
590.346508417
283.012367221
938.424211111
510.240139542
994.608465715
298.539779594
900.531509721
24.799193535
521.954020964
358.580534887
787.220457433
938.767276805
762.865650033
994.314839475
757.005944494
571.672108818
961.826923077
876.661280085
607.643810139
661.904826996
330.287753330
247.353997340
695.807444628
802.903481123
593.473672542
407.825943265
379.164871791
525.065710173
613.070958373
687.660526714
565.391015139
882.332137010
921.781995662
576.544881167
763.914916874
687.149910864
686.983988169
532.695034706
496.812877264
135.114766032
573.398639693
347.866353647
478.829823633
898.033963732
914.531027358
357.905015332
684.281374874
835.116758304
865.981524054
512.648027403
42.591078878
811.300807346
842.715847721
830.226475126
991.873479835
102.844552529
805.303669440
863.053880126
423.675583436
631.469714238
965.878874394
838.177785437
926.441039678
186.255201270
821.531496657
916.093335862
810.431366619
609.336524426
914.934423880
719.841649254
931.993562210
139.749776386
660.801785712
891.454429570
737.094973528
486.211887970
522.727462457
753.262902312
560.456956420
735.653451030
380.838582677
961.557590579
876.001141552
194.864055177
737.387279521
813.410720362
693.421949465
588.706208562
716.007681564
719.670758055
952.314548876
839.614197117
451.127477278
464.861269628
286.405307213
590.700431691
505.533381687
952.574406553
314.987301331
457.052513394
916.504773583
915.386803494
398.458281054
666.796820628
801.861584065
741.426450742
477.617001372
988.104751532
709.242553715
797.365662667
912.761743282
983.434797025
597.503138067
798.378982689
