605.036362544
198.600100705
667.819586415
714.471133660
924.691299840
948.496178168
560.264223380
439.854521405
385.952069563
714.855230115
417.821732321
640.347561876
872.122124476
955.569987442
804.728525653
996.894176932
451.716725703
316.426926808
813.906014230
649.122484590
322.976779351
771.534833951
896.698946135
876.924170040
531.088504865
743.055179647
833.719377249
673.600029691
703.051207239
491.667570621
481.295127754
947.414903830
619.507869199
782.940610775
945.689695408
955.387355998
675.074810669
848.448584182
43.613636364
915.022950532
564.710545324
916.061133331
935.288725475
956.739811912
734.594445936
707.113145119
901.254126204
621.006441190
380.310399542
903.611088909
304.335341359
320.156211872
450.843653610
775.616528963
671.071531210
336.882768927
898.425845577
668.336741471
636.441670540
536.715008175
948.326947840
810.010493759
963.226349307
937.356922420
609.153511030
617.587240801
734.075609185
843.482068571
937.639056354
529.220181021
953.037250787
804.800596421
772.615039978
419.108577820
368.617688127
243.265287289
534.683083705
882.535551692
771.050583582
305.810457516
582.482617766
947.224366241
397.604074426
650.363744377
674.372300736
874.781687051
655.832317073
732.918826739
741.385864446
975.043588769
784.629211794
880.186343907
316.641753406
424.400754006
746.063672922
790.451137010
638.687793427
866.919258063
538.268520350
883.156271562
552.800144718
393.931466123
561.851403843
727.531442619
611.505519190
117.149487617
170.282118850
149.050327071
565.345911810
794.519351558
984.887810870
972.150708481
586.729920832
451.280400638
372.100792797
709.978872925
96.291224938
683.175672869
961.110815671
736.135177804
112.374374303
744.392369655
765.242445242
878.113318428
957.027167848
707.920899536
762.382449956
296.647943358
653.326870716
448.573293912
468.498665953
747.377414698
680.034557945
824.853926462
843.455393011
410.604432514
850.590383205
313.627167191
786.186364674
667.800119796
106.197928417
774.464331006
811.568234962
952.064598649
657.958205360
351.712951141
523.078388007
852.065725164
320.185883511
725.444001974
548.321986139
867.153388969
668.393596618
629.107304049
664.511098478
964.239596781
882.638091179
646.415501052
724.012430833
660.788922425
815.264374298
233.841826883
696.535713370
897.460305529
965.956520761
642.257736427
378.600052826
802.504205596
488.808756059
763.569905117
956.771655099
900.137211763
846.525250657
625.294330696
811.164594888
896.770874219
409.321389619
194.146851636
490.735234216
548.172418131
966.065732753
863.210866475
614.810539923
536.587364741
148.135073497
881.264432506
190.580691572
841.771346626
476.836449949
801.620947631
156.776911565
640.074214447
383.697797759
650.489046795
409.110009655
477.569890173
743.804409788
869.687875045
815.673954885
569.689389054
497.210217111
605.489884309
777.261904762
753.204487507
453.077256105
785.103814791
998.063124256
696.838575281
989.918683529
487.917001139
573.645360828
529.034025371
364.096141150
982.149694501
281.044480465
425.795725671
503.102375268
168.127927497
67.141641326
450.427574644
642.455445926
824.271193237
883.674148089
909.648283679
755.168855290
877.707240485
460.457381307
967.447673004
395.775188712
696.677830852
966.118522750
801.160408408
769.318595579
897.272017837
521.208211754
665.077439100
772.690753203
741.687939770
111.530269058
742.309234753
730.232839579
545.466972477
780.212791487
729.359307886
695.520668277
512.442191862
471.905710921
927.141305304
865.830237402
639.655375964
896.503206910
931.771968234
671.992559483
915.896282338
625.680429612
985.544520548
890.502105556
32.530303030
898.941599883
171.309661140
656.879745463
817.056913562
638.155153567
692.203004905
243.936467138
364.484567575
528.456242276
379.026384306
970.641025302
998.183349891
965.453261427
532.717561190
914.567110714
570.617209695
369.797241742
467.371372679
550.928307496
625.785905882
197.367677192
299.606408476
751.389379750
680.722466960
608.862889984
953.669229870
452.063048700
986.980749559
715.875687532
903.314452447
920.650313637
709.042311855
388.038657868
898.469253787
761.315309185
308.348828439
784.408694497
116.172285852
215.281211442
444.373716594
598.473057038
983.942579625
637.546861023
946.515187411
721.856633965
616.890589975
786.048980662
879.968749445
690.883492349
891.701743858
969.871640993
463.880372510
107.205410311
349.982856735
227.848633966
607.528600150
924.367892130
755.534248066
344.148255814
852.164303406
971.723211619
787.252818350
840.754424358
425.034116278
670.060445035
872.581228311
792.026514708
824.166852039
908.223541070
935.140096456
613.235680632
827.716738987
340.051470156
812.966788990
958.208745525
430.321972481
726.499139710
997.532956849
846.480360079
198.725941940
377.962961148
745.336836605
801.378811799
545.570343769
770.057790039
733.033423522
751.545075162
642.889570611
765.668989160
561.268206832
559.452410845
305.725368008
686.001457724
897.485933037
107.443008191
388.208706754
629.889672879
312.549196128
313.557012360
922.695507738
614.782075210
377.669167394
898.764707807
830.333667871
829.256896263
733.666818120
884.084837571
816.184415436
999.693453014
973.192683902
938.672999505
341.342936063
982.878934559
758.593435247
462.440476190
816.388387963
570.197334269
658.928675958
902.288202295
753.972148027
952.123941512
490.287670659
865.666217430
974.020533664
978.180964853
877.520939921
124.318548387
825.456237483
673.571080139
150.850919785
944.369101570
483.413901331
796.349797514
575.419846721
900.356596022
876.767357969
605.399041955
999.437341708
902.731410775
905.106071132
475.529178915
485.027834253
208.569377990
907.137255330
988.933263674
588.317941253
921.325190011
557.034110266
908.840470050
956.519210664
419.264832773
475.906503423
987.442150204
788.442134846
406.997542990
322.364700301
760.178926306
841.127219866
367.705044839
678.347256204
530.977400649
346.578995326
152.052622470
775.671322146
728.801756310
880.145442526
647.787002031
936.387740202
993.295065458
348.260057471
595.087388541
73.864741250
908.794256144
859.777296750
341.495241548
76.967525620
819.494356295
893.166277913
511.458698235
565.283114908
892.879611146
913.943105450
473.876566207
858.270936243
318.907510103
670.919518273
522.740853579
844.988757322
929.496637971
610.968084276
742.321358981
938.311249000
865.900687146
826.058109336
642.204017427
968.706353855
871.899650189
837.804273085
393.917504054
977.626718129
845.404636846
642.902014307
970.656993999
500.967064786
634.276753476
917.930825280
574.766909277
107.712581244
547.229385176
426.948474643
905.707505519
742.594775096
528.930997390
742.496464638
942.617101634
907.517492948
415.425083499
996.061745074
675.787688553
196.621463732
915.815483599
829.510699147
826.681921902
399.917491873
803.671574712
750.031332679
579.474762726
853.105503440
694.803569363
266.439849624
409.548531923
995.984437629
127.957024035
814.731857730
897.682014970
601.278637572
985.061419405
351.128182854
902.920816019
371.792953201
923.397530864
453.055184277
834.480676828
797.557521437
830.439041426
294.241397495
667.442881451
128.988372093
896.162946429
676.783569541
863.424576903
958.517083833
866.829279617
533.431345161
735.720055456
920.272785646
957.719165518
997.233172332
720.060414132
719.034769674
335.301356994
477.934100418
784.433553599
728.882020632
267.555601698
910.968166850
461.304671557
576.728705719
949.440361476
704.371350922
571.386034131
760.307174766
775.016774194
694.514388489
487.099579142
846.798086913
839.000000000
315.117460317
967.289511987
836.462790565
689.744880372
449.197061433
496.549091229
361.943365736
526.412385873
914.884699454
129.259429056
852.302176461
572.842037564
852.208307868
134.216243428
818.209019750
673.416661511
89.610267269
439.882938974
921.887737200
318.640863669
794.039671553
568.676533717
950.082101718
942.297193034
354.265437208
393.001272263
645.202293858
927.984913670
982.182264144
582.617370150
925.467450027
876.528949893
306.639853900
672.053569303
741.316396689
768.628648959
916.508046882
738.458529641
973.311358199
909.731279005
828.458811104
319.529687500
887.949885973
272.378413246
494.872711659
711.218672421
313.226754924
908.593418422
538.275022642
708.050845632
555.185554567
900.844048657
384.487971203
976.427672693
823.524741955
607.450409499
834.119296024
857.536588141
831.971754330
911.836059827
997.247712457
357.074221976
744.366173331
920.819743489
765.397935717
659.770414614
838.998212155
590.523496569
875.130847359
846.886651211
848.126169859
983.856696882
603.967715232
443.605680757
693.833553527
479.730208333
880.838804776
937.347855543
350.055714286
980.901116321
835.720048820
889.693205549
432.619925570
828.771379815
675.697417488
539.851831527
768.704104321
913.134711423
282.030140233
640.987519384
922.005422978
497.866447956
995.377817715
951.419991381
682.310779631
690.439855072
465.777844042
761.526902887
927.731103284
771.830292228
819.427849173
135.657657359
856.766012398
359.263134763
484.883491161
912.441778965
909.345434543
664.528404816
317.263297594
58.480766069
999.142132031
920.050543478
821.140061135
304.396123497
455.106580924
762.460490780
793.114115371
844.332280563
306.098023522
726.011019200
113.683771929
450.314334660
338.313609467
81.780193201
860.145336569
376.749253483
948.766567708
405.482429100
851.602606854
797.360646132
953.147942347
153.769307731
389.798665983
384.233072917
375.409110172
740.135122799
777.065634294
474.260476953
797.610807349
400.856608479
357.415724332
950.728142005
721.072118446
902.719225452
889.025871390
404.825888500
628.218114989
475.991596564
580.043963865
916.937293385
875.379346341
959.287756698
751.849719026
737.507288100
292.148934621
695.505571509
711.324820334
942.862132021
817.491895984
833.872292381
931.310367171
749.884000000
366.611511003
867.575356958
739.871610484
848.419707456
565.794132172
335.708206632
766.874826813
980.040815477
837.213831706
593.491364722
243.306391203
996.291623974
454.652614641
481.897291962
135.915414873
605.193357531
546.957036704
251.998015865
489.405762124
789.729701152
607.735139678
889.451516385
944.258968716
691.482465432
235.068075246
571.045532335
905.142530213
780.419758848
946.996832101
211.489952480
815.154586579
310.489935425
904.649103244
986.457297606
997.678806029
749.765963485
928.890736355
405.794282858
695.880018394
775.047095343
513.522151421
748.971294510
292.658504062
60.257779581
671.816939352
983.796726972
332.520676049
849.346807847
402.136792646
261.818639520
677.227474151
941.634748722
522.240366115
852.770191787
918.752414963
532.809534449
579.868950712
595.487195496
896.764183049
248.921674428
345.804858300
581.144560329
810.033332647
359.442624072
981.146268402
358.395033448
276.533903889
848.491602787
293.351325206
682.818423887
908.057266921
197.560117433
742.256021824
717.621069925
253.911401875
992.079633900
145.351298584
987.748955960
518.260553733
405.604487155
689.844910107
399.596046026
64.390625000
180.074984382
753.976790094
679.520419426
662.120079744
939.046324736
367.001362395
596.052850006
992.222253328
163.725379829
413.020580601
619.627307345
854.748501022
728.411971346
443.021444179
164.444519520
627.825636943
428.997668991
117.298763847
446.506438970
297.941269380
898.856495777
466.170600858
553.572940090
702.253515477
701.253163986
981.823303859
824.601722045
989.068248404
937.615593003
730.880975263
348.463771431
224.203033006
399.559757733
482.986542256
957.228812772
506.820481038
629.616549973
185.064853497
456.270752953
684.295988590
537.283910051
808.671132167
843.566239249
601.960131570
593.710367098
933.844741915
702.030626113
859.665051052
973.264609446
929.843535225
570.959718369
906.646085998
855.110519173
832.743057611
791.484680837
415.937495304
245.483197002
966.752812253
519.203235737
758.565092806
984.737020732
772.476536861
381.967276085
772.092611025
810.261686124
679.799970580
520.614060509
515.599650892
567.823035821
771.100512255
688.087203776
677.623789429
273.987225980
678.518975416
851.394150790
417.649374476
857.522727273
160.630009650
899.599355269
505.715334947
723.991022044
659.983333333
939.017039249
142.867132867
489.762187189
930.089243030
934.508961969
993.914483243
609.329139300
432.515895662
473.662326980
521.494007636
801.111727539
907.394070953
916.761177754
231.354706025
427.222424505
935.711493998
911.040064981
749.248289955
889.967976952
973.367864684
550.552449817
913.467021846
551.000907440
882.247130911
937.096046305
827.520996712
943.045598049
721.921740913
340.752109311
848.166846794
722.105255486
362.231969876
763.645205577
988.677905083
248.268000354
631.846500347
940.080315718
577.169819031
836.522563952
305.870887794
990.492301838
892.574926827
864.002314812
807.536376890
963.461467834
872.108364826
816.160523427
700.888721553
706.348355983
315.732594937
112.942463229
829.321409346
922.557315293
991.391446402
746.184963665
556.646207209
470.604929877
259.574652075
542.653775322
884.063346147
317.089892617
374.231211953
970.428255978
822.502887533
636.797456025
652.611026034
905.589310891
508.232230388
851.731178248
698.883404864
669.455002222
788.818103243
777.841243442
548.421370845
545.537349775
902.794550283
147.560157224
383.169712794
153.019606587
233.330238075
652.764122789
587.105612305
177.496478838
977.596542553
653.620030581
999.980499810
325.418192485
923.105633803
767.952472488
765.826351074
951.555043074
418.468636818
697.063842126
818.938947663
303.639588987
892.403587444
664.662320280
876.430830129
765.433210672
543.761948529
782.747724366
605.434554680
385.417954953
761.002628116
853.109606088
750.724982933
915.240405577
311.523674863
843.653957497
862.072502751
511.350173560
411.719660194
450.775997586
964.245300740
999.691952553
622.316639662
936.041665741
938.993077717
974.000000000
786.807473274
646.136982381
919.503670466
747.878332351
697.898273389
90.138781887
643.534769863
559.016994375
368.412812161
487.406401271
853.805012869
702.163086469
900.573251942
407.612561141
789.790478545
730.830349671
889.167025934
496.150178877
780.171775957
799.862500000
688.753221408
312.608381206
519.880755558
976.194140527
524.407284465
723.183955740
552.097826087
799.472951393
859.780204471
555.539377542
543.358078763
896.469185193
139.420228088
836.748468777
811.929799921
581.926971988
830.093368242
811.276155553
599.107669789
575.232127058
397.435529363
538.269449254
715.413866368
243.997950811
771.341040008
855.266081871
599.327122697
718.096093848
824.688426013
906.179893840
425.391584308
869.089178393
557.376122083
916.301260503
627.961782277
451.161833492
920.823001450
315.627945531
665.003007512
575.657015939
849.442169897
682.269741378
635.336918493
525.495956217
943.250231911
827.707677867
811.839285714
997.374052199
297.922809668
864.631713508
154.938697555
935.421295461
770.474529105
899.235230627
730.917231976
995.047235060
869.188702182
829.759001156
677.535238936
692.406672412
678.428330776
996.121980482
642.180659939
413.160985573
841.189039396
486.746340510
450.926823332
239.676865801
497.298702994
500.012000000
589.898305085
835.551315001
940.610971656
739.241503164
326.383210352
643.490481670
931.959226576
359.701264941
861.749383522
285.956290366
943.678970837
504.549306244
986.999493414
682.370866905
961.332408691
580.324908995
417.437420460
587.561060657
276.682128082
480.878362998
330.744614469
568.261383520
918.417116565
876.940704951
331.975902740
518.663667515
772.736048079
682.969985359
320.555770430
792.538958991
912.980284563
819.815223084
980.256599060
983.230898619
237.800336417
287.494347771
683.847953216
540.120356958
704.786492493
900.913425363
724.782036201
423.946930641
993.852101673
531.142165526
566.932094699
931.934547058
872.181747115
314.888869482
283.510141093
948.939934875
491.450913113
705.888093114
668.798175835
792.451891284
251.396101800
372.024192762
643.252673714
793.511184546
377.373819972
673.803383785
794.424433249
807.788957587
948.294258146
933.337023802
662.077789991
522.427985468
862.734026221
594.142238862
603.478441128
645.142619896
919.179525446
969.162525070
554.247237251
235.917358412
871.136039893
728.968449249
985.194397061
696.945478499
949.840512928
628.191053741
854.462989251
520.855066213
567.690056281
974.346447625
356.621648249
564.734450870
773.122241308
875.772230663
763.552224802
127.636718750
612.281797868
447.228129706
376.868678695
730.001369862
892.791129032
915.514063353
715.260092554
636.800596733
943.265604165
365.506497890
344.328331684
829.444995162
964.013485383
66.528189514
887.002254789
422.838030456
956.144340568
886.091981681
821.697688564
576.196147171
902.041573321
226.693832599
490.621035016
777.530706789
712.800112233
789.119762774
389.592094376
795.314403239
879.552158772
627.729241676
644.633229910
296.538361772
642.570618687
672.515427332
766.610722597
530.948208397
817.603816038
953.201447755
233.963672423
599.106000668
715.833081102
868.929226117
594.544363357
781.220839734
905.532992221
853.093781480
876.591695147
645.353391562
606.797330251
926.860830977
921.439091856
805.250892579
219.255558652
656.228618699
869.834482759
386.848807676
930.393465153
464.509418634
817.130957043
697.231668816
369.705288034
424.604521879
470.992568951
991.655182006
971.441197397
953.212463282
181.049716929
530.490339215
935.314920227
213.644564639
689.261198676
438.937353161
535.571657204
238.270854281
947.431362196
952.666783298
24.879710609
992.464608941
369.167984832
835.068859436
317.715281380
671.509493604
714.580296398
665.123296841
343.505458472
526.539647130
995.568681709
263.905286093
384.114566243
861.878181647
989.965150914
197.530303030
777.755102859
530.268799761
345.702183968
909.257425743
254.831316757
951.612316020
418.145907549
830.966906682
936.833496412
88.605868880
848.668957839
101.882286555
951.032071504
897.884179613
752.870506794
956.355059588
315.448886509
202.247373283
544.946788991
449.884429604
889.146219696
299.436136764
795.259706008
452.696366232
112.000000000
518.249939701
816.838417314
963.780576687
323.519705737
892.920492721
986.775050353
761.279186633
249.323083568
202.950732938
600.875195028
503.494786468
445.187600906
952.752328782
714.306656836
713.569898468
525.227569726
799.516250000
937.752099438
493.041580397
984.240316183
960.174984052
638.083850289
944.243083109
952.836292340
721.304374034
946.129483739
329.488998299
823.431235746
695.469625505
890.386994514
813.812631998
656.327662071
876.378913484
987.760627530
987.177795536
869.228393462
929.044133477
691.676224834
528.119304703
465.920594093
906.669179442
942.778897137
527.508293774
818.826599470
233.619348514
70.859014952
510.314608844
835.425640018
557.852130945
834.916762318
479.169072458
412.281457259
873.868983315
484.440914870
105.290075506
988.285889811
830.264415713
963.044651094
833.757158890
821.006090134
636.723644920
813.519514210
687.827740063
405.971673889
224.722050542
825.436854858
769.768796458
856.440307319
488.870125903
922.491192370
946.224074942
475.578594977
330.868553961
215.274243699
993.571336554
843.678256211
871.426416867
355.399774901
141.070904158
696.907454401
782.109327396
265.476929318
702.327558907
948.768148707
498.076299376
373.020106697
426.619268201
969.948967730
593.278180957
755.519026895
918.404050514
674.511675214
427.305511350
481.147586505
259.017373935
554.571005373
988.203420354
228.142499329
967.513824191
585.584323561
323.270784328
738.937074452
599.857483074
197.230829233
999.607422942
270.403402345
911.468046615
466.666904762
865.714156058
494.781770076
771.790774757
892.839291250
505.648098978
454.463419870
812.841928052
884.277671323
249.230816714
767.056712375
902.792888762
917.017993457
924.578282501
965.459993993
436.079121261
761.268677932
913.474137565
551.610369736
942.056261590
913.275423955
940.573761063
817.179294892
996.836997708
772.288806082
991.770134658
286.010489319
875.368493837
676.926141232
101.562788461
912.729971021
461.764008992
241.012447811
346.408718135
870.718668687
637.749951000
900.408796048
95.482982777
678.159273327
748.909206781
697.352134864
818.402712610
880.144306350
351.076915409
490.784066571
976.926814045
671.299486072
501.515702645
765.779994515
398.582488326
29.376861643
619.945158865
895.393768127
357.885456536
873.973683814
831.760782918
520.378708250
462.657540736
583.397805965
767.348682152
712.651387426
834.400982742
543.874985635
931.797188234
968.120860224
60.481402100
284.583906783
974.412643596
334.299267125
762.514917903
859.200209497
720.998613036
457.889724715
846.632151527
176.878531073
779.885247969
485.195836750
141.647449677
805.738170872
301.453147272
818.110017051
307.571129985
495.761031143
173.343589440
929.019375471
678.794519719
736.437370046
695.961924246
788.916345375
413.612137153
553.785156919
549.953634409
907.978524229
619.304448555
950.564569085
840.357661951
721.458938541
217.485631709
868.084673289
656.465536034
441.557470778
862.724173766
879.605024997
984.714679488
717.468466206
564.269439187
647.950615402
488.146494405
644.107910262
849.834101457
658.081301968
920.343957442
239.745833333
705.392798375
831.258684165
695.919535579
704.153392380
536.054101747
760.886982521
747.588790713
919.007072905
626.472665006
855.862722637
780.359532523
816.727617240
656.591197017
465.789652096
935.842401262
620.969404187
499.949997500
644.429347826
629.367249603
391.308062784
537.557438791
644.014751384
154.712636847
753.198513010
793.306372091
347.290944428
327.377675841
774.508231073
358.005586549
610.217993835
306.902264573
417.467363994
899.200200178
935.783628837
93.430107527
784.766207224
377.005305002
599.625716593
427.682124948
642.880237680
743.361957595
860.040115343
626.204439460
424.016509113
617.163673591
79.943730211
671.182563338
726.101232612
805.734448306
639.192459280
675.135541947
811.946426804
529.239076411
852.383129819
718.544506259
697.015064400
878.904431665
245.650162800
998.126244520
670.435679241
867.855978835
913.402430476
958.405968262
784.402957669
217.368350962
397.406592799
886.182825381
637.219742318
664.359842254
921.660458086
408.314829513
566.875647740
754.363307697
679.944115351
908.004955934
858.955179273
988.337492968
602.132875701
441.466873049
488.494626400
851.667253521
848.614753584
330.234764978
711.122352342
852.185446009
156.144230769
860.512195122
663.664071651
933.824394627
724.599889594
697.794382322
877.076963556
621.848052180
578.436686250
971.664551170
868.275301964
828.578300464
614.494914544
420.144022925
849.274984914
410.748097987
899.231894452
745.587687667
341.070373970
939.510510851
679.679336158
685.206538237
141.830885212
320.276443093
652.110420098
607.582916152
408.178882354
325.327527271
344.239742040
615.037397237
547.755419873
448.104898433
728.855266840
234.880820843
473.745712382
581.130794228
429.064102564
736.565000526
806.556259662
537.834547050
998.897892680
739.624904935
984.042682005
602.597709919
796.634797131
777.220046062
925.995140389
748.739607607
180.554700853
868.427889925
865.773642472
589.911010238
916.647151307
938.515849626
761.038763796
690.947175984
406.599311362
680.336681357
93.413062099
854.340096215
964.274338557
167.877931843
827.887069593
626.808612440
900.252742290
751.289558027
736.708897734
871.324279812
734.070160135
977.969835936
802.633789471
996.087847606
852.224735618
886.398984199
348.168062866
296.723777274
684.542913191
559.337209302
430.377741060
158.189759466
575.474782609
452.127194493
856.220765924
797.250901536
653.785132899
857.974941373
819.746303526
376.628464139
400.527152638
562.508880995
830.472891566
728.225239881
911.121295280
462.139589302
725.537731621
962.958462240
746.345764375
382.185818680
931.998390558
478.584370827
775.189654214
996.445683417
377.606938496
986.228168326
926.323917428
729.457332542
889.698263458
646.376825080
812.374913448
536.833307461
832.725645107
280.069634198
815.421976944
912.640126227
697.783634087
921.396223131
410.531362992
524.483555510
451.846212776
556.186119927
596.637243222
372.971848804
440.853717235
922.729646213
628.101910828
332.052706660
840.092256842
608.776642127
428.448366013
997.461277444
582.253381280
888.689484578
771.664507772
822.576440217
370.001351351
873.132875143
860.138360964
666.601080107
688.508532990
722.223649571
253.793222920
989.386173342
729.073384509
823.276988625
821.789510763
423.413509468
442.054295308
917.862190092
788.295629824
986.356933366
912.620950888
263.214741229
906.887534372
798.068919330
837.684904961
492.105679707
594.758774631
939.061233360
937.873126133
688.413393246
777.005791484
694.496940245
895.157528036
902.780150424
720.698966282
553.462735873
290.974225663
819.970731185
199.887468342
229.039297938
850.118815225
617.784752159
329.363021604
914.772677596
547.011882998
921.035287055
845.992316750
646.773531231
749.655921073
914.748052745
617.788798863
725.697595421
925.485278111
240.010416441
553.149168324
733.327348460
784.589064415
787.166437293
655.795699894
779.016046213
936.221127726
999.764972381
875.049141477
178.784786825
762.326701618
946.753927903
153.476382591
900.807970657
276.054342476
923.054169591
917.215896077
474.033754072
891.399461521
336.428298453
730.623706158
979.011235891
670.607933147
935.230452883
379.565541112
575.465898208
695.815349069
632.121032714
734.788404917
321.137042398
39.281038683
863.277475670
703.165718350
518.314576295
778.368807186
641.644761531
437.706522684
767.753866809
622.966292135
979.270647401
631.438833142
672.269291983
225.654603321
403.207142794
420.630479162
964.592660142
598.840547762
668.318786209
783.236235117
537.414179195
921.896415006
726.232056577
666.904041073
380.174959722
837.099157806
991.640055665
751.448601037
372.143789415
717.740203695
385.604719888
588.153041316
461.703367976
585.217053750
345.550285776
597.514016572
615.585087539
837.540446785
692.740932818
885.409509775
656.735106417
348.012930794
805.009316716
398.720453451
467.777724993
475.049471108
980.813437918
259.435926579
317.927664729
762.594256469
955.692942320
23.937418407
575.589263277
849.506327228
400.871550500
385.752590674
323.018575317
519.259087547
788.326074667
584.820485278
321.892839311
28.213471959
520.570840520
988.697628196
698.828305094
697.190791678
606.228504774
524.962855829
811.450553022
771.659899178
699.102281501
889.911231528
615.503858652
820.792909326
971.868827160
668.013472927
408.181332253
418.408891013
980.196428571
631.467338828
853.769875318
634.637691916
965.138332054
354.097457627
830.979542720
899.996111103
665.239054777
807.223636927
884.305942533
799.260283012
750.664372406
441.350201088
943.280446103
867.516570447
434.905736913
189.791991401
899.554334101
559.381801635
781.648976982
415.416658308
85.358069331
566.294976161
804.230066585
544.486914443
983.859237899
805.042856007
741.975741240
383.828086518
278.080923475
259.300983415
504.334214602
654.374510506
572.484934300
621.424170756
920.413494034
682.040321389
791.792270738
816.168487507
992.920943479
394.703686344
634.208956102
775.617173611
801.513568195
808.940047222
615.798668397
791.233846597
526.551042160
621.879421222
864.606847070
291.515008190
524.358655884
374.428898457
897.658621080
467.142376584
845.655958413
800.096244211
691.191724487
340.010293962
719.173831560
929.173288467
965.439278256
632.330609729
583.600891021
244.599672935
895.221760236
954.071276596
992.491309786
26.172504657
770.516212711
866.692563716
760.249301216
799.890617522
385.768065034
641.149748499
856.056072930
859.243306170
614.704807204
882.648854302
129.120155039
696.431619041
623.353832105
435.047123884
489.341394121
444.266811725
933.298451729
411.014598281
361.744384891
663.963854438
888.618110236
257.718839048
422.699656967
997.852193464
818.196186743
775.319933963
757.996701840
364.127747253
688.749591652
998.771745696
498.723446894
692.371287677
632.264185290
876.714890942
884.992090363
830.526339137
119.958326097
696.009339018
224.668644901
629.794444444
947.314625677
131.335448376
979.068945478
122.040976725
100.965346535
819.091569972
478.706590721
938.016524375
570.323592358
869.069042136
919.648302342
676.604874446
911.144335438
953.384497462
789.906323569
919.736375273
981.363846899
543.620271881
859.762757975
909.893949864
553.102160545
949.972631185
871.389120887
872.614462406
682.063046939
758.906450098
923.576743179
330.215081424
777.865027639
711.371913980
750.996671105
776.748350499
568.138187416
734.249278126
547.095055726
842.932381630
836.599665312
427.269235963
302.930685141
73.736015623
453.450107509
894.447874390
959.348217450
638.626651495
981.352637944
814.838634332
734.358310627
251.676587302
958.416923891
692.410282997
482.822981366
506.612277783
836.288227826
789.606864205
741.846345277
410.560592361
983.685925495
587.165223766
922.123635962
629.073131955
688.488925111
138.633093525
977.818490314
950.476196739
979.968877057
613.042412888
648.969182627
890.810866570
724.028314363
841.147431934
972.301907846
786.570403715
978.071572023
726.696635468
495.805405405
932.145374928
847.080279549
350.991452991
365.861995840
819.537195122
498.614079224
867.638749711
624.370883370
400.301136646
240.528584580
949.821562189
774.785776844
424.716375950
282.653498121
548.427752762
711.061881977
964.609765657
273.391660443
284.640123665
806.801090728
761.786715558
631.209157161
885.871322484
189.454480021
656.257571385
824.592121212
521.301256473
711.501932534
980.196918991
770.305134346
994.495852187
345.197045191
149.970000000
975.731008014
229.941296856
982.795502635
884.078616414
856.319449738
35.552777670
997.076225779
498.182697712
994.028168615
970.103087306
474.806276327
509.184642345
970.719835998
588.242297017
847.372409275
871.016647372
811.306970265
902.956255862
931.119219005
760.512327316
584.824760097
363.418491550
677.603128682
482.253045610
718.990959609
462.349434952
167.714042346
768.817923829
880.206793884
521.078688875
499.842975343
222.773427500
673.197593583
394.574454318
372.275435666
541.650258446
346.346647161
857.438739790
714.728619828
652.810845498
668.875922724
814.879132142
456.003289474
189.420167881
846.089829746
602.436718668
761.970471869
464.269318392
656.105936568
653.074268365
976.221286390
354.025423729
451.639236559
833.887290168
668.443714908
904.254941927
621.607593261
890.930973757
691.002170764
914.696671034
886.122452035
613.225896387
692.894652887
547.546345070
274.781732169
411.338060485
884.313858310
495.840700225
598.046820910
804.698701379
129.387016350
920.771958739
979.557042749
867.476224458
484.885553507
888.173969445
834.351844248
798.057015507
422.803736991
972.546142864
714.865022224
591.347613507
412.929776112
987.799068637
904.504836914
825.812932812
775.369032258
692.783515970
961.100936524
999.470359741
731.951502732
646.011609803
454.782365533
899.057840186
300.211592052
672.960624071
739.290876449
446.478442929
660.747304194
804.730389634
521.999042145
588.657795328
439.797680758
921.495523592
332.622909614
742.429121196
667.631634960
934.412649829
423.896213713
934.016059957
771.212681431
645.379733180
765.184944964
786.451524253
781.652736194
128.390030766
234.429093758
796.081026027
742.434508896
778.010282708
987.919531329
859.081486240
195.476341279
639.170556268
842.468990527
132.864592725
962.604280075
592.266047297
192.033851183
880.937001153
422.874704492
914.604832701
781.434578209
267.846971235
345.747017354
168.243870616
964.225077459
880.409090909
804.663904994
882.844833479
819.120870202
497.010060362
326.767501444
359.920824627
406.407431034
274.703476498
537.245753822
769.580405156
735.903526286
936.312981860
744.147834775
866.935983796
710.614522790
720.136098248
944.406162623
841.470868014
665.711649290
403.256742039
973.766399092
894.318176043
905.043646409
846.165468452
792.894696665
566.827134142
690.837897053
569.749945151
399.236773547
686.681148715
445.977577912
527.308258991
928.822911001
481.650288072
318.612617453
974.079052233
893.399686590
552.580310905
475.470293499
958.577592060
646.349750522
857.675346504
39.686269666
580.225818109
588.601732923
817.583634866
765.586050030
832.346682579
238.759293013
216.571004523
371.833295981
177.657303371
938.119395386
588.671385410
692.361178510
831.505261559
521.884086747
670.304408459
754.334806303
758.657366668
875.441031709
544.763251330
272.862602788
976.995394053
707.552118222
482.292442410
951.291753354
578.246487235
81.682311427
789.219867971
284.218226017
928.940256421
908.977997533
453.906378012
241.385583662
810.538709749
478.446444234
710.352025407
410.433916727
916.925296848
707.299794995
675.761052444
579.569667943
462.567832863
358.491283018
661.926733106
909.974175824
691.555493073
949.041095001
662.122345190
672.450741690
505.957508097
908.304464373
818.963979672
828.790081987
185.537058293
545.401686833
660.405935770
739.219182900
873.891297588
741.343375232
764.762708296
466.637975308
811.343330533
671.430562307
642.231267518
803.048567870
957.802693669
727.462713821
819.480323132
884.219429780
503.449103684
252.029760147
976.398484227
851.799859122
459.708603357
309.378409072
892.592852317
491.106913004
350.105698326
648.465111796
692.605948599
435.529562716
860.980836024
967.949378842
871.918574180
822.284622257
849.197856806
797.372560351
573.156174179
806.763905985
827.617665350
961.716694250
451.185106137
451.464284302
459.553043728
526.247092360
196.847656831
711.096336652
779.399769053
596.236530246
720.013888755
946.679460007
660.436976554
763.169705898
384.763565489
340.235212757
542.335689420
501.121741696
923.154374956
769.029258221
983.955791690
886.910931266
865.330572672
773.331106319
127.448818898
432.146965742
272.143344581
842.446437467
964.159219217
822.093668653
607.480863896
910.824351892
431.231956144
684.575781050
627.567526247
683.528346157
63.221831672
843.258560585
728.411971346
482.115131478
881.526516901
861.801601298
586.452896659
63.237647059
361.006925141
497.352993356
118.270875536
436.605084716
856.800443511
418.033491481
801.687655860
689.806494614
810.786655046
653.445483572
837.066902941
880.715050528
310.789317706
256.787937743
558.923076923
159.949992185
878.504980066
756.920735613
955.485217049
951.534024624
611.905221419
892.279104317
969.162009160
314.062095771
854.064400382
533.974718503
924.186669456
605.431251258
715.121667970
702.477045888
908.063323783
188.833259782
592.195069213
662.226547339
163.914611917
844.810037819
965.738059724
977.018935333
306.830572140
526.891829506
972.738916668
600.490632733
905.158549648
706.636398723
842.681434470
717.052299352
329.300774369
860.111620663
835.153279345
792.623492304
659.816641197
675.244400199
510.570269405
980.358607857
866.638909812
670.025372654
744.578404201
221.000000000
962.395448867
171.688672103
401.117189859
712.156583906
62.064482597
619.151031655
450.284354603
942.215474294
986.717791468
992.243921624
872.876279893
998.347634847
263.801061408
804.849675405
816.502296387
618.889327748
395.310004933
842.407858463
737.220488467
936.681963714
269.007434842
542.058114969
925.513371054
726.267856923
874.648500828
746.577524441
733.693396454
941.090325102
425.076463710
458.073138265
310.394909752
563.918433818
791.439317320
331.748398640
720.778745525
987.315045971
499.188341210
593.112131051
410.054874377
643.961956522
746.209785523
349.648394820
975.223076923
479.847892566
823.790021790
674.226964753
560.003571417
515.630681787
647.644964467
317.244385293
936.028311538
998.036572476
970.038659023
484.362467580
120.391029566
931.514358451
307.468697594
577.802734504
682.428018182
288.622590938
816.181965205
984.713197970
472.441530774
765.653315803
838.881994085
795.780120385
611.463817409
944.857661238
744.802658427
643.347495526
675.746994074
982.179209717
552.992766680
676.823462950
235.900402713
797.807620921
692.717835774
487.017453486
858.671648536
398.532308657
821.740226592
903.952985503
404.090336435
500.028999159
792.965321564
227.453291908
836.367144261
203.754754546
941.969213934
388.738986982
399.914990967
748.265327274
756.832213902
755.193352725
337.139437029
973.913753882
654.342418005
681.972140762
650.941625647
848.648926235
302.912528628
747.483779088
598.600033411
267.557470462
816.175226284
657.562310030
951.241294310
472.518782697
920.185850793
119.912468076
925.400453858
542.672092520
897.603563474
427.587417963
498.188719262
132.661222669
997.884762886
809.617811265
758.395015806
903.083606318
222.699348900
546.688211085
717.664963615
878.671156254
882.710031664
544.375789322
620.701216367
207.142463054
601.697598471
615.435772358
904.189692487
583.085756986
689.974637681
918.425827163
542.887649519
931.692545854
869.012658228
903.995575210
800.852684145
415.972354851
651.123644172
456.141425437
443.212189616
330.484492828
880.795095354
641.709435804
916.692423881
568.981546274
519.363071463
820.957977000
632.872815027
651.239587249
782.043478261
858.376956820
371.670553044
732.012294979
774.532762380
632.228597898
306.197648587
866.518320637
854.873674878
248.869443685
72.691127382
652.601716210
880.827451888
586.777641019
675.563468521
685.491794262
824.835135042
689.007982583
976.607392968
920.005978241
998.769743234
495.100999797
425.924876005
909.224394745
638.032914511
969.970618112
84.805660188
943.231678857
932.015557821
830.321624432
231.419532451
557.952506939
803.898625450
848.136191894
855.603295926
579.987068821
743.843397497
857.023336905
274.406632573
852.176624885
749.887991636
246.300629313
232.088345248
894.701626242
911.029088449
958.095506722
717.061364180
488.578550491
238.635705665
875.792783741
914.148784389
857.578567829
203.536237560
579.845669122
239.637225823
719.374130737
192.501948042
982.802625149
959.550936637
193.051806518
763.902480687
960.652902978
485.165950990
806.359101145
808.350173182
718.819170585
505.858675917
323.947526615
838.890338483
157.800506970
270.397855021
523.179701441
531.918226798
922.306890383
557.145421903
960.652902978
143.275957509
525.103799263
530.294257936
553.993682274
738.515402683
685.701830244
888.291055905
474.649344253
707.687077740
640.684789893
893.969238844
881.088531307
373.229152130
735.248257393
901.285748251
891.197508973
924.701032767
299.636446381
447.711960975
756.390772022
319.142601356
938.871130667
847.968749424
740.260764866
973.980492618
960.014062397
806.228875692
374.747915271
626.225199110
790.738894958
657.031201694
925.068106151
933.019828299
886.537648054
739.418014387
506.715896980
220.911747397
684.746668484
602.687315280
691.780312229
584.406536592
746.243257926
977.344872601
686.360692348
291.254184519
363.679804223
704.514726603
691.648843931
300.439677806
495.779184718
158.372977493
890.632921017
559.843728196
552.441852144
840.043451257
723.874298480
546.989945063
468.622449851
930.059675505
813.443298577
667.811377246
830.760494968
935.202651835
206.622844816
729.039093602
844.598721288
670.923989734
832.633172532
448.438401567
555.479972636
831.164846006
908.964245721
386.274513785
614.256461108
306.942991450
886.983088903
840.737771246
419.004773243
197.388324873
557.550894538
831.121531426
628.475138729
588.583893765
695.971263775
732.152989477
212.715772805
576.723503943
882.059521801
812.998154979
296.108088373
999.654940467
931.005907607
895.030725730
182.532188955
939.294416038
998.447294553
945.492464275
920.601976972
861.272895196
540.043516765
373.280055722
368.422312028
827.023578866
872.060777698
835.347833114
192.431806103
830.148781846
401.875602643
655.848305632
935.831715641
953.355127956
963.913896570
560.959891614
248.602091705
769.350375317
373.266660728
514.393818003
740.890680195
922.521002471
539.970369558
646.522234730
818.051954343
866.830433245
877.566521695
495.585512298
227.250962594
975.443488881
617.779896080
693.217137699
675.057034627
762.875481715
609.941800502
604.105132450
973.845983724
615.170708015
275.321630098
837.840080206
532.344813068
870.699718617
893.876949031
821.125447189
837.557162228
382.977806145
780.326854594
355.138001346
642.217289720
913.501505199
500.884218158
913.015881571
546.631627057
425.215239614
876.994298727
989.092007854
124.350311620
823.503491189
346.329323044
993.004531712
599.578185060
672.333250702
746.657965194
729.663621130
530.813526580
719.437280102
756.017856932
244.848933018
70.753091805
731.032831000
590.005932203
908.172891029
658.091179093
212.075458269
783.654898536
637.905165366
662.466602932
737.493050815
731.472487521
199.291457286
969.400412797
936.124457538
877.659387234
973.043678362
918.864516673
250.714977614
636.055031447
577.829559645
465.862640700
445.382981264
950.673971454
802.900990160
693.154383958
296.516441365
665.409648262
702.103268758
941.047820251
708.801805869
831.541941215
871.212399541
666.514065868
850.346988000
766.809624353
724.926203141
938.972843058
810.301795629
636.947407562
958.462831830
196.186136105
782.275526909
809.095173635
682.948753568
917.687855428
995.907626238
718.874119718
828.225210918
788.476522843
934.279401691
985.217234928
490.226478286
755.427152318
752.665264244
600.383210958
874.135001015
259.445562691
570.093851923
705.040424373
341.692844526
979.920404931
217.069113418
665.842323677
449.715555556
667.156653268
46.765371804
733.803788488
521.173675467
516.485236962
894.157145025
784.364711882
530.608286252
653.736185322
571.998251748
684.057015168
376.954907162
641.781894416
197.433533119
801.414374715
512.933718915
712.393149883
58.787753870
968.705837703
932.969452876
954.594678399
606.316748903
986.430940310
658.307678825
478.846530738
665.761969476
530.994350252
278.912172556
574.508485577
905.996136857
175.119958885
746.659226153
398.966163979
976.983111420
353.765459026
864.204836830
677.364008492
615.699602079
604.412938313
634.019715782
942.093413627
689.517947555
591.580932756
720.395724585
926.909380684
618.844891714
262.406173708
503.591103972
663.270683809
872.864250624
425.103516805
608.245016420
799.506722924
629.994444444
615.786488972
778.176072621
653.711710160
761.703354332
371.802366856
932.282146134
410.169477168
835.736842105
935.036897673
775.812477342
875.384486954
279.917845090
892.898650464
487.205295538
181.818590909
773.381535854
735.246218716
991.225504111
820.728944293
588.140289387
902.180137223
693.250360750
725.795425723
622.812973532
921.921366594
566.820959387
663.600783604
387.770551831
439.244806458
726.570712319
601.164702889
883.091161772
811.361201932
861.276378406
454.157461680
960.801748541
680.874437764
638.410526229
782.176450681
978.192210182
813.527504610
842.135974769
211.629716981
302.322675299
972.736347281
600.981696893
931.894843853
693.633909206
677.876094873
648.481302737
724.639910576
853.643953882
929.046285176
392.565918032
705.919258839
975.217924528
441.104296057
976.721045131
351.015669516
867.949883346
757.788888889
940.396808511
387.513870719
522.525597459
748.227238210
546.900356555
748.832424512
596.142600390
556.612971462
777.390506760
483.686882187
925.802894789
416.906464330
570.478746318
306.457177814
703.558099949
818.132629835
849.736430505
647.282782098
785.516390663
753.441437671
618.684895565
981.708205120
596.847551725
754.362644886
950.882221939
787.038753811
368.579706441
574.245592077
932.842966420
51.865210141
956.031380753
707.466606986
915.147529090
860.917533798
959.018769368
454.701000659
262.695641380
696.063215520
996.541017721
869.333652863
307.428040361
749.210918233
740.189165011
991.115028654
958.559857286
560.884123520
443.630476861
546.629673545
519.481472241
913.364658842
351.296171343
512.829406333
150.123282672
819.360726420
628.672410720
981.699037384
943.591013098
958.947339534
380.717743217
846.731953466
380.879265092
479.182637415
409.660835326
801.690713430
399.994999969
984.874103629
944.845490014
761.646243344
872.971935402
773.291665544
438.634243989
644.096266097
989.933836751
980.090812119
729.682807801
859.660398064
914.511891667
775.012257968
597.568406126
884.175321981
773.692445356
862.787922957
420.755273288
984.166652554
430.774883205
883.725636156
758.802345809
819.637114826
401.324058586
51.720402164
228.105238870
805.050930066
793.507403872
610.997545003
951.190306931
474.554527952
173.112680531
853.973653396
811.463492709
384.723277175
581.657115490
857.279417693
880.039203672
580.112058140
451.918134179
197.896437563
703.700930794
242.526287235
699.592023968
625.192770272
775.982602898
741.302907055
550.892911554
854.398618913
638.027428877
614.234482913
490.640397848
809.646219036
875.213116904
790.452402109
519.727813379
360.162463341
854.117087992
343.632070680
895.983258772
798.305705875
697.833074603
911.186040386
748.714231334
702.749599786
301.564255176
513.275754347
976.497311824
735.029251119
379.745970503
688.654485210
237.865508218
823.771206100
854.430804688
937.216090344
99.669453696
510.595730513
780.071150601
643.063760447
561.272661012
831.680828203
965.803830228
224.641937314
324.747692308
540.837313801
766.572892816
844.668574057
938.739047872
365.150653840
632.837261861
541.643794389
817.000611995
682.082106495
551.695568226
456.223629987
576.586506953
559.554286911
409.399560332
705.213442867
439.080858157
725.271673237
291.293666255
817.790926827
420.321305670
732.716862103
521.206293132
467.645166809
693.145727824
662.932877447
720.516481421
823.726289911
805.003105584
920.452062847
743.788276326
319.570023625
874.599908530
688.175123061
497.252515091
836.007775086
765.188865575
622.470882853
710.035914585
749.459805460
861.867159138
574.907818698
912.368346669
464.674079347
708.964032938
957.983298399
699.794969973
940.446170708
884.390750743
938.870598112
776.633761821
711.194769385
440.150000000
735.969428713
554.693609121
872.290662566
476.040964625
792.135089489
332.290535526
251.043820876
496.176379930
798.003132826
686.128267892
672.969538687
953.468405350
497.211222721
685.037956204
118.313143818
806.827738740
915.473770492
644.003105583
895.604265287
705.518957931
838.938615156
655.353339810
903.855641593
472.828721632
441.077090768
238.553977120
980.449386761
658.807255576
565.171655340
992.733096605
113.485681916
517.434053769
864.538026928
420.795674883
948.032699858
886.638596047
789.530240080
605.520437310
907.257405591
901.382826550
962.930423239
954.543346318
601.492310840
664.353068789
952.137069964
417.661346069
906.715501136
641.110754862
986.477571973
773.157163842
502.880701559
683.046120059
497.319816617
95.493455273
302.788705205
686.499817917
850.079408056
486.511048179
365.231433477
397.827852218
142.898565423
729.406608141
792.445707071
789.002534850
994.194648960
636.378818001
570.174534682
453.640827087
212.287540850
878.729196055
593.398685541
978.284723392
663.396563159
408.988997407
228.766256253
766.365448073
527.292139145
401.942781998
970.328810249
826.699461715
783.914536158
826.258434148
376.358871292
666.334000333
978.675636048
892.729522308
873.417998441
523.986641051
713.046281808
787.049553713
637.382930427
191.327225131
365.935786717
959.378444619
251.704191463
958.838373306
791.154852099
705.304898608
659.066005799
925.250236423
712.737679659
939.162392777
413.765635573
456.311297254
783.926655186
803.531579964
563.340926971
353.024078499
483.211133978
383.204906023
787.590629761
359.845803224
473.856518368
359.767980788
649.442838131
657.905768329
611.409983633
981.728577561
865.790390337
718.197744357
706.593235211
478.532130583
385.407576477
587.725275958
799.142665611
762.870893402
456.073458995
890.919749472
632.817509239
806.821541606
972.535346412
888.884131932
631.662093211
916.063862403
449.397374269
919.161030506
596.402548625
590.753755807
207.824445193
286.679263289
535.182242991
906.664215683
221.045244237
616.465733030
573.314922185
235.102105487
616.977309145
273.065934066
768.082677841
796.724544620
732.430884762
453.158912524
973.659077912
963.920121172
649.749182378
756.302188282
469.706291208
828.871522010
499.437683801
153.359055813
685.904512320
746.726857693
739.482251308
624.720737610
440.631365202
822.471884018
589.303826561
645.516072612
544.693491791
622.278072890
842.013064032
508.125968634
589.469252803
647.129044318
843.945495870
619.310907380
620.916258657
668.909560404
755.896818356
944.703127972
902.887036124
672.123500556
204.479827856
956.174147318
322.454648007
656.273571005
771.486228004
859.357318000
838.323326647
595.975670644
515.346485386
607.877454755
939.045792281
845.441305891
254.966664488
771.484283703
490.602690583
658.165632649
517.644665770
967.095651939
806.180500881
770.269433987
841.923393190
580.333524794
897.438577285
865.649468577
526.777941831
793.291929382
430.425370999
530.579871461
839.227025304
604.744574197
597.710632330
848.381989436
693.445023055
857.568073100
944.741234413
381.082668197
507.722365078
959.490489791
546.858299745
448.525612472
455.391040755
176.751237619
841.371499398
735.974184330
691.445587158
258.474370103
745.966487191
797.059596266
465.137614046
789.506808077
901.053829079
782.179646884
620.879215307
743.684072708
794.975471320
374.801280681
518.913287554
734.579471535
441.155301453
656.406886016
127.137720603
836.778943330
843.458949801
760.784463564
837.878869527
470.926745896
870.006896524
494.441098615
599.102662321
956.148524028
881.809503238
485.755082320
805.025465436
963.225311129
630.222183047
557.967741003
175.105682467
89.677198886
669.670814654
868.352463001
626.319407331
505.626344250
503.305076470
523.406152046
333.045042036
405.277682583
637.901246276
177.042367811
625.847427293
503.323951347
174.771281465
856.850045224
74.229374241
876.295612222
624.684720479
341.250641025
884.878522736
928.094284004
921.965834508
897.023411066
233.627909292
629.381442370
664.890216502
547.661496350
745.368365307
774.104644089
286.106623482
992.868571363
759.680854043
771.234076011
621.522324619
269.241527258
92.720008628
653.811899555
749.932663644
888.907756744
837.389395682
931.204059270
552.326992754
106.770782520
442.952593408
758.306006834
644.467997654
775.034837927
875.813907174
271.162313016
438.384534399
156.339374439
992.856485097
498.611070876
536.311476663
976.817280917
800.122490623
163.838414634
703.480632285
563.870552521
979.227756960
404.095285820
544.254595588
657.684574853
605.406475023
314.877754057
731.839463270
152.954241523
736.662066351
876.842631263
569.608637575
969.673140806
57.384666943
199.326365542
735.605193021
766.651811450
854.119429588
668.367413927
374.344760882
607.683388158
492.941172961
502.766347322
770.956548711
835.581234830
440.355538174
930.493417494
849.742902295
897.093083242
599.181942318
473.069762297
974.015913636
465.138688995
737.325572593
801.884655047
653.194458029
637.222880952
920.403172528
694.728724036
431.793932333
754.501822397
617.506275272
821.837575194
825.579796264
693.855892819
661.099841174
531.517638471
920.937022820
784.020407898
139.960708772
717.244030996
260.601227936
200.476931341
621.562547134
685.348086741
907.035281147
835.277798101
833.018007008
750.337923872
575.473717906
789.287072243
929.797827487
981.344995402
977.077786054
297.689435486
559.282576163
496.440328741
571.267888123
571.132208862
899.145149573
789.474508771
646.266972698
900.703058727
833.381665265
723.662904955
436.287749083
534.277153558
626.703349282
948.360690877
541.720407590
364.886283656
312.203459302
582.674866456
960.234867115
718.236033627
442.075785358
584.162648583
863.426314169
402.654939123
962.980789200
777.573790711
754.184350133
784.116062848
806.594073869
674.647315269
318.614186753
733.178013855
908.771148310
653.649753308
549.750852660
127.538229563
840.734797662
771.617781029
803.692727353
941.429763710
814.621384448
780.442823018
646.690807110
693.662021448
541.743481733
337.772112526
449.871111111
151.182119205
955.095283205
691.391350828
698.723121129
357.337375599
932.647843508
372.110198732
521.399079401
348.024424430
846.874843173
389.629311013
978.698625727
621.090975623
664.034637651
997.689330403
864.601642376
252.655892470
703.187030597
600.321580488
830.616638408
994.932661574
776.584831316
438.917995444
490.131614977
376.051858126
839.386680857
717.583444625
394.513624606
384.980518988
201.310705130
908.104068926
604.901644900
509.360383226
972.641249382
552.696119038
565.886030928
327.777363465
411.510631697
752.920314509
889.664543522
115.702203955
983.311751176
146.311311935
640.336630219
897.690369782
666.133621078
712.449998245
500.847305389
819.946339708
769.352974908
982.448471931
145.058608845
778.800359527
978.334298693
873.036081729
828.018115744
533.911041279
475.062101204
516.267372589
977.509202454
818.650108410
534.173192888
516.277057402
574.797355596
444.925836517
380.264381714
562.611766674
619.422311513
936.350895765
573.629671478
457.513934214
856.920649769
537.445811222
693.287097817
681.684677839
865.979791912
626.164515124
907.176939742
673.297853854
439.929539813
900.634220980
636.864192744
585.496370612
936.702727657
792.679001866
391.641417626
502.860815733
453.904174909
325.926372074
307.912325184
411.734137521
476.193238087
580.448964165
904.057520294
570.168396178
742.245916122
484.496646015
955.912129853
579.698197341
740.274948921
746.779753615
478.032425678
724.498447203
633.534529462
466.497588418
382.583324272
964.596806961
965.327923558
669.801463122
954.482582345
709.550561976
727.877736986
977.355104351
440.708520453
705.080846428
416.461284514
809.479462371
719.974305097
604.781778826
897.862461631
548.256326913
737.243514722
828.338095224
519.444896019
719.392799519
517.852295544
924.317586114
659.089523510
874.186478962
867.355751696
332.018071797
905.982891671
468.725932715
364.317169521
189.166593245
887.038330626
407.602747783
553.771660650
241.987602988
433.783356066
666.388025102
286.291958042
248.002016121
784.469884699
641.879272138
785.875308176
123.798222927
365.699330051
154.051939293
776.132076389
887.277859523
919.363367414
678.470338335
760.910638643
659.215442780
381.514088862
328.239242017
811.522026811
738.505247104
797.358764923
901.441623179
914.715802859
123.312610872
849.456419317
480.110403970
794.969810748
735.293877551
925.803434861
700.600456751
923.918286430
898.485392202
806.114756099
431.858773212
254.847012931
837.219803875
611.575833401
465.528731661
762.603435607
942.911978925
681.539433929
424.001179244
983.134782215
442.675953718
824.998181816
795.144640930
790.070882896
939.146420959
416.809308917
868.244205279
569.689389053
228.271767856
737.395416328
884.340997580
419.771366341
158.924528302
757.366489885
950.697638579
677.451107011
982.342608258
783.639585524
624.797600000
684.985401304
182.288233310
628.598440978
898.640640078
838.853980142
377.861085586
674.031898355
913.358089689
506.247962959
750.062666667
837.838886660
967.478800414
117.093979350
132.521696337
943.195631881
926.525229358
851.739983798
256.978598335
950.693431133
869.797102782
861.175940212
711.782270080
743.413747519
951.642264719
969.035603061
389.471436693
781.761472573
470.664423980
500.722478026
425.451524853
992.456044375
735.002721083
835.292164455
996.541017721
763.055043886
524.294764422
688.061046512
920.084235274
379.305945116
932.458578168
177.451401798
945.689166693
934.455456402
537.425343652
854.084890394
659.098626914
982.234697005
784.079077645
713.450068330
865.553002421
682.203048952
970.864048155
890.358916393
555.519576613
816.730065566
143.129312162
902.375753220
77.181604027
972.680317473
988.091594945
830.225270634
762.491967171
810.235151066
532.147535939
539.781481481
112.240812545
815.941174350
468.654456930
436.288895114
325.352116944
903.091357505
846.452006909
972.578531534
164.903001792
766.583981048
134.208792558
510.212700744
791.991161568
983.927334715
655.012976977
724.775827423
687.159370161
514.922324239
790.458095031
820.642431270
119.745572264
682.038122102
739.219182652
245.906486316
878.629614798
383.254484644
784.389571578
801.007490602
814.622612011
522.126421473
598.224874107
992.845921450
995.544574592
682.755446701
917.918841728
734.352776259
970.676568179
965.112428684
653.917425980
495.154521337
261.155126314
562.070280303
962.873823510
300.532860100
795.182997806
677.650352320
520.952013145
886.202572779
533.776170319
824.772089734
812.734889139
383.770764911
553.574746534
947.411209560
435.430821142
170.906407136
607.415014632
670.086561572
905.227624309
233.552991846
469.614735714
513.281676413
773.128061837
615.926131935
995.153254529
882.733821715
954.088046251
762.592945155
846.907314882
508.112192336
431.700127403
515.342604488
932.442060086
974.129354860
824.398568655
223.367410336
619.826588652
949.753125817
684.718190207
439.822691547
110.765518100
820.329812264
755.552116005
532.765426806
500.689524556
542.479492700
502.333554523
948.707541869
492.668245374
655.505911491
361.502420462
992.438411931
904.305258195
839.010131047
320.321713282
901.265221785
525.672902098
325.480000000
932.989817737
601.856295140
999.201180944
806.084983113
554.610674257
822.111922141
311.481941692
525.204721989
836.279904306
649.186413906
680.355054365
943.024389928
828.500452625
553.121144054
511.022504397
108.397416943
954.611963051
930.445592176
426.249926686
801.325776448
846.485085515
695.136677208
980.235685945
241.333793738
984.132104953
986.858145835
566.664803919
970.553450357
639.184636862
794.967295597
181.689295227
464.983870688
882.248264379
871.025257958
340.917888563
344.011627710
717.106686623
718.112813370
435.388332411
710.159841163
285.277058313
590.228769207
554.418772563
778.700199050
717.407136848
376.232640796
162.277540036
306.667572462
860.162775293
967.505038747
510.703436448
769.706437546
732.064890710
902.589607740
547.549997717
856.018691385
821.536974214
919.128391467
682.438275597
887.764076577
806.279728134
79.868642157
563.925527016
317.915083002
484.768041237
762.241431569
694.304688159
926.589984837
493.601053485
602.276514568
701.685114564
281.119191803
793.863968196
755.740696271
725.521881131
969.587025491
544.627395565
394.218213684
472.392844992
892.825850880
779.016687883
968.900923727
856.063081788
834.914366866
576.976603120
968.329545455
895.720938686
718.700911367
992.122472278
207.773915591
822.676120961
518.897870491
802.378962835
725.605371901
377.593696981
714.847536192
873.822636466
959.708289013
553.878145444
515.645226876
871.260007116
701.099850235
795.349608663
463.372570194
993.744433947
873.289757183
482.369154229
559.587347963
948.432918028
833.306066221
390.690414523
785.329230323
420.789733715
229.122238118
228.895196507
463.098261711
637.132639252
909.423443727
595.552684487
593.662361953
444.498593924
963.151090343
622.683707832
820.178029455
797.187556448
971.039649036
900.424899700
690.218081479
975.719734350
977.488618861
715.930164192
884.875132434
436.449309771
661.261672867
882.370103755
999.634433180
939.961169411
716.633099996
910.655258591
683.106141094
704.702064705
572.836800494
449.516406820
985.322282302
728.667276608
408.894852038
658.856586735
323.715924848
850.935955287
907.217750827
901.125407477
703.216182976
737.483559139
787.155003795
372.098105343
732.258834021
896.116621875
888.939255517
383.434479409
992.448991133
221.582942238
77.298124169
993.899396378
440.031818182
501.646289730
805.913767099
587.669124593
949.004741834
820.770369836
901.148156520
903.900990153
624.479783500
633.219551183
414.261994395
344.501088534
528.805257181
402.064671415
408.295236318
857.742968493
915.291210490
774.055553562
139.488350768
800.938199865
734.904075373
895.484226550
768.543427530
958.800813517
842.423883802
307.340202382
708.813092430
99.834863650
497.881512009
523.895027653
387.142092777
243.306391229
948.823482003
758.202479553
911.827286277
385.218120031
515.121344928
791.907191532
532.684709749
389.942305719
217.997706410
645.705041021
451.167374707
844.094189057
558.146934059
646.376051537
480.186422132
451.237188193
802.360891370
330.912375340
837.797708280
401.991293438
414.189570125
651.667860186
652.570302726
605.293317326
422.177687710
286.581576519
579.899129160
164.100578915
999.376805815
746.850051885
947.668718488
275.425125942
588.077375861
893.460687440
513.718871595
678.352415784
142.116197183
953.226101195
500.026999271
340.088223848
380.642877248
827.891908213
803.628645582
786.087150127
374.576000000
943.918428679
410.318169230
433.158169726
773.111893583
728.041894399
580.640163957
725.523948605
590.034744740
738.296011096
306.089856088
179.507660004
513.236787458
279.411882353
825.410201052
670.908339492
837.933171560
795.560808487
870.340163384
536.195859738
546.943326019
593.265539198
575.991319379
801.967580396
562.455333333
702.919630156
299.566353251
903.521444130
673.371471025
457.248291413
244.427903490
454.861517387
348.211142843
605.073549826
344.844892669
612.605093025
666.872551542
150.396143568
810.282049659
304.190789474
738.265534899
751.328822820
394.106584568
724.423909048
990.860737713
794.933330538
819.502287977
929.833856127
719.666589470
939.645146871
394.355169866
147.105404387
556.540394973
253.329824537
878.016514651
797.255918761
945.064018996
750.930758988
508.699321800
689.343890957
891.039280840
833.639610383
690.252127852
435.807296864
796.708227647
718.995132111
772.231830476
304.831100776
925.482576821
913.681563785
809.430046391
637.515490008
494.795917526
663.157598162
924.490670586
921.132455188
755.998015870
382.303544320
591.334084930
873.819775469
334.862658414
722.284569958
867.912437980
740.543043989
580.206859663
536.606000712
671.908475910
983.578161612
814.477132890
928.779306402
476.844838496
111.404667766
738.970906058
933.557175539
735.936817940
653.036752411
921.498236569
778.718177522
938.595759632
495.052522466
571.628376487
515.196079178
921.320791039
678.514554008
802.737815230
687.402356702
105.385008422
421.038003035
256.394227704
981.840619271
799.754962473
793.862708533
897.426320095
930.927494491
737.915306808
996.508906132
997.720902858
280.670625467
632.272093327
993.292044310
704.935458039
919.975543164
577.792350244
939.266240682
485.270027923
136.780846612
926.837094640
434.964366357
996.522453335
675.661897697
834.659810941
952.324524519
972.722507708
844.909462605
661.615447220
864.128463141
751.920208533
166.556296830
904.557903066
719.907632964
712.294882756
664.166394814
645.731368295
576.876069880
798.695811933
828.938477814
907.938323897
835.029939583
803.567669832
940.690703685
434.485903108
939.794126401
611.175915756
825.413835600
951.090426874
243.825757458
846.005319132
519.520933168
381.531125860
836.822561837
645.408397838
779.436976285
920.011412973
226.587731354
747.947859145
870.720965637
873.943362009
974.081618757
809.435605839
545.929482626
352.396083974
547.257708945
649.369694396
380.796533613
926.774541532
845.702075201
753.163328900
258.147244804
605.464284661
913.160445924
840.072020722
949.560951177
898.690157952
799.611155500
788.511255468
563.901587159
799.721201420
705.014184254
575.644965278
710.444227227
780.926372970
723.242006523
636.545363662
727.368544824
622.192896134
481.818430532
853.293618868
394.994936709
720.717697854
281.808445706
778.958920612
614.109925013
808.553646952
983.126136363
287.911444719
767.285474905
420.877654432
318.330017435
905.756037794
684.613029382
827.913642840
862.432606063
701.925209691
928.634481376
460.540988056
956.834886488
116.594017094
979.186396964
346.649679071
953.756782414
471.087040790
962.458310785
930.405376344
971.810166648
479.498696557
618.004854369
683.917392673
870.768082664
428.754008728
809.558521665
981.047399470
594.937811876
547.018281536
184.729532020
297.679357699
923.355294564
662.161611693
753.290116754
484.403757225
811.639698388
545.887351017
556.795294540
275.559430976
222.238610507
647.638016179
697.463977564
940.281340876
731.472487521
213.433830496
526.733329114
659.376220378
918.359406769
461.406545250
448.730431328
517.485265491
310.296632273
615.951296776
376.449199760
415.945913462
665.889630575
822.214692158
327.636996337
904.659604492
754.165764272
922.410429256
794.187027708
624.282788492
583.089187003
178.058978993
611.065463918
562.604656931
415.392585394
844.902953007
520.339423077
893.980424842
242.664609053
877.538033364
232.432785983
138.571281296
879.206484642
732.630193208
423.147754137
956.332578134
985.349176688
318.111615632
855.672834675
917.926467643
694.049710035
213.168947082
570.505039417
408.774999236
565.954945203
963.891072684
474.777842785
209.255824292
929.742975236
636.930923222
205.263245614
899.963888173
759.726266493
274.382944076
466.550104490
273.895965651
956.303299168
557.526680976
413.967390020
641.621383684
851.588515658
690.571502453
552.520587852
668.291852412
996.435647696
359.370282578
872.799518790
552.000000000
668.827354260
345.534368768
320.515210248
815.504138565
629.738834756
150.651916682
761.862848550
717.892749650
680.496877289
422.986997436
582.440554907
618.082518763
950.263647626
782.787966275
853.351627408
552.338664227
691.743449553
380.366928110
625.391200000
814.004913990
817.806211764
318.714605878
973.061149158
812.560766958
257.777035440
189.243386243
234.934033294
604.556862503
643.590708448
906.328858638
423.915085837
755.477994385
64.156059729
556.051256630
897.188386016
882.874283236
462.942761041
907.570933867
841.631154367
497.629380162
496.484642260
232.310344828
949.282887241
374.094907744
559.895535714
943.091193894
445.450333932
80.703159790
438.154082487
790.523876932
836.518380155
980.346877386
969.179034028
967.629061159
565.268077995
530.927490341
840.868003910
286.311019697
725.702418351
837.864547526
332.425932611
832.645783031
411.521566871
661.640385708
984.884257159
660.044695456
748.110954338
995.536036515
527.072102068
307.159567652
863.165685138
501.865537849
907.954844692
769.586902175
860.359808452
839.392041935
554.002707575
884.943501021
602.077237570
835.471124576
469.151361503
683.677555577
151.082758778
694.277322113
658.094218179
653.990825624
942.635666628
569.990350796
863.704231783
892.412460693
848.165667780
631.784773479
840.592648076
630.893810399
119.616052500
208.379461560
808.060022523
726.492945630
659.785571228
717.814739330
986.899184314
294.587847679
577.685900815
980.041835842
399.194188334
908.615430201
323.595426420
211.841922197
374.126983790
864.730015670
363.545045352
977.928422739
717.156189404
536.610659603
660.898630654
569.491878783
820.320059489
447.555583140
784.124990037
932.500938337
848.888685282
897.333828628
425.587828773
700.932236382
982.373147027
797.722382787
928.548329383
814.589467155
990.541770952
682.302718740
875.977168652
536.550090858
988.757806543
886.890072106
820.198756400
862.683603802
729.502570249
293.889434993
545.883687245
218.460522750
699.512687519
480.832611207
790.500474383
315.345845227
341.005865052
790.938682832
575.256464544
706.749646393
903.000000000
730.410843293
754.518389438
892.564284114
787.729014319
392.820569726
666.327246929
591.363678289
746.087801609
843.253224127
807.361133570
830.807438580
958.894676177
945.508857747
907.802842031
833.713380005
537.486744023
883.150043877
646.265425348
827.988526491
812.427227510
367.352694611
878.406511816
942.829252834
881.641083435
371.548112631
981.871682044
507.392353115
910.658003863
968.168890225
830.289708475
698.190518412
685.005839391
321.179077774
637.957678847
993.939132945
365.184884682
570.796811493
796.541273257
637.118513308
821.740835057
975.680275500
755.491892743
952.558659611
248.957827754
934.459314775
831.805265672
782.262743584
276.960288809
994.003521121
791.928658403
842.958480591
706.119678242
731.124476406
739.015561406
987.781352324
517.747042483
360.775553496
786.440081384
955.060731053
278.106094863
715.457342657
951.274933970
98.590060351
579.939652033
213.410402746
955.984832516
926.836555891
604.215193453
965.514888544
816.730677763
956.130221734
998.867859129
621.815889150
327.366766792
819.018314814
425.525557399
594.402220727
721.998614958
949.910522102
810.072219003
911.542099960
988.764380426
983.498347736
648.906772965
907.023152957
695.069061317
949.001053740
890.964645763
508.427165354
571.585514180
411.570164128
172.316569139
905.183406830
537.755520660
967.933365475
318.312739299
981.628239203
253.288373203
408.079649088
249.461419863
719.232229534
175.034282356
773.430669162
373.688372846
581.124771456
919.498232733
988.120438003
454.339080423
892.186639667
730.893973184
776.504990325
522.093861293
893.686186533
880.261324835
793.023328787
495.043432438
159.059737206
262.368064024
915.564306862
826.786550447
299.011705456
930.248353936
761.208250089
776.034148733
164.790776441
249.128480909
782.844173511
932.204399142
995.458185963
333.971555675
366.017759132
869.046604044
292.586739276
905.297188773
859.333462639
238.606370410
886.281557973
915.128406291
694.002881838
793.656726803
659.101661354
943.724006265
807.159835473
869.723519286
685.502005835
912.648891962
539.586111111
978.966802860
970.777008380
397.829110106
959.727565510
78.790862414
500.872239199
738.869406594
309.158535383
888.119361558
389.974358131
468.205128205
764.313417388
786.328811630
865.951499798
694.207461786
919.985869457
711.966994382
880.002272724
935.678897914
977.118211886
944.649670513
241.389726376
572.503275100
588.726591891
853.427315358
705.217696885
891.596321213
918.019607634
646.792084058
766.359576178
273.744406336
476.764092608
922.614220571
938.377322829
574.545037399
952.719790914
416.018028846
23.259406699
690.667068854
390.919429039
994.992462283
832.735252046
447.762213680
828.101443061
791.553537140
148.993288439
814.257944389
812.126221717
559.856231545
500.481767900
910.762867052
478.923793520
691.808499514
513.650659495
863.970485607
907.907484274
803.726321580
999.784476775
685.044525547
834.435737490
781.126110177
799.613031410
676.996307238
843.916465060
420.786168974
928.265586995
702.340373323
757.394217036
949.684158155
687.953486800
715.079016613
718.572891223
630.000793650
670.576751118
403.518277157
602.555391645
742.542254690
154.405310789
728.017856924
556.086324234
699.112294270
195.767719505
932.289654560
827.217021101
311.897435897
730.676398962
937.415062819
333.031530039
746.931723787
899.449388209
277.679671564
547.592001403
361.578484513
700.179262761
974.414696112
738.782105901
656.079268293
736.596904691
456.650851308
126.174482365
994.399818986
710.360563380
244.951015511
