433.184718105
343.445774468
738.804439618
984.471939671
220.408711262
910.581133123
737.591350275
800.956303427
481.427045356
361.726415955
314.470984353
850.328759951
406.737015773
999.776975130
826.729097105
812.726891842
385.534693640
892.897530515
831.105288155
328.910322124
413.506952842
988.626319698
326.187062895
459.607441193
723.705741307
856.229525303
852.621838801
454.463419870
684.081135539
346.479436619
677.098227474
995.164308042
725.396443333
471.253647201
961.472828529
979.283922057
922.093270770
976.481438636
857.256671015
770.022077606
990.011616162
649.940766532
778.060408966
739.078480271
693.455118962
455.205448122
818.395992180
887.052422352
799.760589177
167.029940120
481.991701173
880.201704545
723.312518902
210.119013895
987.184886432
477.077561828
811.913172698
644.096266097
972.137335977
905.834421956
778.765048009
998.161810530
533.616903780
800.649111659
366.030053411
495.112108517
479.028182887
960.707551756
508.644276484
314.359666624
523.451050621
676.150870738
877.171020953
172.403596288
446.439245587
726.800522840
631.130732055
234.249866595
892.359792909
261.604663567
347.837643678
822.500000000
982.600122125
981.264490339
822.958079127
624.066502866
740.782694384
480.954259798
630.335624886
726.253399304
671.046199702
936.705930375
990.845610494
844.188367605
937.006403393
835.742783397
617.829264441
982.060079629
926.551131886
683.532735134
879.043798681
784.116700498
809.784539245
923.050919506
339.910282280
266.309969772
507.317455155
722.565567959
894.880438942
198.766194309
576.604717289
864.842760275
280.264161105
954.018343816
817.168893192
135.698194535
637.807180894
230.911238361
965.598777961
994.909041069
786.037530914
856.617767735
920.291801550
912.086618694
453.569178847
562.775265981
751.517797527
872.841910085
549.861800819
888.341150685
994.349033288
467.977563565
889.989887640
823.488312000
234.348031782
882.339503819
657.698259082
246.791409903
717.423863953
750.400559701
923.314139401
908.608276432
664.951126024
736.958614849
674.005934692
335.013432584
949.034772809
173.020231214
439.225454636
786.323088813
666.331749962
997.794568035
661.558009550
613.415030791
442.410442915
911.987938517
233.970085470
903.308917259
942.499867374
134.335405808
250.818659593
781.551661760
931.779480349
795.360924361
427.897183912
553.747236771
767.669850912
800.681023720
628.892677649
456.506297876
630.629843886
973.545174538
986.430940310
407.163359528
903.089142887
710.099288832
715.768118876
311.163943927
873.045245105
632.450788599
991.058525013
795.371611261
587.158411334
888.778937644
776.636980835
986.266698211
69.756720106
994.488310640
902.150209222
948.567966280
943.652478405
509.388849505
585.073499656
959.868741027
812.064036884
844.832527783
249.423694779
856.435052996
776.810144115
739.317928905
330.414890706
155.025804304
337.912710622
979.938773598
665.576441891
904.502072966
339.980881815
582.945968434
785.895031174
563.764135078
215.262630291
864.905197117
636.861052350
642.143286191
924.407377729
646.068881777
799.476078441
708.449010162
859.001164144
633.182438169
642.923012498
966.087470160
485.940325554
380.256492384
938.676195501
351.768465909
291.945200337
985.240072267
372.271406369
767.626862479
883.240058877
491.786539072
740.995951406
537.012104147
224.396969677
858.120620892
300.462976089
778.017351992
892.014013453
596.663221592
674.450296736
292.373049374
611.793265736
704.402583755
606.631683973
726.114316069
990.665937640
601.855466024
323.440875586
870.564184882
292.302925062
102.970869667
701.055632600
626.700087761
946.714318158
684.573589908
470.598555034
778.464514284
554.423123616
541.509926040
282.210914036
113.846387734
513.822926698
418.840064941
777.097162522
939.994680836
912.664779643
891.843596153
251.839237490
842.607263202
428.654872829
608.549094158
502.930417495
777.092015144
405.330729158
672.783025945
745.979892490
236.888159265
659.897719347
250.095981575
973.822879173
676.388202144
807.522135920
898.652324317
905.261288248
433.189376443
662.021902961
705.297809443
593.760053890
867.817953260
871.491824402
634.688900171
592.631420024
629.435461346
249.407297407
826.509528131
432.863719893
401.169540220
681.521826503
308.951452497
716.891205135
647.775424514
448.200847835
54.817880295
826.715186748
796.049623116
595.535893125
855.872070335
546.284724297
500.807348196
644.592894786
751.449266418
751.254284514
353.974576271
833.735569590
636.316745026
143.125818775
146.863886998
332.857326804
713.676397256
978.617392042
221.614530686
985.938639064
873.298345357
667.696038640
78.651128409
426.107967544
923.593525313
928.529482569
506.191663306
319.884354103
715.137049802
556.583327095
954.840300783
424.218104281
693.763648514
284.796418517
681.436717531
675.447260882
212.181526063
886.780694632
673.946585421
970.381883590
262.263229127
834.028776482
546.903099278
320.259269967
491.417337911
851.017038607
737.265895047
271.003690012
799.003754685
281.289886061
817.215393883
661.021179691
678.423171774
364.753341315
481.237986863
886.786332777
879.692559932
940.118085106
671.393327351
910.687652275
626.396839072
710.100697085
966.434684808
743.016823497
644.104028865
898.300617833
705.847008919
634.037065163
734.429029927
513.193920463
691.276355736
705.182245948
976.360077021
347.896536344
817.250879473
386.552713094
531.059318721
966.549015829
877.402986090
991.088795215
541.675179442
593.937707171
661.938063568
557.939064773
390.852913511
393.732142452
612.258932152
908.769497728
246.661711662
416.272747126
938.682054798
214.044387920
732.291608582
781.056335996
691.069464544
679.062589162
597.749111250
655.522692208
704.795744681
879.686307726
979.252776356
702.460675056
462.820699624
769.425759901
623.761172245
619.953224042
923.551839368
671.984374818
590.357518797
566.852714556
677.516789460
671.944194124
223.765504915
645.112393313
411.165450122
429.662658373
904.459507109
267.192814275
673.467890846
442.213749435
282.817962654
604.842128166
835.005988024
535.571657204
574.976521739
871.389120887
974.674304576
829.686085215
651.700084395
695.288429359
249.937992310
489.986734514
912.691075929
482.867476643
408.282990094
665.631279314
853.619353327
391.101009971
745.880687510
952.203759707
518.811140975
310.309522896
286.415781688
996.400521879
874.147584797
736.955900987
989.972726897
819.531573522
749.461139753
456.241164298
906.042493485
749.611899585
537.443950566
740.027026533
698.259980237
135.162864723
150.622043539
373.929137672
534.201272930
520.698569232
598.974122980
894.708938547
825.912828330
394.234703196
716.826338802
696.880190564
723.283485414
769.417961839
624.081725417
378.712291852
583.416660725
794.564031414
259.819167884
795.736766369
932.454288424
396.372300706
930.220430108
592.435650514
743.437287201
496.810829190
663.837329472
389.792252360
794.840864576
407.915432412
886.536519270
911.356680998
409.208993059
787.008259171
511.205438156
749.488651535
380.546974761
449.200400712
706.046740662
347.236230829
390.865705838
477.965479925
609.070603461
828.473898201
998.712170748
735.073465716
989.930805663
702.413695766
840.114277941
865.506210261
905.090603199
892.763126479
303.601712775
279.198853866
213.572001910
431.035961377
434.330519305
788.627288394
865.052022888
273.062263962
995.589774958
971.412373815
707.796580947
926.146856605
974.993846134
851.900815823
513.882282240
298.286774765
895.583050309
478.080537148
948.924127631
892.758085934
434.676891495
359.132287604
841.476084033
566.919747751
751.039279931
824.707827051
911.587077574
991.013117976
426.144341743
761.291008748
845.474423031
554.696313310
917.056704899
716.243673620
380.950127970
620.483682300
964.496241569
842.881367691
745.115427300
839.150761187
727.758201603
885.601490514
931.770357975
742.101071284
510.501714003
706.665409650
633.653690907
880.556074308
939.249168219
668.608256006
997.902800878
183.054636653
552.411078817
825.015151376
463.175992469
953.580096269
387.335771650
607.424069329
537.257852432
550.559715199
759.893413579
599.746613163
694.188735143
489.067480007
843.468564650
593.890562309
282.276460230
920.431420585
712.635250321
343.723726269
937.607593826
610.444262295
830.053010355
618.605690242
830.566072719
664.139292619
202.368475806
745.650051968
383.653489493
312.112159327
242.829158051
821.522975942
606.046202859
714.712529623
416.654533157
960.600853633
880.498722316
911.311692013
811.080760467
439.348381128
723.381642012
588.609378111
517.597333849
879.467576792
910.908886772
936.820153498
908.274187677
173.968387933
722.569719820
850.367567585
941.003719440
733.549591002
715.671013805
803.487398781
722.691497113
423.112278243
567.252148520
978.645492505
951.252858077
398.523525027
211.650655563
553.656933489
473.733047190
760.867925464
722.267955817
500.463784918
751.956780673
596.245754702
989.214863498
477.666201442
328.589409446
860.247638768
837.236525720
566.153689381
666.751827894
802.296758105
678.854918244
269.479127207
868.039169623
987.065853933
660.131818182
671.831079960
746.653199290
394.860736895
511.192722953
687.429996436
603.303406256
552.506108564
106.780147968
995.093965412
719.054239957
738.188322948
308.523905071
931.849773300
782.479392700
752.897071324
372.530831099
500.678539584
761.325817243
488.281681000
376.013297872
565.757014981
843.341567812
583.772215851
432.122667769
471.291841644
940.433942390
818.010391132
988.732016273
559.895525969
427.044494169
850.860153022
868.627077640
764.247342161
587.897099840
802.491121447
656.374892878
684.554599722
158.757676980
492.085358449
871.918574180
781.612435930
508.195828397
344.271695036
551.831496020
564.114350110
246.063000063
996.866590874
705.426950355
975.626977897
896.777564394
450.111097397
706.223052583
922.894360152
931.982295969
566.350598128
883.091727965
730.412212384
626.090249086
851.357739144
745.302013423
828.138878155
875.702004109
690.639558670
604.432791963
575.769050922
529.352551985
430.120913233
612.128254535
685.023357266
940.854398948
976.152139781
975.174856116
624.540631184
362.368596873
879.364543292
596.279296974
889.945503961
672.538474736
728.519045736
694.148399119
757.568478753
544.197574416
716.918405399
687.061860388
319.504303570
627.647990517
474.443884985
646.054177295
584.671702753
980.293833501
926.371415794
379.381075382
884.645691789
568.351125968
922.505284553
435.807296864
957.299848532
957.785988622
550.409847296
905.701385667
898.342984410
118.852850197
790.795169449
376.272507632
578.164336500
917.156475199
745.513916704
973.924535064
997.370542978
496.176379930
642.140171614
854.822788653
450.362076556
320.763152497
942.882283215
661.997734135
300.631003059
914.679178729
623.512630185
744.916102659
258.704464631
981.082055692
970.206163658
243.222120705
777.074642903
819.003052497
547.203801156
723.839070512
373.117943819
410.254798875
476.909844730
996.602729276
521.027830351
863.657339458
818.674538507
946.817828307
394.701265823
525.004761883
110.199818512
506.941811260
236.383163529
719.323988200
762.274884802
886.747427403
509.564519958
565.087603828
986.217545639
756.772093023
309.308907084
433.227422955
802.484890824
746.397347267
720.340197407
347.325495753
970.857353065
845.431250901
900.814631332
532.970918531
730.191755637
603.381305643
460.440006950
491.379690260
439.652135216
514.641747573
429.646366213
519.189753366
968.280434585
744.184117015
525.159023535
246.085365854
944.311389321
533.778043760
590.952622673
811.006165205
884.136867233
715.770214524
957.615267213
993.079553712
931.420420648
91.722407295
818.818050806
209.234318409
857.329574901
539.150259644
572.251748252
708.532991469
809.212580228
570.917682333
838.988676920
827.956520598
881.742592828
853.434935522
663.560848755
462.924399875
431.327022107
558.634943411
702.073357990
977.952452832
474.805223223
622.875589504
923.126751866
908.126092566
925.413421126
632.623110548
375.985372056
661.038577912
838.462282992
739.573526230
958.843574312
695.776580460
979.188950101
905.547900445
584.395414082
580.375740868
576.005208333
743.549594849
854.171528441
730.113689777
906.856107660
394.855669834
800.114991736
721.617627279
373.585331618
499.909991899
801.136692456
984.805056851
604.591597692
565.572276548
470.739843226
981.473382217
761.965222303
67.163978441
979.181801301
669.052314845
766.762023055
698.075210848
940.632765749
850.767888440
985.511542298
757.213312086
504.539393903
798.490450788
773.973513759
431.741821000
909.796680589
668.032184853
977.609328969
943.448991732
617.185547465
686.831129172
597.221901809
153.512214514
856.148351632
664.807490933
935.893696581
901.958424763
436.885568542
818.196186751
218.936063726
813.051043908
785.156035448
614.071657056
773.097665240
967.908053484
984.078249162
89.944427287
557.019748303
653.648223435
579.767194657
339.520249764
925.281038388
570.971102596
523.574254524
898.765820445
574.542608696
625.521382528
978.355252452
174.985713703
821.098045305
550.469799353
932.910499459
746.945111772
452.535081513
136.956197377
819.047617663
867.849641355
376.985410858
497.626365861
844.924848729
672.092255572
868.920594761
933.425509110
878.062070699
490.763690602
677.380985857
378.199682708
876.684093616
797.585732069
632.921796117
934.903738360
424.147380046
500.920153318
797.914782417
900.564267557
573.694169397
611.079372913
784.660437110
507.547042155
569.020210537
206.855021754
756.524950018
756.067457308
450.059996001
819.576109950
136.568667643
484.490454076
800.978152012
545.003669713
471.224999337
385.303776278
949.705743911
819.773139350
909.674117473
977.608817473
189.362433862
275.381818182
811.003082608
188.867681313
839.621938732
886.406227437
414.311477031
252.404437362
631.057049719
712.166413137
724.601269666
844.223903950
807.090453419
940.140415044
374.316710821
793.328431357
678.166646187
541.939110971
894.932958990
924.420454545
975.183572462
428.447196280
421.944309121
851.732939365
932.923898290
257.629579047
366.567865477
838.317958772
711.555338677
496.976860628
85.621259042
855.482904563
682.088703909
285.553847812
365.939885774
479.595663033
660.710980687
850.189978769
249.182663923
895.194392297
902.471606202
839.182340138
719.494266829
441.903835693
549.267694299
500.117986079
786.473775787
336.498142640
596.239046021
906.314017660
519.138711231
600.796970698
292.907835334
876.037670423
910.408699431
933.671248352
765.211735406
725.013792972
601.583743131
646.572642968
820.887324789
977.539769012
851.028789172
764.745055558
758.118724211
926.502563407
952.048318102
816.993268026
117.128134963
667.978293413
670.533369789
928.967168999
673.325329985
133.506554146
791.274288727
912.464793841
961.585239085
949.322916610
874.735388560
940.499335460
920.809969538
164.933319893
285.609873779
939.487626397
339.695451869
543.592678397
261.222127700
993.205416820
571.540209790
953.301106681
784.898082556
388.064427641
420.748143193
429.853463404
728.618555900
565.598797736
366.701513496
887.131331878
970.366425635
940.690172161
831.451141078
132.227080182
234.375766665
993.472193874
835.269417613
858.516161758
87.143559716
239.290618287
979.773443560
567.835363464
360.976453526
868.722049910
679.638874697
632.240460584
555.385451755
533.478209489
933.836709495
856.339885793
681.994868016
531.127103440
665.620762897
733.139822953
683.671704841
224.024552226
881.820276474
910.026922679
665.166165414
709.066992604
897.982739255
723.652540934
963.778501524
955.896437905
846.567776377
679.138424771
565.659793177
559.489266547
978.764527351
411.058390013
538.159827561
149.046972462
710.080981552
562.661532362
930.766888698
894.904464175
783.946426741
734.891148402
901.021087434
756.931304677
826.120451519
853.981849924
888.152014016
947.115621242
964.391518005
448.101550990
568.489225931
846.822314050
676.265480414
782.688954900
823.110563655
595.229367555
829.113984926
698.832597985
254.627178439
922.590374977
952.257318166
134.525090597
831.546150253
976.055839566
469.293085395
389.586960767
476.043067227
832.365384615
786.214983338
656.672754947
582.263685971
674.999259259
838.300662054
889.118664746
232.768124966
466.202745595
667.356726197
883.798053856
464.798881238
132.499056600
717.533971321
691.117211477
891.612584030
702.793710843
441.295819151
508.551865595
500.049997500
473.887117360
189.949993419
955.328215850
565.861290424
825.199975763
594.153178903
293.724361593
594.409791306
218.682418132
631.416661168
156.920361967
929.318029525
211.461580435
847.538789673
742.800780829
913.089261792
130.422390716
743.734495637
424.918815775
662.496037724
844.740788645
876.215726862
949.031611697
964.103728859
916.340002401
492.346422755
651.483691277
977.183196745
916.352552242
440.688098319
318.725587300
908.634690071
288.925595959
594.556136963
692.971860901
898.626807564
658.939299177
650.939321289
709.365209184
375.855025242
547.066723536
125.243762320
473.693994068
319.145738013
315.721396896
895.190482523
837.952863962
612.234432223
805.607224397
620.556202128
672.942048028
470.179752861
993.278410115
715.201370245
667.952842653
831.650166837
751.280906186
804.076488899
317.214438511
494.940400452
284.469682040
507.940941449
296.438866397
951.009989432
504.365938580
791.763222189
250.736913916
129.344501236
252.772625100
996.158119979
396.840018143
689.311250452
300.049995834
950.086838136
911.231584176
141.354165131
579.417811255
619.470741843
862.004640359
917.437191315
585.679093019
776.742557093
744.881869829
726.585851775
833.669598822
916.942746304
990.842570745
836.101668459
997.915828122
708.268310741
277.294067733
966.836594260
758.443142233
134.257215821
795.717914842
769.074768797
628.941175068
248.034271825
523.022944047
990.395880444
787.745517283
517.870640218
766.863090780
451.075381727
797.681013940
405.868205210
745.668827295
584.758069632
169.466810910
939.804766960
946.023784056
424.390150687
756.749628345
929.752655280
689.517947555
160.819774903
862.545071286
776.345928050
912.016995614
759.356306354
765.388136830
556.080030211
905.404329568
878.685437998
871.596903670
337.455182209
541.754556972
764.349476440
708.844130926
302.324329157
848.634785995
861.019744257
468.441031508
875.984588906
957.386546803
530.237735849
666.189912863
663.700986891
760.174979857
683.476407786
278.438503085
654.790806289
877.625774462
391.832872536
987.943318212
791.904034590
244.806122449
813.482021928
420.487811952
824.547754833
434.198111465
893.446696787
689.551449275
627.067780258
623.453286141
893.048150997
926.505801385
399.583533194
621.451526670
588.413120326
784.759235669
846.930929887
840.092256838
791.998737374
617.010534756
949.557791817
783.019156854
445.578275952
402.007462617
702.663584637
739.293581739
147.336349894
375.624813632
718.965228645
592.514333895
953.647209402
336.398573127
786.871018656
794.085637699
904.094021659
737.643545352
884.910729961
486.935313979
943.276735640
863.997685182
704.102265300
654.042047578
191.747229446
469.609412171
875.690584625
991.541224559
863.078791305
340.452639878
255.384024559
935.008021356
366.158435653
163.923762768
891.799865441
901.575288038
647.536099392
202.570975216
924.884317091
746.028149603
643.909155083
532.425581654
725.942146458
992.429846387
868.216562846
347.741283143
938.950477927
463.499730313
926.314201554
743.110355196
612.647533252
980.090812119
995.653052022
807.920169324
369.346720576
481.332525392
997.729923376
611.359141585
892.455040884
959.861448335
802.688607120
743.817181840
933.661073409
800.598526104
848.352521067
73.484692283
917.059977102
889.036557179
562.585104694
905.498757592
607.056010595
707.221323208
820.823976258
820.522394576
968.891118754
990.059594166
775.666809913
219.385505446
481.673125678
603.560270396
498.802566152
135.841819788
853.129532955
446.309309784
284.736720498
563.016873646
600.779493658
937.571863912
729.549175861
999.606922745
537.754590868
863.429789205
750.501165889
692.865067109
80.529497701
254.149562266
951.110929450
926.935272821
623.040127119
931.830456682
549.234922415
936.500400427
761.277216267
580.575731497
717.766675181
918.896620954
696.010775779
693.579843998
869.886199454
273.397147022
391.023017903
345.878591416
632.926536021
617.392220421
917.499318801
227.942975325
776.764443059
637.430780556
951.260217597
340.813732118
838.382370998
468.847523189
369.241113637
995.821269331
824.487113402
499.038074700
721.438147037
821.835750013
703.301500069
503.238512042
655.315191339
768.858244412
749.470479739
790.967129532
120.162390123
762.882690851
836.686918746
296.686703462
329.625545127
766.838314118
211.224998580
960.017708170
672.411332445
349.755714286
752.755604429
607.111192452
859.033759523
974.047740103
944.384985056
742.781259861
453.740013664
877.567661209
451.200620567
346.773701425
979.439635710
382.115165886
797.159958854
344.653623188
311.857339179
922.252676873
555.450450450
524.092557252
88.453377550
895.905687001
708.770766892
978.754821189
573.302712361
875.329652188
904.064710073
648.269234192
434.460585094
950.793352943
365.544798896
666.675333293
909.284883851
948.414466470
987.326187235
784.866230641
887.594502011
527.353771201
462.319153832
505.034652276
946.987328321
976.817280764
685.771827943
562.746891652
824.995151501
592.057432432
184.461378077
630.414942716
683.262028800
956.280293638
822.798881866
753.794401698
950.160000000
927.842120193
651.044546851
381.101036472
417.273292595
440.358944499
609.583464343
970.665235805
907.575341237
910.435610035
649.334274469
884.173059983
972.977903141
875.640337125
938.467900357
248.499496981
903.579548241
350.411187036
898.926026254
908.902084938
880.023863313
350.462553495
731.456766917
377.078241218
720.949375867
675.533123612
605.811851980
82.474238402
356.780044285
278.190582155
993.658392004
957.799561495
600.092492918
872.495272194
396.691315856
932.159871245
518.814995928
793.690115851
816.815156568
907.356049189
838.314976605
531.991541286
795.699692095
460.750474769
633.013427978
602.766123799
754.723128041
703.068275490
484.257163086
933.376665661
906.428154903
901.569742172
455.131868132
895.744941376
80.913534097
250.593296000
204.218020752
876.065636810
676.133122987
538.384620880
495.699505749
854.025760736
73.000000000
193.489017776
796.145087280
978.205499893
301.242427291
820.954933009
780.670224871
176.453960001
332.631928714
939.839879980
995.437090617
856.981913461
869.036823155
966.613676709
522.418414683
499.883986541
241.051861640
717.855138590
217.878406456
303.794338328
888.168339900
938.058634474
865.376218763
905.967990605
855.457187707
454.837333560
345.020289258
321.288032768
174.656806337
161.489937767
540.696772692
656.018292428
929.132390997
838.867093168
649.739178440
711.210939173
920.220625720
517.040617360
655.493707064
929.204498482
641.213692929
984.640609137
530.160377358
789.253444718
897.619072881
475.470526316
324.314662018
808.392231531
875.815619865
488.509979427
723.624902833
371.835985348
779.799974352
799.811852875
719.137691238
916.523867665
504.366929923
727.820032700
535.602464520
540.436860327
502.684791892
967.065664782
353.807857459
703.032004961
826.350409935
642.689660723
642.572953057
601.162207728
691.345067265
385.882106349
354.797125141
949.183859963
734.978911262
916.985823227
360.786640551
675.674477837
874.121273051
923.339590833
244.313323419
225.091092671
547.725296111
822.049268596
650.143061180
674.188400968
863.589022626
800.268704874
672.988112927
817.737121574
805.440873063
375.507978723
932.039162267
675.911236776
960.300994480
313.770616853
893.455091205
757.363188966
149.003355705
932.639265740
292.989760913
512.421701795
899.114008344
986.490750083
785.537395673
801.181003270
548.495214200
433.668075837
945.557507505
748.178454648
915.968885934
952.267857143
965.353821145
650.844067346
915.879358868
263.399239544
423.870263170
627.425692812
917.688945122
570.323592369
965.306169047
615.542038993
594.951260504
615.574528388
478.883075500
784.234658760
542.373616236
788.636798533
547.315265638
681.959676227
571.935311027
238.195298022
776.285385667
729.977396910
712.866748492
602.748703856
249.548000000
135.136967555
998.314579786
934.300272932
101.715288920
569.985964739
886.641415681
640.521840874
573.778702986
708.624018797
759.040842116
862.085842593
501.292329883
383.108339768
533.984082160
553.637968351
871.680560756
582.073019482
807.681249009
593.108758998
691.272739228
528.391900014
942.590048749
868.975258918
513.717821377
923.032502136
373.443436145
976.687258031
983.668643397
246.091463415
857.238006624
561.245937277
819.245384485
904.361653322
208.595301961
686.530407866
837.955249415
365.316301306
876.034816660
693.742026981
592.474472024
549.250400510
745.204669873
792.533910946
762.379826596
443.851326460
500.586655835
963.504540726
441.639140271
120.054154447
766.463306362
920.125534924
790.325249502
715.111180168
912.382595187
665.000000000
820.014024270
914.420581571
717.893446133
923.820870083
500.653572843
619.904831406
403.004962749
778.731019030
841.012485137
512.369983508
346.212362575
559.246814922
377.030502745
911.251337448
582.098788867
599.711597353
940.274959786
394.446447569
561.233463008
939.715914519
660.839618644
436.232798165
259.320265309
912.994523549
754.420970308
258.222772040
514.411314028
900.970587755
891.124570417
432.883356113
681.263531976
556.082727658
746.333705523
997.820124070
499.158291527
498.746428559
697.876063496
995.291414612
706.693710174
134.082064439
938.053303390
495.898185484
708.777115883
550.473432601
572.354785077
181.857086747
987.474050292
756.403439153
971.075177316
975.753042527
902.890912569
731.492310281
400.103736566
913.701811317
846.202103519
943.721886998
401.525839766
334.917910448
949.519878676
923.224241449
384.175741035
389.068117429
638.131647860
819.704824922
954.453246634
654.041283101
952.543437330
117.034183041
397.536161877
862.243005191
559.651677385
965.222772214
795.163522013
688.196919493
416.769720589
967.885323897
399.815000000
634.810207857
837.668192067
804.450122755
961.560710512
993.750974842
817.798875030
413.816384403
922.877565011
288.421566461
846.199149137
992.653010875
793.714054304
431.906239825
602.714692039
401.027430483
938.427940761
557.866471479
997.102803125
356.620246200
918.948311931
578.229193314
596.132536487
981.126393489
985.195412088
609.000000000
401.652835170
659.540749310
858.227242634
994.918087081
701.693665355
540.949165819
505.738074505
805.724518679
207.651149768
560.219599800
231.144976151
973.546609054
128.751699018
786.376590331
322.389515959
850.558052105
219.952272727
930.024730854
726.428248349
854.151040507
912.677927858
974.334131600
485.571827848
949.229160951
912.367250618
964.746632124
905.716291120
921.175336187
920.966883227
411.934460807
595.847295874
697.345681854
719.073014380
752.488538119
970.003608241
385.295990117
882.432433674
928.021012693
380.539091290
61.000000000
867.793178152
644.531612881
833.301866073
154.408548986
835.974880005
814.170129641
874.965142163
743.845414048
698.774678112
233.120140700
724.952412231
860.855388553
515.890492256
887.609148218
259.509152054
457.960697004
225.466183717
628.403532772
951.835595058
704.992907772
842.779330802
629.050872347
812.261658254
837.038828251
489.031696314
634.845650547
446.011210621
709.861254049
885.912523898
547.651348944
757.364509335
924.963242513
413.699166062
860.102319495
616.275912234
729.935616438
180.784402655
556.497079956
761.122207622
609.087021697
822.864508896
811.520178431
743.892465347
870.252836824
400.329863987
771.683873098
940.024468085
645.128669337
945.253934144
754.994701968
483.382871025
971.174546952
978.549947627
998.169324313
819.681035525
815.145999203
839.757107740
875.611215096
754.580678258
559.985714103
597.580120151
182.038457475
734.810179570
241.727118876
952.009978939
807.384047413
398.778133804
417.506886171
870.048849203
320.643103777
617.192028464
714.751705140
743.361957595
543.915434604
229.514705411
305.353893049
122.702893201
818.188853505
984.396261675
831.317628828
439.892032208
762.604746904
705.465094813
712.856928142
616.288081988
924.112006198
715.517994183
540.133317904
447.757747002
430.390520342
632.222310127
783.886471372
366.058738456
475.522870112
818.477995110
653.871547018
877.776167368
335.830314296
919.058215452
696.590266943
864.203101128
722.129489773
861.300179961
564.822095885
274.087577245
806.035979346
732.675917442
874.486706588
669.789519177
962.135645322
804.750271824
933.922373648
749.376502003
799.915620550
999.206685348
854.329561703
241.419087137
742.167097088
561.253953215
823.624307558
936.953575240
396.693836652
971.223455236
531.025423120
334.964177189
819.967072510
913.463190282
937.443332622
231.108199775
811.367364392
905.552871025
154.864456865
21.307275753
954.540314136
501.778835743
476.541708563
728.115375473
446.918337059
908.319327109
659.800757576
964.809825821
619.192215713
570.556745644
890.371832439
926.373575130
900.953383928
408.520501322
936.106831516
627.756322151
807.402006438
924.989189126
986.238814892
600.336572266
948.311130379
743.058544127
697.197246127
589.176544000
113.410757870
835.019161457
538.757830570
714.923772160
863.279213233
867.963708919
874.380923854
256.109351816
716.002094969
928.086202893
318.315880848
297.704551527
948.280021934
708.494883538
890.502805836
613.121521397
810.300561520
967.504521953
635.176353464
800.772751784
833.288065437
988.267676290
800.320560775
890.116284538
777.975578023
961.088965768
940.092016773
555.502475242
705.074464153
890.143808606
986.377209793
472.855157527
737.366259060
510.186240504
769.994805177
647.408680819
986.094315976
910.452634682
849.876461611
702.368848968
961.441105841
601.866264215
459.219990854
609.465339457
897.029542434
309.098705502
870.433799895
993.071497930
944.878299042
620.334677419
716.850751552
774.058137351
759.734822158
723.343625119
153.883072493
288.629520320
763.042593831
446.035872997
387.384821592
680.502020570
591.502324594
787.173424348
482.602320763
892.432070820
767.703718892
963.346770379
285.348909232
755.163558443
762.292594743
792.250591669
230.969694982
896.372132543
484.345950742
526.626053286
782.621328225
582.524677589
569.183625906
224.102655049
275.644698843
669.532672840
520.296069560
586.643844253
519.420831311
138.206367437
901.377279505
921.029315494
991.798870739
592.299755192
320.901854155
188.183421161
481.839184791
167.376820378
480.095823769
818.296401067
831.009626900
690.390469227
509.328970313
992.881161066
717.699797966
321.854004195
595.668624161
713.978290986
480.139583333
339.210848883
771.538860104
841.994061737
758.309963010
639.710872284
104.494018968
493.287948363
803.977611629
486.945585216
868.082945346
836.019736609
211.754574921
653.359778376
449.172572627
583.276949656
680.334476563
963.480150289
654.857999875
797.309851940
875.097137470
955.184275415
307.720652541
326.905185031
437.545426213
769.348425617
939.169313809
824.966060606
433.756844326
962.142401103
252.746908982
985.079692208
568.480430622
771.176374119
514.248969273
887.867670320
818.079458244
542.674856613
799.297191287
283.855597125
984.933500293
593.934339805
674.817753175
879.754511213
992.453021558
366.376855164
337.203264095
494.798949069
816.981640147
399.313160327
872.988545171
597.032662423
697.034432435
983.972052449
730.049998288
976.497311824
522.131209563
455.149428697
806.385235732
677.804544098
828.233662682
664.679622074
708.177943740
247.455046472
779.124508663
460.821006466
850.437058824
596.983249346
384.199167100
497.197143998
565.109723943
733.822185546
194.748555835
384.140599260
958.218138004
944.041842293
448.929838616
776.595776450
853.127774721
764.336968468
510.071563607
225.470618928
885.166086110
786.338985425
308.844621128
620.436943907
460.971799571
586.229477253
488.199754199
167.934511045
411.222567474
616.350549606
539.270803957
116.266934291
389.832015104
790.936154187
785.273837588
348.538376653
922.899241603
935.508952389
999.229703322
855.978387578
940.920294180
675.359163705
874.593048223
104.139329746
597.794278996
962.300368908
682.796486091
443.242663657
716.690309688
939.854244019
785.208252674
690.958754196
553.892588865
723.565477341
732.314140243
570.223640349
132.819426290
923.817622694
464.168073008
766.838966146
901.984478813
211.804154822
588.388477114
70.306471964
629.950791729
712.859733749
820.633292044
836.184788190
807.534519399
834.601701412
323.873456790
781.792811428
444.521090613
978.926452804
792.051134713
938.366133234
297.701192473
993.645372233
882.710031664
691.203328509
544.303224325
544.445589568
380.405047285
913.828211427
892.902010304
811.187401283
739.147481901
740.146607099
663.493029360
602.681507929
691.672610416
830.118063892
747.871646743
661.301746558
779.576808275
769.046812619
930.841017575
726.739981011
446.264495563
695.727676609
471.582442421
951.623875278
860.993031331
350.355533708
935.480090649
933.686242803
533.277673546
772.932726702
477.393967285
319.699859243
705.945465316
742.223012308
896.960422761
204.753510348
544.107526138
997.835657811
927.374250236
945.274034350
497.157947686
301.375181460
411.573808690
530.609083978
792.032196315
240.632499883
779.910251247
314.633119681
875.599223389
164.444519520
455.065929289
447.782313184
963.361302939
690.852372078
763.402253078
190.362811494
644.689072344
696.443824009
485.030926850
295.296461205
623.320142788
620.222540706
678.910898380
600.105824001
725.643939394
893.791922094
768.047524571
179.777640434
894.526131536
887.779842342
659.749194770
607.308896211
637.362534199
110.145358504
659.325412827
970.163903678
306.871308532
881.017593468
291.127120001
313.122979035
974.463955208
700.596888374
529.376048357
807.671344050
258.511121618
419.140787803
832.639177555
711.256634415
625.728375575
744.775133865
552.215537630
939.500531915
632.683965341
465.109664588
690.230396317
698.169750132
467.189469059
382.920357796
968.058366009
324.764530083
956.145909367
896.827742657
365.127397260
605.845689924
747.074297189
440.825362247
946.509376604
285.902081140
802.645625416
866.360277136
971.312049434
962.995846305
269.560753820
968.204007428
869.510781992
879.690854789
169.475661969
746.062329836
740.114855967
917.524386597
573.914627798
894.072703979
525.889722280
916.075870220
357.366758387
956.297547838
769.037710389
736.152837392
325.296923077
381.913602795
719.615174937
925.950862627
639.805439177
472.169461105
803.488792030
824.362177686
817.677809409
964.899476630
937.544132295
631.163211856
833.391264653
967.971590492
976.896105026
536.923644478
992.670640677
448.563261982
600.226623868
887.800653300
818.672095530
825.487734615
961.545630743
809.321938415
634.937004749
952.717166844
534.054304355
999.316766596
458.919382899
740.991902790
483.160428843
720.780826604
965.744790304
936.297542735
893.043112061
607.168016285
255.019607090
456.439692982
899.377562540
812.872683758
217.368350962
983.958841463
867.223731550
749.331702252
520.674562467
761.526755932
778.079687436
669.463964676
824.605360157
997.299854607
274.308220803
167.074850299
427.616650752
579.940514191
829.431130354
757.236422790
583.185219291
991.574001273
679.901463451
914.208400749
940.338768742
781.805602436
434.277561014
306.825684485
994.613995478
809.906784760
707.775388100
878.978384262
308.308287271
787.490317401
916.242326025
458.578237600
860.612572532
315.065072644
662.640173850
875.662671233
817.915643572
990.969223007
211.002369668
915.301092896
906.355338706
886.777311396
774.188607511
855.613814755
762.418520237
973.038539833
236.326045962
153.502442978
829.986746988
274.858145231
