226.254281727
708.566863465
645.944270042
864.168964960
720.717697854
992.316481774
740.287106466
848.868069844
727.746521805
889.087734703
491.725533199
857.918411039
677.229650857
685.199970811
863.165685138
806.415525644
492.525126263
384.953243914
916.422937295
103.561575886
588.366382452
559.064397006
519.340928485
581.362193473
387.067177632
813.420555432
731.575013242
842.303983132
503.690381087
722.357944515
911.265054745
745.833761639
969.914429215
923.902051088
850.810202102
833.702584859
938.219590501
449.849974992
819.022588211
322.722910217
117.732748205
283.460755661
725.883599669
526.049427335
724.476362623
325.883414736
193.517441860
751.099860205
495.839691836
622.547990118
343.499636099
578.284602076
654.606752180
737.329715061
547.971714598
32.419130155
819.540114943
828.798527991
694.097255433
664.234145464
417.251725377
158.091772152
984.736512982
814.803657331
578.185091472
643.499028748
721.501905749
922.368147759
874.148728764
594.744482950
936.998399146
905.218205738
353.519448373
534.399663174
863.718750000
582.018900037
920.124991509
451.552876195
828.507694629
477.597110544
878.423588026
737.712003524
721.418048014
724.159512815
503.006958202
552.554069752
844.663838459
349.656974762
703.593632717
745.869291498
528.479895549
567.125206634
643.268217775
930.832960310
493.500759878
585.062389835
649.522901829
966.737813474
894.812829591
707.464486741
527.749053030
362.480344295
274.708936877
534.367850829
612.311195390
656.059448526
838.828945614
362.845697232
894.767567584
528.326603532
746.933062597
703.421637427
913.857756984
560.700454788
800.971285379
229.852126377
950.901677357
491.645197295
327.423273455
695.361776344
782.070329318
574.431022839
627.804906002
342.902318452
118.372294056
943.736721767
543.369119476
634.834624135
782.457027574
770.186990282
714.366852534
622.844282320
980.325456162
653.222779762
619.808034798
475.264137104
957.612656558
290.669915884
782.256351844
888.980877185
398.879681107
803.845756349
779.127717880
611.106373719
646.355939092
649.990769166
156.757774927
229.455878112
714.874115261
761.029565786
844.226865244
964.993264225
689.050796386
172.031973772
964.833664421
569.368948925
252.527226255
561.570120288
381.355477213
281.375194358
969.302326418
511.386351011
682.520329368
819.115986903
169.443205824
354.845036600
527.604018180
589.314856422
683.531272145
703.742850763
811.931647369
644.093167702
742.037734890
971.721667969
932.098707219
923.127835134
363.837877955
552.101439955
932.678937255
882.631293350
874.881706289
992.682728775
960.303077158
630.033332452
760.286130348
751.948801449
960.075517863
775.246413829
194.038655943
779.358069183
328.847989199
287.774217052
628.500596659
631.740453034
873.958809098
848.818001694
972.278766610
885.723433132
575.708259451
984.280447840
790.129736183
594.409791306
459.925000000
858.374626838
500.168971449
848.650693749
996.562592114
990.566504582
455.060435547
843.902245524
966.398468543
878.160008199
818.957874375
499.747936464
484.333562744
895.317820667
632.412839844
549.339603524
635.514751992
919.437327935
487.271997964
949.043202389
942.446284941
983.809432766
746.324326282
849.647573998
933.098601435
293.199590723
838.662029664
911.055980717
881.502127054
938.914799117
740.509284209
751.108514131
576.244739672
812.069578300
667.951345533
929.139386745
751.145791441
653.666581676
422.900697564
759.618983438
808.788600315
548.276390662
938.818938880
763.517517808
806.936180872
917.216986323
402.697156682
958.355362077
588.187045087
772.066059350
971.074147529
842.775770890
399.228005030
874.637639254
298.636903279
971.668667808
811.036990525
752.095738587
834.483672706
733.679766656
567.186067019
879.918181818
892.854971426
954.764892526
621.763621743
332.903890034
617.302195039
592.188314643
855.350220670
375.662082196
983.894303276
753.345206396
834.847291425
602.814233409
570.094728971
739.184009567
611.807976411
655.186259542
308.009740106
712.231741573
950.928493631
733.546862852
540.568219562
807.795766268
371.387937338
760.614882987
816.732514352
996.278073873
856.165871780
965.091705487
375.462383489
702.802248147
376.827546764
532.124045689
421.975117750
393.136108746
369.987837838
962.414152016
844.115513565
510.440007837
585.794332509
785.697142670
724.994482738
700.614730076
911.333089490
681.459463211
335.258109522
496.482628095
618.286341431
377.091500833
798.435971134
508.818238667
722.626459521
796.300194650
476.726336592
907.748863949
748.848449287
542.546772177
835.973684211
692.936505028
182.098874241
703.664692876
244.820342292
236.611495917
859.552210330
662.848398957
639.362182178
910.609220637
982.292217214
846.698293373
958.607844742
731.434891156
637.962381336
295.930735139
855.792615065
881.486244930
742.740870021
626.459096830
827.231527446
440.131798442
267.856304761
973.307762221
881.385840594
959.015641165
471.431861460
897.892532545
768.065101407
875.073139800
499.015029834
934.932617893
654.440982824
920.743178090
808.705137859
818.688644689
846.575454404
719.125162958
969.147047666
276.647790521
632.035600263
469.246204034
560.274040091
169.171510604
991.926408561
850.026470176
427.258705827
683.496159463
686.952692868
727.001375515
734.938092631
431.117153451
745.585005214
672.796403082
155.009677118
254.064952325
836.588309744
428.178701012
173.718162551
152.003289474
287.443907572
812.299876847
984.896948924
857.498104954
650.491352748
821.219824408
733.920976972
68.934751759
901.660135528
729.803398183
833.445859069
515.850753610
779.671725792
591.452449483
635.090544726
366.535127921
949.759473684
874.975428226
385.638431695
960.318176439
966.810219226
132.559420638
841.789759976
833.893278543
967.594439835
885.771415669
948.655891248
847.397191404
511.961912646
420.638799922
346.352421675
355.356159367
792.670801783
759.980262902
921.280630427
256.793691511
715.526379667
466.911134904
809.650541901
624.743147221
143.739347431
372.400322234
801.507329973
546.427489019
183.842323745
767.511563431
579.891369137
733.392800619
703.460730958
670.287997804
849.124254747
277.654461516
821.646517670
835.432821955
313.373578976
856.464243270
919.578707887
344.075573094
829.350348164
49.061224490
165.981926727
304.975408845
265.858985178
382.443459873
746.588909642
695.846965934
929.165216740
552.996383352
761.888443278
771.821222823
163.532871313
882.616564546
904.251625567
941.843405243
139.115061107
469.963829787
392.770926680
773.920538557
489.264754504
112.022319205
979.413089559
418.497311819
798.236180588
361.915736049
619.280227361
659.653697026
851.815120786
735.266618309
978.066459916
553.406722041
772.976066900
563.458960351
858.619822739
545.332925835
502.379338747
924.001623375
593.220026634
463.035635778
778.870335807
834.137278870
442.219402559
781.232999815
741.966980397
324.387114673
102.342562016
36.742346142
675.887564614
740.810367098
83.546394297
34.727510708
791.748697504
773.005174627
427.243490296
527.258001362
935.244353097
946.520469932
746.542698042
822.597106730
997.205595652
794.236740525
220.603717104
871.607224771
735.254377750
615.788112909
786.287479234
901.772698633
814.028255038
763.859934805
530.031131161
355.512306397
383.807243288
586.644696558
549.810876575
513.643845481
827.113656035
993.893354440
907.725178675
883.029444583
359.934716303
967.198552223
767.662035013
999.826985033
688.000726744
475.085255507
867.298103307
767.320663087
459.954345561
953.880503145
863.584390922
789.074774657
212.668756521
895.950891511
213.703065022
648.953002921
834.305699369
794.611854933
945.245470764
796.536251529
830.675628630
976.743058257
525.501665078
997.887769241
867.491786705
252.176525474
844.147498960
694.239873235
911.370396710
202.247373283
931.394653195
697.280431390
785.126741361
758.028363585
786.759810870
673.388446589
713.766068120
890.281416183
992.632862644
716.529134090
613.620403833
898.479270768
741.946089686
572.636883199
865.509098739
663.507347359
727.178107481
873.594299432
154.444164668
377.563239736
837.538058837
907.694331810
986.862199818
779.440825207
635.943393707
782.798185997
810.223425976
544.844014375
43.104524125
945.618316236
819.891456232
383.215344160
717.071126179
428.205607477
916.801505234
375.504993309
742.106461365
298.727300393
689.573056845
259.372319263
835.910880417
864.320542392
981.731124086
669.883571974
123.158434547
675.448739728
315.543974748
553.693958790
903.837927949
440.007954474
615.246292146
723.482549893
677.325623316
782.015345118
722.674892327
518.115817168
213.651585531
900.817406581
608.832489278
869.548158528
806.703787025
367.793420337
998.702658453
440.931968700
885.932279910
780.980153397
896.090955205
689.533900544
952.170152861
520.020192308
773.771284037
750.904121709
997.949397515
980.280572081
894.922901707
735.708502058
310.277295334
418.995226703
570.601437082
276.866393771
814.172586127
815.952817263
105.375518979
911.511382266
352.693918292
915.509694105
902.229460836
712.339807665
585.562976972
632.732170827
932.178111588
501.568539683
998.947446065
126.822710900
744.107519117
781.288039074
934.833675046
614.582785310
975.145630150
684.737175857
613.776832407
802.160208437
532.469717449
972.460281965
846.962218756
282.572114689
659.875745879
725.327512232
875.281668950
663.554820644
947.176857825
581.116167388
834.692158823
758.184674074
461.302503787
661.009833512
734.021798041
437.337398355
917.449181154
628.121007450
902.828887442
835.535157848
933.159686227
755.184745609
333.741017964
936.389876067
512.358273089
944.774047061
534.058049279
702.310472654
765.592580946
739.364592065
924.100102803
719.225277643
690.286896877
906.870994133
523.010516147
888.495920081
991.791308694
560.700454788
512.949315235
519.086697961
617.609909247
580.470498820
215.552777760
299.329250158
874.152160668
759.153475919
372.086021505
774.667025249
720.836338419
624.803969270
833.576139089
480.963617464
689.057327078
710.353433158
626.324197201
981.984215886
859.023282572
912.935923272
357.322128852
594.382032030
947.923520122
932.401201200
654.486057911
764.090963171
625.976037880
789.385203814
852.365531917
590.673344582
700.000714285
446.303708253
926.053455724
778.438946015
405.246838359
632.197784810
957.615789344
757.518976898
811.911325207
433.757997044
773.567062381
689.103040191
910.610318332
911.271090291
746.603643182
800.558555010
712.362267389
930.147837712
708.703040772
941.711739334
395.633668941
546.171218575
608.921177165
944.480809952
410.346195303
568.735439374
868.231566820
910.226894791
891.285027362
758.735131666
958.256228782
671.188498114
942.032377363
515.311556245
791.108083681
839.450415450
847.235504462
572.000000000
783.982142654
356.195171219
865.766712227
922.275989062
959.964061836
825.146653632
350.575241600
946.876443893
652.316640904
914.685738382
921.749423650
198.335574266
254.852898747
970.829542196
639.165080398
546.089736216
970.680689193
894.419364728
702.012820396
712.888490579
914.586791945
456.667274947
509.982352636
269.875925926
822.980558701
784.419530609
642.003894069
754.459410205
770.828774761
675.186666667
167.008981794
983.247679885
978.109400834
335.873488087
759.287165702
314.507551579
866.693717527
278.892452390
586.936112367
697.541396621
711.091414710
818.369109876
683.067346606
931.611507014
420.362938423
774.725112540
713.297273232
602.768612322
854.125868944
721.794292038
670.393283582
161.598267317
489.633536433
122.645831564
642.741005382
961.309523515
436.374838871
930.602493012
853.944379391
519.517083453
683.913737251
705.744996440
910.246120563
737.913274037
596.100662640
681.496148192
672.603895320
818.080680618
391.400051099
821.297753561
451.963494101
786.068063211
956.739776533
494.022267206
588.321341152
526.174876473
977.756615933
616.124987320
611.986927965
644.944183631
483.139731341
717.010460175
758.147083355
499.288493759
997.339962099
160.461833468
223.141210896
789.339597385
938.087415969
482.360860767
425.510281897
785.174502897
516.751390903
971.410314954
238.553981559
612.350389891
480.955299378
818.835148244
417.249325943
294.955928911
548.387636622
547.099625297
781.190781050
980.500382458
738.603411860
945.569669564
922.116586989
696.787629052
870.207446532
842.841028902
572.013111888
137.229734387
499.045088143
128.397819296
605.744170422
333.850265838
102.381638979
197.347409408
498.596028881
963.419430985
804.972049204
716.254144840
971.154467631
125.339538853
460.359643788
237.035864979
934.082972760
877.711797802
722.434080038
781.741645302
816.445345419
961.166478816
489.251469083
504.998019802
974.103690579
959.777578400
910.817764429
602.614304510
842.853486675
762.173208661
783.481333536
877.891792877
759.314822718
805.165200440
357.551394907
764.033376234
853.294204832
758.368643867
232.884091342
446.746012853
935.381740254
384.812941570
901.810401359
539.940737489
383.463166419
852.155516432
57.913728943
385.268737377
607.494855945
798.673900913
828.565628059
408.734632739
387.201497931
654.204860881
338.747693719
404.995061698
951.456777789
790.246164179
296.086136116
599.069278131
234.589002300
325.975459199
957.856462052
821.764564824
648.396483652
931.626534616
744.088704475
575.104338376
925.311839328
742.536868687
604.254966887
550.557898863
710.264035412
934.811210887
997.811605465
892.577167532
473.101469032
787.873720855
376.119662324
730.837875318
607.109545305
965.825035915
792.910461528
794.353196003
602.715521619
743.341106088
140.028568514
774.506294358
822.428112360
745.196618350
465.205376344
675.659677648
899.066182214
159.106882315
645.103092536
434.390377426
488.879330715
228.236719219
611.750766244
935.297813533
134.301898721
347.575890994
701.517640548
861.341976223
751.059917716
631.848083007
951.676941263
857.293998579
383.985676816
296.416936088
510.540889645
764.781668190
376.962864721
544.744894423
630.476803705
807.021065400
275.388816040
731.946038251
969.579805895
528.912090994
909.135853434
253.086941583
417.276886491
909.926920148
320.451244341
582.291164281
444.960674157
247.386337537
554.292341639
720.924406578
508.664919176
204.856047018
858.239477977
514.986407588
805.946648365
368.347664947
817.710217620
673.619328701
881.928001597
663.444044362
599.198631509
988.182675420
765.269281046
342.511313682
666.863568216
899.216351502
659.244264291
817.985329942
878.819662957
96.669540187
914.273482068
938.053837953
991.181618070
234.200768573
942.268008584
678.451177315
621.269668437
904.447897891
789.888599740
846.953363533
839.829149292
58.370689655
927.409833892
940.827826969
975.062049308
194.097913435
885.955416486
994.996482406
919.223041775
908.852573303
718.343928769
112.401067611
756.565264865
921.773833432
732.629510735
506.855995328
454.109017748
761.600288866
984.435879070
456.343072699
671.316616806
690.605531400
515.936042548
627.576290183
519.839398276
330.600967936
965.617419064
985.309596015
839.908328331
827.116074079
885.062144713
780.863624457
538.643667001
640.224960463
844.377285341
875.875561938
802.041147132
411.243237026
832.296221306
238.972801800
792.036616162
248.324384626
517.758631024
948.218856594
319.048585645
617.724857845
829.057899064
669.992537272
902.048780488
663.939759036
899.461505569
742.437876189
656.256047591
328.841907305
839.667195977
628.481503310
804.670740649
718.962446868
800.172481406
624.498198556
661.014372163
501.166638954
230.054341407
173.060682999
513.278676744
298.263306493
781.897052047
127.074781133
909.132553592
653.986238532
351.508179137
310.267626413
305.365356909
408.639205168
656.304807253
549.536168054
406.441877768
842.474925443
920.522134443
784.406144800
679.070688515
264.431465601
709.760522993
836.066982962
156.038461538
946.748118562
363.833753245
894.228717946
653.727772089
507.814926941
538.496053853
638.032131661
545.901089942
881.297339158
395.025315645
568.137307347
237.768797309
574.022647637
852.832339912
339.026547633
475.831903092
105.009523379
677.307168136
858.650103360
154.644754195
527.471326235
405.540380234
426.880545352
357.988826641
764.735902126
775.928476085
300.279869455
929.874193548
792.619707047
863.513173032
415.975960844
514.735854590
587.878388787
410.810175142
252.549005146
250.736913916
783.439212703
786.200992113
823.750569044
722.748919058
606.578107089
630.100785589
634.691263529
540.602441726
489.196279626
814.500460405
794.099489989
671.917405864
895.489810104
984.140741967
696.806285850
760.398026316
882.028911091
424.109655632
670.727217280
186.126303063
896.490936931
456.528202853
645.833569892
692.122099055
728.916318928
946.465530276
658.066865903
948.877231531
654.551755020
958.694424726
807.436065580
412.123767817
176.541779758
798.034460409
387.388693691
478.171518193
466.748326189
734.934010643
842.058786546
785.474378958
959.239803177
926.103126007
227.874965716
803.647388060
720.539381297
550.586051580
907.453029087
384.463262224
554.283321055
526.577629605
940.257943333
974.248428277
625.305525323
728.690606499
916.986913756
656.176805442
558.681483495
926.721682848
698.359506272
421.168613485
961.288718336
647.650368640
803.424545306
845.192877395
913.227791956
586.544968438
842.302795911
662.440185979
768.983094743
522.095785441
926.314741327
259.626655026
794.071155502
993.619645733
832.100354525
885.682787458
942.266416678
477.908987151
301.751553434
404.179415607
801.125468165
187.576650999
972.969681398
428.968530317
962.417788697
607.719507668
809.250270312
597.544140629
999.955499010
854.107721543
875.271957737
446.107623318
594.981512318
960.471759087
484.832960926
833.121839829
420.973870923
762.864339185
921.480330772
771.589916990
768.430218042
635.473838958
516.012596899
629.066769111
835.775089363
797.864650176
924.642092920
52.440442409
226.702448156
748.378914722
789.628394124
336.694223321
492.493654822
734.954420355
370.414632540
990.457975770
328.978722716
495.812464547
776.755431265
558.266961229
465.469655295
904.084066888
440.027271882
736.823588113
897.651379991
762.146967454
643.506211180
610.870690081
537.762029154
567.218652726
702.968704851
574.154160483
732.387875378
836.590102738
