895.950333445
546.142838459
771.931344097
951.188204300
664.575804555
734.040189635
925.219433432
633.073455454
754.051059279
504.618667907
836.905609982
634.700716874
933.621443627
583.521207841
936.909280560
480.766055374
500.764415669
480.855487647
996.662931989
211.468673803
464.550537634
768.977893050
433.176638336
402.700881549
468.120710928
911.386855293
200.751089664
761.134022364
796.069720565
446.765038946
766.910033837
707.395928741
804.013681484
904.682817509
308.048697449
422.652339400
919.302996841
758.209733580
871.696047943
655.675224482
818.001833739
171.840041899
389.371288104
859.066353665
948.983666877
879.669824423
794.920750767
815.602844527
970.136588321
824.973332902
968.795644086
803.898003481
523.159631470
720.181227192
990.760314102
889.439711279
361.452624835
729.908898425
969.681390973
894.973183956
837.624020668
858.935969674
837.856789672
617.880247297
955.727995187
895.062567645
946.721712015
798.350800087
902.289310587
881.806101136
775.187719201
977.354145343
562.000000000
997.018555494
451.039909542
356.506661929
653.485271448
863.368403406
408.439714034
925.165390619
510.480166118
483.959709067
666.141126189
694.286684303
946.871163359
777.114534673
338.147896637
937.343586952
325.396680991
986.269233019
889.285668388
583.675424019
966.065732753
316.227766017
186.220299645
377.642688265
754.158471410
788.338759671
134.491635428
636.402388430
811.493684510
525.326565100
965.104657537
837.736832185
736.037363182
682.427285504
844.245853081
688.934684858
440.710789521
406.482758621
886.271403127
38.275318704
597.283014994
809.369507703
260.365128233
814.889563070
593.618564400
984.056908923
834.705936243
721.534475961
574.486727589
703.276616987
879.541926232
369.457710706
507.926175738
856.373166324
500.328000000
503.061626444
947.582805907
857.164511631
485.864178552
681.892220223
669.667081467
638.507635037
971.846695729
999.876992435
813.029519759
428.520711285
861.407569040
524.272829737
643.580609074
585.645797390
577.386352454
361.253373687
657.971883898
741.986522911
599.336299585
602.635047106
909.404200562
924.836742350
112.814006223
747.537958902
419.243366078
672.124988376
687.978197329
886.139379556
856.230693213
470.522050493
938.798700468
537.967471136
823.270307979
398.522556391
887.118368652
530.772079145
890.415071750
916.159920538
767.442505990
831.199735322
714.282157134
944.418868935
879.512364893
716.561232554
725.284771659
344.740482102
989.357367183
673.467148419
737.737080538
450.305555556
936.514815686
448.426136616
754.047080758
962.672322239
897.227424749
436.814606007
297.783478387
717.762495538
411.415848018
805.272003735
182.428068016
843.231284998
365.013698373
569.869283257
473.974682868
904.168125959
469.445417487
97.092739172
910.671181053
547.180957271
817.058137466
853.413733192
224.225333140
694.830195084
789.191358290
446.949661595
879.477117383
515.445438432
466.588683961
355.933982643
950.322050675
626.980861244
728.563655421
966.536600445
747.517892762
595.488035144
716.335117107
891.504907446
706.388101983
706.209600614
254.509331853
449.766606141
731.566811713
776.831384536
962.458830288
469.650934205
895.176518906
211.210795180
599.535653652
631.507719668
654.280520878
995.852399839
562.960922267
495.029292063
336.738771157
582.328086219
446.655348115
451.704549457
287.057488680
635.184251969
987.976214289
857.130678485
640.023437071
854.715157231
715.123066332
791.024651955
250.549396327
362.761629724
455.183479503
430.248765251
920.079887836
497.373099393
639.402064432
884.149310033
797.226442110
740.049322681
877.105466862
595.894285954
724.986206765
993.685110664
990.130799440
940.234013424
308.807383331
882.409202128
397.757463789
741.407445336
818.693471331
921.205188869
269.766565756
733.771762882
839.843437798
967.137529000
810.722517269
481.873427364
960.569102147
887.401262113
732.901084731
647.663492873
607.187779851
842.618537655
333.235652354
418.726641140
432.936484949
903.852864132
856.961492717
758.231494994
885.879224274
689.623085460
820.928133274
149.231363996
534.497895225
670.202985075
849.945880630
548.926225178
840.255952381
669.467698997
528.466649847
999.596918763
644.794540920
650.863272892
540.316573871
586.790422553
683.087842082
314.167152962
474.107582734
989.575161370
950.075786451
237.354165752
669.884318371
494.545245655
873.375635448
459.295112101
944.203897471
870.129875363
464.311318113
710.823466129
930.054299490
129.321305283
224.140580886
525.451234656
794.744613068
976.528545410
575.491094631
411.592031021
634.976377513
429.562568202
979.633094582
664.564519080
819.114766088
806.824020465
836.959975148
257.831340221
179.566143802
255.501467706
753.803024669
922.853184429
629.656255428
441.417036373
554.229194467
661.545162509
903.286776168
639.179186228
985.065480057
458.419213974
971.433476878
684.041665398
711.080867412
657.356067896
400.463481481
746.955152603
243.790894005
102.659631794
960.710154001
563.288558495
499.875984620
295.354024858
815.966298324
774.350697314
667.125925145
723.685014509
895.426155526
797.646538269
870.699718617
978.737962889
658.357805452
330.903309140
367.050405258
797.649045633
802.416350781
906.732595642
906.918959996
448.326890475
863.053300787
248.425038996
297.862416107
445.937215312
836.474147837
832.909358814
489.504851866
616.913284020
941.851899186
928.463900862
913.047643883
330.764266510
182.296461842
692.753924565
763.911644106
878.963025388
997.838664314
908.282995547
816.779652048
98.086697248
947.795864097
494.374352086
293.829882755
863.268208612
963.923233458
588.267857143
533.178206606
439.574794546
865.723974495
966.964839710
133.446618541
966.772982659
122.531628570
876.730330673
533.802397902
996.454213700
505.578876141
784.353874217
767.795545702
948.845087462
381.634642034
747.736584634
933.331130950
609.343088908
309.079277856
505.721267103
729.845874141
389.684487759
418.524790186
875.926366768
661.163368616
566.293210272
170.255690066
769.870768376
929.523533867
823.507134152
521.074850669
684.158607342
567.278591170
942.154976636
933.614481464
948.992623815
968.228278868
739.960134061
827.263561388
663.709273703
911.305656737
987.634041536
385.609906512
884.597648652
499.153283071
995.996987947
913.476874365
606.962931323
727.199422442
737.703192348
423.633095969
932.009656602
734.972788612
858.565664350
705.648639456
549.748124144
912.386979302
937.441198156
586.562869606
952.936514150
791.346321151
417.781043131
234.365099791
766.951106655
969.864939685
536.718734534
487.895480610
421.613567144
588.288194680
659.940148801
767.704370184
747.150587231
795.070437131
984.287051627
306.390273997
466.341076895
918.365940135
220.152220066
771.746072228
468.648055581
308.089272777
713.609837376
770.202570757
752.688579017
963.325490164
528.089954459
494.875741980
481.272272212
618.137525151
962.727375740
609.924585502
681.879754796
605.243801653
655.897857902
542.571654254
824.824830262
798.776564503
795.536925604
191.653645833
994.044768612
926.858133697
716.715424713
538.773607372
333.232651461
907.922904216
463.856658894
667.563480137
966.809184896
535.617401046
590.681809437
998.214906721
983.129696429
985.898067753
986.745661252
917.364158881
534.486669619
974.057493170
298.921394350
585.223888794
512.279220739
812.564458982
922.225568936
859.774970574
863.982638714
833.511847546
837.520149011
887.659281481
884.787545120
593.588383838
893.983780761
838.921331234
355.945220537
465.349331148
950.047367240
625.367092195
586.462275006
871.892768636
944.300270041
334.288797300
263.366664557
953.190432180
415.569488774
531.607938240
727.728021978
849.317961661
731.055401457
234.373633329
708.461008101
894.416569614
442.249929339
863.782958850
953.056136857
433.813323908
616.913284020
911.447750713
849.820569297
629.246374642
709.756296203
417.734365357
869.379663898
968.513293662
721.207321094
768.815972779
396.164141414
880.570837582
912.052081846
345.146345772
800.988139737
739.026386538
784.643231029
845.157973399
821.513237873
832.345481156
611.656766496
650.974653884
168.145770093
826.605199516
403.834124363
744.337960875
456.343072699
493.800567031
640.155449871
620.091928672
947.927215190
439.583894154
682.090169992
924.007575727
595.225167479
981.617033267
721.888495545
916.809685813
415.020481423
393.235298517
571.453410174
952.401700964
934.731512254
395.196153827
259.890361499
565.321147667
925.798574205
709.603410364
743.948250888
853.443026804
796.597867001
675.925291730
257.470386647
945.632063754
819.451035755
864.300295036
888.546003311
851.720611468
604.664462810
824.040654337
964.197075291
854.845600094
366.118833168
662.545847470
306.254795881
768.758089388
495.747983871
446.526594953
871.172198822
698.490515326
153.362316101
227.982455465
715.935752200
835.569865421
454.433713538
896.622551579
594.828571429
760.236805213
776.878368858
850.158220568
892.727281985
928.730854446
681.149029215
998.700655852
894.361783620
291.097921669
740.057430204
509.978430917
954.560108113
606.574809915
875.240538366
955.032460181
417.559576588
822.660318722
848.389061693
392.756922281
653.435536224
806.124680183
820.841641246
622.550399566
673.977744440
633.896679287
646.725598689
908.817363390
505.343447568
817.411768939
191.702895127
976.935514760
950.157881618
809.752431302
916.480223464
297.796910662
577.698017999
442.814859733
604.693310696
840.050000000
623.082659043
730.972639707
830.714752487
351.145269084
873.665840010
683.715584157
596.696740397
448.837387035
536.953443047
670.102231007
78.530248949
93.882905792
919.692339862
812.149616758
231.529695720
702.266331245
977.979038631
821.672749392
774.206044936
793.979848611
886.905293716
329.171687725
885.867935981
417.988038106
965.838495817
832.489639575
993.081567647
811.149184799
985.648010194
495.514883732
560.152657764
621.186767406
590.702199662
454.408406612
955.093717277
550.600581184
407.575759829
809.008034571
236.118614260
459.336477977
679.705083106
912.414927541
890.076962964
309.974192474
284.878921649
932.425868726
922.917656132
788.900500697
614.102597291
752.734348891
805.883366251
597.473011943
886.844969541
798.920521704
898.783066151
923.820870083
759.344454118
531.711387881
717.782696922
449.267182284
729.139231824
530.768311039
555.334133653
473.411026488
665.957205832
919.505845550
399.096479564
487.674071486
207.086938265
964.434030922
961.569030283
942.018046709
319.515257852
955.474227805
576.431262164
798.298189901
814.400392927
842.074224768
438.345753964
421.664558625
629.451348398
993.931587183
954.390905237
888.994938118
579.630054431
552.927662538
559.423810720
535.372767331
528.336067291
578.128878366
314.192616082
371.106453730
623.539894473
295.984797297
821.944645338
839.642185696
593.050588062
407.187917306
909.894499379
983.066122470
878.377481496
846.701246013
517.397332811
918.408950305
720.713535325
919.430258367
983.420052673
147.526268847
295.301540802
287.247284123
897.709307070
559.726719033
470.039360054
830.859795633
784.861771269
299.175533792
892.294234002
390.712170274
775.322580645
911.565686059
653.297788152
903.711237066
691.230786351
877.203511172
336.261802767
134.829521991
153.313404502
870.432076615
437.347687773
956.940959516
856.757258504
855.356066209
90.044433476
168.866811423
912.399583516
696.027298315
495.228230213
993.180748907
969.709750389
964.188259626
771.812153312
753.160009560
564.222473852
932.625326699
951.445216500
648.435039152
685.320363042
323.368211177
561.112288232
481.363687870
627.491035793
623.644129305
975.724858759
523.677381601
902.904203113
531.507290637
375.779190483
852.553810618
898.673466839
197.615788843
136.857590218
553.972923526
417.643388551
651.822061609
817.006731918
545.540099351
882.413168533
535.959886559
169.970585691
870.494686945
902.335303532
566.036217922
858.871352415
432.522831767
952.350250696
913.294585553
330.532903052
239.820767306
894.504332019
660.324162817
831.654375327
169.230611889
995.713312159
804.571314428
738.572948327
174.639628951
722.957813430
41.665347722
831.709083755
583.907526925
869.285913840
998.569069069
291.561314306
615.797856443
248.895560466
421.313422525
796.561987544
844.852649879
962.640120507
903.628242144
610.180301223
943.768008475
531.955825234
651.009216525
790.424569456
563.468721403
909.973076525
423.858466944
550.197237361
412.731147359
793.768858044
915.227294173
981.988798307
675.357683010
579.598136643
957.597514617
981.602261611
786.143129771
812.536153042
367.457482993
709.322916590
538.035314826
681.209218963
178.131973548
133.750000000
959.326326488
177.183521445
511.959959372
660.900143743
608.116765104
212.485294118
762.680798237
467.338207297
500.076994072
796.663668056
620.052418965
977.445139125
453.408204602
768.598074419
306.991856570
474.072779223
922.752946351
167.874953462
639.495895217
815.345325614
112.831733125
284.982455600
389.548456552
705.489191980
972.501413881
935.170053476
896.168510940
253.092868331
498.107418134
452.666543937
871.339772993
947.391154699
979.172609911
564.905301798
964.943003498
720.844643457
552.216443073
705.539509879
958.901454791
778.829249579
803.834560093
894.744097494
996.612763314
830.336076538
935.910786347
793.257209238
480.431056448
642.916791103
845.156790187
818.051954343
792.203256747
252.778559217
745.125492786
739.298992289
800.635372688
847.886784895
987.663910447
442.412703253
393.541611523
794.608708737
832.283605510
603.596719673
740.497297297
888.541501563
88.504237187
514.530854274
780.907805058
683.067346606
769.647323285
853.069164840
989.007077831
372.621792170
234.059821413
548.210726012
878.910689433
894.711126565
197.828208302
829.056089779
257.767441860
570.593550612
269.588575426
667.191876449
877.567661212
470.773831048
633.497434881
505.744995032
963.610917393
775.239962850
983.963413954
419.611725289
657.892088416
900.077777778
284.971928442
909.324474541
750.970705154
368.324585115
733.438477312
962.417269172
346.512626033
775.997422676
820.301164207
228.160031557
336.741740804
244.368574084
884.314989130
843.316073605
510.746512470
593.733947151
764.230986025
438.652482040
975.333276373
136.264448775
632.996050541
891.683800458
808.790454939
354.754844928
951.929093998
803.766791045
316.786994683
442.576547051
515.771267933
733.198472448
557.268402154
698.315115116
257.295549903
962.532077390
794.263810078
739.600567874
987.196029165
486.262345679
974.895379002
744.946306790
362.449996551
508.228295159
817.237419603
183.303027798
404.735717816
501.245448857
710.277410594
797.220170342
343.346763491
377.711530139
558.775446848
403.229463209
660.044695456
267.867504561
436.787133510
790.853336593
528.692727395
851.931922163
979.325277934
909.998901098
728.268494444
911.721448689
462.747231218
322.699550666
868.553395020
976.073255448
706.192608288
988.599514465
943.632944915
468.697130361
841.888353645
942.206452960
219.786259839
824.113463062
657.045660514
480.120818128
882.281134333
872.388101707
454.357788532
487.582813479
565.219426418
756.019179651
173.637553542
708.106630388
161.981480423
909.064354158
259.726923077
546.811667761
374.392841812
369.178818461
259.310624542
656.903341444
551.596773014
802.101614510
759.096179183
586.613160439
474.673572047
514.585269902
958.295361567
476.325630252
374.917324220
464.061418349
719.898603971
636.304245283
396.576826196
559.549819051
971.259491588
638.680671677
66.347586727
897.336057450
358.995821703
995.315025507
786.595194493
515.454168671
213.016431291
434.772413793
982.588927273
760.776576926
825.007272695
528.552740982
944.039194102
966.326031937
892.221385083
871.071753646
967.709150520
785.534849641
618.641253070
963.623370410
468.669393069
61.506097259
624.597470376
274.220714024
990.439296474
997.421175055
377.168397404
918.791053505
313.694118530
984.202723020
445.327969030
740.274273943
902.389051352
204.543393929
622.898065497
780.377472766
787.382372167
958.491001523
385.215524090
483.829515429
369.929723056
377.625475836
398.219788559
557.225268630
723.443847164
725.173082788
960.988553522
506.901371079
939.846264024
849.496909941
791.079642008
803.472463747
977.392449326
888.575264117
677.679127611
287.214205777
360.817128197
322.584872553
843.806257384
706.383040567
854.077279876
502.350475266
647.424899120
249.319072678
944.150941322
670.826356071
931.733867582
289.903432198
782.655810983
451.779813626
330.166624618
204.102915217
495.147452786
998.152795031
45.265881378
872.921531411
177.583783043
807.793909361
537.113582029
740.380983008
549.234013110
881.529920082
564.751272686
467.340347071
958.525951657
585.385343355
824.087374008
913.884566015
250.832613509
912.097034312
906.270379081
828.823865487
703.445093806
938.603217553
834.971256990
948.474037599
924.108218771
999.828985797
829.278602160
575.886273507
507.844464398
499.066127883
342.397429897
625.551118211
451.423305272
989.052071430
950.188402371
797.895356547
384.716778943
932.364735498
759.561057454
728.547184471
949.226527232
462.369982699
707.704740693
365.006849251
881.439731349
664.775149957
591.738117751
978.784961061
785.039489453
965.351749364
971.170427886
415.763153731
458.821315983
899.789419809
696.697925933
957.164562654
510.239215686
464.993548342
752.237329571
771.632684637
954.558012904
450.036665173
107.042047813
350.421175161
794.477186587
881.014755836
845.825041010
936.820153498
724.401822195
231.538333765
437.201326624
151.782739467
860.209302326
612.977976766
570.432292214
898.712968639
921.286057639
753.591511936
698.610872675
548.371224628
721.731944700
952.754952755
946.732274722
978.005623706
666.976761214
802.881684932
142.154845151
710.329501007
439.071748123
895.170374845
807.084258303
493.321396252
963.885366628
927.929415419
453.683810599
723.392009909
926.642866393
832.945976640
856.113310257
915.286840291
752.790807595
622.392962692
975.825804127
834.314089537
354.530675683
501.812714068
931.417199755
938.245703427
851.546827837
255.244980362
894.296371456
386.854005168
677.797167300
708.424307883
579.609351201
282.322510615
524.809489243
795.032074825
799.380385048
863.869203063
846.704840614
589.310614193
325.550303333
307.183983957
962.991173376
252.950592885
803.985074488
770.765204196
653.615330298
437.368265881
522.782937748
700.748885122
809.319467207
760.006578919
831.658583795
752.841284734
865.887983517
665.683858900
879.023321647
365.883879781
446.883653762
311.229818623
629.963492063
745.314698634
713.119204621
377.515562593
355.828610429
308.715079036
593.732262893
404.102709716
670.961250744
753.651112916
800.270579242
797.390117822
808.585184133
648.045523092
942.935840881
821.343411742
917.016902789
936.767313691
783.564292193
615.323492157
772.167727893
742.958949069
924.594505716
417.065942028
725.448137361
421.420217835
537.252268492
673.809320273
801.173514290
754.937745778
322.450000000
934.681229083
296.428743546
797.408301938
982.793467622
770.708115956
541.139538382
981.304234170
425.118806923
652.741909180
894.008948501
790.607993888
813.230594604
701.242468765
678.804832039
955.368515286
298.166061114
898.919907444
698.384564549
709.310228320
687.285239184
429.602141522
100.776981499
953.807632597
936.397885517
712.501929822
973.122302158
862.526651217
736.672926564
998.954953939
609.590026165
448.798395719
916.111346944
893.678913257
922.653781220
937.727039175
370.515856611
729.589610672
817.965769466
634.952754148
577.337856025
328.284937212
708.488532017
617.946599635
989.773711519
239.618446702
836.626559464
495.632928688
730.525838010
808.554883728
517.286187714
787.246467124
291.719042916
659.816641197
621.675960610
325.955521472
593.086840184
973.126404944
265.056597730
374.391711230
567.235400870
534.799962603
272.842445378
518.233538089
797.721129217
808.896779571
378.019840749
185.310550158
898.210999710
899.900550061
388.648941849
936.317253926
827.391080445
682.527818448
637.229158153
666.111852469
335.851157509
833.424261706
446.970916280
730.128755768
201.613491612
475.981092061
818.565208154
225.397426782
857.524926751
544.211356001
381.521952818
665.547894595
711.792104480
787.559521560
966.214779436
586.457159561
206.058244193
476.315021808
108.747413762
966.953981386
548.497948948
630.421287712
734.408605614
412.474241620
316.509083598
882.155315123
791.013274232
735.861399993
968.464248188
730.407420554
375.768545783
623.936695507
822.465804760
745.254989920
639.231569934
902.340354767
212.414688758
933.624121368
521.917618020
792.005681798
174.547987671
532.820795390
720.479166667
842.563944161
352.249911285
236.907154810
660.168917778
472.085797287
572.505895166
928.275282446
979.244606827
349.931421853
833.302466095
893.124851295
950.151566857
85.223239437
995.512933115
839.038735697
776.610584600
492.268219571
859.403863160
519.690292386
755.471376030
25.396850198
973.632887694
541.109970339
225.789725421
782.326018997
315.632697926
581.208224305
540.570994412
504.814817532
798.773434711
516.439735110
752.414114700
428.582547475
907.641449031
341.203751445
608.926103891
345.816473988
820.137793301
581.585763237
826.645026598
473.351877571
661.694793693
774.688324425
886.379151379
791.498578647
793.003783093
233.484474859
648.033178163
905.209368047
307.206770759
920.746436322
816.755165273
871.391416070
216.734861063
904.709898309
971.496783319
574.560701754
985.133493492
392.774744606
112.133848592
997.549998747
707.164761566
762.849264272
852.403073669
866.978661790
591.452622673
979.266051702
320.429399400
784.847118871
880.675876813
744.648910561
531.064967777
970.638964806
689.302546061
257.961240310
329.318994290
383.122695752
985.808804992
830.974728858
647.349210241
855.815400656
390.115367552
920.494975543
944.104337454
697.830208575
876.933292788
209.728395788
637.665272694
551.063517210
986.353384955
710.597635797
534.312642561
754.265205349
972.811389736
865.584195789
840.881680143
341.669430883
783.837993465
831.907446775
811.631690488
954.589964330
128.417288556
813.563151426
781.318181818
513.548439780
901.344551212
761.147817444
852.226495716
875.809339982
885.137277489
601.861279698
931.717768426
145.189531304
729.276353655
514.889308493
860.101738168
777.665095012
721.302987655
867.419160499
909.389355557
180.576853445
713.844520887
668.998505232
931.541196083
782.788604925
577.960207612
376.415993284
683.101749376
325.568733142
411.199464980
506.837253354
890.360039535
879.917041544
541.935420507
541.619792844
819.253928889
882.459630805
652.264516895
414.733649467
984.288067590
831.433701506
500.303907640
333.866739883
773.375070713
859.830797309
435.578925110
621.103051031
202.570975216
479.028182887
430.194142220
746.088466604
541.083172904
815.803285112
759.414906505
762.077423888
545.250401192
559.082283747
718.904722477
870.250538638
144.623649518
996.444679849
946.936639908
702.626501066
506.418799019
694.626518354
975.695649277
946.442813909
784.945858006
599.928329053
115.969823661
913.375607305
816.015931217
505.165319475
824.620518784
867.486022942
789.574568993
901.351762634
971.002574665
950.761303891
575.635301211
785.063054792
780.490871183
552.565833182
508.387795276
678.540345153
866.637755928
566.270254282
506.936879710
815.969362170
839.608241980
683.744836917
595.551005372
524.169819810
516.360339298
447.422619580
796.442088293
939.176767174
473.590540446
205.659913449
866.895610786
763.598716604
925.032972385
761.466348567
734.254043230
948.383361305
954.080185309
801.588423070
503.981150441
696.808438525
188.446278817
970.490597585
976.294525244
866.504472014
592.754586655
740.197271003
992.061994031
435.020689163
922.444036252
837.017920955
469.542330360
391.720563668
808.728631866
898.012249360
833.612619866
254.350152349
986.611879110
559.360350375
246.592781727
363.037188178
708.525934599
105.640901170
895.924662011
879.011945311
799.179579319
688.597124595
660.235564022
792.255640561
906.040837932
393.967005076
644.270129682
365.563947894
645.640766990
482.618012422
554.099269085
998.947446065
384.396930281
989.526654517
801.073030384
605.969471178
804.397911484
895.407728356
153.368836469
365.175300370
999.996999995
231.021644008
911.919404334
866.062931532
926.908841257
781.600921187
386.771250224
727.328673984
538.204422130
439.812460033
400.388750000
499.322541049
969.739655784
763.075356698
967.553616085
632.421536635
905.067953817
222.715064600
397.721007743
659.218476683
929.147996823
428.691030930
817.843505813
477.463087579
179.591202457
857.181427704
84.320815935
797.072142281
386.660057415
206.746221247
882.810851768
993.967806322
758.116745627
727.358233610
946.637803590
766.181440652
955.801757688
776.795983512
582.705757651
696.680701613
437.452854603
730.469028063
385.334919259
615.662245066
634.146670732
239.516178994
911.679219901
270.787739761
264.781041617
956.199769923
642.470404984
897.951559020
734.127373144
268.875435843
969.014447777
446.991051365
937.596928328
915.344743799
230.683766226
659.214684302
725.434352647
168.098185594
268.095132369
790.879889743
949.461011591
410.572770651
792.988650612
736.025814765
319.012538939
996.914740587
854.789447759
276.403690279
105.047608255
544.047794118
801.501715532
911.078481801
826.826463050
660.417292324
646.710909139
720.686478297
473.104639588
815.303624425
534.516604045
515.405665471
917.702069717
640.257760593
258.965248634
920.424358652
723.393392284
625.671639121
959.740068977
549.657165877
605.741694124
315.298271483
884.027148904
821.469415134
725.131023307
799.976250000
259.397378553
685.858586007
699.213844267
815.401741475
997.957915832
950.398421053
670.900141601
335.299865792
519.470884651
311.038582816
506.578895464
646.399257425
819.375371867
883.057189541
891.012906753
680.514511234
461.033621334
536.539840086
836.743688354
852.083329258
757.959101800
887.953264542
250.740902128
919.188772777
305.317867148
592.220398514
469.069291257
226.141548593
674.673995361
480.380057871
841.131380939
756.675624029
752.783501413
933.140396725
940.226036653
824.896963268
697.687609178
734.454899909
659.463418242
795.940324396
941.593330478
884.617996652
229.610539828
810.301178575
441.818967452
184.480351257
926.765342480
679.106038292
453.984581498
836.273325359
487.945693700
683.515179056
995.305025126
859.682499531
441.344536615
489.732580088
507.129174866
504.912863770
348.707613912
939.218824343
386.460864772
956.460663879
922.983748503
807.282478442
936.872990325
979.094990284
737.904465375
648.018518254
884.190610860
580.765012720
633.798863995
124.193397570
471.883460189
840.079758118
862.513768006
801.277729629
397.012594259
730.243110204
590.181328069
885.677706621
242.629346947
557.480941378
733.856934293
961.721373609
860.609086636
109.849897588
616.970015479
975.369161370
706.336402266
832.921965132
741.938002803
396.225945642
889.609464928
565.771155150
421.849499229
978.328676877
768.111971004
938.541955248
295.360796315
614.642172325
974.764586964
781.405784468
182.375985261
903.299507362
875.814478072
929.770430108
315.139651583
798.531152160
598.198127714
840.156533034
930.391315523
618.897406684
839.287197567
680.628386128
512.356323185
809.245327450
924.241851465
917.494414152
514.590128160
434.905736913
718.000000000
647.463512485
870.162053875
951.415261597
989.523117466
619.916123359
771.851683938
954.359994970
773.635573122
844.183037025
993.856126409
676.031803986
554.540350200
627.997611460
486.608672344
728.995198887
987.055722844
404.335256934
665.420919419
451.522978374
452.711828871
712.825364322
872.248244481
723.043567152
787.031130261
619.067039988
318.061314844
819.843902439
195.363763273
466.557606304
913.325243273
126.617535545
504.492814617
687.308518789
921.353895091
839.554643844
137.379037702
951.899679588
207.889393669
674.001483678
626.954543807
846.505168340
969.451907007
919.793455076
982.429641247
908.834983498
862.099762209
179.549436089
691.008683013
867.892274421
970.306652559
325.594840290
271.582400019
725.611466282
348.565632271
928.048490112
615.382807690
411.493620850
959.022940289
581.844480940
579.343594079
689.868103336
832.290213808
263.397038708
832.593538289
499.473723033
984.851765496
655.761432927
937.211822375
394.058371311
742.866071375
888.334396497
990.552875923
966.157854597
785.394805178
748.800373932
583.563192808
784.620927582
558.641208648
127.169178656
588.517629303
803.295711440
764.337621739
893.335883081
711.528636107
568.393349715
970.637419431
979.930609788
300.284864753
707.405824121
492.870165459
343.867707120
964.985492228
792.673324895
982.318685560
643.760048465
553.008137372
714.084028669
908.798107392
582.552143589
972.086415912
962.261918606
749.869988731
904.064710073
868.061057760
571.205742268
452.995584968
944.282796628
727.020632444
103.189146716
469.314393778
649.542916211
625.749950060
707.391687822
256.902705319
793.176525119
524.118307255
757.137371948
486.998973305
984.756315034
185.402265358
816.678027132
334.112256585
879.645951505
782.085033740
286.965154679
823.569062071
590.959390863
767.310237127
904.614835165
462.540809010
787.621192893
365.130113795
554.010830219
547.390171633
902.345831708
946.109401708
240.715599827
571.890723828
546.917733090
828.502412545
177.132768362
322.919494611
963.551763010
322.130408375
148.959726101
932.760420240
782.278772379
554.351873813
680.864156789
965.971531672
628.737678855
985.084767926
960.989594116
731.369947427
253.749876847
493.194726166
625.952074843
583.731959036
987.097259646
649.040830765
860.645180023
975.230741927
969.030959258
672.936103950
449.756600841
569.506804174
955.409336358
484.821617162
997.596611863
419.382879956
567.936617362
754.986092587
363.162534435
759.563815789
454.258736845
523.620091288
412.886198547
669.025410579
764.775784147
899.661047284
853.625796236
590.548223350
835.361598351
822.553341735
948.326420964
586.091289818
822.582518657
982.912508823
887.214179328
482.134835912
911.842639933
733.415980191
778.310349411
864.779740743
824.123170406
979.035750113
890.671095298
730.409474261
592.698068159
109.608394161
878.314863816
540.694923224
904.296964498
277.949635726
838.478383742
677.339648921
540.310096149
130.538167939
46.861498055
747.782722454
956.664518000
767.422309096
840.504756243
635.424267714
483.229813665
773.528280026
854.899409287
568.337047886
421.670487466
930.547150879
912.653274798
517.038683272
663.649003616
887.958895445
481.250454545
706.987270041
65.650590249
675.971893491
281.305883337
333.312165995
379.665642375
142.863636364
866.890419834
496.776609767
617.511133504
968.421395881
415.543018230
884.801672693
873.524470178
485.380263299
854.516822538
321.931669769
672.313914775
989.590319274
705.004964522
993.050351191
414.380260148
233.173756432
688.499818446
792.263844941
208.707929892
583.900676485
740.503207285
955.404626323
938.157769248
706.502653923
951.262844854
641.380542268
452.813427363
414.685422941
321.532268987
994.663260279
403.313773630
789.681581399
567.817781690
708.588032640
731.007523901
331.490573018
883.331257078
361.747149263
243.084347501
895.492601868
920.171180178
421.965638411
342.760849573
809.444871501
996.488835863
798.695811933
932.352401187
983.835860294
477.601298156
225.233212471
842.524777084
335.032834212
753.909808929
171.627503623
229.854301678
646.714001704
820.468159041
820.369428977
425.927223831
740.502024291
755.188741722
850.810202102
981.652688073
675.928990353
406.666939891
890.428548509
840.818054040
760.188792340
891.857051326
731.250299145
974.323354949
780.715056855
665.433693166
608.999178981
839.646949616
722.650760719
988.890792757
224.403654159
907.504820937
869.761494253
982.934891028
909.584520668
925.743484989
623.586401402
255.397729042
707.053746189
925.455023218
384.503576073
532.136260758
406.648496862
404.776481530
559.169921316
233.133009246
334.859701493
831.814883252
978.160007361
933.170402445
905.007182292
466.892921343
983.122576284
848.321283477
392.978371501
709.948589688
874.802263372
809.055004311
329.302292734
228.816520383
867.253134904
743.875672043
478.079491298
357.422718920
711.702184906
971.053036657
895.626038031
498.347268479
776.686551963
674.840721949
937.970681845
367.189324464
783.204315616
168.035710490
871.257137709
894.045860121
693.453675454
316.480647118
859.991279027
825.219970674
914.790139868
705.339634502
428.240586587
918.214571873
573.744716751
590.121173999
650.543010753
383.186638831
891.212095968
371.809090798
750.057997758
994.192637269
624.099351065
997.424182582
522.721723294
283.406069095
840.946490569
95.299527807
890.330837920
229.771625751
700.474838949
916.412570847
811.038224414
439.694318182
982.287636082
987.889669953
794.992452794
623.673792940
500.402000000
667.306526268
926.076130780
920.980455819
968.390417136
826.802878563
496.378887545
777.232912324
523.047798963
731.192886457
251.097590590
925.543624039
921.983188567
787.045106712
925.453402393
946.302277290
897.486490149
639.891397035
786.061066330
735.493031918
760.258508667
519.988461410
996.050199538
946.017441700
947.555803106
810.584357115
282.101045727
460.558356780
705.714531521
623.970351860
21.354156504
396.620725631
359.381412986
836.533920421
828.426822357
786.901518616
920.768700598
997.238687577
959.005735124
791.530795358
740.402593193
860.864681597
852.307456262
970.342207677
881.958048889
753.926388980
993.375055052
818.557268507
699.563436249
896.582957679
537.287632465
157.283184098
360.184674854
738.111780153
603.188196174
992.273651772
652.284447155
546.429318394
719.998611110
871.672530254
826.775664857
289.392467075
440.114757762
741.654232106
753.762562089
596.471290172
476.256233555
404.382244912
212.586453002
910.947858003
727.611847072
616.107945088
834.598705966
240.840195981
48.093658626
891.645108774
748.439042274
850.670911693
156.166577730
677.085666677
823.710507399
580.106886703
767.778613925
717.001394699
842.132412391
818.989621424
794.761599475
859.382918315
660.233292102
791.591435022
902.610104087
434.485903108
769.254834239
816.014705750
260.691388569
898.123599512
666.666333333
857.735390432
429.492724036
306.151960784
581.000000000
215.538859605
970.261855670
545.310920485
935.305882353
392.291983094
933.507900344
835.103586389
137.913016064
916.792779204
780.765009462
749.029371921
726.006198321
994.812042551
234.940425532
923.367749058
961.515470494
976.945238998
635.587916814
889.466694155
555.400756211
366.300423150
608.966337329
706.601018963
983.345819130
974.376210711
724.285855170
137.244307714
625.400671570
896.523284695
452.243297352
703.924001580
666.773574761
798.178551453
39.382741117
818.565818979
913.855568457
615.639504905
949.385064134
787.787407871
999.643436431
749.981999784
269.877750102
563.020426288
927.519396552
487.187848781
835.894730228
842.878401669
569.006151109
779.912174638
752.407469394
649.996923070
778.887676508
977.982106176
480.499739854
820.321888042
532.295970317
372.660703590
871.095861554
982.334464426
618.025080397
681.519625543
784.404869964
325.785205312
994.818073821
733.354620903
811.136240098
333.388662075
587.789928461
779.102688995
676.346065265
402.954091678
235.930074386
857.711489955
330.829261100
913.452242868
989.336646445
391.488186284
733.845351556
930.729821162
824.320932647
816.495560306
471.827298913
672.152512455
808.684116338
402.210144079
847.956956455
980.773164396
304.019736201
338.481904982
439.723863636
599.683249724
422.758796479
373.577301238
271.427706766
941.517392298
981.233407503
900.498195447
791.175726928
746.387298927
694.501259898
621.738691091
220.726074581
648.037035979
363.821384748
500.611625916
584.304715025
809.922218491
622.360829049
414.724004610
540.619089563
691.920515666
621.642180036
968.433787102
680.999265785
917.675868703
449.463012939
495.731782318
122.576506721
896.396117796
462.768840783
993.686570303
374.550397143
465.616795230
504.272743662
794.417396587
571.146215955
584.767475156
148.509258971
867.072661315
767.118634893
769.472546619
343.364238091
428.267439808
846.360443310
899.365887723
429.783666511
741.351468603
577.945500952
319.771793628
307.063511346
931.233590459
560.439113553
846.763839568
635.709052948
685.948977694
975.772514473
761.883193147
584.687095804
230.030432769
984.511554021
442.174173827
726.368363850
532.003759385
723.353993561
461.914494252
814.874837015
260.234509625
763.719843922
685.147429390
597.135662978
352.082376725
866.012124626
622.984751017
394.551644275
671.505208333
983.846024538
545.135762923
694.991366853
400.169963890
336.102662887
88.791891522
338.113886139
830.111445783
428.874107402
234.663588995
896.949273928
581.866823251
271.204719723
569.176598254
835.625514211
646.109897773
713.589517860
971.347517627
845.326564123
655.840681873
902.476592494
762.391631643
803.635489510
859.641204224
883.744306912
787.732822726
773.739620286
987.070412889
714.763597282
953.131680304
542.325547988
686.078712685
25.357444666
770.851477264
154.644754195
892.103693532
654.327900046
465.740270967
611.391980360
126.332893579
541.733329242
444.533463307
802.381455419
358.006983172
765.081694984
630.089676157
413.363036567
394.546575197
808.896161445
844.737829152
200.683830938
870.104016770
860.419083935
456.396757230
702.893306278
706.237212274
783.882644278
741.385190033
261.646708368
603.135971403
758.914356182
747.822839983
940.395129719
413.544435339
971.085475126
670.642975062
888.452024591
513.546492540
964.659007111
692.285345948
751.145791441
890.229745627
910.984632143
287.405636688
187.275401070
896.378268367
978.340942617
575.729102964
462.361330563
942.830843789
720.791925593
395.575530108
973.671402896
376.656342041
265.056597730
958.250489173
850.348751984
757.354606509
650.539775878
912.705319382
923.735892991
789.449175058
813.577285819
980.696181292
998.331608234
274.732597265
321.749902875
560.844006833
924.275391861
821.114486536
531.428264209
957.959289323
908.722179767
280.558718861
733.510054464
979.195077602
610.905066275
832.652988946
325.719204224
694.679782346
758.478081424
798.944304669
598.591680530
809.412132353
857.365149747
350.022856397
426.789175120
921.809633276
478.646006982
983.451574812
653.671171156
325.825106461
470.047869903
993.458605076
973.418717716
898.197083050
237.829771055
768.910918117
960.522253777
917.403945926
756.547420853
594.461941591
764.490026096
753.142748754
957.113368416
348.703312287
823.828258802
638.181792282
560.780705802
799.778719397
944.720593615
957.540709812
303.041251317
936.006410234
955.164907873
832.109968694
926.173849771
607.174604743
996.514425385
240.744678030
852.777227651
983.428187515
977.911550193
952.369151117
370.592768413
483.360114201
594.595660933
283.880256446
603.527132779
931.688789242
768.404190514
901.495978915
453.217387133
103.522944317
608.981937335
414.777048545
834.519023150
839.109647241
516.356589147
532.114649300
952.276220432
736.452306670
777.947298986
795.855515768
801.452431527
443.667668419
860.503922129
852.196573567
817.979217340
894.354515838
587.157559779
601.229573458
466.907913833
555.682463283
732.557165005
823.665587481
692.623274617
433.672687634
527.504734848
731.436388509
730.314315907
861.758666913
661.312331656
770.529687942
600.353229358
706.911592775
359.883333333
824.334276856
712.772754810
670.315671642
867.450286760
911.050492563
292.767826101
549.770861360
717.606438098
953.230821994
293.673287856
974.491662355
801.511696733
585.697098976
614.058631922
200.257500000
521.287828364
707.525264567
494.753473965
855.404582651
343.674264384
996.048693589
320.217113846
852.918518969
594.710013368
950.162091435
580.028447578
915.804564304
972.042694536
252.059520032
565.359177868
779.105256047
685.895035702
582.563302437
604.551900174
768.441279474
857.638618535
931.026315789
927.763439676
448.244353004
272.494036632
870.526851970
924.267277361
262.785083291
394.927841510
123.251774835
382.150493916
686.781624683
903.682466356
738.861962751
601.221257109
732.346229594
974.623004038
662.265052679
226.309522557
471.658776765
308.128220064
843.393739602
729.987671129
659.931057005
585.973548891
962.340895941
135.059252406
588.570301663
394.384330318
340.232273601
969.056241918
802.213840399
335.897305735
584.191749343
965.392148300
741.522757574
301.740066225
592.521729559
456.114020833
483.669308516
679.519683306
192.236833099
950.751281882
868.382980032
483.167672760
848.974086766
268.072751334
754.437539767
312.046470898
811.786917855
82.909589314
374.993333274
302.464873994
606.774257859
972.715271804
427.268065739
371.421593341
316.659125355
920.714939599
756.082010582
685.805365991
950.499342451
810.889018300
623.495789882
551.619434030
697.289753259
619.503833737
788.486040609
653.797369221
990.208058945
869.617157144
196.903529679
999.292249545
803.020547682
257.217806538
925.704596522
838.156906552
906.116990239
830.311989556
301.672007319
576.550259965
883.333459119
809.853073094
600.736214990
692.790733256
799.700568963
549.915448046
792.899741455
675.700377386
828.425615260
608.087164805
461.918824037
587.243561055
845.853415197
755.638802603
836.377307201
993.114293523
917.898687220
770.525794507
922.068327186
609.740928592
715.453003348
830.316204837
825.204823059
137.619039384
608.484182210
944.159944077
815.903180531
172.145287475
61.587337662
698.176911678
131.266903673
652.090484519
878.457739450
987.517088460
977.138689867
124.310483871
682.558422408
353.597228496
384.927265857
444.235360360
841.607984753
762.598190399
644.079963980
545.625457875
785.126741361
772.128875253
419.698701452
640.371767023
680.714330685
653.306278714
367.520067479
853.377407716
108.926580778
808.030321213
672.731001219
958.404924875
59.983331018
413.428349294
881.483408806
941.726074822
726.446832191
996.930789975
869.959769185
51.019604075
592.586702517
336.949551120
748.565294413
532.561733514
120.411793442
553.317268843
930.817919896
833.700185918
957.356255529
974.910765147
467.101701988
983.642719690
596.725229901
630.274543370
915.116393443
727.327299089
631.551264744
688.026889009
891.260904562
964.765774683
942.796372500
647.866498594
417.667331737
928.656556537
786.654307813
856.153608970
812.760727398
274.739876975
462.370129870
949.057953973
955.237143331
898.517668336
558.780815705
663.101802141
837.955249402
913.224506898
608.949094753
813.055964826
988.634479272
893.864083628
966.248416477
855.906536954
666.153886125
692.157496528
605.218968639
821.469415134
543.196097188
941.301227026
747.667707637
801.934535982
744.613993959
812.400763170
480.080201633
211.066340282
533.583170649
603.582637259
502.473879918
614.690165856
171.213317239
985.801196997
851.958919198
964.835219092
517.902500477
830.525135080
834.649627089
410.181667070
550.751305037
867.529250227
807.705391835
977.914617950
859.496945899
776.712301950
397.427980897
295.357410606
571.834766344
927.068498544
520.763862033
444.379342454
566.631273404
830.533563440
853.730636676
941.042507010
401.032417642
753.440110427
627.936302502
379.698564654
602.363677524
884.799412296
478.196612284
502.641026661
789.013941575
797.407674907
817.583023307
861.962296159
634.956691437
786.760446388
928.354458168
756.584430186
197.278990265
347.657877805
648.261574074
215.327657304
846.972844901
267.549995328
717.280977024
695.827586207
521.009596929
287.607371255
347.808855551
814.550796452
489.865287605
211.411920194
400.158718511
972.630968045
209.542358486
473.292721262
646.812956092
989.050554825
925.325348188
475.467138717
550.913786359
833.452458152
746.426151739
354.385383446
517.432121156
812.838852419
589.665159222
516.822987616
966.865037750
967.941113911
885.336094373
841.362585334
704.765209989
855.462448036
897.803987516
477.926772634
699.321099353
647.512162048
933.061093248
754.487905801
380.433964248
828.825072015
709.539991826
964.440770602
700.990727471
952.487795276
341.692844526
768.384669290
921.662628080
616.485389610
780.583115370
698.906288425
936.162379080
373.575962824
923.376412961
981.409190952
357.326181520
762.760119566
896.064729805
357.979049666
775.320578858
871.128004371
892.683034453
432.008101776
942.693481467
330.646336741
671.169874175
973.359132078
454.742784440
576.932405053
536.812816539
407.339066339
822.629321140
310.617127667
929.840846597
518.947974271
844.663838459
633.871438069
981.788673799
657.287608281
849.140153332
364.142829121
970.322626759
560.072316759
865.064739884
988.435126855
965.990683185
741.731757445
832.377318288
642.233602360
474.092817916
600.524770513
739.762123929
270.689859433
766.435907301
970.320565586
259.986538113
961.497789909
388.027060912
533.895120787
867.618003502
504.707836278
544.230649633
618.796412401
530.540292177
750.753621370
197.030454499
578.704587851
509.040273456
522.711201334
88.549421229
972.802138158
736.781514426
917.814814815
539.430254991
612.938822396
866.467541227
843.021945147
925.065403093
621.567373661
811.716083369
553.394976486
807.890462872
802.986923928
845.131942362
737.295734424
869.898844694
471.028661548
561.650247040
528.126878695
803.890539812
476.886779016
565.413274336
904.571721866
871.755699723
643.398787689
576.792857099
587.313374614
372.098105343
949.931576483
588.414819850
819.249694750
523.748985679
453.541618818
768.452340747
