265.943603044
548.153263249
770.961737053
878.181644082
336.566486745
866.449075249
469.597700165
990.319645562
997.522932067
815.007975421
947.915608058
555.915461199
458.847469210
754.209519961
744.193523218
990.109589894
466.307939914
559.944640121
506.563915020
782.090787623
270.492144177
963.711056282
765.269887033
927.345674493
994.825110258
872.310151265
850.633293494
788.465598489
963.550725183
611.803072892
245.067337685
871.914560034
346.981268012
790.050632911
863.667181268
507.066070646
876.549485197
381.380388044
913.474137565
766.414378780
818.939558209
642.219588614
940.086166263
802.476790942
562.400213371
796.151995539
994.301765059
586.057164447
448.422791579
962.990134944
334.064365056
938.979232997
811.051169779
982.088590709
900.008333295
642.418866474
963.658653259
998.756727136
920.551465156
541.782287823
781.806881525
887.588305468
369.281735265
808.446040253
105.531985673
968.547882141
562.736172642
598.719466863
598.109521743
894.358988326
707.708979737
953.115417985
987.295801681
618.769747899
986.461352512
530.931261770
560.709372135
186.933143129
834.689163771
706.810441349
821.871046229
948.020041982
197.286593564
960.576389756
823.210179723
862.873687164
876.096455877
907.565424639
892.603495400
435.428524562
358.071221968
557.178606912
847.327563579
490.477318538
746.781761963
821.636781066
657.716504278
278.535455553
970.515842220
650.141523055
71.302816901
938.939295162
772.833746675
883.979072150
476.257283409
785.227355611
309.795093570
646.177220273
813.171568613
43.266615306
603.019900169
190.202523643
321.474726845
844.175337237
629.278952453
902.518697867
993.660907956
622.131818832
886.227961644
959.904682768
428.428523794
882.799524241
534.899990652
596.406740405
969.860814756
302.284634079
725.093787037
658.613695576
934.776470588
506.063237155
641.838785047
836.954598530
113.569362066
808.444804552
438.026254921
853.279555597
147.434731322
931.522410091
142.765542061
802.534111425
388.383830765
393.647050033
893.209381948
922.507452544
754.350715801
774.398476240
675.512398110
669.088185518
656.400792199
876.560323081
405.487361282
771.479098874
692.235509057
856.702982369
496.594401902
519.543068475
422.829752974
415.792015392
952.225288469
955.213065237
570.378821486
469.268579813
625.907348243
752.269234348
496.553121224
955.160720268
753.158017951
747.461704705
981.379641329
911.743384950
552.278915445
439.005694745
228.971613961
680.153659109
586.692423677
365.911191411
816.485150031
776.786328407
746.658556504
421.002375290
835.365788143
962.362197928
444.025900145
952.499868766
897.006131550
347.626236064
271.169688572
868.530367920
861.711088475
819.228327228
679.178916045
778.901149056
310.332080198
873.281168926
821.885636813
947.522031406
422.549405395
733.868516834
436.688676290
572.626405259
685.173700604
879.271857846
947.304069452
912.692171545
828.915556616
820.334078288
588.242297017
383.131831097
748.008689789
243.392686935
353.410526159
281.407178302
974.411104206
712.060390697
659.513457027
832.112973099
322.431388053
517.179852663
952.064073474
313.979298681
966.545394692
952.478871157
590.318558068
608.394608786
348.064649167
630.220596299
928.161623857
585.118791358
995.430057814
886.955466751
894.877645268
754.248632747
725.862934720
995.233640911
789.413073112
608.775862069
294.855897007
441.610688276
558.724440149
963.241403654
337.215064907
900.252742290
721.157403073
811.342099100
944.489279982
797.126715146
841.032104025
998.607029817
304.087158829
629.981745767
667.986526810
767.185114558
581.724161437
871.792406482
298.929757635
755.573954024
794.341865949
835.276002289
724.078725002
687.180471201
835.231105743
816.695838433
579.848256012
515.850753610
831.157024876
769.936361007
768.429567365
942.008492531
404.816007905
658.445138185
602.140349088
878.607420866
824.973939394
144.402216049
370.948783527
514.442416603
403.463753019
822.115563653
562.943158765
915.250239006
470.967090145
657.715744072
835.947366764
835.635686170
747.617549286
993.979879072
933.693739946
379.840756107
908.880080099
715.476764123
968.640284110
843.458949802
550.431648799
415.429897817
815.021472110
430.917625539
354.156744959
816.753328735
703.699509734
640.243703600
854.877184162
867.027681661
333.471138181
162.653004891
652.351226994
951.780962197
885.613911363
491.370532287
379.548415884
735.607232156
887.988175597
72.291078288
508.722910827
612.092313299
947.213281157
985.370996123
854.464159576
924.861611270
909.531747659
809.370743232
951.172960087
982.289672198
990.072219588
964.774585072
580.860568467
498.105410552
704.271254560
488.183367189
722.506747373
817.675974954
786.382858409
689.211143355
508.386664044
794.711268323
848.828015560
219.351316385
982.723765867
193.509689680
494.848461653
453.215180681
850.826069182
810.706482027
250.561369728
971.012873241
963.846460802
806.996902101
987.888151564
829.636667470
472.893234672
552.584990958
613.310687988
994.139326252
970.180910965
576.427792529
839.334259994
325.688501689
312.165020462
912.546437175
890.055054477
753.566851713
312.249899920
691.314689559
387.329317248
928.225188195
579.182182050
583.360951727
207.496987930
627.072563584
597.113891984
893.770104669
407.019655545
277.965825238
317.642881236
924.756724766
902.776273503
451.210643016
896.024553247
824.084340344
610.612806941
594.763818671
821.603919173
926.289911421
933.914878348
738.012872629
800.497345409
192.649941604
986.499873289
987.314083080
639.837479365
742.718654673
772.073183060
361.216001860
260.399692780
427.091334895
538.981446805
269.267524964
613.074220629
949.544101135
529.890554737
439.382521280
807.462692641
853.138324072
717.299100794
634.834624135
131.007633365
793.909944515
870.211468552
967.089451913
879.527714177
426.428188562
754.044428412
831.718702447
901.214735787
443.996621609
797.139887347
719.047981709
406.993857448
970.366940904
950.295743440
567.421360190
657.365195324
772.571679522
784.914008029
881.493618808
992.437403568
947.749967027
681.879754796
381.237458810
280.133896557
463.650730615
726.754428951
625.367092195
841.923987068
448.672486342
850.084701662
389.849971143
722.887958124
311.921464475
988.003542504
759.571052632
967.803182470
998.382765531
410.049996952
508.403383152
742.928664139
465.710210324
468.912579957
467.302899627
643.428317686
388.822581649
604.882633244
603.262795140
716.723098553
648.476676527
445.569298763
710.086614561
738.692764280
446.908267992
725.138607440
844.260623267
633.249555862
764.200889819
871.950113252
762.365397956
498.472667255
712.006320197
631.810889428
457.215485302
236.125000000
380.669147686
848.300064836
951.543482979
634.851951245
840.493902417
792.658186105
677.662157719
670.900886868
856.581578135
357.678626703
513.818061503
814.957667612
334.209515125
441.173435284
722.603625787
180.138835347
792.725677646
213.798970998
589.453136390
450.162192993
650.153827952
856.279744009
202.992610703
687.571087234
633.452444940
997.387587654
340.759445944
481.273311124
971.809137683
791.592066700
393.611483575
258.646476875
888.041665689
662.449243339
893.300621292
226.850170818
989.018200035
632.123405673
223.550889061
802.071692558
399.043857239
338.153811157
549.672629851
660.528576218
554.616984954
682.440473595
425.720565630
565.277807808
434.971264368
482.466579153
802.403888335
706.381728045
962.413632489
910.949504638
285.538088528
401.609262948
476.513626834
799.599274637
604.595732701
92.271338995
888.080514368
781.092824189
789.845554523
668.685277242
496.992957697
694.060516094
698.313683097
636.885390004
653.200581751
868.754856102
530.471488395
764.274819682
348.782166975
570.074556527
870.469413592
847.813658772
300.288194906
651.349368619
304.911462559
819.418192918
411.432862091
720.537299520
822.871800465
940.881509033
589.598168247
676.775442817
178.602911510
730.377984334
987.903335352
363.887345205
349.166149562
247.901189993
977.530562182
374.670521926
101.385403289
315.258623993
600.879355611
913.661315806
631.129146847
719.519978875
339.331696132
876.301318041
928.519789773
647.661178015
418.455493452
914.809269739
645.065112992
838.109785203
834.714322388
603.822821702
337.684764240
873.482112192
983.839430894
753.856750318
881.076046661
637.191493980
828.144914855
474.580867715
450.340983789
489.732580095
367.675128340
930.084942357
787.365311309
860.990708428
965.371949043
957.392291592
403.655793963
896.014508811
617.186357594
682.893110230
302.519420864
233.042914521
755.564027730
885.054235626
780.415274069
45.607017004
483.992768541
750.149986668
478.013598326
248.676496678
289.793029592
352.481205173
287.899287946
697.974211558
547.762722353
725.862934720
564.026595118
751.782548348
568.509454627
842.082537522
177.005649627
711.982443820
955.650040548
579.887057969
953.585339664
817.350673195
595.622483221
293.537050487
687.410357792
556.200539568
765.916444529
948.861949917
709.862662774
385.932637989
435.989678777
802.391425677
636.812374252
181.226377771
700.351340400
219.421967907
531.142165526
311.319771296
733.127546884
267.686383666
796.582701293
948.876177380
982.057533956
709.672459660
555.610475063
690.339855072
482.200165906
686.304597100
611.395943736
330.195396697
691.638005780
662.046070916
752.248005319
939.850520030
758.765444653
936.687781494
713.894257703
621.364628259
228.348417993
723.639412968
693.668508727
656.245380936
189.573204858
423.269417748
920.226602528
926.695203398
686.008017446
908.689768977
963.135504485
760.215758847
243.472791088
387.157590653
561.056146923
334.901492537
171.116919093
880.055111911
617.339452813
884.666603868
631.526721525
911.553618829
657.617670079
301.408360866
926.173309916
688.914363328
951.249704336
641.970404302
517.459177134
678.935195729
829.759603741
295.736369108
686.574103794
771.930696371
292.564522798
821.424981359
736.031249337
496.966799696
975.077433084
808.567869755
451.381374723
515.264980374
133.229125945
753.460682451
337.192823174
866.315762295
632.872024978
404.551851852
984.847196270
832.194087939
859.926159629
511.697176072
327.076443684
576.404371947
732.626780837
914.699404176
390.549612725
427.707943925
896.965439691
592.287936733
210.596771105
359.389760566
983.943595944
784.833103277
839.736863547
808.717503211
764.128261487
690.859609472
769.176832731
183.384841249
537.627194253
530.287657786
876.802714412
502.871753035
757.965698432
838.872457529
681.973607038
175.900540079
684.199532300
234.982978126
479.710329261
760.180241785
617.841403598
929.305654777
407.324324324
737.970866634
849.027090263
375.141306710
541.509926040
917.536920238
352.289653552
642.733226152
390.058969901
909.936810993
964.694770395
815.693569915
510.717143137
837.309978443
981.465231172
661.043115084
456.870878914
218.107771526
989.582740501
923.869038338
382.009162194
831.432498763
704.178244481
591.713613161
859.448660479
627.355561066
859.791253735
359.669292545
725.099303544
906.051323050
792.858751607
590.128799501
347.460789155
828.465448887
276.667670681
679.544701987
859.908716086
916.461244541
667.458612949
529.737670928
860.778136339
456.321158834
306.044114467
660.161343915
623.212644288
731.825798944
933.109854197
696.382797030
677.417153606
990.118174765
610.371198534
588.414819850
418.781565974
746.484427165
352.822901751
655.399877937
563.584953667
808.425011999
840.110706991
561.341250934
784.704402944
798.822258077
942.618692792
896.221512797
699.936425685
935.598738776
344.380603403
696.023706493
839.184723407
966.421233210
442.353930694
973.178298155
655.919964630
837.036438872
612.847452471
923.315222571
677.563281177
687.473635858
840.278525252
703.846574191
463.320623327
285.835617095
581.708689983
469.417724420
286.073417150
667.068215892
800.514209743
332.570570571
164.532671528
982.337518371
650.295317529
687.906243612
403.076915737
641.904977392
766.515492498
789.148275041
242.233358585
294.767705151
756.020502368
459.000000000
880.612286991
829.411839800
73.437047871
674.975555113
666.424789455
837.512984974
607.126840125
83.892788725
697.230234571
74.350521182
889.933705396
559.677586207
850.783168616
938.020255645
810.866820138
662.831803705
961.947503765
237.890731219
838.519528693
566.151039918
948.656418316
895.490368457
265.228203628
977.920242147
681.208484974
594.797444514
965.274572337
937.892317913
647.439573679
972.730692432
609.694185637
965.027460749
956.207613440
994.859296482
824.961817298
702.391628652
816.449142157
558.979427171
733.593893104
763.157912886
478.627203573
701.588198307
679.777169378
417.477218225
827.349382063
618.861859751
928.117988189
681.041848934
966.215814402
724.421148228
972.690084251
979.892341025
986.982269344
402.566764649
626.349742556
607.558227662
179.738699228
754.466180371
554.348265984
732.815802231
972.687514056
971.837949455
806.914493611
809.593725272
325.826641022
886.429354207
332.028613225
962.082636783
641.308038309
535.558768657
864.072913595
963.260089488
979.680049812
909.940657406
869.862058030
745.275167785
638.340034778
554.761211247
910.690946480
573.985191447
964.446991804
928.484248655
353.253450089
922.652697393
406.274537720
964.067943664
739.025709972
712.367180603
802.874834579
991.821052408
344.666666667
502.881695829
629.981745767
982.548217646
894.138691703
245.379298231
453.942727665
754.965562914
709.894366197
626.498204307
576.120647087
554.655749091
614.339482697
429.067593743
961.586189585
864.477298719
291.382910089
748.149719289
957.827228684
312.185842088
249.174637554
676.219638875
972.163052168
73.382561308
432.342456856
734.147124220
310.120944151
455.582045300
324.792307692
357.417366947
724.567457177
995.055777331
885.962753167
713.803194165
354.597183099
639.897648066
717.676110791
780.614596671
775.193524225
972.646390010
619.319788155
710.578762307
648.538356614
663.954064689
997.607137104
773.444891379
704.707740840
861.398281867
668.950672646
804.811157974
524.849502238
307.933436181
605.795344980
109.041276588
989.698944124
301.157765963
731.015047725
615.117874883
621.511866339
930.895268008
792.677109547
726.993122388
774.964516129
857.888687418
900.852374144
759.456384528
628.556282285
860.908826945
448.063611555
937.172876654
913.886754472
807.362453532
995.319044327
713.888646779
700.552638993
519.152193485
512.674360584
454.758241758
478.944673214
802.249961047
700.838783173
221.447510711
422.731593331
840.259483731
990.105044932
616.090090815
408.387071294
750.197307380
161.403221777
902.044899104
995.173854158
931.576620574
268.838241327
672.586053974
916.817320953
689.010159577
600.229122919
529.872626204
972.452055373
412.178359451
798.011278195
548.738553411
590.422729915
745.367785235
623.546309427
159.062880674
960.435937500
924.515007991
718.513047905
100.150000000
907.503719001
913.827664278
325.696177441
966.054346297
994.214765531
144.689322343
848.620645518
770.353165762
577.950689938
928.385695711
875.960616438
282.434063101
404.070538396
107.452315005
821.051155532
915.953601445
500.486763062
967.326728670
783.401557313
452.661021074
784.066961426
466.682975905
868.731258791
555.417861001
964.178406728
493.377137695
797.501097178
582.960547550
928.664094971
344.962318841
994.308302289
240.669898409
985.901617810
435.854333486
541.992619876
742.900397092
369.814818524
964.563631908
717.163161352
837.354166408
787.890220780
981.820757572
257.922469950
852.438267560
586.113470243
763.651753092
790.943107941
872.652851941
329.701380040
748.374906046
553.252202888
789.339597385
324.265323462
299.285953177
444.297197830
268.279704786
913.511357346
874.145296847
974.785104523
89.386799920
509.003929258
841.803421233
828.999396863
884.610648817
535.242001341
990.750220792
656.452587778
824.404027161
476.459861898
356.592436975
927.347831183
264.045450633
377.277086503
703.394626081
920.851779606
322.563172107
274.368365523
634.107246450
421.352583948
482.114094380
554.725157172
688.411214319
303.051150798
912.199539575
825.259353173
915.819851281
634.901567174
813.933658230
734.412690522
509.299518948
668.676304351
841.871130281
341.587470496
982.172082682
882.067457738
202.178139273
840.705061243
256.037106686
727.238612836
555.767937182
908.023678105
753.154034710
781.621391724
993.459108368
890.655376675
646.160970657
207.405400123
923.845766348
737.815017484
920.091843244
568.621139248
557.238728015
992.153717929
926.844108761
736.231621165
212.315802521
698.053006583
744.220397463
993.190817517
249.329099786
982.800590150
884.225649933
531.224999412
989.832309033
532.771057772
984.662886474
927.695531950
982.835184555
866.761212792
453.623191647
965.205677580
759.173893123
487.156032515
959.238760685
967.002585312
845.635855447
182.726571686
679.960292958
410.426829268
716.146633030
982.485623304
821.739009662
432.856789250
888.822816989
825.771186441
820.169495245
829.987951720
910.821058167
248.652367775
944.001059321
133.607634512
889.870777136
717.428742106
808.120659308
995.357724640
756.386144770
994.770325251
784.416980948
912.814877179
860.568416804
987.549492431
95.927055620
962.341476091
821.126665016
608.544165982
386.379347274
751.381394499
915.277007250
895.766710701
976.540833760
522.729375490
961.901762137
910.038460726
728.265061636
845.645316935
515.349396042
282.872762916
706.072942408
474.293158289
355.129577465
915.866256612
313.371983432
265.196153818
116.901668080
964.678756477
893.597784244
835.466935312
831.548555407
455.978069648
961.893445242
993.267839007
697.093250577
327.186491164
661.511148810
795.479729471
649.875372668
166.688331925
850.598024921
854.781258569
820.984165652
906.130785262
630.368146403
37.229020938
80.622577483
113.789278933
191.462790119
272.552751284
496.129015479
841.227079926
689.906515406
833.451858238
847.161142587
912.488904042
734.015667408
962.599605236
300.642645012
833.893278543
991.587111655
912.550820503
648.306254790
464.064650668
978.241279031
919.004896614
825.528315686
335.949400952
536.578978344
596.846713989
97.252577320
491.376637621
339.676470588
764.463210364
537.177810413
623.510224455
880.341411045
922.599046174
597.713142045
990.176751898
954.762797767
628.736033642
626.095040709
443.988738596
330.998489423
162.074057147
807.923882553
408.510709774
761.124168582
790.304371758
594.153178903
517.435986379
983.597986985
289.155667418
856.369079311
66.189122973
390.692974097
403.922022178
534.036515605
830.377022803
592.153696265
281.664694273
808.167061937
525.298962497
509.036344478
757.706407522
971.604343341
131.087756865
784.696119536
433.826001987
920.713853485
477.148823744
433.323205010
515.334842602
915.742867840
985.654604819
964.910876713
687.043666735
644.534715900
481.031184020
285.443514552
901.315150211
136.890510949
376.499667995
988.109305695
439.261880887
914.629979828
441.929859697
399.722403675
338.809681090
701.391474143
487.757111686
925.158905270
484.079538919
787.349985712
728.982167134
725.900819672
830.694889836
506.170919749
217.048381703
553.963897741
374.164438503
536.485787323
430.087200461
674.801452281
539.140056015
799.779344569
401.651593229
606.629211298
322.127305185
824.544116467
505.957508097
327.659884636
476.379050757
993.288981113
823.279417938
698.939196211
897.055182249
689.401189439
524.998095235
793.493541247
687.569632837
481.208894348
625.239154244
187.747170418
762.051835507
823.871956071
407.794065675
458.113523049
627.567526247
249.313056216
586.383959044
888.403061679
303.221122112
191.986978749
769.532325507
780.494074289
439.619153359
256.838470643
614.656001354
332.391335627
766.003916439
497.636413459
873.583997106
912.480136770
388.778857450
639.681952478
984.741083579
635.182650897
801.297073500
620.208835796
484.594676021
863.543981481
708.042371613
772.492718447
879.736892485
934.483279679
936.016559829
401.619222648
972.947583377
581.783464873
881.876975547
812.370605081
128.148351531
810.687362674
197.944436648
842.717627863
757.794167304
824.336096504
404.708537098
427.100690704
657.291476408
889.072550471
766.391644909
404.077962775
982.492239155
849.818804217
880.588439624
988.768931551
177.876361555
877.387599639
107.689368094
337.111275964
857.347654105
398.722961477
489.233073289
882.876548562
320.710149512
357.482866722
800.229375000
990.629597781
829.060914529
993.276435045
808.749034003
793.387673209
728.024038065
962.753343282
889.621829770
180.258148221
909.883509027
599.326289004
309.289508390
779.799974352
372.313040330
429.467111673
885.993792303
888.704112739
84.793867925
318.337873076
982.393505679
230.980518659
782.356057048
623.260780091
516.792995309
618.391461778
642.702108290
886.793098755
937.188348200
743.651127882
207.509036145
885.535995880
975.178445209
595.039495798
958.042796539
599.943330657
708.480063234
838.091880405
440.124982278
581.967353036
819.896944744
634.493498785
826.380662891
689.386683945
825.203005327
919.765731042
903.534172016
259.998076916
532.729762638
511.349195756
837.275343015
510.367514640
745.422818792
721.989612114
737.989837328
999.836986718
905.833318001
526.561488796
920.574820425
508.944004779
653.727828746
387.648036239
683.884493171
978.169719425
918.463935057
906.555569174
779.735212261
810.680578280
902.649433612
817.589138871
869.509631919
755.352235715
685.420309008
986.748194830
741.159227157
813.762250292
531.108275213
428.021028037
955.583068229
493.562559358
747.941174157
337.687725569
625.962458938
734.959182540
210.276009093
495.730773707
922.178941421
228.475381606
683.506400848
945.789617198
745.103348536
591.422015147
763.354439301
901.893563565
146.290806273
712.179775281
973.768966439
809.187268232
784.234658760
990.931380066
772.759988612
675.484270727
761.283784144
548.548995077
808.555502115
703.698088674
579.580020360
776.258333290
928.071117965
838.251155681
726.700763726
320.533929561
995.585255013
742.862706023
720.521339032
748.169766831
377.966929770
523.872121801
594.964704836
917.697712418
314.119404049
835.209554543
502.169294163
949.363470964
852.673442767
934.350576604
264.032195016
639.328554031
519.524782854
443.734154647
958.049581180
758.728541706
670.176842333
946.502639916
829.076594773
809.617193493
429.545108225
967.870859154
983.944612262
336.988130355
711.004922627
418.490143253
910.230190666
499.477727231
753.897207847
977.695296524
523.726073439
670.282776369
619.492534257
458.728677979
833.976618377
469.392160139
911.085067378
993.194844932
829.708382506
692.766916069
603.538732394
749.583217528
821.853393252
303.237623762
394.118002634
664.435850929
599.131871961
887.002254789
872.170281539
692.239120536
438.623984752
674.369335009
524.574112972
582.642257307
542.670249783
959.827067758
473.662326980
627.381064426
816.510869493
584.505774137
401.170787637
172.148191974
973.286186073
547.367335525
567.908443325
293.748191489
480.994802495
748.491816923
791.471414519
329.359985426
997.745459557
865.516031047
578.994818630
283.388426016
784.242309494
79.642953235
864.371447932
662.231077495
219.266960575
383.782490481
421.290973872
846.978748258
515.898245781
616.816017950
926.229453213
563.385435169
429.917433934
937.298244959
488.936601207
462.185027884
731.872940292
876.732000100
448.150644316
664.378657092
965.428402317
161.759080119
182.833257369
597.386809371
785.993002513
412.554479419
904.254388986
865.353107119
779.145044263
951.210281694
513.696408397
899.964999319
865.889715842
751.472037284
516.426180591
464.911819596
805.674251792
824.326998223
519.595996905
914.461043457
532.700666416
921.718503852
102.127371487
613.117443888
748.093577034
490.185679105
448.597815420
505.305848011
231.365511691
576.104157249
751.389379749
849.321493900
863.017960603
586.422202854
884.530949148
256.538496137
935.596601105
694.273001059
455.031867016
920.969597761
326.631290601
446.714674037
904.750794418
687.120804517
997.595108260
904.378792322
905.420896600
461.381620787
286.743788076
964.821226964
847.171765346
940.829952754
872.764604811
764.923525589
772.028496883
559.736545171
877.365944176
49.254441424
946.637206846
676.737763096
781.620752027
872.308431691
563.110113566
600.990016556
437.223055810
497.777058531
997.097287129
769.443955074
751.344794367
824.551999573
863.495222930
876.644739903
751.763260608
888.028152709
601.185495500
988.801800160
963.795102706
992.127511966
941.222609163
283.652956974
986.488722693
467.760622541
822.819542792
794.446348102
635.316456792
441.451016535
997.807095589
945.976215346
587.675931105
516.977755808
740.395840075
473.081388347
972.192882097
899.027808246
878.668310570
764.601857178
215.594526832
823.961164133
535.620201262
674.557777778
817.966991999
458.517175251
529.465768487
468.509338221
487.929298157
846.898459085
255.481897597
744.973153879
419.456791577
735.912358916
450.864724748
797.030739683
588.944820852
670.979880473
926.841949851
724.225103563
937.606527287
541.887442193
680.570349046
642.647648405
492.534482759
750.700339683
224.584059986
698.683046882
292.504700817
400.393556392
676.882559976
906.533507379
864.136563282
460.670164000
984.690306645
607.519547011
790.848910981
888.090648526
921.928414145
146.488907430
751.675461885
173.150223794
953.947587659
956.261470519
352.973087819
830.086742455
992.528589009
892.884091022
524.865697107
953.439562846
743.731806500
872.333078589
768.110018161
637.398619390
946.070821873
938.710818090
693.074314574
423.348556157
292.557686619
637.945138707
507.290843600
831.947113704
922.062362316
383.645672576
436.756224913
724.359717268
308.180142125
942.187879353
884.411668851
800.878892218
625.149582100
710.535009693
549.012750307
688.578245372
793.719723832
379.344170906
891.726976154
347.311099736
757.508415795
536.882668746
942.090759959
797.576328636
443.231316583
548.559021437
785.209526178
823.719612490
649.425900832
465.608369099
643.902166482
920.442828208
78.307087802
483.980371901
434.613621508
971.898657268
380.465504376
696.690031506
832.846324360
800.791483473
302.221772875
659.416408652
720.693416093
560.773572844
591.774450293
926.306644692
235.633189513
608.091276043
959.763512538
703.831656721
771.379932329
269.608976112
812.702282512
990.990918223
525.703338395
490.761652944
237.804541588
386.235679346
765.730370300
474.405063291
668.479618238
758.468852360
593.610141423
890.530740626
895.304975986
941.666076696
766.023498334
927.554956897
18.574175622
747.546654062
482.944096144
558.919493308
601.594547848
250.399680511
712.890594692
475.949577161
366.397325318
696.986370025
351.624800036
755.440930848
737.088868455
676.523633678
386.921180604
677.056127659
799.477329260
696.548634339
723.142447931
828.618730177
873.262847028
641.431991719
741.136289761
600.557241235
647.359350850
501.238466201
467.620572687
722.765522144
182.909813843
964.874611399
800.812087821
620.033870043
531.817637917
664.963156874
970.926361780
977.261479851
674.765144328
944.629557022
881.643352995
900.505968895
905.404972376
882.841435367
986.958459106
100.821624665
876.358944726
891.254172501
978.592867336
286.138078557
939.668558589
368.355806276
631.209157095
512.941517134
737.962736187
742.324053227
713.598626682
922.472221804
788.989860518
555.143224763
842.356219185
350.864646267
972.828864703
764.807165238
523.524593501
986.198255932
134.551105532
886.047404063
956.765906583
673.818966786
555.703158170
896.529542921
884.177583973
875.500428327
950.220000000
848.487477810
696.982065997
234.908492822
945.119569155
227.123314523
641.128705148
393.843877698
699.160210538
812.616145545
865.201710585
788.833315726
814.822066466
812.907128767
911.584883609
998.654594943
779.839727123
644.759645139
864.223929324
615.129254710
427.737068770
737.700481225
862.902080195
602.985074442
817.220900369
176.997175119
53.113086900
45.365184889
500.366865410
611.917478097
449.550886997
502.920470850
731.620120008
829.372654480
787.585550909
576.889070793
688.094470258
825.843205457
857.726646432
645.719753453
426.759885650
967.376938987
429.419375436
677.787577343
963.622332659
515.376561361
600.285833333
953.090766002
834.610687686
754.635011115
915.677344920
425.579605263
927.028586398
645.167420132
862.191973983
992.691291390
989.343721868
503.721153020
859.524868750
407.713134446
906.686825756
972.635594660
554.965764710
387.939428262
172.087187205
630.062695293
846.741401913
683.493964871
306.297385621
825.174526994
621.020933625
518.949901243
867.207011042
979.094479609
372.781437306
790.422671740
364.738262320
908.962045412
203.865154487
842.483827738
755.755251388
393.251830664
969.752030160
322.124199650
622.241112183
553.110307414
341.249175823
961.348532011
988.685996664
742.263430326
661.691015505
998.001002004
921.093372031
764.369674961
421.809198572
471.381104034
769.554416529
828.536661832
951.016824247
447.136444500
861.283925312
810.198123918
890.520072993
723.653231873
933.669106268
833.631813213
916.993456901
755.562042456
104.235310716
854.107721543
967.421831468
618.384993350
615.990259663
765.350899915
407.646906035
286.291809174
684.104524177
415.612800573
547.886849632
487.098552659
328.390012028
484.185914706
444.908979455
495.542338710
189.097858264
585.225597526
776.927924585
154.347011633
762.084640968
699.882847339
568.366079213
750.675695624
800.391154374
609.959834743
532.241486545
586.048632794
792.986128625
720.795393992
450.934585056
461.506229644
836.999402628
807.075585060
961.935548777
404.404500470
843.226541328
675.259949945
739.188744503
800.237464757
737.969511565
883.590968718
965.173559522
497.386167882
142.979019440
683.713390245
422.550588687
857.225174619
474.779949029
724.673029718
622.122978196
755.268826313
113.269589918
690.761174358
297.274284122
882.747982158
244.599672935
361.041548856
672.846936532
736.508655754
122.311078811
659.089523510
620.844586028
307.239320400
797.517397929
837.077654701
654.428758537
603.990893971
487.093420198
367.411213765
558.522157125
515.532734169
655.711826948
945.197862884
568.706426902
728.953360768
576.746911565
75.153176979
997.088762348
773.932813621
654.740406573
853.143012630
754.535618775
630.861315980
855.656473125
684.733525632
528.877112381
331.249150943
972.968139774
816.141531844
973.082730296
647.878074949
530.524269002
545.097239032
836.769980341
654.048927833
758.354798231
954.549108218
807.086741016
345.049271845
814.885889571
476.511280036
928.474016869
645.657029699
961.689658882
434.340879955
903.377551193
875.787645494
965.756180410
618.603265429
410.825998053
796.322170984
877.364234512
872.228754399
500.137980961
453.424745686
882.708332350
813.775153221
609.989344169
942.072184073
951.194512179
364.620350502
832.814505169
452.975716788
835.725433381
526.849146110
919.157766654
646.886388789
983.391071751
384.901286046
743.485036837
724.421148228
598.255798133
314.265811058
660.873664175
867.481411906
738.146326957
638.973395377
936.335409989
716.634495402
739.060890590
988.830116855
611.437650133
149.318451639
281.129863231
974.295643016
703.771980119
816.278751408
714.373151791
917.641542216
590.901006939
655.775914634
740.496455089
856.933486334
923.783524426
847.525220864
834.785601217
655.702676523
537.027932234
729.901363200
886.818470714
943.498807630
647.270422621
171.918585383
138.791210096
676.528803545
224.859956417
486.208802882
534.490411514
775.637886598
815.391317099
619.519975465
561.164884135
210.691717920
881.541263924
763.190039318
557.365230347
980.142336602
796.243681294
682.625812580
637.888714734
767.312843630
829.000603136
571.562769956
732.410404077
986.077079108
618.254801841
710.507565055
330.661458292
924.633440883
871.638112980
645.012403101
808.831873756
625.223959886
992.500377834
331.556933271
164.711869639
547.156284804
857.211175849
961.024453393
868.850965356
315.610519470
795.083643399
738.166647851
509.339768720
898.576095832
902.074276321
868.685788994
690.669964600
998.371173462
141.109886259
690.967437728
259.447489870
587.009369602
829.194790143
277.395025190
882.968855623
733.410526240
873.608608016
928.854132789
656.078501401
480.823252361
722.711560721
589.073000570
308.172029879
913.728077712
856.092868794
721.752729288
810.558449466
460.096728960
550.764922630
968.890602700
