446.919456254
849.094223295
948.671702962
347.759974695
768.326102641
486.475076443
211.719153597
838.060260363
252.897212322
784.824184133
658.796630228
970.581784463
938.773135534
672.514683855
903.095233073
993.579891101
753.706176172
826.312894732
736.596904691
301.073080829
936.080124776
795.223867851
384.391727278
795.565207887
450.783761908
914.466630197
936.245694249
880.636133712
618.403589899
822.150229581
951.742613218
885.092650517
301.479684224
932.289699571
474.456533193
468.301185136
489.689697666
435.803854962
763.504420419
935.484366518
803.814655253
834.956286281
956.402634877
402.043529982
485.929008026
986.791264655
712.821155691
620.348289270
407.304554383
519.930764622
328.642663086
134.513939798
639.168991738
693.033909704
833.009603786
673.568991098
769.286682583
998.299053390
824.751477719
626.980063479
414.381466767
840.556958213
833.960430716
905.233671490
971.596624119
346.473664223
310.909954810
391.569917128
930.226316549
922.804963156
555.300819376
624.834378055
999.806481275
346.740537002
438.362863391
648.666324958
410.170696174
763.089116683
807.976484814
983.522750118
778.408633046
789.531506654
891.269320094
792.774242770
316.475907456
810.022839184
997.770514698
952.488445378
656.752617048
897.171666964
591.217388107
499.962998631
781.930943242
16.278820596
463.949350684
587.970237342
796.006281382
838.413978891
731.028043776
527.628657296
538.097574795
463.620534489
990.477662545
850.862503585
994.327913719
729.478581220
534.884099595
697.472580645
721.258622132
407.392930730
212.863806224
300.298185143
903.182705773
709.215764066
590.200813283
977.958076811
612.298946594
993.362974954
944.123402951
821.043238813
974.118575944
712.212047076
921.276831360
875.126285714
927.108947212
341.787945955
718.246475801
613.927520152
623.061794688
954.823020250
450.412033587
896.142845756
385.625465964
892.406390135
713.475998195
460.409600247
394.123077223
348.442247726
858.215008025
503.555359419
927.968749474
763.136304063
515.088341938
767.817035497
656.489908606
850.675026449
607.835504063
736.161667027
646.870156987
211.775824872
780.466527149
308.634304207
298.347113276
950.665556334
614.580344626
963.355593745
800.128114742
713.798290836
785.688233334
511.518328117
797.799473552
684.203916972
614.910562602
993.741918206
606.729758624
696.237028604
789.860114197
745.628593872
845.863464167
688.598693759
151.792763158
709.979577171
942.594822816
831.425883648
943.876051185
730.577853483
966.168204817
922.838013955
693.056274771
990.159583098
971.132328779
619.267309003
978.457970482
763.336098976
799.027533944
974.262798222
914.251606507
595.135294118
678.970544280
832.828914003
692.477436823
526.729532113
571.871489060
745.878676462
681.065341946
629.290076197
924.497160627
547.264104432
973.404848971
746.983266211
988.538314887
443.268541631
994.157432201
494.163940408
971.894027145
377.022545745
496.267137097
581.480868129
432.072910514
626.912274565
28.653097564
158.543375394
975.981557203
706.021954674
413.951688002
926.856515325
764.509646767
958.895719044
235.614091259
743.124484861
988.065281244
487.717131132
399.985000000
339.175471698
858.693775452
559.511393986
745.395867979
515.270802588
830.642522389
116.858974359
829.768039876
281.250889680
613.573141524
265.199924585
571.905586641
965.004145069
844.057462499
435.888747274
588.312841947
773.034928060
948.350146307
306.271121721
822.876053850
904.582872928
977.123328961
953.681288482
533.487581861
929.078575794
730.540212183
751.494510958
858.020396028
998.959959158
886.246579683
312.233886694
499.361593913
854.855543352
550.765880218
508.051178524
836.605641865
485.121649485
440.526958002
469.056499795
872.365175829
566.037984591
323.252223504
994.438535054
416.127384343
489.706034270
551.283121597
880.602634563
396.295344409
675.837998340
236.710794008
349.767065345
696.010057399
932.703061001
559.816934363
973.121266852
788.832681879
724.577118055
718.574978690
602.283155999
784.118613476
756.279049029
735.421647764
229.765097436
652.981623019
993.344351169
858.513249752
729.180362041
867.277393310
924.754594595
860.906498988
866.537362149
835.341846192
745.497820252
893.789149888
922.880815707
576.767717543
876.303029784
879.395815319
691.243806482
959.402939333
866.938291614
492.977687122
682.125355048
810.847705969
488.653251294
450.427574644
965.698710779
803.305670340
434.839050684
677.531549081
199.619639279
905.817862487
653.003062787
984.881718956
974.746120792
924.537837838
376.152894446
953.228723864
663.795902380
956.839590301
632.570944638
881.828781567
106.508215646
799.112007168
334.741691458
693.530100284
520.484389776
413.217860214
885.532167043
886.688220289
859.110004598
965.088078882
478.981210487
592.713252762
974.024640345
906.100435934
549.888170452
463.457883369
160.592652385
598.499791145
533.045964247
762.807970593
475.904411765
235.938551322
151.733318688
886.246579683
225.880499380
428.621044747
279.111088995
841.076096438
912.910181781
918.709965114
697.962033351
195.107662587
924.160700311
922.616930259
323.726851852
971.554939272
517.629210922
580.559213173
674.722906088
727.289488443
964.267597713
608.739681637
638.491973325
914.187617505
893.664926021
477.479842932
870.164926896
983.488179898
716.639470014
221.054291974
947.677687824
765.181677773
991.929432974
536.347014925
583.357523308
20.904545455
254.446458022
735.155085679
645.835118277
543.743507449
438.444979444
785.886760297
321.179077774
383.757736078
525.430299850
836.269095447
786.993646734
755.501819987
935.279637328
954.047168645
469.952125221
941.568903480
708.990832099
385.087003376
796.846912651
226.150392438
880.952893179
408.816584791
446.014573753
310.979099678
802.637527157
576.718302120
863.793956913
463.089624155
660.758654881
760.253248718
621.923628752
859.057623213
892.339061120
504.027777012
658.659244223
164.191961023
668.098795089
547.135266639
667.538762919
985.048222170
910.569601953
768.016926897
878.515793825
161.369142032
976.091184265
981.757607559
116.447413024
415.342168675
795.346465393
834.987425055
875.574668432
27.147743921
994.916579423
826.114398858
596.591987878
472.587558025
987.251234489
705.263071485
812.851770007
561.538956796
409.909746164
834.577737542
569.195045678
563.890957447
978.722126040
605.565025410
684.799240654
538.042749231
504.556240685
168.766110342
978.637317907
382.499673203
419.738013527
466.286392682
820.376133246
313.821605375
764.412192472
973.490626560
834.060549361
878.925480345
698.224892137
917.090508074
331.383463679
824.624763150
287.831547962
925.684665227
739.032475606
920.387961677
457.836244541
605.200793126
578.002595150
622.220218251
731.539472619
673.455269487
855.298778206
849.925882353
457.107208431
971.011328461
451.394505948
404.210341283
902.965116279
927.014562992
596.126664393
256.105468750
690.584535187
958.241097011
713.037867157
851.002937715
511.375595820
876.077622132
387.443152455
961.320966171
461.626472378
135.558105623
812.867147817
799.134532599
901.747192954
755.182759337
551.774410425
958.747620597
797.273478801
256.437129485
787.899739815
588.032312037
981.408766565
945.545345290
989.889892867
587.912408442
851.294308685
714.559305905
667.016491550
941.455256505
911.486697654
529.312761985
992.067034025
735.410089678
532.270607868
798.232422293
947.294568759
995.647025808
771.095973274
427.471636486
648.279260813
748.541249165
689.620185319
800.161858626
527.435304090
683.815033470
286.923334708
546.257326007
906.252173673
751.635549984
694.230509269
952.674655903
871.176216388
937.724906356
578.519662587
602.810086180
404.958022516
663.231482968
785.604226058
166.664333317
696.084764970
412.269329444
949.854199347
345.144897108
880.738894338
933.324702341
547.127955784
335.307321721
628.856120827
724.716496294
235.070212766
546.264587906
336.110101009
346.036125282
791.141580250
638.865400534
715.141945182
854.865486495
486.228341420
853.451814691
982.250986256
282.749005303
665.442709780
814.045453276
379.051447695
881.400022691
898.854270725
885.040112085
950.151052632
746.260008308
769.096872968
281.195661417
718.990264190
763.102228047
852.588998287
257.511164806
985.721563120
383.851533799
931.462828029
657.698259082
699.570000000
749.321025996
600.698759779
880.175550672
959.669213844
806.432886234
416.668933327
851.926053129
940.705054733
471.834716824
406.260999851
470.492295430
909.204597437
768.531066386
742.484343269
392.128805369
885.993227965
948.604237824
730.520362481
317.941821327
969.104225561
891.836869253
454.807651651
375.229263251
702.174479741
710.597635801
878.952217131
262.124016450
478.612578188
596.131696859
735.538579198
433.573732719
637.694284121
831.525706157
906.854453592
736.978968492
576.972269698
818.169926650
941.808897813
964.820725389
882.259032258
968.982455982
659.118350526
342.111093068
812.984624701
816.798016648
633.131897791
959.988541598
895.462450357
549.741757555
770.573812169
924.584771668
525.107608075
701.401454233
789.081111167
891.340002468
577.033794517
487.688425127
56.222775801
882.729856751
439.517045455
729.930818640
907.969713151
948.949420381
757.171711041
772.118514219
809.122982005
476.108180984
256.715796164
969.948967730
436.404628757
999.848988598
541.783166959
445.156152378
373.356398097
706.910885473
477.400251362
899.084534402
464.184230667
910.470757356
885.414027447
792.477129008
610.449015070
571.984265518
777.341623741
927.437329419
956.474254750
541.062842938
751.188391818
846.636363636
677.051696697
460.141304348
783.572587576
975.730532787
966.740399487
988.567144912
921.014114984
76.500000000
539.183642197
950.488821607
757.689910188
780.927653499
380.345895206
719.946525792
264.983018324
238.409311899
809.631481481
280.987544208
582.176090200
966.292916253
680.874437764
817.990831244
278.352294763
332.815264073
904.173655887
680.719472323
398.776879972
819.244163849
660.548257132
765.265313470
842.759752243
705.855509294
742.487710336
861.342556710
579.189951570
349.117458744
936.067839422
601.166366325
979.768850291
868.967203063
742.707210144
927.070655344
189.116366293
937.138196853
374.657176630
840.017261727
333.856256494
986.512544269
706.205352571
495.334230596
887.045094682
494.127513907
643.090973347
572.202761266
890.488629911
676.644663041
563.185582386
964.610802345
859.811607272
355.073231883
221.867077323
746.351876676
441.086159384
459.226523624
883.203260864
988.282854248
209.272549562
823.273344643
609.486669255
686.504187897
413.673784521
905.937084667
456.511774218
583.647260274
625.620491992
825.593120126
938.952607963
948.248385182
68.905732708
918.593490071
426.955501194
69.376811594
728.699526554
693.912098285
904.783952112
986.266227181
849.320905194
848.106125435
261.202986217
342.027776650
409.975609031
507.788341733
602.736260731
491.067205177
834.233780184
647.812472865
944.427869136
693.932273352
908.796456859
817.961490536
902.560802127
604.038078270
618.946685911
142.151327817
965.192726869
38.470779221
957.272688423
867.874990998
144.301767141
530.453773585
680.839188061
813.287771948
840.479624976
882.756479384
923.856049401
458.470282570
937.878990062
655.932161126
643.071535679
881.732385704
765.451500750
352.696753600
805.180725055
521.844804516
488.498720573
139.082709206
676.759189077
888.750808720
187.472664674
952.676230416
980.558004404
752.794792756
849.140154281
203.457616708
945.582889016
965.766534935
833.963428455
843.342753571
736.232300297
497.192115786
153.749796748
730.034930671
428.631543406
480.408159797
803.522246422
310.428735783
744.668382570
805.802084882
954.505631204
911.522901810
375.937496675
797.397642334
224.891084927
872.370907840
798.001253132
708.131343749
787.709337256
707.804351498
582.819011358
653.189865200
568.264903016
516.019379481
919.484094479
788.832048031
291.576748044
214.525056812
967.964875396
651.325652842
399.134062691
651.240356265
669.420645036
872.092884961
911.718158205
940.573229472
259.331833757
486.277698440
629.643549955
561.727692036
812.984009683
920.351563263
243.289950471
364.061807939
847.554128065
599.121857391
752.455314288
567.402855129
802.773349938
754.011273125
447.579043298
822.155703015
929.979032258
232.965662706
79.849859111
922.660284178
326.107344290
904.874024381
992.473173441
409.339712220
599.121869783
737.758768162
959.494658662
574.342234024
769.011703422
313.515549854
449.727695389
925.179442054
276.747177041
833.355866362
768.481620039
954.208048593
717.790359367
907.255201142
992.993957686
349.183332936
586.008532361
993.411294481
611.083464021
518.971097461
487.124214138
882.988108640
894.605499648
592.177338303
825.561021367
523.537009198
769.559614325
114.245350015
822.452430235
226.028759232
972.763074957
954.393000813
987.292256629
866.859273469
571.344904589
360.832371053
884.569952011
730.213667360
951.378473585
273.563520960
899.613333333
988.652618466
297.963084962
987.965586445
776.466998655
783.364538386
853.697838817
317.806544929
634.940154660
335.720122133
609.695005720
926.779909148
927.474527952
930.012365509
790.447975709
885.790607311
439.564557261
362.216785917
631.504552636
782.800740930
512.096670572
944.016419349
515.469902913
672.978454336
103.387620149
804.601764850
411.845844947
687.693972636
367.585364235
589.699075801
784.483906792
966.921406412
465.176310661
788.458622884
897.978284815
245.770217887
685.829424857
225.514966244
337.069725725
990.723473024
820.556518468
618.473928311
572.902260425
859.839534884
514.410505837
813.328346979
773.407395879
979.602470393
656.579012762
826.010290493
955.015706677
599.322117062
970.032989130
584.429636483
648.503662287
689.593358437
286.921592077
965.001554404
900.577037238
793.637197581
339.640986926
544.588835728
878.064918574
678.815144203
618.710756425
604.046355837
888.610713417
507.026626520
96.322375386
730.601806732
444.608816827
829.784309324
781.456972584
646.259235911
262.249880839
859.795348837
226.466333068
821.355586820
932.784541038
834.850285979
210.758159393
603.254506821
468.465580379
848.283561081
192.449993505
53.358490566
752.782173009
662.084586920
598.353576203
989.271954520
975.213309999
838.405629752
939.064428045
469.063961523
636.392174685
403.430291376
905.643969781
197.479112820
590.908622377
224.813255837
940.812414884
867.423195447
621.150545359
834.191225080
513.036061111
625.932104944
638.064260087
751.865014481
816.743533797
345.313043478
761.235180480
623.450880182
924.938916902
924.848095635
987.139301213
785.216530646
815.412778904
232.884091342
909.876365535
954.828780463
973.351940461
938.795527157
625.972842861
939.282747604
668.063619725
764.658093529
546.789721922
458.451742280
847.660309322
742.502525253
780.032050624
742.980484266
288.610464121
631.244849445
881.014188308
980.367278662
364.157932771
845.761786793
948.653783000
532.035713104
739.893911314
526.103601964
567.803663262
786.535441032
235.314682925
326.314265701
974.697901916
438.384534399
582.843889905
682.433147714
527.484596932
863.186538357
996.159123835
678.047195997
546.040291554
248.648346064
898.335683361
532.497887320
895.408845165
937.278507168
789.031685044
877.078103706
296.984848098
800.446750259
596.462907480
704.936167323
967.852778061
845.697936618
988.418433661
694.246353970
555.120707981
841.648382640
665.054884953
865.394129862
457.825294190
586.300264370
589.718576950
616.425177941
392.627049501
493.775252519
911.060920027
271.197345133
699.574870904
743.711637666
291.720757628
964.971502171
362.667892155
976.567969985
599.600700467
484.418207750
921.954988055
887.240102791
808.286459122
928.589791027
378.543260408
555.163939765
913.810155339
449.041200782
906.942115022
252.948611382
626.641843480
821.818714803
907.653017408
754.153167467
819.970121407
437.237921503
919.959238227
674.431612545
108.986237663
556.127683181
814.105036855
924.799978374
424.057779082
273.642102024
968.630476498
724.071129103
726.242383781
991.558369438
548.675678338
521.980842560
923.669854439
767.753215558
752.903048207
404.199208312
779.360635393
997.384078477
484.580230715
635.527340089
84.089238313
780.451792233
272.803958916
941.869417701
581.172952512
551.429959288
599.939163582
566.543908272
701.415711258
597.744092401
979.114395768
70.795480082
648.283117164
875.624919700
813.277320476
683.513157895
927.655647317
998.926924254
972.167166695
861.460968356
911.508091025
422.735141695
719.718695048
876.957809704
645.276684841
649.568318193
993.296531757
583.904101730
664.403491863
458.294665035
669.275727933
874.297482838
967.359292094
910.993413807
423.694465388
753.379814077
939.047922100
550.084538957
920.248879380
239.899979158
781.177316619
984.173257105
584.368890342
975.466555039
130.061523904
459.407226761
203.963231981
725.749958661
860.722951942
894.661388460
76.491829629
702.711889755
894.613407821
771.961138918
744.361471330
159.906222518
348.053156860
757.086520815
460.766752273
899.292499691
858.418312945
429.280793887
593.948650979
909.585070238
437.207044774
494.740335934
997.627755511
875.041713291
468.909372907
771.869807675
685.989066969
862.474347445
889.854482486
245.637944952
544.475894783
990.331762593
801.511696733
751.491849592
918.220017207
557.696153833
356.878130459
570.105253464
811.076445226
678.317772139
968.341425620
672.745865849
988.571696945
919.561308451
772.923023334
594.884862810
449.643191876
843.981635071
710.991561131
681.186464927
742.843186689
889.847177891
991.609802291
722.460379536
985.576988368
791.844050303
232.372844828
458.289209997
507.462313872
857.429988331
728.135976312
944.209722466
879.312799861
933.442553133
932.412017167
833.673197362
751.083883464
380.248602890
533.139756537
632.633385145
914.174491003
690.654848046
226.506070559
529.972640803
878.617747440
907.720221214
371.113190280
509.695987836
457.446389497
322.462400909
727.459277211
756.796538047
914.130187665
700.098564489
196.977156036
479.812463365
714.525017057
826.598451488
727.241362960
444.411971036
509.597058824
680.933917499
655.450989777
862.458694663
438.027396411
149.485785277
426.009389568
481.735404553
689.689785338
806.204068469
646.986862309
481.350184377
348.180987938
546.310351357
711.376131171
578.231787435
677.279115284
739.567441144
910.007142829
580.662552607
671.370985372
893.424870932
261.254665030
580.274934837
362.856721035
755.373417589
469.513578078
542.126369673
290.336012234
466.892921343
886.253349782
917.226253440
368.465739484
839.777351445
755.049667241
175.419497207
471.466859917
986.852077001
240.865107477
315.122198520
899.521539486
472.565339398
618.127818497
596.558463187
577.259040639
755.693721027
924.181259278
810.440003948
697.027976483
954.076516848
937.036818914
578.143580782
117.298763847
814.564300715
802.987546700
808.734196136
454.069377959
175.473644745
694.775503310
994.634103578
539.179005526
792.064391334
757.381013757
834.942514074
678.626554152
697.200831899
146.591268499
253.564587433
468.512539854
900.283844129
827.546977524
817.456420857
821.932478979
963.152116750
988.898376983
448.660227789
721.540019680
764.677709888
659.248814940
278.382829930
926.997303124
490.845189444
280.078560408
54.212544674
775.224516129
830.949456947
79.561297124
883.589271163
741.981805707
937.760630438
880.020454308
567.003527326
528.889402427
637.317896389
842.210781218
352.272621701
851.543304830
933.196656659
170.964908680
678.233735522
721.682063184
725.640407938
580.985370052
805.786572239
356.625854363
681.581249742
948.017932320
943.033403438
743.007402386
363.877726716
535.548317148
775.620396844
734.807457774
642.165087808
965.869556410
882.427900738
732.639747761
400.413536250
801.945135280
826.276588074
875.749393377
622.058678904
764.098815599
245.890219407
941.698465541
859.406772140
491.754003542
917.488419545
989.078864399
473.348708670
699.744238990
66.000000000
998.923420488
558.285842294
849.422156528
714.922373408
673.342409180
990.758800112
553.006329078
773.645268873
695.115098400
957.017763681
824.515008960
444.444597222
949.839987366
457.301869666
851.928987651
718.250000000
423.830154661
962.388694863
752.847262066
599.220367279
856.002920556
531.606057151
772.909438421
77.181604026
902.246086173
649.972307102
615.609454118
967.406843085
504.258862095
527.859829879
842.043941846
817.154208213
157.521428571
176.799321266
783.229851321
855.679846672
755.874328179
564.945130079
837.965393080
975.601865517
948.219911411
754.267194037
579.685259617
559.330850213
981.524949084
939.550424405
666.120859905
688.741606119
988.853376391
923.411609197
764.821547814
898.002783960
652.219288277
119.958326097
506.063238490
640.929013230
308.501215559
504.838588066
650.099223196
255.892578125
757.349985146
827.503623188
900.520960577
630.553724912
187.563322641
867.976958525
926.458309909
863.515489149
492.623588554
859.939532758
898.927694537
980.613583433
593.411324462
737.185865301
960.496225924
754.131951319
143.840189099
755.629538862
850.538652855
644.806172427
947.067051481
544.295875421
937.311581066
670.152967613
989.100096047
968.402808753
728.749614065
973.182425488
864.067705681
379.944732853
860.214534884
776.745131960
340.424734707
741.386538858
407.424839694
459.857586650
565.893983004
734.045640327
121.375450566
770.983787119
929.802667236
607.083190354
628.328735615
981.095815912
732.796043656
851.613762330
843.923574746
397.177581864
863.043451977
530.470545836
975.980532593
260.710567488
697.859584730
957.563052754
317.376747731
809.256448847
175.650220609
726.544016506
619.039578702
784.367260918
937.586262799
604.192850007
870.810541967
856.224269697
350.933043602
244.761108022
389.577976790
820.573579882
925.611689641
600.776996897
255.665797478
864.905775215
283.180154672
986.414213198
795.649420285
433.636944921
968.458052783
753.636517162
528.137292756
622.323067225
765.132668235
257.248906703
922.029283700
923.095878011
307.784090909
972.509125921
887.631680372
911.594756457
856.362656822
539.193842695
744.225134409
263.579210106
848.691934685
555.785030385
590.797765737
801.349486803
96.452060653
786.160289000
984.237268142
245.798698125
397.187613107
935.265203031
526.981024326
896.479224522
387.258311725
638.527211636
714.322056218
371.815814618
546.392715959
452.844344118
960.957855475
431.661904736
795.940952584
898.800867823
528.641655567
997.506012024
554.924319164
200.972634953
543.183210604
627.284624393
636.695374571
937.300378747
490.289710274
147.366889090
840.771669361
777.027670035
980.409098285
584.184046342
972.110076072
402.779095783
987.833994151
618.211937769
923.120793829
990.345394294
651.610312994
913.964989059
808.609394314
890.141561775
809.106304079
183.845043447
944.644906830
421.587476095
418.718282381
789.532139941
580.416229959
214.478437145
425.911962734
913.033405742
199.281208346
968.609312365
747.815485264
514.651456311
694.748875494
971.345458629
428.016354828
225.428480898
787.589360009
745.229494854
383.768159179
499.186337954
316.758583151
764.896725055
373.257283921
228.685589520
969.966494267
550.009090834
942.602779542
781.142752644
990.735585310
677.749216156
378.015873016
583.131203075
831.620706813
768.329356461
318.081750498
646.157103064
349.971427405
820.472424887
793.032155716
998.329104053
869.944251087
880.993757094
358.721340319
390.915591912
515.869169461
925.342639242
777.888809535
580.962993658
921.485214206
703.474946249
917.915573460
680.313235294
760.776576926
914.545242183
687.012372523
842.288549133
603.047261829
977.242038477
759.828928115
857.056591996
925.300491732
363.432249532
363.682553885
766.424164546
929.324485861
960.161444758
752.135638298
462.762358020
881.176486295
831.803462364
239.526616499
280.519161556
412.832895976
625.267142908
353.198244616
974.715343062
814.490024494
475.989495682
921.830244676
852.154328757
336.811519996
491.675706132
741.425653737
364.606637350
841.902013303
827.963767323
158.224524016
853.649811105
971.358842035
844.434722166
790.571944860
947.591156565
583.105479309
981.093777373
335.711185396
803.261476732
944.864540556
882.768403171
690.067388019
724.697868080
457.513934214
785.787503082
936.806276666
887.797274157
906.299619331
382.402928870
605.210707110
859.137358864
955.071201534
725.209624867
311.722633121
792.590688817
693.954609467
260.250000000
954.451257862
549.205790226
434.940225778
185.181081081
882.474362234
411.757210016
346.548697877
735.628302881
166.087326428
569.842083388
531.036721894
955.797049587
945.361904762
951.039957100
221.801713249
509.881358751
430.192979952
454.574526343
880.833696639
920.290171683
641.095163807
823.060753341
795.954772584
368.149429503
592.336897382
647.831768286
926.722720127
928.816989509
520.727375889
941.653864220
933.979657166
514.810644801
942.434082576
503.909714135
679.727151142
896.663879599
686.911202413
946.804626098
639.296488337
280.267729145
667.084702268
109.494292089
768.108065356
439.671468258
960.011979092
252.952564723
318.106918239
272.405947072
866.084868821
929.957525912
715.031467839
672.384562583
633.682096954
896.653221708
396.734167948
590.746984757
964.010892055
912.964950039
941.146109804
815.695408838
435.267733700
576.131929336
454.074883692
908.616061606
964.479134041
728.903971727
860.625935003
253.574446662
601.931059175
575.685678127
587.010221376
954.782697790
824.436170968
802.309790542
912.401775535
696.629743838
791.582592027
435.213740592
485.234994616
931.516505490
457.730269919
292.201984942
871.024110218
998.135762309
686.176362169
483.400455109
520.182660226
509.413388124
722.036702676
490.573134211
814.769325153
929.026372069
991.755010071
905.986202985
527.426772178
850.191176471
896.446317411
567.674202353
744.986577060
932.294481374
328.109737740
395.035441448
786.070607516
803.452549941
742.733464979
451.200620567
895.304417503
521.964558184
847.344085953
96.197713071
692.387897063
654.717496330
196.601119020
792.472712464
352.624446146
363.604180394
619.578082246
953.101778406
911.981359459
151.191931217
835.906693358
948.042193154
609.881135960
743.747941174
747.900394438
791.796691077
623.752354709
927.250235913
702.132466134
495.512865625
427.558183175
43.243496621
237.383655714
627.375485654
438.456383250
835.680560980
801.041197442
883.276853844
513.670127611
840.575398165
592.336053267
639.154910800
735.781217482
923.963203463
856.739206534
537.633704313
641.930681616
501.806772908
969.089779123
868.108864141
485.948559671
643.165629860
956.779493927
629.622903014
315.349013000
502.895615411
465.185984312
306.740933036
954.118965329
649.269589616
747.636275203
830.296332643
895.016759620
80.610173055
961.684979606
593.032039607
190.360184913
859.756942397
936.080124776
605.812677319
174.682569270
705.305607521
645.349517703
536.345970433
653.964066291
674.891102327
523.708888601
798.644476598
694.865454617
846.135331965
935.778820021
964.527863776
751.447270273
470.197830705
434.993103394
707.598756358
171.831312630
661.530800492
931.938302679
526.840583099
501.456877508
654.887013156
687.563815220
685.215294634
272.169065105
260.875449209
835.069458189
742.410937419
699.751384422
701.801994302
928.457861187
864.425925926
427.148686057
237.027426160
515.711159468
816.601493998
943.157993127
338.449405377
596.959797641
634.582539943
531.537392852
809.392364679
916.157737510
468.052347500
708.043077786
896.689466872
971.262065562
575.413764173
382.502610966
454.088105727
907.404540434
636.050314416
764.622128898
542.227811902
882.246564176
755.293320535
651.244193832
846.619158773
910.666788677
848.865713762
593.207383636
923.232906693
986.134372183
704.381288792
899.552110778
568.438211242
485.867265825
839.436120262
481.123684736
471.297146191
357.667443305
819.824371436
631.892395903
808.191190251
854.661336437
766.891778545
452.543920520
809.173034653
210.526066351
342.368222824
404.212815235
706.542285916
932.910499459
517.794360726
829.872279330
298.750732217
827.729424389
647.542276612
801.355102311
137.306227098
334.946264347
820.858696732
492.844803158
947.601709581
828.662174834
586.148445362
738.151745917
367.143023902
464.330701117
923.253486319
897.751636033
649.485950579
729.516278091
633.221130413
548.042881534
772.702457956
782.468529719
824.655685726
529.656492455
649.020030508
920.004891291
601.507475083
456.391279496
823.529598739
636.039306961
304.594812825
343.236070366
785.467376794
659.348162961
455.803685812
742.004043116
976.651935088
910.993413807
225.168825551
760.426853813
457.925758175
541.140462357
855.679846672
504.818779365
698.456154673
765.228070578
992.069554013
314.895220669
663.535228906
646.628950790
680.382980387
956.534892202
675.142947827
673.805609950
981.771358311
691.430401414
536.534248674
427.849272525
885.616169681
764.693402613
409.362919669
880.673605827
521.758564855
440.810617060
451.888260525
826.352225144
650.839457931
336.952518910
897.993318486
823.880452725
877.401276498
654.621264549
884.750247245
882.692471929
405.986452976
690.632318966
740.397866015
510.508569957
954.220100396
879.751101164
273.219691823
844.718888152
882.848797926
662.624327957
867.260053271
634.971652911
947.944618635
654.888540135
151.697066550
707.928668723
845.331887486
740.940618404
701.014265190
771.457198444
730.267759825
817.229465940
487.480256011
998.832818844
971.345973388
448.472964626
795.157217159
787.300450908
864.545545359
733.876693010
358.891348565
750.459859020
740.495104643
945.088884709
683.265687709
447.491899368
786.093505888
252.214285714
720.106936503
432.953808160
752.989375755
968.523618710
835.848072319
662.389613445
771.379932329
744.500503694
405.365432099
777.607870331
860.461504078
686.424067177
746.921682641
831.043320170
462.672670470
916.354734805
604.854527965
628.918118677
965.773265316
441.790674415
651.426895361
336.223140191
742.855975274
586.018771030
932.484316222
486.520297624
374.376815521
669.785786651
855.831759757
428.673535456
826.052661760
596.264203185
705.768375602
372.965145825
33.749074061
829.945781362
669.935817821
604.463398396
572.510261917
375.972073431
769.352974908
415.801635402
106.451867074
889.930896194
943.988877119
974.237650679
815.131277771
553.316365202
514.818414589
656.060972776
478.374330415
536.799776453
968.148232452
803.777954413
592.823751211
816.794343761
852.822373065
841.595508543
373.954542692
656.964230381
526.227137278
829.945178912
847.184159436
573.225958938
409.294514989
821.883203381
563.706483908
704.303911674
583.258090385
768.113923842
581.413794138
505.329595413
316.572266631
653.012251034
655.656922483
567.112863547
872.813840404
477.694463020
800.097494059
924.012986922
848.907533245
812.158235814
644.496702862
688.315334728
931.387137553
737.128889679
991.597196446
495.047472471
692.444221580
687.444543218
980.989806320
802.360972569
371.845397981
428.191545923
728.201923077
609.208502897
266.660833270
900.578703087
561.994661896
984.391182407
990.901609646
413.678619220
809.517140210
981.259904409
756.314749294
838.301258498
332.198735699
901.052162752
444.318693694
783.971938273
941.152484988
892.374360905
986.133865152
332.278497649
614.228784737
689.448330189
783.210699620
73.232506486
500.104988977
620.648050274
969.523594349
631.066557504
929.565489893
642.314564680
892.280785403
712.256274104
923.388325680
534.691499839
502.598249102
767.439248410
976.215676230
130.721077107
56.542035398
889.196266299
260.322876444
599.481442582
414.112303609
975.866794189
115.472940553
994.850239986
857.447957604
926.963321820
974.601970037
951.188730025
829.507685317
846.703017592
932.093342965
851.482824254
563.943259557
665.857342079
423.656839623
528.898856115
272.376838235
871.370759697
522.738940581
585.852389078
790.344861437
934.359138661
516.215071458
666.808818179
671.575758943
417.195397865
215.469255347
346.125699710
542.903306308
707.817066762
600.299092120
424.569193418
434.785004341
572.584491582
727.943679140
626.075878594
708.660708661
989.248199392
901.035515393
501.793782383
802.895385464
187.163030538
857.629873547
567.497136557
857.485276968
620.668993909
73.402997214
651.779104020
104.331203386
938.573385517
979.073030984
986.337163449
945.509915337
771.469377228
468.610712639
356.660903380
233.064368791
715.210458537
639.491204005
730.325270000
459.268984366
149.703039381
717.896232056
680.923637832
696.039510373
840.169625731
906.979602858
346.841462343
865.494656264
331.167631269
294.698150656
328.431119110
742.051211171
713.014025245
405.983989832
403.517038054
499.173316595
458.327393901
687.054582984
929.869345661
672.670052849
932.306280146
467.225855449
999.924497450
287.534345807
899.789975494
815.199975466
813.164804944
222.941696414
909.669720283
169.472711668
561.801566392
736.781514658
788.125624504
711.195472427
929.278214530
301.547674506
273.038458830
959.394079615
942.388454938
882.997168738
241.894605149
687.944040698
714.029411159
709.363799471
964.401887182
977.110024511
809.476991643
557.895151440
844.010071030
855.367757166
925.608448535
494.459300651
883.467600453
967.821264491
419.252906967
931.896990016
999.760471313
783.987882559
697.131981765
234.842500413
762.904974423
985.672866625
505.788493345
571.069176883
862.704468517
830.833918422
842.983392482
374.348767862
836.620583060
532.041353383
885.585681908
465.624312080
669.437824918
935.736608240
73.376712329
905.266850829
820.616841163
908.027532622
639.385642629
367.925264150
654.799969456
535.357824263
366.277217419
433.669228791
637.914571083
603.303406266
382.976500585
721.394482950
998.834320596
908.218586024
516.960346642
799.008760904
624.150622847
666.336252439
855.353801170
442.035066482
853.423107257
886.224012313
506.561940931
864.144664969
168.852006207
196.860356598
683.687794245
935.082884027
718.293811751
846.881337615
745.601770384
918.865060822
933.212218650
977.329524777
882.987542381
362.234730527
723.302149865
393.091592380
389.944867898
318.086466232
814.154162306
503.737034573
789.662586172
294.494482121
923.923156978
416.027643312
665.965464570
964.178423237
742.800780829
863.090377655
751.576343428
951.644891753
572.805410122
679.793350953
953.585863989
561.341250934
836.976104796
304.387910404
673.467890846
897.878610949
719.172441074
477.770865583
989.187545413
996.593698555
700.698223205
962.048855308
663.195295537
773.005821453
554.043319606
460.840536411
515.832337102
821.256963441
188.804232804
764.901954501
925.939522863
973.140791458
670.269348844
424.327703550
813.175872736
358.261077986
894.047537886
853.718923300
823.527777309
906.344305438
277.919052965
116.249731182
867.242757249
845.411142581
190.960728947
877.172730999
840.427272285
810.750886524
476.907747893
400.925180052
880.980135985
882.243730496
444.124982409
166.763305316
994.665773011
723.376112417
956.065374334
504.531465820
459.841278817
876.880835690
891.164406830
663.555574161
295.372645991
151.884868421
922.232074914
719.237830320
375.600851969
259.457125553
691.306733657
485.403092784
859.868013723
557.399318263
458.372119571
779.560773769
673.737337543
832.058892146
890.245471766
953.561844864
622.073950588
688.899121788
505.823091604
655.232019975
715.858226187
652.771782478
932.963021775
980.542706872
839.749962787
708.485003370
968.405390331
510.208780870
899.069519003
555.356642168
562.354870167
914.739854597
999.921496919
814.662506809
783.660640839
527.169801867
187.317911583
347.984195043
982.231133695
600.900990181
968.659958720
311.435386557
686.359235386
684.681677862
886.837640956
458.457195385
545.540099351
967.615626166
888.750808720
816.650476030
984.830442729
687.111344689
652.741909180
210.390113836
635.505310757
887.495915484
731.939888242
988.010121406
879.150726554
524.176496993
974.384421058
618.682471062
558.381589954
802.633789471
879.026734519
636.126559744
223.823591250
475.911764706
169.463860454
729.187904453
921.576909433
703.389650194
381.031494761
931.949034231
538.101291580
799.774375000
666.514065868
579.967240454
237.724630613
793.517485630
789.906323560
220.324760349
719.120295917
580.232711935
758.971013939
427.065573770
938.666074810
563.510425813
728.226613081
387.175670723
969.964947820
671.188498114
762.872204239
422.485502710
248.435102190
478.267707461
923.972402185
657.553800080
197.595546509
776.755431265
984.972081218
415.283036013
858.265110557
848.579401117
130.153755228
267.523830714
728.950615611
683.085646167
340.395358370
485.581095185
781.541425645
853.963699463
131.761147536
685.411555199
628.783746609
767.733677782
626.536511306
528.706913138
905.629615240
332.289030815
701.605302146
801.973191572
322.809541371
716.136160238
828.657952214
903.532511867
902.808949889
583.423516838
951.919114211
984.814195673
876.939564622
682.770825387
600.353229358
602.128723779
942.070591835
617.444734369
377.605614365
691.207638847
973.743292660
821.110832957
706.467975212
597.901329652
273.012820212
599.152735119
477.338454349
473.068705370
452.633405749
582.551285296
936.641340108
667.278052988
764.601857178
386.647125943
873.794026073
707.074960665
312.776277873
928.346917914
995.272826917
801.621481748
664.023343373
837.045399008
739.361887035
85.463442477
968.995872024
991.958668495
932.031115360
930.689529328
76.739820172
360.527391470
848.988221355
960.887610494
749.885324566
402.897009172
925.164309731
429.859281228
911.014269921
870.704886859
849.623446004
457.030633547
289.893083740
632.199335653
740.388411579
527.516824376
982.028003674
912.333820485
899.146819041
610.053276362
277.650859894
684.040203497
138.585713549
508.504670578
482.310066244
888.390202703
956.565209487
875.706000893
874.534733444
313.606441281
517.117974934
196.616377751
590.553977211
376.916436362
107.382493918
661.487717195
853.697838817
638.661882376
864.799398705
819.359505956
606.331592448
982.409283344
777.545497061
840.280310373
495.405894192
605.232186851
942.622936558
648.529104975
959.248664320
716.721005692
720.948680559
519.295676855
733.117316669
318.634586949
934.136499662
995.236655274
663.492275810
547.096883568
777.104240112
849.600494350
841.289486443
784.977069734
717.282371176
118.330046903
792.912983877
506.531341577
760.813380534
894.863118024
573.239042634
883.206657609
840.975623904
937.531866125
836.008971244
612.873559554
401.143365893
964.091804979
610.432633466
714.660059049
779.852564103
855.121628776
225.632444476
994.024647582
481.137194571
485.376142801
411.398833252
758.876801596
801.428838951
746.219806759
329.294700838
597.836956522
630.105555556
925.968142549
159.978123504
915.737953784
869.893671686
828.006038625
582.854184166
851.630788546
297.820415687
839.608241980
760.290076221
827.480513366
897.037903324
924.172061902
839.137652593
565.940809626
688.629798949
865.543182054
986.642792504
841.177745783
376.937660628
512.635347982
519.180122886
64.776538963
916.052400248
910.644277421
608.406114368
830.475767256
318.816614420
959.521755876
686.242668449
59.565090650
647.131362244
834.315887419
631.455461629
816.578226504
810.414091684
681.325913202
701.952991453
421.090251609
631.958859420
773.328520100
116.619037897
519.549805120
859.059369310
404.995061698
788.948033777
335.559234711
739.843902465
661.151270417
782.435300840
871.114802997
868.667370171
799.670557167
974.818957551
898.837582659
999.257257257
725.612155356
787.376747141
493.012170235
572.919715143
619.655549479
336.985162913
770.227239196
999.888993839
238.625229177
742.648638321
321.221107650
430.462541924
832.014422952
983.980182727
591.767690906
987.747943556
498.890769609
681.309768020
906.375749896
410.148780488
786.825901963
438.089032047
346.391397229
342.582836698
776.051544680
437.610557460
926.316900418
945.471311040
783.131534290
367.160727747
752.000000000
590.224533546
674.738467853
877.846797568
792.502522068
498.358304837
883.720544064
788.378081887
325.785205312
787.336649725
487.106764478
602.914587666
613.039966071
183.106526372
817.963324361
962.640639076
950.716571855
417.866007232
986.299143262
995.881519057
703.099566207
582.617370150
401.112203754
846.461458071
846.129422724
585.464773698
755.413132001
932.142692939
720.857142857
970.204617594
360.770009840
845.104727238
210.905191970
895.745499570
831.938098659
860.541689867
499.117220708
545.897426262
741.800539084
471.374585653
829.372654480
410.561810206
625.116789088
840.562906629
201.504342385
495.467456045
484.396531779
686.895188528
410.985401201
757.883236396
857.331907723
742.270166449
904.086279069
970.105148940
975.649014759
674.503521118
906.273689346
645.865311036
809.431281827
977.756615933
167.460443090
325.247597993
578.229193314
751.863685330
622.681298900
933.124321835
626.580401864
379.399525566
387.018087433
917.355983248
857.280584173
609.162539886
479.241127349
891.948989573
748.321454991
970.500901597
538.787527695
908.470142602
818.177242411
790.460625205
169.251299468
952.227388810
688.084297161
661.786974789
897.562254108
614.415982865
760.234174449
987.197548619
534.137622715
728.176489596
656.848536574
418.401720838
643.439196817
857.132429121
280.508466895
683.993421021
594.325668300
671.767817032
614.721888337
998.533533534
206.693009074
443.531284128
585.287109033
229.141877447
836.440075558
964.582811375
917.413756165
853.106096131
459.902163509
871.033294427
378.120351211
963.705867991
983.522241741
174.393233814
928.308677111
565.334414307
249.573637821
612.002450980
447.213595500
520.575642918
851.343056588
909.763156738
665.909903816
645.011627907
410.647050397
980.791007300
455.950655225
384.582890935
894.863118024
747.258322137
737.623887900
201.233694992
761.482764086
704.806356394
891.301856836
916.573510418
706.131007675
928.883207750
916.936202797
687.276509129
940.122332468
676.405204001
398.379216326
178.247019610
917.288395217
893.077264295
668.835555275
523.515997845
737.311397558
494.419862061
775.103218933
405.398569312
806.391344200
635.369970962
687.617626301
922.084052568
982.570608150
771.901548126
647.233342775
794.164970268
972.509125921
628.676387341
764.705825792
656.566066744
734.072888283
522.361943484
613.317209933
357.158263305
973.230188599
470.830117983
378.391331825
602.505601634
512.724097347
986.757822366
547.024679516
731.392507481
45.011109740
754.225430491
808.660002721
767.368881308
516.433926074
714.579596686
939.924465369
914.260903681
864.554798726
260.530228573
656.753378370
975.647477320
878.337634401
800.529824554
846.864215798
469.323981914
595.525818080
129.100735862
587.207799676
750.431209372
906.813120176
857.634537551
986.439050322
871.743081418
969.387951235
827.310099056
941.167891505
860.249963673
587.961733449
915.152992674
996.973419906
228.230147001
784.775764526
910.085160850
746.756319022
765.873357677
286.818758103
439.370003528
898.838695206
809.520845933
525.838378211
449.112458077
387.914939130
889.707865169
692.386452785
929.354076765
742.139474762
982.856042358
498.095372394
926.981121706
953.456868453
371.576371692
985.192367005
889.011248524
685.385293102
133.465351309
524.279505607
713.311292494
858.818374279
684.469867854
738.352981030
964.820708955
978.074639279
913.360826837
283.728743697
702.033474985
664.896232505
416.544115311
897.522701663
662.616027769
190.178864353
792.342097834
856.601424234
834.034771457
913.492200295
294.701543939
445.998878922
862.563041174
887.289693392
618.599224054
581.785183723
817.330410544
324.363993070
444.523340220
998.875868164
772.264850942
423.144208038
511.520283480
411.455951470
858.700180505
975.111788463
559.525691993
967.317424634
925.129180169
385.011688312
696.458900438
927.349989216
377.066307184
969.826789029
713.655462185
886.148407437
677.014770888
790.359411913
833.983213260
362.575509405
554.089342976
834.620872013
767.455536171
877.264498313
499.226402244
947.182136656
673.432253460
333.898188075
450.045553250
553.597326583
248.620481928
669.301195815
935.249164661
270.599334811
953.474698144
675.263703704
810.607179835
967.477131513
811.253967633
548.053829473
221.000000000
809.165001715
817.916254882
870.185612384
403.715246182
470.870470512
557.838709677
918.800326442
922.681418476
501.800757273
306.879455161
817.114435070
594.885703308
581.853074238
634.251527393
219.897703490
507.785387738
718.067546303
498.891783567
910.984632143
754.958939281
213.276815430
554.102878534
791.197850822
804.483063837
899.992222222
480.964656965
805.858548382
445.991031300
802.461837099
249.681797494
838.015513126
907.861773620
625.340707135
593.586556452
970.940266763
435.861216444
906.786082822
765.857036267
651.137466285
830.258393514
823.853749157
825.934622110
636.436171191
505.852745372
869.177215190
683.706808508
463.628083709
598.580821611
828.001811592
785.912208838
896.242712662
716.340701063
916.890942261
933.962526015
830.623259968
557.285384700
901.741093663
341.547946854
895.492601868
890.198854189
923.936144980
109.909053312
811.027743052
870.819728761
531.971803764
895.404377921
749.856652968
826.077478206
413.216707022
990.555399763
970.458654452
483.658970763
837.174414325
799.537992495
576.823196482
787.772175188
63.568860301
713.159168769
970.631753035
841.181906605
461.641637782
227.947367266
957.114413223
504.911873499
579.902586207
852.943139957
944.823263902
428.315304420
493.021297714
806.081881697
379.340216692
459.765157445
727.699800742
468.844325939
418.479390174
963.347289403
919.373156020
929.273372049
534.736383651
584.949570476
231.568564361
915.948142637
227.962716250
806.580436162
526.429482457
905.722363641
933.233625627
958.736668747
358.915031728
189.404329412
106.207344379
508.588242098
400.217440899
776.086979661
323.556795648
886.293405143
656.166899500
337.032639369
803.656643101
844.879281318
896.410062416
891.015712544
694.198098528
994.892456500
624.480584166
678.420960761
621.826342318
668.777990068
873.152334934
827.805532719
901.750519822
843.387218305
744.677782668
555.648270041
990.272184806
143.645396724
976.422551972
243.304336172
906.005518747
910.952249023
862.683024059
990.509464871
355.042251014
788.260743663
490.308066424
872.701552651
911.543745522
701.596750285
921.659915587
732.389923470
166.961077844
597.859515271
625.219961294
890.681761349
892.517226725
481.579692263
646.100611360
339.144512001
987.422908649
624.336447759
760.631974085
963.957467941
888.137376761
939.108087496
422.157553527
899.159607634
832.362980769
412.036406158
739.362563294
233.786227139
396.640897630
944.674017850
497.737882826
806.203448268
662.523961831
509.055989062
737.347354138
943.979343220
616.049510997
299.088615631
638.722944632
977.176033271
342.062859720
693.360656513
587.303158514
728.238971767
836.451555024
863.597707269
849.405674586
459.001089323
920.098369565
637.272312281
281.788928100
939.253426930
676.535291023
754.068299294
587.704007133
508.596106960
694.534376399
538.146820115
645.928014565
822.699823751
670.868839640
675.389517242
746.434859850
951.537177413
501.522681441
969.893293100
628.421832848
891.014590228
923.882568295
51.468436930
677.101912566
979.923466399
905.995584978
951.932245488
915.572598253
985.781415934
537.513720755
917.033805266
872.508452681
786.024809160
225.275387027
775.357981838
907.908034990
811.194181439
794.097601054
939.153874506
207.115909577
681.641401325
863.212604171
707.333726045
861.235740085
619.167990129
806.373982715
875.213116904
614.369595602
875.736301370
905.017126910
574.745160919
833.155447681
342.880445637
566.949733222
861.712829195
296.776009839
126.968500031
723.928867403
626.523742567
986.052736926
508.846735275
942.656353079
975.669513719
487.789913795
808.058166223
721.758269783
673.757374728
866.062354232
918.365940135
900.059998000
562.904077086
877.519800346
793.349859772
559.125209591
633.171382802
582.012886455
664.955637618
485.967077074
252.041663223
543.381215470
525.433154645
952.015230971
597.984113501
743.886416061
874.681084739
302.782099867
648.451231782
309.129424135
503.878953718
164.617739020
628.670024735
961.781160140
221.418156437
931.024167248
457.580593994
475.735220475
830.575703955
861.434269112
233.762700190
939.630778551
281.771183764
791.679859539
539.706401667
517.344181326
690.096370082
833.053419656
595.126877229
795.737393868
712.231704577
741.027664801
906.308998080
904.220105948
156.297792691
516.257687599
540.526595090
996.713098138
919.302996841
893.239609511
963.985477178
998.533925313
790.008227805
859.359063489
920.716568766
829.306939559
667.040478532
625.037598869
367.360858013
773.684044039
515.320288753
337.865384615
621.061993685
369.809410372
515.937980769
605.764805845
199.842437935
780.822002764
509.056971271
801.397529320
765.539678919
641.147410700
96.083297196
945.048146922
520.107681164
350.560979004
997.596110658
943.966101086
998.029057693
650.980030416
856.209670583
818.182742424
903.297846781
768.278595303
949.765760596
670.685470247
669.444545874
685.399883280
188.199362379
395.269620253
539.748089390
780.563258167
856.002336445
637.105171852
598.198963556
873.345865050
636.894025722
584.071057321
979.699954068
845.210059172
249.052203363
874.659933917
375.882960519
933.555568780
698.063750670
447.935263180
291.496140626
389.829449888
373.330952373
747.441636518
826.433300401
689.190829887
951.176639747
913.353710235
933.212730303
906.777811815
999.040539718
717.549301442
970.497810405
524.172681471
764.662016841
865.375063195
472.751520357
228.919199719
461.882019568
684.037279686
631.679588608
510.381230062
730.292407230
310.620347048
823.477989991
651.615684280
438.846214522
917.815340905
858.231320799
700.097136118
888.812128633
730.816666477
154.916106329
911.564040537
714.988811102
763.226047774
587.094540939
208.355465491
528.265084994
910.625609128
924.027597403
877.555126474
571.674732693
902.198426068
648.976887108
668.814623046
637.599404015
614.001628664
535.608999178
910.995609221
924.278096679
636.681238926
410.807740926
343.930225482
704.936168251
782.037083520
701.193981720
316.785416331
241.625743662
625.062396885
626.914667239
930.221505376
397.394011027
443.685699588
750.633066151
662.920809750
970.564784030
365.324513276
895.601562500
157.302256818
820.372476379
550.298101036
463.321702492
974.059033119
602.891366666
798.371467426
439.823828368
756.007936466
116.081867662
986.739073920
588.721496125
805.954092985
159.207411888
845.120109807
458.731947874
974.537839183
760.770005258
779.060331425
559.612365839
967.487590486
734.797931407
465.443874167
842.704574569
667.598681844
858.821285251
503.707256251
297.223821387
857.941722963
909.857681179
333.546098763
518.037643420
497.634403955
857.384394682
933.655718142
649.515973642
147.064611723
797.424604600
302.024833416
728.259569110
251.654525093
810.440620897
935.702944315
573.280036282
900.823512127
614.849575099
607.696546053
273.647583582
991.528113570
957.584461027
404.212815235
974.138593836
728.772255238
981.723484490
394.032993542
722.807719937
918.491830065
777.232303732
417.693667656
242.594311557
616.154201479
820.869051676
902.916385941
969.058305781
880.624778224
246.302659344
666.055553253
947.983122213
678.790836709
815.906244614
477.095378305
635.765680105
800.006874970
948.025316118
913.334549878
293.281434803
429.377456325
839.054229475
976.060961211
688.982583239
336.353980205
965.702898551
747.236278447
832.804899121
928.470247235
713.634360159
950.422011530
330.782405820
795.688442211
596.695902449
708.151113817
938.904680998
829.033172497
371.981182320
607.527960526
629.981745767
98.868599666
983.883631330
873.230782783
682.215508472
563.126983903
417.127078958
985.892996222
782.143209393
858.838750872
763.203773576
775.796365034
823.693567961
812.669059335
355.571371176
962.878497009
918.423202614
927.221656348
762.264435696
712.124989029
734.655782313
963.217524758
602.762805760
519.809580520
942.168243999
511.990234282
177.884794179
766.517449247
617.494129527
980.118877551
375.823096682
360.295711907
866.180715935
551.156964947
390.270419069
378.029099409
290.511617668
644.537043156
402.996277898
184.067922246
479.659255785
571.042905568
447.241545476
979.782628954
907.838091292
680.443972712
773.995478023
703.709457155
918.358862319
868.491796162
686.313339518
250.866498362
723.164573247
819.589531479
404.409445983
880.466921582
916.692969320
461.922071350
611.559481980
193.966491952
458.498636857
180.532545542
666.688833058
836.303174692
798.135953331
469.427505330
846.575454404
824.231763523
685.423956395
90.928543385
727.662009452
385.669547670
740.511985048
722.910782877
337.616646509
333.802336720
886.346433399
790.986725664
926.109064896
507.079875365
162.637638376
458.874710569
216.487874949
747.547991770
488.406592912
733.632060368
788.823174102
524.499761678
351.865030942
462.299686351
103.174757282
333.516116552
386.873364294
880.734352685
950.281011070
942.988335029
948.894620071
868.958572085
685.016788115
885.379015134
845.922573289
689.412793615
488.574456966
762.930534191
765.480241417
442.593492948
783.697007778
513.038984873
977.325486182
679.255474766
587.963434237
853.103745156
581.670869135
928.184248951
722.256187236
727.926507279
869.959194445
821.998783454
946.295936798
986.061864185
479.538319637
650.286923077
605.335444196
765.800235048
730.202026842
976.528033392
853.102572965
907.771447006
694.009365931
941.709129512
410.617827182
904.776215426
502.913518887
310.530191769
828.245132796
203.433035665
673.372854173
645.223992114
332.361249245
791.250276461
846.923845455
231.248783781
787.074964663
778.398355599
742.805492710
996.201284882
934.485954951
690.040578517
277.083020050
830.428202797
539.902769024
353.308646936
653.895251550
954.744468431
769.555066256
730.750983578
768.580509771
512.633397285
427.307851554
417.173824682
711.875691396
842.967377779
425.390408919
231.335254555
982.281527873
884.803933083
437.769345660
738.521495963
945.954544362
465.884105778
579.141606175
531.498824081
796.405047699
399.162874025
911.252983534
717.234271351
677.104866324
836.323502001
728.602086190
816.253024497
791.969065657
929.465975709
617.085083275
963.460539979
716.141759777
737.462686567
880.011931818
947.379016023
198.927122334
976.147529833
603.029850746
959.421179670
646.994590395
361.141246606
306.042483660
885.484048416
907.928961979
988.085522614
992.758278737
536.364614791
439.703309062
666.460051316
774.741892504
955.494636301
975.293289221
321.316043795
844.355967587
485.906369582
781.994245503
877.771040762
842.333663105
511.876938336
852.512170001
947.205363172
741.923176978
968.040288418
279.985713921
702.606575546
657.181101372
457.325923166
842.601922618
567.362318100
715.341876308
785.135020235
919.534664926
349.007163250
794.892445555
179.318153013
592.443246227
560.721856182
517.483333065
754.055702918
917.366339038
955.559521956
486.626139865
990.142918977
934.666785544
509.700892681
440.221535139
485.969134822
842.207244656
742.195392063
714.786681465
387.653195524
944.348982104
440.624557422
665.766475575
650.302237425
944.249437384
569.309230559
344.326879578
948.471401783
861.089430894
792.239862668
300.394740338
624.233129528
740.007432400
724.693038465
462.401340830
952.634242518
561.749056436
924.125000000
871.661697248
550.969146142
678.218991182
827.865931876
767.424915298
406.658333248
168.854967354
452.958055453
304.290979163
843.050413676
885.451297362
803.099620222
727.352132050
722.497750862
656.188235189
390.645619456
822.456077864
936.129264578
997.685321131
992.894254188
466.884353989
188.499336869
465.691958273
500.835302292
947.587462982
777.153781436
291.696760352
718.734999843
728.884764555
412.231730948
720.775277045
721.414582608
944.078916193
914.470338502
845.005325427
771.333262025
887.929051220
684.383664329
529.544145420
879.792020878
821.473067118
932.610315191
765.691844021
786.708332230
955.664166954
953.763073305
766.367405361
896.854503250
744.120285975
621.012882314
580.723686446
834.230184062
450.191070547
169.758652210
451.519656272
896.519938429
925.587381072
493.749936709
701.347987806
328.012194895
392.540443776
414.170255915
558.974060221
495.484611265
936.288951191
721.363985794
782.723450524
866.757175819
671.306189455
760.711509049
667.226348401
414.363367107
965.850402495
815.968136633
793.354271432
323.922830316
466.663690467
732.424740161
679.546172088
621.234299517
852.660542068
757.916881986
670.510253464
974.436247280
911.156408088
904.054201915
698.029369010
541.113666432
880.914865353
517.073495743
998.045089162
592.694693751
977.921776013
383.773370624
840.360041887
767.770147896
602.118759050
386.724708287
586.758943782
65.931790592
682.501282050
277.348156655
672.483457046
842.173378824
617.851924008
710.111963104
261.795721890
770.002597398
962.163187822
382.813270637
572.321587921
566.293210272
706.801980198
902.410660398
902.697623792
544.822907007
519.231162393
391.443482511
622.885222172
798.286289498
922.319359008
235.246679041
883.487973885
659.837101109
597.247854747
230.008695488
617.995145612
893.333084577
537.221555785
953.478893316
797.410183030
962.878497008
712.783978496
348.759229269
719.613090606
497.798151865
999.411326732
490.744332621
978.814589184
381.386942619
848.490566038
349.769924379
470.364752081
842.068880793
581.650238545
87.869221005
846.469137626
562.562885374
251.226988996
330.922951758
486.027776984
743.986559018
493.004056778
326.922009048
653.814958532
570.894911521
505.644143643
950.628739309
714.379450992
549.842704780
631.184600573
991.859365031
725.211693232
740.905527041
518.742710792
358.152202283
303.440274189
779.620420461
458.540305011
726.424118542
817.823941934
194.175257732
259.299055147
857.013418805
298.680431230
384.421643511
488.462090164
874.229374935
818.268293410
517.581877581
742.709902990
664.246189300
879.411735196
360.788026409
320.562006482
717.186889819
912.803374227
563.545916497
906.782223028
735.557611616
424.895281217
550.010908983
469.074620929
643.870341615
898.763595168
695.343799868
697.730607040
488.157761385
718.764912889
815.627978922
393.593699137
754.668801528
993.005538771
508.742567513
473.811143812
736.324656656
818.589029978
152.315462117
845.713308397
458.525898941
780.089738428
901.540903121
894.754156179
568.337927645
698.559232751
983.972560593
904.356124544
811.672347687
642.913680054
482.102686157
592.412862791
676.229251068
487.464871795
509.886261827
561.714340229
949.610972978
752.435379285
989.093528817
549.603493450
502.005976096
519.756673839
778.101535791
783.118126466
988.119425981
696.196811254
939.761671915
379.903947368
629.468823692
987.823870941
402.353078775
716.113817769
484.683401820
747.030789826
854.612192752
563.089690902
643.034213709
840.318392040
894.499860257
803.008717263
903.276812500
856.196823166
365.239647355
366.528307229
469.377246999
860.093018225
372.310354409
836.520770812
869.249101236
827.462990109
941.645899476
583.088336192
494.422895910
794.982389746
907.210559903
566.196962196
637.971002476
410.226766557
177.806179775
831.425282271
878.408788707
840.221399394
775.299297046
993.964285073
784.031887107
468.277777778
473.548307990
394.352634073
835.250261898
996.357867435
400.613279860
834.024579974
912.705319367
934.783932254
312.916921882
803.345504749
584.184902236
117.115327869
801.216574966
647.135225436
698.595018591
602.362017398
977.669166948
388.372244116
242.876511833
822.508358620
704.747472503
711.726070901
528.380544683
548.154175392
896.546708209
820.765496351
529.226794484
570.802943230
758.051449441
873.143172681
273.828413427
283.941898556
933.595736923
887.259263124
783.272621761
809.148317677
907.239218729
946.963040461
743.696846840
929.244854707
939.199126916
714.822355558
904.491569889
974.008726899
196.361910767
857.173261366
991.074164732
890.126395519
391.311896062
435.073556999
820.419404939
987.865881585
628.922893482
696.845032988
198.234709373
889.215946776
450.505271889
977.795501022
582.422527037
779.781379619
806.635605463
766.714418803
916.794415341
762.637528581
911.482309380
669.338480502
453.741115616
923.069878670
703.391071880
505.408745548
742.458079627
481.456126687
979.558064516
772.283626655
415.563701923
709.576634339
788.882754468
806.873596048
912.185836329
138.852439662
803.929101878
828.834724176
753.150051451
474.994736813
14.317821063
996.934802293
450.221056815
449.377347004
447.762213680
994.134296763
235.361424197
991.668291315
665.247322430
492.303768013
775.396027846
786.970774553
651.070656688
389.420081660
666.434684685
440.669944516
699.854270545
911.162993103
578.444465787
899.161831930
499.785954184
679.033136158
369.705288034
755.172165801
809.176124215
939.732940787
981.452089704
925.216731366
902.159076882
685.661724176
165.081797906
724.227864695
503.801548231
155.083848289
578.325168050
896.959307884
771.127745578
704.514726757
656.110508985
290.771387863
877.237710088
194.085032974
866.121238627
973.215289646
765.665723407
525.156169078
907.313671444
218.590942173
632.883085796
923.293561117
397.172506601
693.333974359
967.893595041
930.376267969
136.414808580
894.063196871
523.133826090
376.625809017
359.909710900
963.501946030
654.662508473
535.573524364
961.368815804
581.135957666
906.343267108
672.482713532
951.419991381
864.872244901
492.647947321
262.320414760
819.274679213
456.808493791
306.876197458
717.195928611
715.634078212
501.716055155
931.043500595
630.726565161
694.375978847
504.106139632
740.154038022
654.181167568
695.632086667
997.744957391
822.690099612
992.247448976
825.929779098
439.557732272
362.556202540
800.275577536
741.087039428
549.932723158
876.475898128
973.747400513
513.866715314
230.293291261
567.219534219
747.461035774
932.559917646
416.842896065
944.241494534
257.130318942
543.560484215
720.941745219
704.315270316
671.118469423
718.040389972
322.006211120
901.673444214
829.665595285
912.894298382
856.186895490
999.471860536
676.028845538
652.858330727
733.160964591
386.314766839
995.662091274
534.078651685
812.539845177
787.591899400
744.948320355
453.996696023
236.636852582
888.506612243
716.845171568
52.172789843
976.587937669
776.309922680
457.880988905
530.538405773
953.158433840
720.184027778
799.498592869
989.657516518
217.142810150
822.233543473
422.720948144
772.734106922
585.549314746
981.658800195
909.369562349
298.946483526
801.589046831
371.253282814
977.465600418
364.980821414
455.531557633
570.490140143
959.485278678
822.233543466
132.344248081
173.827500702
886.657205463
912.116220665
988.585352916
269.085488666
479.634235642
760.312435779
850.789045534
791.214256697
620.179032258
175.957381204
657.181101372
609.992622906
414.678188479
659.897719347
608.881761921
685.162024634
588.426715913
293.029008803
607.096367968
627.476874003
111.633928571
574.751250542
884.675646788
902.964562569
494.779748979
882.337803792
338.413947703
729.936298591
625.718786677
190.824526725
624.881589054
920.778474987
780.972470706
612.978792455
484.951543971
723.886040755
913.441295322
603.403679140
925.152419875
843.448872191
547.385604487
335.898794282
227.866188804
974.257153854
657.791000242
253.635565329
369.825634590
668.674061109
981.682229645
417.991626710
540.187004657
594.673860196
849.055357441
319.771793628
810.570786545
96.783263016
781.762751735
438.586365497
822.406833629
940.323348641
437.732795207
757.730163053
733.580261457
612.643454130
675.592332698
559.225402504
700.282800023
511.867170270
616.303496664
988.557535909
921.071115604
797.070887688
838.118130099
910.738162152
260.773848382
233.426649529
326.892948838
936.697923559
266.009398496
692.831148261
510.087247439
990.452421876
713.581810306
661.369034655
637.010988916
555.660867796
261.070871604
529.032135130
707.193042986
715.052445629
151.294414966
698.616489928
295.294767986
882.957530126
423.414690345
861.908927904
702.104693048
359.181058496
266.810794603
122.486733976
684.114025583
185.612499579
421.449878396
503.602025417
541.258718175
508.767137304
938.230248926
310.303077652
175.616058491
868.670824220
685.250319226
983.087483391
942.970837301
947.567940059
393.848984772
820.382837461
725.718953866
679.864692420
362.665134801
838.095459957
471.753113397
943.277836691
486.316769484
870.077008086
721.644649395
997.209105454
538.616746862
809.966665981
967.529844501
684.018274610
760.290733864
365.332725060
812.153926297
596.882735558
924.105513456
795.211949686
779.957050100
807.910886175
963.866173283
864.810962003
935.722180992
816.964504284
130.361037124
521.697230202
767.061277705
787.260439753
981.131999274
724.626110487
508.925338336
656.035060039
930.546076237
485.408075814
128.273146059
555.870488513
878.692779080
987.120053489
101.612007165
936.016025504
889.413289759
868.831399065
919.321545158
843.923574739
512.779679785
221.731822282
156.709923106
885.773108646
999.710958227
453.232831997
948.650620619
667.311771213
536.044774249
793.783975813
584.234541944
894.794389790
711.239762668
163.655125187
350.358387944
793.662396741
376.358871292
719.674926616
849.259089839
401.822099940
852.697484457
680.141161819
710.245732124
628.650936530
916.810250818
991.558873693
867.194326561
388.260222016
728.354309385
490.610997963
447.355565489
612.552038606
637.068285194
741.123471494
920.348304901
605.319750215
671.116979586
347.265028472
637.302197802
989.284084706
452.645556700
568.409183599
916.965648212
902.877068335
400.533394363
914.077130225
710.792515436
719.829146395
812.715202270
895.255829358
851.485760304
650.649675325
451.995575200
926.179248310
289.255942031
945.982029428
877.018243824
604.659408262
752.723056642
682.428750861
361.730562712
519.869214322
575.887141721
771.952071051
933.912736823
369.745858665
897.857449710
354.605414510
332.436746988
979.197650664
938.949945418
400.938898089
723.061546481
832.632572027
950.740237920
901.136504643
817.726115518
537.415109575
632.602560855
726.636773093
754.374575822
767.374745480
836.377905017
924.569088819
794.476070529
993.112783122
984.907609880
805.516604422
972.127563646
458.848561465
274.603350307
969.665979381
712.753814441
740.231045013
811.263829656
930.340260335
879.172923777
873.801464865
977.487595829
906.704472251
567.304151228
647.844117053
572.526855265
942.846222880
758.904473567
373.276037270
774.972902758
555.644670630
511.999023437
233.771255718
819.012820412
977.388868363
555.976618213
432.619925570
863.235773123
724.566767110
583.697695730
210.646623519
932.327196181
744.585234899
230.525486705
524.821874544
527.098662491
367.054494688
457.267973950
773.442953194
934.896250928
912.539862143
468.296914361
978.971398970
513.820980498
520.544906804
60.340699366
579.082901554
606.090752281
916.080782464
559.186015562
65.199693251
472.098506670
962.777752132
791.953912800
598.433789153
992.400120919
427.606127178
718.835168867
489.074636431
796.486032520
438.896343115
714.224054482
665.786752647
761.619983982
980.340247057
448.070312500
701.995726483
501.694129924
870.299948294
243.598029549
967.196464013
754.632360822
367.464283979
694.669705688
769.625883141
739.357153208
200.907939116
869.189852679
632.122614688
687.555088702
968.044420468
863.600023159
661.344085934
494.217563427
936.300165545
347.285185718
881.481139900
360.272119376
899.969443926
856.141927486
643.391016412
660.128775316
144.079838978
999.519384504
469.308001210
193.669822120
669.466952134
753.328613555
361.738858170
595.582907747
961.125902263
603.193998644
903.172203765
553.502484186
721.673749003
424.310141509
839.883920551
451.516334145
625.451200000
693.770856155
967.849161802
556.671357266
505.124737092
413.466101695
874.890850335
382.336239454
966.791083947
596.772150825
586.139915037
948.634808554
280.494206714
989.211807521
892.938967679
798.345789743
901.832578701
424.843500598
943.783343782
423.879699915
949.413503169
645.370436261
456.767993625
852.095651908
583.606888239
941.426045954
898.681812434
739.032475606
125.415310070
939.658448587
756.789270537
450.319886303
222.997757836
702.041310541
597.181714389
992.374929147
985.466894421
128.658914729
620.979065670
840.455828702
649.186413906
685.029926354
606.811338062
874.718240349
532.554222591
443.314786579
628.962638000
787.635067782
914.993989051
829.285837332
836.949820789
818.344670661
801.479257642
676.780614380
850.181745472
972.335333103
732.711402941
986.440570942
854.823976608
251.543236840
763.694310572
825.845021781
400.231183193
965.387486971
461.760760568
773.900510402
824.807856413
415.974759615
487.001026693
722.457611213
982.953203362
982.709010847
961.833160083
366.389344262
637.455096458
878.381466107
476.376951593
593.090212362
845.788389611
629.607814437
779.753807301
201.280898251
822.361234495
969.428698164
824.380373371
798.755908863
985.565320007
805.803946379
823.506526993
933.412020493
618.452908474
648.168188831
283.786891875
900.218333333
604.455953730
477.444444444
570.618962181
285.609873779
